---------------------------------------------------------------

[2020-05-02T10:18:52+08:00] 47.101.195.43 GET pt.mbacms.com/
[运行时间：0.016061s] [吞吐率：62.26req/s] [内存消耗：1,888.84kb] [文件加载：70]
[ info ] [ LANG ] /www/wwwroot/pt.mbacms.com/thinkphp/lang/zh-cn.php
[ info ] [ ROUTE ] array (
)
[ info ] [ HEADER ] array (
  'accept-encoding' => 'gzip',
  'connection' => 'Keep-Alive',
  'host' => 'pt.mbacms.com',
  'user-agent' => 'Mozilla/5.0 (X11; Ubuntu; Linux x86_64; rv:36.0) Gecko/20100101 Firefox/36.0',
)
[ info ] [ PARAM ] array (
)
---------------------------------------------------------------

[2020-05-02T10:18:52+08:00] 47.101.195.43 GET pt.mbacms.com/index/login/login.html
[运行时间：0.023160s] [吞吐率：43.18req/s] [内存消耗：2,642.05kb] [文件加载：73]
[ info ] [ LANG ] /www/wwwroot/pt.mbacms.com/thinkphp/lang/zh-cn.php
[ info ] [ ROUTE ] array (
)
[ info ] [ HEADER ] array (
  'accept-encoding' => 'gzip',
  'connection' => 'Keep-Alive',
  'host' => 'pt.mbacms.com',
  'user-agent' => 'Mozilla/5.0 (X11; Ubuntu; Linux x86_64; rv:36.0) Gecko/20100101 Firefox/36.0',
)
[ info ] [ PARAM ] array (
)
[ info ] [ DB ] INIT mysql
[ info ] [ VIEW ] /www/wwwroot/pt.mbacms.com/application/index/view/login/login.html [ array (
  0 => 'site_config',
) ]
