---------------------------------------------------------------

[2020-03-07T04:11:41+08:00] 35.165.12.235 GET mbacms.com/
[运行时间：0.015927s] [吞吐率：62.79req/s] [内存消耗：1,858.23kb] [文件加载：67]
[ info ] [ LANG ] /www/wwwroot/mis.mbacms.com/thinkphp/lang/zh-cn.php
[ info ] [ ROUTE ] array (
)
[ info ] [ HEADER ] array (
  'accept-encoding' => 'gzip',
  'user-agent' => 'Go-http-client/1.1',
  'host' => 'mbacms.com',
)
[ info ] [ PARAM ] array (
)
---------------------------------------------------------------

[2020-03-07T08:55:46+08:00] 45.143.220.228 GET 47.95.1.68//a2billing/customer/templates/default/footer.tpl
[运行时间：0.011984s] [吞吐率：83.44req/s] [内存消耗：1,283.98kb] [文件加载：53]
[ info ] [ LANG ] /www/wwwroot/mis.mbacms.com/thinkphp/lang/zh-cn.php
---------------------------------------------------------------

[2020-03-07T10:27:49+08:00] 89.238.139.12 GET mis.mbacms.com/index.php/admin/
[运行时间：0.024318s] [吞吐率：41.12req/s] [内存消耗：2,794.29kb] [文件加载：74]
[ info ] [ LANG ] /www/wwwroot/mis.mbacms.com/thinkphp/lang/zh-cn.php
[ info ] [ ROUTE ] array (
)
[ info ] [ HEADER ] array (
  'user-agent' => 'Mozilla/5.0 (X11; Ubuntu; Linux x86_64; rv:62.0) Gecko/20100101 Firefox/62.0',
  'host' => 'mis.mbacms.com',
  'connection' => 'Keep-Alive, TE',
  'keep-alive' => '300',
  'te' => 'deflate,gzip;q=0.3',
)
[ info ] [ PARAM ] array (
)
[ info ] [ DB ] INIT mysql
---------------------------------------------------------------

[2020-03-07T10:27:51+08:00] 89.238.139.12 GET mis.mbacms.com/index.php/admin/login/login.html
[运行时间：0.023815s] [吞吐率：41.99req/s] [内存消耗：2,667.75kb] [文件加载：71]
[ info ] [ LANG ] /www/wwwroot/mis.mbacms.com/thinkphp/lang/zh-cn.php
[ info ] [ ROUTE ] array (
)
[ info ] [ HEADER ] array (
  'user-agent' => 'Mozilla/5.0 (X11; Ubuntu; Linux x86_64; rv:62.0) Gecko/20100101 Firefox/62.0',
  'host' => 'mis.mbacms.com',
  'connection' => 'Keep-Alive, TE',
  'keep-alive' => '300',
  'te' => 'deflate,gzip;q=0.3',
)
[ info ] [ PARAM ] array (
)
[ info ] [ DB ] INIT mysql
[ info ] [ VIEW ] /www/wwwroot/mis.mbacms.com/application/admin/view/login/login.html [ array (
  0 => 'site_config',
) ]
---------------------------------------------------------------

[2020-03-07T10:27:54+08:00] 89.238.139.12 GET mis.mbacms.com/dev/index.php/admin/
[运行时间：0.011593s] [吞吐率：86.26req/s] [内存消耗：1,283.55kb] [文件加载：53]
[ info ] [ LANG ] /www/wwwroot/mis.mbacms.com/thinkphp/lang/zh-cn.php
---------------------------------------------------------------

[2020-03-07T10:27:57+08:00] 89.238.139.12 GET mis.mbacms.com/old/index.php/admin/
[运行时间：0.011678s] [吞吐率：85.63req/s] [内存消耗：1,283.55kb] [文件加载：53]
[ info ] [ LANG ] /www/wwwroot/mis.mbacms.com/thinkphp/lang/zh-cn.php
---------------------------------------------------------------

[2020-03-07T10:28:01+08:00] 89.238.139.12 GET mis.mbacms.com/test/index.php/admin/
[运行时间：0.011808s] [吞吐率：84.69req/s] [内存消耗：1,283.55kb] [文件加载：53]
[ info ] [ LANG ] /www/wwwroot/mis.mbacms.com/thinkphp/lang/zh-cn.php
---------------------------------------------------------------

[2020-03-07T10:28:03+08:00] 89.238.139.12 GET mis.mbacms.com/demo/index.php/admin/
[运行时间：0.011642s] [吞吐率：85.90req/s] [内存消耗：1,283.55kb] [文件加载：53]
[ info ] [ LANG ] /www/wwwroot/mis.mbacms.com/thinkphp/lang/zh-cn.php
---------------------------------------------------------------

[2020-03-07T10:28:05+08:00] 89.238.139.12 GET mis.mbacms.com/shop/index.php/admin/
[运行时间：0.011539s] [吞吐率：86.66req/s] [内存消耗：1,283.55kb] [文件加载：53]
[ info ] [ LANG ] /www/wwwroot/mis.mbacms.com/thinkphp/lang/zh-cn.php
---------------------------------------------------------------

[2020-03-07T10:28:10+08:00] 89.238.139.12 GET mis.mbacms.com/store/index.php/admin/
[运行时间：0.011707s] [吞吐率：85.42req/s] [内存消耗：1,283.55kb] [文件加载：53]
[ info ] [ LANG ] /www/wwwroot/mis.mbacms.com/thinkphp/lang/zh-cn.php
---------------------------------------------------------------

[2020-03-07T10:28:13+08:00] 89.238.139.12 GET mis.mbacms.com/magento/index.php/admin/
[运行时间：0.011677s] [吞吐率：85.64req/s] [内存消耗：1,283.56kb] [文件加载：53]
[ info ] [ LANG ] /www/wwwroot/mis.mbacms.com/thinkphp/lang/zh-cn.php
---------------------------------------------------------------

[2020-03-07T10:28:16+08:00] 89.238.139.12 GET mis.mbacms.com/staging/index.php/admin/
[运行时间：0.011713s] [吞吐率：85.38req/s] [内存消耗：1,283.56kb] [文件加载：53]
[ info ] [ LANG ] /www/wwwroot/mis.mbacms.com/thinkphp/lang/zh-cn.php
---------------------------------------------------------------

[2020-03-07T10:28:19+08:00] 89.238.139.12 GET mis.mbacms.com/rss/order/new
[运行时间：0.011935s] [吞吐率：83.79req/s] [内存消耗：1,283.55kb] [文件加载：53]
[ info ] [ LANG ] /www/wwwroot/mis.mbacms.com/thinkphp/lang/zh-cn.php
---------------------------------------------------------------

[2020-03-07T10:28:21+08:00] 89.238.139.12 GET mis.mbacms.com/rss/catalog/notifystock
[运行时间：0.012015s] [吞吐率：83.23req/s] [内存消耗：1,283.55kb] [文件加载：53]
[ info ] [ LANG ] /www/wwwroot/mis.mbacms.com/thinkphp/lang/zh-cn.php
---------------------------------------------------------------

[2020-03-07T10:28:22+08:00] 89.238.139.12 GET mis.mbacms.com/rss/catalog/review
[运行时间：0.011704s] [吞吐率：85.44req/s] [内存消耗：1,283.55kb] [文件加载：53]
[ info ] [ LANG ] /www/wwwroot/mis.mbacms.com/thinkphp/lang/zh-cn.php
---------------------------------------------------------------

[2020-03-07T10:28:24+08:00] 89.238.139.12 GET mis.mbacms.com/dev/rss/order/new
[运行时间：0.012496s] [吞吐率：80.03req/s] [内存消耗：1,283.55kb] [文件加载：53]
[ info ] [ LANG ] /www/wwwroot/mis.mbacms.com/thinkphp/lang/zh-cn.php
---------------------------------------------------------------

[2020-03-07T10:28:26+08:00] 89.238.139.12 GET mis.mbacms.com/dev/rss/catalog/notifystock
[运行时间：0.012109s] [吞吐率：82.58req/s] [内存消耗：1,283.56kb] [文件加载：53]
[ info ] [ LANG ] /www/wwwroot/mis.mbacms.com/thinkphp/lang/zh-cn.php
---------------------------------------------------------------

[2020-03-07T10:28:28+08:00] 89.238.139.12 GET mis.mbacms.com/dev/rss/catalog/review
[运行时间：0.012469s] [吞吐率：80.20req/s] [内存消耗：1,283.55kb] [文件加载：53]
[ info ] [ LANG ] /www/wwwroot/mis.mbacms.com/thinkphp/lang/zh-cn.php
---------------------------------------------------------------

[2020-03-07T10:28:30+08:00] 89.238.139.12 GET mis.mbacms.com/old/rss/order/new
[运行时间：0.011588s] [吞吐率：86.30req/s] [内存消耗：1,283.55kb] [文件加载：53]
[ info ] [ LANG ] /www/wwwroot/mis.mbacms.com/thinkphp/lang/zh-cn.php
---------------------------------------------------------------

[2020-03-07T10:28:32+08:00] 89.238.139.12 GET mis.mbacms.com/old/rss/catalog/notifystock
[运行时间：0.012073s] [吞吐率：82.83req/s] [内存消耗：1,283.56kb] [文件加载：53]
[ info ] [ LANG ] /www/wwwroot/mis.mbacms.com/thinkphp/lang/zh-cn.php
---------------------------------------------------------------

[2020-03-07T10:28:33+08:00] 89.238.139.12 GET mis.mbacms.com/old/rss/catalog/review
[运行时间：0.012230s] [吞吐率：81.77req/s] [内存消耗：1,283.55kb] [文件加载：53]
[ info ] [ LANG ] /www/wwwroot/mis.mbacms.com/thinkphp/lang/zh-cn.php
---------------------------------------------------------------

[2020-03-07T10:28:35+08:00] 89.238.139.12 GET mis.mbacms.com/test/rss/order/new
[运行时间：0.011600s] [吞吐率：86.21req/s] [内存消耗：1,283.55kb] [文件加载：53]
[ info ] [ LANG ] /www/wwwroot/mis.mbacms.com/thinkphp/lang/zh-cn.php
---------------------------------------------------------------

[2020-03-07T10:28:37+08:00] 89.238.139.12 GET mis.mbacms.com/test/rss/catalog/notifystock
[运行时间：0.011408s] [吞吐率：87.66req/s] [内存消耗：1,283.56kb] [文件加载：53]
[ info ] [ LANG ] /www/wwwroot/mis.mbacms.com/thinkphp/lang/zh-cn.php
---------------------------------------------------------------

[2020-03-07T10:28:38+08:00] 89.238.139.12 GET mis.mbacms.com/test/rss/catalog/review
[运行时间：0.012117s] [吞吐率：82.53req/s] [内存消耗：1,283.55kb] [文件加载：53]
[ info ] [ LANG ] /www/wwwroot/mis.mbacms.com/thinkphp/lang/zh-cn.php
---------------------------------------------------------------

[2020-03-07T10:28:39+08:00] 89.238.139.12 GET mis.mbacms.com/demo/rss/order/new
[运行时间：0.012162s] [吞吐率：82.22req/s] [内存消耗：1,283.55kb] [文件加载：53]
[ info ] [ LANG ] /www/wwwroot/mis.mbacms.com/thinkphp/lang/zh-cn.php
---------------------------------------------------------------

[2020-03-07T10:28:41+08:00] 89.238.139.12 GET mis.mbacms.com/demo/rss/catalog/notifystock
[运行时间：0.012063s] [吞吐率：82.90req/s] [内存消耗：1,283.56kb] [文件加载：53]
[ info ] [ LANG ] /www/wwwroot/mis.mbacms.com/thinkphp/lang/zh-cn.php
---------------------------------------------------------------

[2020-03-07T10:28:43+08:00] 89.238.139.12 GET mis.mbacms.com/demo/rss/catalog/review
[运行时间：0.012207s] [吞吐率：81.92req/s] [内存消耗：1,283.55kb] [文件加载：53]
[ info ] [ LANG ] /www/wwwroot/mis.mbacms.com/thinkphp/lang/zh-cn.php
---------------------------------------------------------------

[2020-03-07T10:28:47+08:00] 89.238.139.12 GET mis.mbacms.com/shop/rss/order/new
[运行时间：0.011949s] [吞吐率：83.69req/s] [内存消耗：1,283.55kb] [文件加载：53]
[ info ] [ LANG ] /www/wwwroot/mis.mbacms.com/thinkphp/lang/zh-cn.php
---------------------------------------------------------------

[2020-03-07T10:28:48+08:00] 89.238.139.12 GET mis.mbacms.com/shop/rss/catalog/notifystock
[运行时间：0.012154s] [吞吐率：82.28req/s] [内存消耗：1,283.56kb] [文件加载：53]
[ info ] [ LANG ] /www/wwwroot/mis.mbacms.com/thinkphp/lang/zh-cn.php
---------------------------------------------------------------

[2020-03-07T10:28:50+08:00] 89.238.139.12 GET mis.mbacms.com/shop/rss/catalog/review
[运行时间：0.011945s] [吞吐率：83.72req/s] [内存消耗：1,283.55kb] [文件加载：53]
[ info ] [ LANG ] /www/wwwroot/mis.mbacms.com/thinkphp/lang/zh-cn.php
---------------------------------------------------------------

[2020-03-07T10:28:52+08:00] 89.238.139.12 GET mis.mbacms.com/store/rss/order/new
[运行时间：0.012017s] [吞吐率：83.22req/s] [内存消耗：1,283.55kb] [文件加载：53]
[ info ] [ LANG ] /www/wwwroot/mis.mbacms.com/thinkphp/lang/zh-cn.php
---------------------------------------------------------------

[2020-03-07T10:28:57+08:00] 89.238.139.12 GET mis.mbacms.com/store/rss/catalog/notifystock
[运行时间：0.011780s] [吞吐率：84.89req/s] [内存消耗：1,283.56kb] [文件加载：53]
[ info ] [ LANG ] /www/wwwroot/mis.mbacms.com/thinkphp/lang/zh-cn.php
---------------------------------------------------------------

[2020-03-07T10:29:01+08:00] 89.238.139.12 GET mis.mbacms.com/store/rss/catalog/review
[运行时间：0.011471s] [吞吐率：87.18req/s] [内存消耗：1,283.56kb] [文件加载：53]
[ info ] [ LANG ] /www/wwwroot/mis.mbacms.com/thinkphp/lang/zh-cn.php
---------------------------------------------------------------

[2020-03-07T10:29:03+08:00] 89.238.139.12 GET mis.mbacms.com/magento/rss/order/new
[运行时间：0.012608s] [吞吐率：79.31req/s] [内存消耗：1,283.55kb] [文件加载：53]
[ info ] [ LANG ] /www/wwwroot/mis.mbacms.com/thinkphp/lang/zh-cn.php
---------------------------------------------------------------

[2020-03-07T10:29:05+08:00] 89.238.139.12 GET mis.mbacms.com/magento/rss/catalog/notifystock
[运行时间：0.012147s] [吞吐率：82.33req/s] [内存消耗：1,283.56kb] [文件加载：53]
[ info ] [ LANG ] /www/wwwroot/mis.mbacms.com/thinkphp/lang/zh-cn.php
---------------------------------------------------------------

[2020-03-07T10:29:07+08:00] 89.238.139.12 GET mis.mbacms.com/magento/rss/catalog/review
[运行时间：0.013370s] [吞吐率：74.80req/s] [内存消耗：1,283.56kb] [文件加载：53]
[ info ] [ LANG ] /www/wwwroot/mis.mbacms.com/thinkphp/lang/zh-cn.php
---------------------------------------------------------------

[2020-03-07T10:29:08+08:00] 89.238.139.12 GET mis.mbacms.com/staging/rss/order/new
[运行时间：0.012059s] [吞吐率：82.92req/s] [内存消耗：1,283.55kb] [文件加载：53]
[ info ] [ LANG ] /www/wwwroot/mis.mbacms.com/thinkphp/lang/zh-cn.php
---------------------------------------------------------------

[2020-03-07T10:29:10+08:00] 89.238.139.12 GET mis.mbacms.com/staging/rss/catalog/notifystock
[运行时间：0.012986s] [吞吐率：77.01req/s] [内存消耗：1,283.56kb] [文件加载：53]
[ info ] [ LANG ] /www/wwwroot/mis.mbacms.com/thinkphp/lang/zh-cn.php
---------------------------------------------------------------

[2020-03-07T10:29:11+08:00] 89.238.139.12 GET mis.mbacms.com/staging/rss/catalog/review
[运行时间：0.011678s] [吞吐率：85.63req/s] [内存消耗：1,283.56kb] [文件加载：53]
[ info ] [ LANG ] /www/wwwroot/mis.mbacms.com/thinkphp/lang/zh-cn.php
---------------------------------------------------------------

[2020-03-07T10:29:12+08:00] 89.238.139.12 GET mis.mbacms.com/downloader/index.php
[运行时间：0.010923s] [吞吐率：91.55req/s] [内存消耗：1,283.55kb] [文件加载：53]
[ info ] [ LANG ] /www/wwwroot/mis.mbacms.com/thinkphp/lang/zh-cn.php
---------------------------------------------------------------

[2020-03-07T10:29:14+08:00] 89.238.139.12 GET mis.mbacms.com/dev/downloader/index.php
[运行时间：0.011519s] [吞吐率：86.81req/s] [内存消耗：1,283.56kb] [文件加载：53]
[ info ] [ LANG ] /www/wwwroot/mis.mbacms.com/thinkphp/lang/zh-cn.php
---------------------------------------------------------------

[2020-03-07T10:29:16+08:00] 89.238.139.12 GET mis.mbacms.com/old/downloader/index.php
[运行时间：0.011263s] [吞吐率：88.79req/s] [内存消耗：1,283.56kb] [文件加载：53]
[ info ] [ LANG ] /www/wwwroot/mis.mbacms.com/thinkphp/lang/zh-cn.php
---------------------------------------------------------------

[2020-03-07T10:29:18+08:00] 89.238.139.12 GET mis.mbacms.com/test/downloader/index.php
[运行时间：0.011033s] [吞吐率：90.64req/s] [内存消耗：1,283.56kb] [文件加载：53]
[ info ] [ LANG ] /www/wwwroot/mis.mbacms.com/thinkphp/lang/zh-cn.php
---------------------------------------------------------------

[2020-03-07T10:29:20+08:00] 89.238.139.12 GET mis.mbacms.com/demo/downloader/index.php
[运行时间：0.011574s] [吞吐率：86.40req/s] [内存消耗：1,283.56kb] [文件加载：53]
[ info ] [ LANG ] /www/wwwroot/mis.mbacms.com/thinkphp/lang/zh-cn.php
---------------------------------------------------------------

[2020-03-07T10:29:21+08:00] 89.238.139.12 GET mis.mbacms.com/shop/downloader/index.php
[运行时间：0.011424s] [吞吐率：87.54req/s] [内存消耗：1,283.56kb] [文件加载：53]
[ info ] [ LANG ] /www/wwwroot/mis.mbacms.com/thinkphp/lang/zh-cn.php
---------------------------------------------------------------

[2020-03-07T10:29:23+08:00] 89.238.139.12 GET mis.mbacms.com/store/downloader/index.php
[运行时间：0.010974s] [吞吐率：91.13req/s] [内存消耗：1,283.56kb] [文件加载：53]
[ info ] [ LANG ] /www/wwwroot/mis.mbacms.com/thinkphp/lang/zh-cn.php
---------------------------------------------------------------

[2020-03-07T10:29:24+08:00] 89.238.139.12 GET mis.mbacms.com/magento/downloader/index.php
[运行时间：0.011452s] [吞吐率：87.32req/s] [内存消耗：1,283.56kb] [文件加载：53]
[ info ] [ LANG ] /www/wwwroot/mis.mbacms.com/thinkphp/lang/zh-cn.php
---------------------------------------------------------------

[2020-03-07T10:29:27+08:00] 89.238.139.12 GET mis.mbacms.com/staging/downloader/index.php
[运行时间：0.011802s] [吞吐率：84.73req/s] [内存消耗：1,283.56kb] [文件加载：53]
[ info ] [ LANG ] /www/wwwroot/mis.mbacms.com/thinkphp/lang/zh-cn.php
---------------------------------------------------------------

[2020-03-07T10:29:29+08:00] 89.238.139.12 GET mis.mbacms.com/errors/503.php
[运行时间：0.010763s] [吞吐率：92.91req/s] [内存消耗：1,261.54kb] [文件加载：52]
[ info ] [ LANG ] /www/wwwroot/mis.mbacms.com/thinkphp/lang/zh-cn.php
---------------------------------------------------------------

[2020-03-07T10:29:30+08:00] 89.238.139.12 GET mis.mbacms.com/dev/errors/503.php
[运行时间：0.010829s] [吞吐率：92.34req/s] [内存消耗：1,283.55kb] [文件加载：53]
[ info ] [ LANG ] /www/wwwroot/mis.mbacms.com/thinkphp/lang/zh-cn.php
---------------------------------------------------------------

[2020-03-07T10:29:32+08:00] 89.238.139.12 GET mis.mbacms.com/old/errors/503.php
[运行时间：0.010840s] [吞吐率：92.25req/s] [内存消耗：1,283.55kb] [文件加载：53]
[ info ] [ LANG ] /www/wwwroot/mis.mbacms.com/thinkphp/lang/zh-cn.php
---------------------------------------------------------------

[2020-03-07T10:29:33+08:00] 89.238.139.12 GET mis.mbacms.com/test/errors/503.php
[运行时间：0.011456s] [吞吐率：87.29req/s] [内存消耗：1,283.55kb] [文件加载：53]
[ info ] [ LANG ] /www/wwwroot/mis.mbacms.com/thinkphp/lang/zh-cn.php
---------------------------------------------------------------

[2020-03-07T10:29:35+08:00] 89.238.139.12 GET mis.mbacms.com/demo/errors/503.php
[运行时间：0.014387s] [吞吐率：69.51req/s] [内存消耗：1,283.55kb] [文件加载：53]
[ info ] [ LANG ] /www/wwwroot/mis.mbacms.com/thinkphp/lang/zh-cn.php
---------------------------------------------------------------

[2020-03-07T10:29:36+08:00] 89.238.139.12 GET mis.mbacms.com/shop/errors/503.php
[运行时间：0.010892s] [吞吐率：91.81req/s] [内存消耗：1,283.55kb] [文件加载：53]
[ info ] [ LANG ] /www/wwwroot/mis.mbacms.com/thinkphp/lang/zh-cn.php
---------------------------------------------------------------

[2020-03-07T10:29:37+08:00] 89.238.139.12 GET mis.mbacms.com/store/errors/503.php
[运行时间：0.010811s] [吞吐率：92.50req/s] [内存消耗：1,283.55kb] [文件加载：53]
[ info ] [ LANG ] /www/wwwroot/mis.mbacms.com/thinkphp/lang/zh-cn.php
---------------------------------------------------------------

[2020-03-07T10:29:42+08:00] 89.238.139.12 GET mis.mbacms.com/magento/errors/503.php
[运行时间：0.010869s] [吞吐率：92.01req/s] [内存消耗：1,283.55kb] [文件加载：53]
[ info ] [ LANG ] /www/wwwroot/mis.mbacms.com/thinkphp/lang/zh-cn.php
---------------------------------------------------------------

[2020-03-07T10:29:44+08:00] 89.238.139.12 GET mis.mbacms.com/staging/errors/503.php
[运行时间：0.011626s] [吞吐率：86.01req/s] [内存消耗：1,283.55kb] [文件加载：53]
[ info ] [ LANG ] /www/wwwroot/mis.mbacms.com/thinkphp/lang/zh-cn.php
---------------------------------------------------------------

[2020-03-07T11:04:32+08:00] 184.105.139.70 GET 47.95.1.68/
[运行时间：0.014822s] [吞吐率：67.47req/s] [内存消耗：1,857.95kb] [文件加载：67]
[ info ] [ LANG ] /www/wwwroot/mis.mbacms.com/thinkphp/lang/zh-cn.php
[ info ] [ ROUTE ] array (
)
[ info ] [ HEADER ] array (
  'host' => '47.95.1.68',
)
[ info ] [ PARAM ] array (
)
---------------------------------------------------------------

[2020-03-07T13:10:42+08:00] 209.17.96.98 GET mbacms.com/
[运行时间：0.021123s] [吞吐率：47.34req/s] [内存消耗：1,858.27kb] [文件加载：67]
[ info ] [ LANG ] /www/wwwroot/mis.mbacms.com/thinkphp/lang/zh-cn.php
[ info ] [ ROUTE ] array (
)
[ info ] [ HEADER ] array (
  'user-agent' => 'Mozilla/5.0 (compatible; Nimbostratus-Bot/v1.3.2; http://cloudsystemnetworks.com)',
  'host' => 'mbacms.com',
)
[ info ] [ PARAM ] array (
)
---------------------------------------------------------------

[2020-03-07T15:22:28+08:00] 68.183.113.196 GET 47.95.1.68/
[运行时间：0.016212s] [吞吐率：61.68req/s] [内存消耗：1,858.38kb] [文件加载：67]
[ info ] [ LANG ] /www/wwwroot/mis.mbacms.com/thinkphp/lang/zh-cn.php
[ info ] [ ROUTE ] array (
)
[ info ] [ HEADER ] array (
  'accept-encoding' => 'gzip',
  'accept' => '*/*',
  'user-agent' => 'Mozilla/5.0 zgrab/0.x',
  'host' => '47.95.1.68',
)
[ info ] [ PARAM ] array (
)
---------------------------------------------------------------

[2020-03-07T15:22:30+08:00] 68.183.113.196 GET 47.95.1.68:443/index/login/login.html
[运行时间：0.021969s] [吞吐率：45.52req/s] [内存消耗：2,598.77kb] [文件加载：69]
[ info ] [ LANG ] /www/wwwroot/mis.mbacms.com/thinkphp/lang/zh-cn.php
[ info ] [ ROUTE ] array (
)
[ info ] [ HEADER ] array (
  'accept-encoding' => 'gzip',
  'referer' => 'https://47.95.1.68:443/',
  'accept' => '*/*',
  'user-agent' => 'Mozilla/5.0 zgrab/0.x',
  'host' => '47.95.1.68:443',
)
[ info ] [ PARAM ] array (
)
[ info ] [ DB ] INIT mysql
[ info ] [ VIEW ] /www/wwwroot/mis.mbacms.com/application/index/view/login/login.html [ array (
  0 => 'site_config',
) ]
---------------------------------------------------------------

[2020-03-07T17:06:04+08:00] 120.244.234.5 GET mis.mbacms.com/admin/index/index.html
[运行时间：0.024508s] [吞吐率：40.80req/s] [内存消耗：2,796.87kb] [文件加载：74]
[ info ] [ LANG ] /www/wwwroot/mis.mbacms.com/thinkphp/lang/zh-cn.php
[ info ] [ ROUTE ] array (
)
[ info ] [ HEADER ] array (
  'host' => 'mis.mbacms.com',
  'cookie' => 'PHPSESSID=av9peofj8mv0n95psgg1gnfob5',
  'accept-language' => 'zh-CN,zh;q=0.9',
  'accept-encoding' => 'gzip, deflate, br',
  'referer' => 'https://mis.mbacms.com/admin/login/login',
  'sec-fetch-mode' => 'navigate',
  'sec-fetch-site' => 'same-origin',
  'accept' => 'text/html,application/xhtml+xml,application/xml;q=0.9,image/webp,image/apng,*/*;q=0.8,application/signed-exchange;v=b3;q=0.9',
  'sec-fetch-user' => '?1',
  'user-agent' => 'Mozilla/5.0 (Windows NT 10.0; Win64; x64) AppleWebKit/537.36 (KHTML, like Gecko) Chrome/79.0.3945.88 Safari/537.36',
  'upgrade-insecure-requests' => '1',
)
[ info ] [ PARAM ] array (
)
[ info ] [ DB ] INIT mysql
---------------------------------------------------------------

[2020-03-07T17:06:04+08:00] 120.244.234.5 GET mis.mbacms.com/admin/login/login.html
[运行时间：0.022356s] [吞吐率：44.73req/s] [内存消耗：2,670.26kb] [文件加载：71]
[ info ] [ LANG ] /www/wwwroot/mis.mbacms.com/thinkphp/lang/zh-cn.php
[ info ] [ ROUTE ] array (
)
[ info ] [ HEADER ] array (
  'host' => 'mis.mbacms.com',
  'cookie' => 'PHPSESSID=av9peofj8mv0n95psgg1gnfob5',
  'accept-language' => 'zh-CN,zh;q=0.9',
  'accept-encoding' => 'gzip, deflate, br',
  'referer' => 'https://mis.mbacms.com/admin/login/login',
  'sec-fetch-mode' => 'navigate',
  'sec-fetch-site' => 'same-origin',
  'accept' => 'text/html,application/xhtml+xml,application/xml;q=0.9,image/webp,image/apng,*/*;q=0.8,application/signed-exchange;v=b3;q=0.9',
  'sec-fetch-user' => '?1',
  'user-agent' => 'Mozilla/5.0 (Windows NT 10.0; Win64; x64) AppleWebKit/537.36 (KHTML, like Gecko) Chrome/79.0.3945.88 Safari/537.36',
  'upgrade-insecure-requests' => '1',
)
[ info ] [ PARAM ] array (
)
[ info ] [ DB ] INIT mysql
[ info ] [ VIEW ] /www/wwwroot/mis.mbacms.com/application/admin/view/login/login.html [ array (
  0 => 'site_config',
) ]
---------------------------------------------------------------

[2020-03-07T17:06:04+08:00] 120.244.234.5 GET mis.mbacms.com/admin/login/getcode?length=4&font_size=20&width=128&height=42&use_noise=1&use_curve=0
[运行时间：0.015454s] [吞吐率：64.71req/s] [内存消耗：1,756.33kb] [文件加载：64]
[ info ] [ LANG ] /www/wwwroot/mis.mbacms.com/thinkphp/lang/zh-cn.php
[ info ] [ ROUTE ] array (
)
[ info ] [ HEADER ] array (
  'host' => 'mis.mbacms.com',
  'cookie' => 'PHPSESSID=av9peofj8mv0n95psgg1gnfob5',
  'accept-language' => 'zh-CN,zh;q=0.9',
  'accept-encoding' => 'gzip, deflate, br',
  'referer' => 'https://mis.mbacms.com/admin/login/login.html',
  'sec-fetch-mode' => 'no-cors',
  'sec-fetch-site' => 'same-origin',
  'accept' => 'image/webp,image/apng,image/*,*/*;q=0.8',
  'user-agent' => 'Mozilla/5.0 (Windows NT 10.0; Win64; x64) AppleWebKit/537.36 (KHTML, like Gecko) Chrome/79.0.3945.88 Safari/537.36',
)
[ info ] [ PARAM ] array (
  'length' => '4',
  'font_size' => '20',
  'width' => '128',
  'height' => '42',
  'use_noise' => '1',
  'use_curve' => '0',
)
---------------------------------------------------------------

[2020-03-07T17:06:04+08:00] 120.244.234.5 GET mis.mbacms.com/favicon.ico
[运行时间：0.011844s] [吞吐率：84.43req/s] [内存消耗：1,283.55kb] [文件加载：53]
[ info ] [ LANG ] /www/wwwroot/mis.mbacms.com/thinkphp/lang/zh-cn.php
---------------------------------------------------------------

[2020-03-07T17:06:17+08:00] 120.244.234.5 POST mis.mbacms.com/admin/login/login
[运行时间：0.022207s] [吞吐率：45.03req/s] [内存消耗：2,669.64kb] [文件加载：71]
[ info ] [ LANG ] /www/wwwroot/mis.mbacms.com/thinkphp/lang/zh-cn.php
[ info ] [ ROUTE ] array (
)
[ info ] [ HEADER ] array (
  'host' => 'mis.mbacms.com',
  'cookie' => 'PHPSESSID=av9peofj8mv0n95psgg1gnfob5',
  'accept-language' => 'zh-CN,zh;q=0.9',
  'accept-encoding' => 'gzip, deflate, br',
  'referer' => 'https://mis.mbacms.com/admin/login/login.html',
  'sec-fetch-mode' => 'cors',
  'sec-fetch-site' => 'same-origin',
  'origin' => 'https://mis.mbacms.com',
  'user-agent' => 'Mozilla/5.0 (Windows NT 10.0; Win64; x64) AppleWebKit/537.36 (KHTML, like Gecko) Chrome/79.0.3945.88 Safari/537.36',
  'x-requested-with' => 'XMLHttpRequest',
  'accept' => 'application/json, text/javascript, */*; q=0.01',
  'content-type' => 'application/x-www-form-urlencoded; charset=UTF-8',
  'content-length' => '51',
)
[ info ] [ PARAM ] array (
  'username' => 'root',
  'password' => 'agz123!@#',
  'logincode' => '2s84',
)
[ info ] [ DB ] INIT mysql
---------------------------------------------------------------

[2020-03-07T17:06:20+08:00] 120.244.234.5 GET mis.mbacms.com/admin/login/getcode?length=4&font_size=20&width=128&height=42&use_noise=1&use_curve=0&time=0.5606617479478369
[运行时间：0.016895s] [吞吐率：59.19req/s] [内存消耗：1,756.61kb] [文件加载：64]
[ info ] [ LANG ] /www/wwwroot/mis.mbacms.com/thinkphp/lang/zh-cn.php
[ info ] [ ROUTE ] array (
)
[ info ] [ HEADER ] array (
  'host' => 'mis.mbacms.com',
  'cookie' => 'PHPSESSID=av9peofj8mv0n95psgg1gnfob5',
  'accept-language' => 'zh-CN,zh;q=0.9',
  'accept-encoding' => 'gzip, deflate, br',
  'referer' => 'https://mis.mbacms.com/admin/login/login.html',
  'sec-fetch-mode' => 'no-cors',
  'sec-fetch-site' => 'same-origin',
  'accept' => 'image/webp,image/apng,image/*,*/*;q=0.8',
  'user-agent' => 'Mozilla/5.0 (Windows NT 10.0; Win64; x64) AppleWebKit/537.36 (KHTML, like Gecko) Chrome/79.0.3945.88 Safari/537.36',
)
[ info ] [ PARAM ] array (
  'length' => '4',
  'font_size' => '20',
  'width' => '128',
  'height' => '42',
  'use_noise' => '1',
  'use_curve' => '0',
  'time' => '0.5606617479478369',
)
---------------------------------------------------------------

[2020-03-07T17:06:23+08:00] 120.244.234.5 POST mis.mbacms.com/admin/login/login
[运行时间：0.030593s] [吞吐率：32.69req/s] [内存消耗：3,024.57kb] [文件加载：80]
[ info ] [ LANG ] /www/wwwroot/mis.mbacms.com/thinkphp/lang/zh-cn.php
[ info ] [ ROUTE ] array (
)
[ info ] [ HEADER ] array (
  'host' => 'mis.mbacms.com',
  'cookie' => 'PHPSESSID=av9peofj8mv0n95psgg1gnfob5',
  'accept-language' => 'zh-CN,zh;q=0.9',
  'accept-encoding' => 'gzip, deflate, br',
  'referer' => 'https://mis.mbacms.com/admin/login/login.html',
  'sec-fetch-mode' => 'cors',
  'sec-fetch-site' => 'same-origin',
  'origin' => 'https://mis.mbacms.com',
  'user-agent' => 'Mozilla/5.0 (Windows NT 10.0; Win64; x64) AppleWebKit/537.36 (KHTML, like Gecko) Chrome/79.0.3945.88 Safari/537.36',
  'x-requested-with' => 'XMLHttpRequest',
  'accept' => 'application/json, text/javascript, */*; q=0.01',
  'content-type' => 'application/x-www-form-urlencoded; charset=UTF-8',
  'content-length' => '51',
)
[ info ] [ PARAM ] array (
  'username' => 'root',
  'password' => 'agz123!@#',
  'logincode' => 'kbtx',
)
[ info ] [ DB ] INIT mysql
---------------------------------------------------------------

[2020-03-07T17:06:26+08:00] 120.244.234.5 GET mis.mbacms.com/admin/index/index.html
[运行时间：0.028657s] [吞吐率：34.90req/s] [内存消耗：2,972.83kb] [文件加载：78]
[ info ] [ LANG ] /www/wwwroot/mis.mbacms.com/thinkphp/lang/zh-cn.php
[ info ] [ ROUTE ] array (
)
[ info ] [ HEADER ] array (
  'host' => 'mis.mbacms.com',
  'cookie' => 'PHPSESSID=av9peofj8mv0n95psgg1gnfob5',
  'accept-language' => 'zh-CN,zh;q=0.9',
  'accept-encoding' => 'gzip, deflate, br',
  'referer' => 'https://mis.mbacms.com/admin/login/login.html',
  'sec-fetch-mode' => 'navigate',
  'sec-fetch-site' => 'same-origin',
  'accept' => 'text/html,application/xhtml+xml,application/xml;q=0.9,image/webp,image/apng,*/*;q=0.8,application/signed-exchange;v=b3;q=0.9',
  'sec-fetch-user' => '?1',
  'user-agent' => 'Mozilla/5.0 (Windows NT 10.0; Win64; x64) AppleWebKit/537.36 (KHTML, like Gecko) Chrome/79.0.3945.88 Safari/537.36',
  'upgrade-insecure-requests' => '1',
)
[ info ] [ PARAM ] array (
)
[ info ] [ DB ] INIT mysql
[ info ] [ VIEW ] /www/wwwroot/mis.mbacms.com/application/admin/view/index/index.html [ array (
  0 => 'site_config',
  1 => 'theme',
  2 => 'menu',
  3 => 'controller',
  4 => 'action',
) ]
---------------------------------------------------------------

[2020-03-07T17:06:26+08:00] 120.244.234.5 GET mis.mbacms.com/admin/index/welcome.html
[运行时间：0.042475s] [吞吐率：23.54req/s] [内存消耗：3,380.59kb] [文件加载：86]
[ info ] [ LANG ] /www/wwwroot/mis.mbacms.com/thinkphp/lang/zh-cn.php
[ info ] [ ROUTE ] array (
)
[ info ] [ HEADER ] array (
  'host' => 'mis.mbacms.com',
  'cookie' => 'PHPSESSID=av9peofj8mv0n95psgg1gnfob5',
  'accept-language' => 'zh-CN,zh;q=0.9',
  'accept-encoding' => 'gzip, deflate, br',
  'referer' => 'https://mis.mbacms.com/admin/index/index.html',
  'sec-fetch-mode' => 'nested-navigate',
  'sec-fetch-site' => 'same-origin',
  'accept' => 'text/html,application/xhtml+xml,application/xml;q=0.9,image/webp,image/apng,*/*;q=0.8,application/signed-exchange;v=b3;q=0.9',
  'user-agent' => 'Mozilla/5.0 (Windows NT 10.0; Win64; x64) AppleWebKit/537.36 (KHTML, like Gecko) Chrome/79.0.3945.88 Safari/537.36',
  'upgrade-insecure-requests' => '1',
)
[ info ] [ PARAM ] array (
)
[ info ] [ DB ] INIT mysql
[ info ] [ VIEW ] /www/wwwroot/mis.mbacms.com/application/admin/view/index/welcome.html [ array (
  0 => 'site_config',
  1 => 'theme',
  2 => 'menu',
  3 => 'controller',
  4 => 'action',
  5 => 'first_line',
  6 => 'second_line',
  7 => 'topData',
) ]
---------------------------------------------------------------

[2020-03-07T17:06:28+08:00] 120.244.234.5 GET mis.mbacms.com/admin/index/memberchart.html
[运行时间：0.027633s] [吞吐率：36.19req/s] [内存消耗：2,828.98kb] [文件加载：74]
[ info ] [ LANG ] /www/wwwroot/mis.mbacms.com/thinkphp/lang/zh-cn.php
[ info ] [ ROUTE ] array (
)
[ info ] [ HEADER ] array (
  'host' => 'mis.mbacms.com',
  'cookie' => 'PHPSESSID=av9peofj8mv0n95psgg1gnfob5',
  'accept-language' => 'zh-CN,zh;q=0.9',
  'accept-encoding' => 'gzip, deflate, br',
  'referer' => 'https://mis.mbacms.com/admin/index/welcome.html',
  'sec-fetch-mode' => 'cors',
  'sec-fetch-site' => 'same-origin',
  'user-agent' => 'Mozilla/5.0 (Windows NT 10.0; Win64; x64) AppleWebKit/537.36 (KHTML, like Gecko) Chrome/79.0.3945.88 Safari/537.36',
  'accept' => 'application/json, text/plain, */*',
)
[ info ] [ PARAM ] array (
)
[ info ] [ DB ] INIT mysql
---------------------------------------------------------------

[2020-03-07T17:06:28+08:00] 120.244.234.5 GET mis.mbacms.com/admin/index/orderchart.html?cycle=thirtyday
[运行时间：0.040892s] [吞吐率：24.45req/s] [内存消耗：3,376.32kb] [文件加载：84]
[ info ] [ LANG ] /www/wwwroot/mis.mbacms.com/thinkphp/lang/zh-cn.php
[ info ] [ ROUTE ] array (
)
[ info ] [ HEADER ] array (
  'host' => 'mis.mbacms.com',
  'cookie' => 'PHPSESSID=av9peofj8mv0n95psgg1gnfob5',
  'accept-language' => 'zh-CN,zh;q=0.9',
  'accept-encoding' => 'gzip, deflate, br',
  'referer' => 'https://mis.mbacms.com/admin/index/welcome.html',
  'sec-fetch-mode' => 'cors',
  'sec-fetch-site' => 'same-origin',
  'user-agent' => 'Mozilla/5.0 (Windows NT 10.0; Win64; x64) AppleWebKit/537.36 (KHTML, like Gecko) Chrome/79.0.3945.88 Safari/537.36',
  'accept' => 'application/json, text/plain, */*',
)
[ info ] [ PARAM ] array (
  'cycle' => 'thirtyday',
)
[ info ] [ DB ] INIT mysql
---------------------------------------------------------------

[2020-03-07T17:06:30+08:00] 120.244.234.5 GET mis.mbacms.com/admin/moduls.moduls_cars/list.html
[运行时间：0.026241s] [吞吐率：38.11req/s] [内存消耗：2,813.28kb] [文件加载：77]
[ info ] [ LANG ] /www/wwwroot/mis.mbacms.com/thinkphp/lang/zh-cn.php
[ info ] [ ROUTE ] array (
)
[ info ] [ HEADER ] array (
  'host' => 'mis.mbacms.com',
  'cookie' => 'PHPSESSID=av9peofj8mv0n95psgg1gnfob5',
  'accept-language' => 'zh-CN,zh;q=0.9',
  'accept-encoding' => 'gzip, deflate, br',
  'referer' => 'https://mis.mbacms.com/admin/index/index.html',
  'sec-fetch-mode' => 'nested-navigate',
  'sec-fetch-site' => 'same-origin',
  'accept' => 'text/html,application/xhtml+xml,application/xml;q=0.9,image/webp,image/apng,*/*;q=0.8,application/signed-exchange;v=b3;q=0.9',
  'user-agent' => 'Mozilla/5.0 (Windows NT 10.0; Win64; x64) AppleWebKit/537.36 (KHTML, like Gecko) Chrome/79.0.3945.88 Safari/537.36',
  'upgrade-insecure-requests' => '1',
)
[ info ] [ PARAM ] array (
)
[ info ] [ DB ] INIT mysql
[ info ] [ VIEW ] /www/wwwroot/mis.mbacms.com/application/admin/view/moduls/moduls_cars/list.html [ array (
  0 => 'site_config',
  1 => 'theme',
  2 => 'menu',
  3 => 'controller',
  4 => 'action',
  5 => 'carid',
) ]
---------------------------------------------------------------

[2020-03-07T17:06:30+08:00] 120.244.234.5 GET mis.mbacms.com/admin/moduls.moduls_cars/RecordList?page=1&limit=10
[运行时间：0.028535s] [吞吐率：35.04req/s] [内存消耗：2,962.89kb] [文件加载：77]
[ info ] [ LANG ] /www/wwwroot/mis.mbacms.com/thinkphp/lang/zh-cn.php
[ info ] [ ROUTE ] array (
)
[ info ] [ HEADER ] array (
  'host' => 'mis.mbacms.com',
  'cookie' => 'PHPSESSID=av9peofj8mv0n95psgg1gnfob5',
  'accept-language' => 'zh-CN,zh;q=0.9',
  'accept-encoding' => 'gzip, deflate, br',
  'referer' => 'https://mis.mbacms.com/admin/moduls.moduls_cars/list.html',
  'sec-fetch-mode' => 'cors',
  'sec-fetch-site' => 'same-origin',
  'user-agent' => 'Mozilla/5.0 (Windows NT 10.0; Win64; x64) AppleWebKit/537.36 (KHTML, like Gecko) Chrome/79.0.3945.88 Safari/537.36',
  'x-requested-with' => 'XMLHttpRequest',
  'accept' => 'application/json, text/javascript, */*; q=0.01',
)
[ info ] [ PARAM ] array (
  'page' => '1',
  'limit' => '10',
)
[ info ] [ DB ] INIT mysql
---------------------------------------------------------------

[2020-03-07T17:06:30+08:00] 120.244.234.5 GET mis.mbacms.com/admin/moduls.moduls_cars/index.html
[运行时间：0.034892s] [吞吐率：28.66req/s] [内存消耗：3,293.74kb] [文件加载：88]
[ info ] [ LANG ] /www/wwwroot/mis.mbacms.com/thinkphp/lang/zh-cn.php
[ info ] [ ROUTE ] array (
)
[ info ] [ HEADER ] array (
  'host' => 'mis.mbacms.com',
  'cookie' => 'PHPSESSID=av9peofj8mv0n95psgg1gnfob5',
  'accept-language' => 'zh-CN,zh;q=0.9',
  'accept-encoding' => 'gzip, deflate, br',
  'referer' => 'https://mis.mbacms.com/admin/index/index.html',
  'sec-fetch-mode' => 'nested-navigate',
  'sec-fetch-site' => 'same-origin',
  'accept' => 'text/html,application/xhtml+xml,application/xml;q=0.9,image/webp,image/apng,*/*;q=0.8,application/signed-exchange;v=b3;q=0.9',
  'user-agent' => 'Mozilla/5.0 (Windows NT 10.0; Win64; x64) AppleWebKit/537.36 (KHTML, like Gecko) Chrome/79.0.3945.88 Safari/537.36',
  'upgrade-insecure-requests' => '1',
)
[ info ] [ PARAM ] array (
)
[ info ] [ DB ] INIT mysql
[ info ] [ VIEW ] /www/wwwroot/mis.mbacms.com/application/admin/view/moduls/moduls_cars/index.html [ array (
  0 => 'site_config',
  1 => 'theme',
  2 => 'menu',
  3 => 'controller',
  4 => 'action',
  5 => 'status',
  6 => 'onrest',
  7 => 'onuse',
  8 => 'onrepair',
  9 => 'onappoint',
  10 => 'onstop',
) ]
---------------------------------------------------------------

[2020-03-07T17:06:31+08:00] 120.244.234.5 GET mis.mbacms.com/admin/moduls.moduls_cars/listjson/status/1.html?page=1&limit=20
[运行时间：0.033974s] [吞吐率：29.43req/s] [内存消耗：3,365.25kb] [文件加载：87]
[ info ] [ LANG ] /www/wwwroot/mis.mbacms.com/thinkphp/lang/zh-cn.php
[ info ] [ ROUTE ] array (
)
[ info ] [ HEADER ] array (
  'host' => 'mis.mbacms.com',
  'cookie' => 'PHPSESSID=av9peofj8mv0n95psgg1gnfob5',
  'accept-language' => 'zh-CN,zh;q=0.9',
  'accept-encoding' => 'gzip, deflate, br',
  'referer' => 'https://mis.mbacms.com/admin/moduls.moduls_cars/index.html',
  'sec-fetch-mode' => 'cors',
  'sec-fetch-site' => 'same-origin',
  'user-agent' => 'Mozilla/5.0 (Windows NT 10.0; Win64; x64) AppleWebKit/537.36 (KHTML, like Gecko) Chrome/79.0.3945.88 Safari/537.36',
  'x-requested-with' => 'XMLHttpRequest',
  'accept' => 'application/json, text/javascript, */*; q=0.01',
)
[ info ] [ PARAM ] array (
  'page' => '1',
  'limit' => '20',
  'status' => '1',
)
[ info ] [ DB ] INIT mysql
---------------------------------------------------------------

[2020-03-07T17:06:34+08:00] 120.244.234.5 GET mis.mbacms.com/admin/storage/addstorage.html
[运行时间：0.037480s] [吞吐率：26.68req/s] [内存消耗：3,248.59kb] [文件加载：84]
[ info ] [ LANG ] /www/wwwroot/mis.mbacms.com/thinkphp/lang/zh-cn.php
[ info ] [ ROUTE ] array (
)
[ info ] [ HEADER ] array (
  'host' => 'mis.mbacms.com',
  'cookie' => 'PHPSESSID=av9peofj8mv0n95psgg1gnfob5',
  'accept-language' => 'zh-CN,zh;q=0.9',
  'accept-encoding' => 'gzip, deflate, br',
  'referer' => 'https://mis.mbacms.com/admin/index/index.html',
  'sec-fetch-mode' => 'nested-navigate',
  'sec-fetch-site' => 'same-origin',
  'accept' => 'text/html,application/xhtml+xml,application/xml;q=0.9,image/webp,image/apng,*/*;q=0.8,application/signed-exchange;v=b3;q=0.9',
  'user-agent' => 'Mozilla/5.0 (Windows NT 10.0; Win64; x64) AppleWebKit/537.36 (KHTML, like Gecko) Chrome/79.0.3945.88 Safari/537.36',
  'upgrade-insecure-requests' => '1',
)
[ info ] [ PARAM ] array (
)
[ info ] [ DB ] INIT mysql
[ info ] [ VIEW ] /www/wwwroot/mis.mbacms.com/application/admin/view/storage/addStorage.html [ array (
  0 => 'site_config',
  1 => 'theme',
  2 => 'menu',
  3 => 'controller',
  4 => 'action',
  5 => 'or_id',
  6 => 'ctime',
  7 => 'supplier',
  8 => 'user',
  9 => 'house',
  10 => 'curUser',
) ]
---------------------------------------------------------------

[2020-03-07T17:06:34+08:00] 120.244.234.5 GET mis.mbacms.com/admin/pub/ItemJson?or_id=VM_20200306-7-146&page=1&limit=10
[运行时间：0.027016s] [吞吐率：37.02req/s] [内存消耗：2,889.95kb] [文件加载：76]
[ info ] [ LANG ] /www/wwwroot/mis.mbacms.com/thinkphp/lang/zh-cn.php
[ info ] [ ROUTE ] array (
)
[ info ] [ HEADER ] array (
  'host' => 'mis.mbacms.com',
  'cookie' => 'PHPSESSID=av9peofj8mv0n95psgg1gnfob5',
  'accept-language' => 'zh-CN,zh;q=0.9',
  'accept-encoding' => 'gzip, deflate, br',
  'referer' => 'https://mis.mbacms.com/admin/storage/addstorage.html',
  'sec-fetch-mode' => 'cors',
  'sec-fetch-site' => 'same-origin',
  'user-agent' => 'Mozilla/5.0 (Windows NT 10.0; Win64; x64) AppleWebKit/537.36 (KHTML, like Gecko) Chrome/79.0.3945.88 Safari/537.36',
  'x-requested-with' => 'XMLHttpRequest',
  'accept' => 'application/json, text/javascript, */*; q=0.01',
)
[ info ] [ PARAM ] array (
  'or_id' => 'VM_20200306-7-146',
  'page' => '1',
  'limit' => '10',
)
[ info ] [ DB ] INIT mysql
---------------------------------------------------------------

[2020-03-07T17:09:01+08:00] 120.244.234.5 GET mis.mbacms.com/admin/pub/selectGoods.html?or_id=VM_20200306-7-146&ordertype=procure
[运行时间：0.026993s] [吞吐率：37.05req/s] [内存消耗：2,763.62kb] [文件加载：76]
[ info ] [ LANG ] /www/wwwroot/mis.mbacms.com/thinkphp/lang/zh-cn.php
[ info ] [ ROUTE ] array (
)
[ info ] [ HEADER ] array (
  'host' => 'mis.mbacms.com',
  'cookie' => 'PHPSESSID=av9peofj8mv0n95psgg1gnfob5',
  'accept-language' => 'zh-CN,zh;q=0.9',
  'accept-encoding' => 'gzip, deflate, br',
  'referer' => 'https://mis.mbacms.com/admin/storage/addstorage.html',
  'sec-fetch-mode' => 'nested-navigate',
  'sec-fetch-site' => 'same-origin',
  'accept' => 'text/html,application/xhtml+xml,application/xml;q=0.9,image/webp,image/apng,*/*;q=0.8,application/signed-exchange;v=b3;q=0.9',
  'user-agent' => 'Mozilla/5.0 (Windows NT 10.0; Win64; x64) AppleWebKit/537.36 (KHTML, like Gecko) Chrome/79.0.3945.88 Safari/537.36',
  'upgrade-insecure-requests' => '1',
)
[ info ] [ PARAM ] array (
  'or_id' => 'VM_20200306-7-146',
  'ordertype' => 'procure',
)
[ info ] [ DB ] INIT mysql
[ info ] [ VIEW ] /www/wwwroot/mis.mbacms.com/application/admin/view/pub/selectgoodsList.html [ array (
  0 => 'site_config',
  1 => 'theme',
  2 => 'menu',
  3 => 'controller',
  4 => 'action',
  5 => 'supplier',
  6 => 'or_id',
  7 => 'ordertype',
) ]
---------------------------------------------------------------

[2020-03-07T17:09:01+08:00] 120.244.234.5 GET mis.mbacms.com/admin/pub/selectgoodsListJson?or_id=VM_20200306-7-146&page=1&limit=10
[运行时间：0.032999s] [吞吐率：30.30req/s] [内存消耗：3,464.67kb] [文件加载：85]
[ info ] [ LANG ] /www/wwwroot/mis.mbacms.com/thinkphp/lang/zh-cn.php
[ info ] [ ROUTE ] array (
)
[ info ] [ HEADER ] array (
  'host' => 'mis.mbacms.com',
  'cookie' => 'PHPSESSID=av9peofj8mv0n95psgg1gnfob5',
  'accept-language' => 'zh-CN,zh;q=0.9',
  'accept-encoding' => 'gzip, deflate, br',
  'referer' => 'https://mis.mbacms.com/admin/pub/selectGoods.html?or_id=VM_20200306-7-146&ordertype=procure',
  'sec-fetch-mode' => 'cors',
  'sec-fetch-site' => 'same-origin',
  'user-agent' => 'Mozilla/5.0 (Windows NT 10.0; Win64; x64) AppleWebKit/537.36 (KHTML, like Gecko) Chrome/79.0.3945.88 Safari/537.36',
  'x-requested-with' => 'XMLHttpRequest',
  'accept' => 'application/json, text/javascript, */*; q=0.01',
)
[ info ] [ PARAM ] array (
  'or_id' => 'VM_20200306-7-146',
  'page' => '1',
  'limit' => '10',
)
[ info ] [ DB ] INIT mysql
---------------------------------------------------------------

[2020-03-07T17:09:06+08:00] 120.244.234.5 POST mis.mbacms.com/admin/pub/selectsingleGoods?ordertype=procure
[运行时间：0.033168s] [吞吐率：30.15req/s] [内存消耗：3,039.84kb] [文件加载：83]
[ info ] [ LANG ] /www/wwwroot/mis.mbacms.com/thinkphp/lang/zh-cn.php
[ info ] [ ROUTE ] array (
)
[ info ] [ HEADER ] array (
  'host' => 'mis.mbacms.com',
  'cookie' => 'PHPSESSID=av9peofj8mv0n95psgg1gnfob5',
  'accept-language' => 'zh-CN,zh;q=0.9',
  'accept-encoding' => 'gzip, deflate, br',
  'referer' => 'https://mis.mbacms.com/admin/pub/selectGoods.html?or_id=VM_20200306-7-146&ordertype=procure',
  'sec-fetch-mode' => 'cors',
  'sec-fetch-site' => 'same-origin',
  'origin' => 'https://mis.mbacms.com',
  'user-agent' => 'Mozilla/5.0 (Windows NT 10.0; Win64; x64) AppleWebKit/537.36 (KHTML, like Gecko) Chrome/79.0.3945.88 Safari/537.36',
  'x-requested-with' => 'XMLHttpRequest',
  'accept' => 'application/json, text/javascript, */*; q=0.01',
  'content-type' => 'application/x-www-form-urlencoded; charset=UTF-8',
  'content-length' => '28',
)
[ info ] [ PARAM ] array (
  'ordertype' => 'procure',
  'id' => '1',
  'or_id' => 'VM_20200306-7-146',
)
[ info ] [ DB ] INIT mysql
---------------------------------------------------------------

[2020-03-07T17:09:07+08:00] 120.244.234.5 GET mis.mbacms.com/admin/pub/ItemJson?or_id=VM_20200306-7-146&page=1&limit=10
[运行时间：0.028942s] [吞吐率：34.55req/s] [内存消耗：2,890.96kb] [文件加载：76]
[ info ] [ LANG ] /www/wwwroot/mis.mbacms.com/thinkphp/lang/zh-cn.php
[ info ] [ ROUTE ] array (
)
[ info ] [ HEADER ] array (
  'host' => 'mis.mbacms.com',
  'cookie' => 'PHPSESSID=av9peofj8mv0n95psgg1gnfob5',
  'accept-language' => 'zh-CN,zh;q=0.9',
  'accept-encoding' => 'gzip, deflate, br',
  'referer' => 'https://mis.mbacms.com/admin/storage/addstorage.html',
  'sec-fetch-mode' => 'cors',
  'sec-fetch-site' => 'same-origin',
  'user-agent' => 'Mozilla/5.0 (Windows NT 10.0; Win64; x64) AppleWebKit/537.36 (KHTML, like Gecko) Chrome/79.0.3945.88 Safari/537.36',
  'x-requested-with' => 'XMLHttpRequest',
  'accept' => 'application/json, text/javascript, */*; q=0.01',
)
[ info ] [ PARAM ] array (
  'or_id' => 'VM_20200306-7-146',
  'page' => '1',
  'limit' => '10',
)
[ info ] [ DB ] INIT mysql
---------------------------------------------------------------

[2020-03-07T17:09:09+08:00] 120.244.234.5 GET mis.mbacms.com/admin/pub/selectGoods.html?or_id=VM_20200306-7-146&ordertype=procure
[运行时间：0.027228s] [吞吐率：36.73req/s] [内存消耗：2,763.62kb] [文件加载：76]
[ info ] [ LANG ] /www/wwwroot/mis.mbacms.com/thinkphp/lang/zh-cn.php
[ info ] [ ROUTE ] array (
)
[ info ] [ HEADER ] array (
  'host' => 'mis.mbacms.com',
  'cookie' => 'PHPSESSID=av9peofj8mv0n95psgg1gnfob5',
  'accept-language' => 'zh-CN,zh;q=0.9',
  'accept-encoding' => 'gzip, deflate, br',
  'referer' => 'https://mis.mbacms.com/admin/storage/addstorage.html',
  'sec-fetch-mode' => 'nested-navigate',
  'sec-fetch-site' => 'same-origin',
  'accept' => 'text/html,application/xhtml+xml,application/xml;q=0.9,image/webp,image/apng,*/*;q=0.8,application/signed-exchange;v=b3;q=0.9',
  'user-agent' => 'Mozilla/5.0 (Windows NT 10.0; Win64; x64) AppleWebKit/537.36 (KHTML, like Gecko) Chrome/79.0.3945.88 Safari/537.36',
  'upgrade-insecure-requests' => '1',
)
[ info ] [ PARAM ] array (
  'or_id' => 'VM_20200306-7-146',
  'ordertype' => 'procure',
)
[ info ] [ DB ] INIT mysql
[ info ] [ VIEW ] /www/wwwroot/mis.mbacms.com/application/admin/view/pub/selectgoodsList.html [ array (
  0 => 'site_config',
  1 => 'theme',
  2 => 'menu',
  3 => 'controller',
  4 => 'action',
  5 => 'supplier',
  6 => 'or_id',
  7 => 'ordertype',
) ]
---------------------------------------------------------------

[2020-03-07T17:09:09+08:00] 120.244.234.5 GET mis.mbacms.com/admin/pub/selectgoodsListJson?or_id=VM_20200306-7-146&page=1&limit=10
[运行时间：0.032376s] [吞吐率：30.89req/s] [内存消耗：3,464.67kb] [文件加载：85]
[ info ] [ LANG ] /www/wwwroot/mis.mbacms.com/thinkphp/lang/zh-cn.php
[ info ] [ ROUTE ] array (
)
[ info ] [ HEADER ] array (
  'host' => 'mis.mbacms.com',
  'cookie' => 'PHPSESSID=av9peofj8mv0n95psgg1gnfob5',
  'accept-language' => 'zh-CN,zh;q=0.9',
  'accept-encoding' => 'gzip, deflate, br',
  'referer' => 'https://mis.mbacms.com/admin/pub/selectGoods.html?or_id=VM_20200306-7-146&ordertype=procure',
  'sec-fetch-mode' => 'cors',
  'sec-fetch-site' => 'same-origin',
  'user-agent' => 'Mozilla/5.0 (Windows NT 10.0; Win64; x64) AppleWebKit/537.36 (KHTML, like Gecko) Chrome/79.0.3945.88 Safari/537.36',
  'x-requested-with' => 'XMLHttpRequest',
  'accept' => 'application/json, text/javascript, */*; q=0.01',
)
[ info ] [ PARAM ] array (
  'or_id' => 'VM_20200306-7-146',
  'page' => '1',
  'limit' => '10',
)
[ info ] [ DB ] INIT mysql
---------------------------------------------------------------

[2020-03-07T17:09:15+08:00] 120.244.234.5 POST mis.mbacms.com/admin/pub/selectsingleGoods?ordertype=procure
[运行时间：0.033889s] [吞吐率：29.51req/s] [内存消耗：3,037.91kb] [文件加载：83]
[ info ] [ LANG ] /www/wwwroot/mis.mbacms.com/thinkphp/lang/zh-cn.php
[ info ] [ ROUTE ] array (
)
[ info ] [ HEADER ] array (
  'host' => 'mis.mbacms.com',
  'cookie' => 'PHPSESSID=av9peofj8mv0n95psgg1gnfob5',
  'accept-language' => 'zh-CN,zh;q=0.9',
  'accept-encoding' => 'gzip, deflate, br',
  'referer' => 'https://mis.mbacms.com/admin/pub/selectGoods.html?or_id=VM_20200306-7-146&ordertype=procure',
  'sec-fetch-mode' => 'cors',
  'sec-fetch-site' => 'same-origin',
  'origin' => 'https://mis.mbacms.com',
  'user-agent' => 'Mozilla/5.0 (Windows NT 10.0; Win64; x64) AppleWebKit/537.36 (KHTML, like Gecko) Chrome/79.0.3945.88 Safari/537.36',
  'x-requested-with' => 'XMLHttpRequest',
  'accept' => 'application/json, text/javascript, */*; q=0.01',
  'content-type' => 'application/x-www-form-urlencoded; charset=UTF-8',
  'content-length' => '28',
)
[ info ] [ PARAM ] array (
  'ordertype' => 'procure',
  'id' => '1',
  'or_id' => 'VM_20200306-7-146',
)
[ info ] [ DB ] INIT mysql
---------------------------------------------------------------

[2020-03-07T17:09:16+08:00] 120.244.234.5 GET mis.mbacms.com/admin/pub/ItemJson?or_id=VM_20200306-7-146&page=1&limit=10
[运行时间：0.032569s] [吞吐率：30.70req/s] [内存消耗：2,890.96kb] [文件加载：76]
[ info ] [ LANG ] /www/wwwroot/mis.mbacms.com/thinkphp/lang/zh-cn.php
[ info ] [ ROUTE ] array (
)
[ info ] [ HEADER ] array (
  'host' => 'mis.mbacms.com',
  'cookie' => 'PHPSESSID=av9peofj8mv0n95psgg1gnfob5',
  'accept-language' => 'zh-CN,zh;q=0.9',
  'accept-encoding' => 'gzip, deflate, br',
  'referer' => 'https://mis.mbacms.com/admin/storage/addstorage.html',
  'sec-fetch-mode' => 'cors',
  'sec-fetch-site' => 'same-origin',
  'user-agent' => 'Mozilla/5.0 (Windows NT 10.0; Win64; x64) AppleWebKit/537.36 (KHTML, like Gecko) Chrome/79.0.3945.88 Safari/537.36',
  'x-requested-with' => 'XMLHttpRequest',
  'accept' => 'application/json, text/javascript, */*; q=0.01',
)
[ info ] [ PARAM ] array (
  'or_id' => 'VM_20200306-7-146',
  'page' => '1',
  'limit' => '10',
)
[ info ] [ DB ] INIT mysql
---------------------------------------------------------------

[2020-03-07T17:09:19+08:00] 120.244.234.5 GET mis.mbacms.com/admin/pub/selectGoods.html?or_id=VM_20200306-7-146&ordertype=procure
[运行时间：0.029039s] [吞吐率：34.44req/s] [内存消耗：2,763.62kb] [文件加载：76]
[ info ] [ LANG ] /www/wwwroot/mis.mbacms.com/thinkphp/lang/zh-cn.php
[ info ] [ ROUTE ] array (
)
[ info ] [ HEADER ] array (
  'host' => 'mis.mbacms.com',
  'cookie' => 'PHPSESSID=av9peofj8mv0n95psgg1gnfob5',
  'accept-language' => 'zh-CN,zh;q=0.9',
  'accept-encoding' => 'gzip, deflate, br',
  'referer' => 'https://mis.mbacms.com/admin/storage/addstorage.html',
  'sec-fetch-mode' => 'nested-navigate',
  'sec-fetch-site' => 'same-origin',
  'accept' => 'text/html,application/xhtml+xml,application/xml;q=0.9,image/webp,image/apng,*/*;q=0.8,application/signed-exchange;v=b3;q=0.9',
  'user-agent' => 'Mozilla/5.0 (Windows NT 10.0; Win64; x64) AppleWebKit/537.36 (KHTML, like Gecko) Chrome/79.0.3945.88 Safari/537.36',
  'upgrade-insecure-requests' => '1',
)
[ info ] [ PARAM ] array (
  'or_id' => 'VM_20200306-7-146',
  'ordertype' => 'procure',
)
[ info ] [ DB ] INIT mysql
[ info ] [ VIEW ] /www/wwwroot/mis.mbacms.com/application/admin/view/pub/selectgoodsList.html [ array (
  0 => 'site_config',
  1 => 'theme',
  2 => 'menu',
  3 => 'controller',
  4 => 'action',
  5 => 'supplier',
  6 => 'or_id',
  7 => 'ordertype',
) ]
---------------------------------------------------------------

[2020-03-07T17:09:19+08:00] 120.244.234.5 GET mis.mbacms.com/admin/pub/selectgoodsListJson?or_id=VM_20200306-7-146&page=1&limit=10
[运行时间：0.032905s] [吞吐率：30.39req/s] [内存消耗：3,464.67kb] [文件加载：85]
[ info ] [ LANG ] /www/wwwroot/mis.mbacms.com/thinkphp/lang/zh-cn.php
[ info ] [ ROUTE ] array (
)
[ info ] [ HEADER ] array (
  'host' => 'mis.mbacms.com',
  'cookie' => 'PHPSESSID=av9peofj8mv0n95psgg1gnfob5',
  'accept-language' => 'zh-CN,zh;q=0.9',
  'accept-encoding' => 'gzip, deflate, br',
  'referer' => 'https://mis.mbacms.com/admin/pub/selectGoods.html?or_id=VM_20200306-7-146&ordertype=procure',
  'sec-fetch-mode' => 'cors',
  'sec-fetch-site' => 'same-origin',
  'user-agent' => 'Mozilla/5.0 (Windows NT 10.0; Win64; x64) AppleWebKit/537.36 (KHTML, like Gecko) Chrome/79.0.3945.88 Safari/537.36',
  'x-requested-with' => 'XMLHttpRequest',
  'accept' => 'application/json, text/javascript, */*; q=0.01',
)
[ info ] [ PARAM ] array (
  'or_id' => 'VM_20200306-7-146',
  'page' => '1',
  'limit' => '10',
)
[ info ] [ DB ] INIT mysql
---------------------------------------------------------------

[2020-03-07T17:09:24+08:00] 120.244.234.5 POST mis.mbacms.com/admin/pub/selectBatchGoods?or_id=VM_20200306-7-146&ordertype=procure
[运行时间：0.034784s] [吞吐率：28.75req/s] [内存消耗：3,042.88kb] [文件加载：83]
[ info ] [ LANG ] /www/wwwroot/mis.mbacms.com/thinkphp/lang/zh-cn.php
[ info ] [ ROUTE ] array (
)
[ info ] [ HEADER ] array (
  'host' => 'mis.mbacms.com',
  'cookie' => 'PHPSESSID=av9peofj8mv0n95psgg1gnfob5',
  'accept-language' => 'zh-CN,zh;q=0.9',
  'accept-encoding' => 'gzip, deflate, br',
  'referer' => 'https://mis.mbacms.com/admin/pub/selectGoods.html?or_id=VM_20200306-7-146&ordertype=procure',
  'sec-fetch-mode' => 'cors',
  'sec-fetch-site' => 'same-origin',
  'origin' => 'https://mis.mbacms.com',
  'user-agent' => 'Mozilla/5.0 (Windows NT 10.0; Win64; x64) AppleWebKit/537.36 (KHTML, like Gecko) Chrome/79.0.3945.88 Safari/537.36',
  'x-requested-with' => 'XMLHttpRequest',
  'accept' => 'application/json, text/javascript, */*; q=0.01',
  'content-type' => 'application/x-www-form-urlencoded; charset=UTF-8',
  'content-length' => '793',
)
[ info ] [ PARAM ] array (
  'or_id' => 'VM_20200306-7-146',
  'ordertype' => 'procure',
  'data' => 
  array (
    0 => 
    array (
      'id' => '3',
      'goodsname' => '私人定制酒',
      'sku' => 'agz-lp-0000003',
      'barcode' => 'AGZ-TM-00003',
      'unit' => '箱',
      'spec' => '6瓶/箱',
      'lead_time' => '',
      'category' => '102',
      'min_pack' => '',
      'contact' => '10',
      'min_qty' => '0',
      'net' => '3',
      'wet' => '4.5',
      'org' => '贵州茅台镇',
      'cost' => '229',
      'price' => '229',
      'word' => '',
      'overflow' => '0',
      'comment' => '',
      'create_time' => '0000-00-00 00:00:00',
      'status' => '1',
      'shop' => '0',
      'sales' => '0',
      'replenishment' => '127',
    ),
  ),
)
[ info ] [ DB ] INIT mysql
---------------------------------------------------------------

[2020-03-07T17:09:26+08:00] 120.244.234.5 GET mis.mbacms.com/admin/pub/ItemJson?or_id=VM_20200306-7-146&page=1&limit=10
[运行时间：0.028813s] [吞吐率：34.71req/s] [内存消耗：2,891.66kb] [文件加载：76]
[ info ] [ LANG ] /www/wwwroot/mis.mbacms.com/thinkphp/lang/zh-cn.php
[ info ] [ ROUTE ] array (
)
[ info ] [ HEADER ] array (
  'host' => 'mis.mbacms.com',
  'cookie' => 'PHPSESSID=av9peofj8mv0n95psgg1gnfob5',
  'accept-language' => 'zh-CN,zh;q=0.9',
  'accept-encoding' => 'gzip, deflate, br',
  'referer' => 'https://mis.mbacms.com/admin/storage/addstorage.html',
  'sec-fetch-mode' => 'cors',
  'sec-fetch-site' => 'same-origin',
  'user-agent' => 'Mozilla/5.0 (Windows NT 10.0; Win64; x64) AppleWebKit/537.36 (KHTML, like Gecko) Chrome/79.0.3945.88 Safari/537.36',
  'x-requested-with' => 'XMLHttpRequest',
  'accept' => 'application/json, text/javascript, */*; q=0.01',
)
[ info ] [ PARAM ] array (
  'or_id' => 'VM_20200306-7-146',
  'page' => '1',
  'limit' => '10',
)
[ info ] [ DB ] INIT mysql
---------------------------------------------------------------

[2020-03-07T17:11:05+08:00] 120.244.234.5 POST mis.mbacms.com/admin/pub/delitemGoods
[运行时间：0.036135s] [吞吐率：27.67req/s] [内存消耗：3,030.57kb] [文件加载：83]
[ info ] [ LANG ] /www/wwwroot/mis.mbacms.com/thinkphp/lang/zh-cn.php
[ info ] [ ROUTE ] array (
)
[ info ] [ HEADER ] array (
  'host' => 'mis.mbacms.com',
  'cookie' => 'PHPSESSID=av9peofj8mv0n95psgg1gnfob5',
  'accept-language' => 'zh-CN,zh;q=0.9',
  'accept-encoding' => 'gzip, deflate, br',
  'referer' => 'https://mis.mbacms.com/admin/storage/addstorage.html',
  'sec-fetch-mode' => 'cors',
  'sec-fetch-site' => 'same-origin',
  'origin' => 'https://mis.mbacms.com',
  'user-agent' => 'Mozilla/5.0 (Windows NT 10.0; Win64; x64) AppleWebKit/537.36 (KHTML, like Gecko) Chrome/79.0.3945.88 Safari/537.36',
  'x-requested-with' => 'XMLHttpRequest',
  'accept' => 'application/json, text/javascript, */*; q=0.01',
  'content-type' => 'application/x-www-form-urlencoded; charset=UTF-8',
  'content-length' => '14',
)
[ info ] [ PARAM ] array (
  'id' => '557',
  'or_id' => '0',
)
[ info ] [ DB ] INIT mysql
---------------------------------------------------------------

[2020-03-07T17:11:06+08:00] 120.244.234.5 GET mis.mbacms.com/admin/pub/ItemJson?or_id=VM_20200306-7-146&page=1&limit=10
[运行时间：0.027274s] [吞吐率：36.66req/s] [内存消耗：2,890.96kb] [文件加载：76]
[ info ] [ LANG ] /www/wwwroot/mis.mbacms.com/thinkphp/lang/zh-cn.php
[ info ] [ ROUTE ] array (
)
[ info ] [ HEADER ] array (
  'host' => 'mis.mbacms.com',
  'cookie' => 'PHPSESSID=av9peofj8mv0n95psgg1gnfob5',
  'accept-language' => 'zh-CN,zh;q=0.9',
  'accept-encoding' => 'gzip, deflate, br',
  'referer' => 'https://mis.mbacms.com/admin/storage/addstorage.html',
  'sec-fetch-mode' => 'cors',
  'sec-fetch-site' => 'same-origin',
  'user-agent' => 'Mozilla/5.0 (Windows NT 10.0; Win64; x64) AppleWebKit/537.36 (KHTML, like Gecko) Chrome/79.0.3945.88 Safari/537.36',
  'x-requested-with' => 'XMLHttpRequest',
  'accept' => 'application/json, text/javascript, */*; q=0.01',
)
[ info ] [ PARAM ] array (
  'or_id' => 'VM_20200306-7-146',
  'page' => '1',
  'limit' => '10',
)
[ info ] [ DB ] INIT mysql
---------------------------------------------------------------

[2020-03-07T17:11:51+08:00] 120.244.234.5 POST mis.mbacms.com/admin/pub/delitemGoods
[运行时间：0.033451s] [吞吐率：29.89req/s] [内存消耗：3,030.57kb] [文件加载：83]
[ info ] [ LANG ] /www/wwwroot/mis.mbacms.com/thinkphp/lang/zh-cn.php
[ info ] [ ROUTE ] array (
)
[ info ] [ HEADER ] array (
  'host' => 'mis.mbacms.com',
  'cookie' => 'PHPSESSID=av9peofj8mv0n95psgg1gnfob5',
  'accept-language' => 'zh-CN,zh;q=0.9',
  'accept-encoding' => 'gzip, deflate, br',
  'referer' => 'https://mis.mbacms.com/admin/storage/addstorage.html',
  'sec-fetch-mode' => 'cors',
  'sec-fetch-site' => 'same-origin',
  'origin' => 'https://mis.mbacms.com',
  'user-agent' => 'Mozilla/5.0 (Windows NT 10.0; Win64; x64) AppleWebKit/537.36 (KHTML, like Gecko) Chrome/79.0.3945.88 Safari/537.36',
  'x-requested-with' => 'XMLHttpRequest',
  'accept' => 'application/json, text/javascript, */*; q=0.01',
  'content-type' => 'application/x-www-form-urlencoded; charset=UTF-8',
  'content-length' => '14',
)
[ info ] [ PARAM ] array (
  'id' => '556',
  'or_id' => '0',
)
[ info ] [ DB ] INIT mysql
---------------------------------------------------------------

[2020-03-07T17:11:52+08:00] 120.244.234.5 GET mis.mbacms.com/admin/pub/ItemJson?or_id=VM_20200306-7-146&page=1&limit=10
[运行时间：0.029134s] [吞吐率：34.32req/s] [内存消耗：2,889.95kb] [文件加载：76]
[ info ] [ LANG ] /www/wwwroot/mis.mbacms.com/thinkphp/lang/zh-cn.php
[ info ] [ ROUTE ] array (
)
[ info ] [ HEADER ] array (
  'host' => 'mis.mbacms.com',
  'cookie' => 'PHPSESSID=av9peofj8mv0n95psgg1gnfob5',
  'accept-language' => 'zh-CN,zh;q=0.9',
  'accept-encoding' => 'gzip, deflate, br',
  'referer' => 'https://mis.mbacms.com/admin/storage/addstorage.html',
  'sec-fetch-mode' => 'cors',
  'sec-fetch-site' => 'same-origin',
  'user-agent' => 'Mozilla/5.0 (Windows NT 10.0; Win64; x64) AppleWebKit/537.36 (KHTML, like Gecko) Chrome/79.0.3945.88 Safari/537.36',
  'x-requested-with' => 'XMLHttpRequest',
  'accept' => 'application/json, text/javascript, */*; q=0.01',
)
[ info ] [ PARAM ] array (
  'or_id' => 'VM_20200306-7-146',
  'page' => '1',
  'limit' => '10',
)
[ info ] [ DB ] INIT mysql
---------------------------------------------------------------

[2020-03-07T17:18:52+08:00] 120.244.234.5 GET mis.mbacms.com/admin/pub/selectGoods.html?or_id=VM_20200306-7-146&ordertype=procure
[运行时间：0.029005s] [吞吐率：34.48req/s] [内存消耗：2,763.62kb] [文件加载：76]
[ info ] [ LANG ] /www/wwwroot/mis.mbacms.com/thinkphp/lang/zh-cn.php
[ info ] [ ROUTE ] array (
)
[ info ] [ HEADER ] array (
  'host' => 'mis.mbacms.com',
  'cookie' => 'PHPSESSID=av9peofj8mv0n95psgg1gnfob5',
  'accept-language' => 'zh-CN,zh;q=0.9',
  'accept-encoding' => 'gzip, deflate, br',
  'referer' => 'https://mis.mbacms.com/admin/storage/addstorage.html',
  'sec-fetch-mode' => 'nested-navigate',
  'sec-fetch-site' => 'same-origin',
  'accept' => 'text/html,application/xhtml+xml,application/xml;q=0.9,image/webp,image/apng,*/*;q=0.8,application/signed-exchange;v=b3;q=0.9',
  'user-agent' => 'Mozilla/5.0 (Windows NT 10.0; Win64; x64) AppleWebKit/537.36 (KHTML, like Gecko) Chrome/79.0.3945.88 Safari/537.36',
  'upgrade-insecure-requests' => '1',
)
[ info ] [ PARAM ] array (
  'or_id' => 'VM_20200306-7-146',
  'ordertype' => 'procure',
)
[ info ] [ DB ] INIT mysql
[ info ] [ VIEW ] /www/wwwroot/mis.mbacms.com/application/admin/view/pub/selectgoodsList.html [ array (
  0 => 'site_config',
  1 => 'theme',
  2 => 'menu',
  3 => 'controller',
  4 => 'action',
  5 => 'supplier',
  6 => 'or_id',
  7 => 'ordertype',
) ]
---------------------------------------------------------------

[2020-03-07T17:18:52+08:00] 120.244.234.5 GET mis.mbacms.com/admin/pub/selectgoodsListJson?or_id=VM_20200306-7-146&page=1&limit=10
[运行时间：0.032381s] [吞吐率：30.88req/s] [内存消耗：3,464.67kb] [文件加载：85]
[ info ] [ LANG ] /www/wwwroot/mis.mbacms.com/thinkphp/lang/zh-cn.php
[ info ] [ ROUTE ] array (
)
[ info ] [ HEADER ] array (
  'host' => 'mis.mbacms.com',
  'cookie' => 'PHPSESSID=av9peofj8mv0n95psgg1gnfob5',
  'accept-language' => 'zh-CN,zh;q=0.9',
  'accept-encoding' => 'gzip, deflate, br',
  'referer' => 'https://mis.mbacms.com/admin/pub/selectGoods.html?or_id=VM_20200306-7-146&ordertype=procure',
  'sec-fetch-mode' => 'cors',
  'sec-fetch-site' => 'same-origin',
  'user-agent' => 'Mozilla/5.0 (Windows NT 10.0; Win64; x64) AppleWebKit/537.36 (KHTML, like Gecko) Chrome/79.0.3945.88 Safari/537.36',
  'x-requested-with' => 'XMLHttpRequest',
  'accept' => 'application/json, text/javascript, */*; q=0.01',
)
[ info ] [ PARAM ] array (
  'or_id' => 'VM_20200306-7-146',
  'page' => '1',
  'limit' => '10',
)
[ info ] [ DB ] INIT mysql
---------------------------------------------------------------

[2020-03-07T17:18:54+08:00] 120.244.234.5 POST mis.mbacms.com/admin/pub/selectsingleGoods?ordertype=procure
[运行时间：0.048606s] [吞吐率：20.57req/s] [内存消耗：3,039.84kb] [文件加载：83]
[ info ] [ LANG ] /www/wwwroot/mis.mbacms.com/thinkphp/lang/zh-cn.php
[ info ] [ ROUTE ] array (
)
[ info ] [ HEADER ] array (
  'host' => 'mis.mbacms.com',
  'cookie' => 'PHPSESSID=av9peofj8mv0n95psgg1gnfob5',
  'accept-language' => 'zh-CN,zh;q=0.9',
  'accept-encoding' => 'gzip, deflate, br',
  'referer' => 'https://mis.mbacms.com/admin/pub/selectGoods.html?or_id=VM_20200306-7-146&ordertype=procure',
  'sec-fetch-mode' => 'cors',
  'sec-fetch-site' => 'same-origin',
  'origin' => 'https://mis.mbacms.com',
  'user-agent' => 'Mozilla/5.0 (Windows NT 10.0; Win64; x64) AppleWebKit/537.36 (KHTML, like Gecko) Chrome/79.0.3945.88 Safari/537.36',
  'x-requested-with' => 'XMLHttpRequest',
  'accept' => 'application/json, text/javascript, */*; q=0.01',
  'content-type' => 'application/x-www-form-urlencoded; charset=UTF-8',
  'content-length' => '28',
)
[ info ] [ PARAM ] array (
  'ordertype' => 'procure',
  'id' => '1',
  'or_id' => 'VM_20200306-7-146',
)
[ info ] [ DB ] INIT mysql
---------------------------------------------------------------

[2020-03-07T17:18:55+08:00] 120.244.234.5 GET mis.mbacms.com/admin/pub/ItemJson?or_id=VM_20200306-7-146&page=1&limit=10
[运行时间：0.028235s] [吞吐率：35.42req/s] [内存消耗：2,890.96kb] [文件加载：76]
[ info ] [ LANG ] /www/wwwroot/mis.mbacms.com/thinkphp/lang/zh-cn.php
[ info ] [ ROUTE ] array (
)
[ info ] [ HEADER ] array (
  'host' => 'mis.mbacms.com',
  'cookie' => 'PHPSESSID=av9peofj8mv0n95psgg1gnfob5',
  'accept-language' => 'zh-CN,zh;q=0.9',
  'accept-encoding' => 'gzip, deflate, br',
  'referer' => 'https://mis.mbacms.com/admin/storage/addstorage.html',
  'sec-fetch-mode' => 'cors',
  'sec-fetch-site' => 'same-origin',
  'user-agent' => 'Mozilla/5.0 (Windows NT 10.0; Win64; x64) AppleWebKit/537.36 (KHTML, like Gecko) Chrome/79.0.3945.88 Safari/537.36',
  'x-requested-with' => 'XMLHttpRequest',
  'accept' => 'application/json, text/javascript, */*; q=0.01',
)
[ info ] [ PARAM ] array (
  'or_id' => 'VM_20200306-7-146',
  'page' => '1',
  'limit' => '10',
)
[ info ] [ DB ] INIT mysql
---------------------------------------------------------------

[2020-03-07T17:19:07+08:00] 120.244.234.5 GET mis.mbacms.com/admin/goods/goodslist.html
[运行时间：0.027894s] [吞吐率：35.85req/s] [内存消耗：2,925.84kb] [文件加载：78]
[ info ] [ LANG ] /www/wwwroot/mis.mbacms.com/thinkphp/lang/zh-cn.php
[ info ] [ ROUTE ] array (
)
[ info ] [ HEADER ] array (
  'host' => 'mis.mbacms.com',
  'cookie' => 'PHPSESSID=av9peofj8mv0n95psgg1gnfob5',
  'accept-language' => 'zh-CN,zh;q=0.9',
  'accept-encoding' => 'gzip, deflate, br',
  'referer' => 'https://mis.mbacms.com/admin/index/index.html',
  'sec-fetch-mode' => 'nested-navigate',
  'sec-fetch-site' => 'same-origin',
  'accept' => 'text/html,application/xhtml+xml,application/xml;q=0.9,image/webp,image/apng,*/*;q=0.8,application/signed-exchange;v=b3;q=0.9',
  'user-agent' => 'Mozilla/5.0 (Windows NT 10.0; Win64; x64) AppleWebKit/537.36 (KHTML, like Gecko) Chrome/79.0.3945.88 Safari/537.36',
  'upgrade-insecure-requests' => '1',
)
[ info ] [ PARAM ] array (
)
[ info ] [ DB ] INIT mysql
[ info ] [ VIEW ] /www/wwwroot/mis.mbacms.com/application/admin/view/goods/goodsList.html [ array (
  0 => 'site_config',
  1 => 'theme',
  2 => 'menu',
  3 => 'controller',
  4 => 'action',
) ]
---------------------------------------------------------------

[2020-03-07T17:19:07+08:00] 120.244.234.5 GET mis.mbacms.com/admin/goods/goodsListJson?page=1&limit=10
[运行时间：0.028635s] [吞吐率：34.92req/s] [内存消耗：2,950.02kb] [文件加载：76]
[ info ] [ LANG ] /www/wwwroot/mis.mbacms.com/thinkphp/lang/zh-cn.php
[ info ] [ ROUTE ] array (
)
[ info ] [ HEADER ] array (
  'host' => 'mis.mbacms.com',
  'cookie' => 'PHPSESSID=av9peofj8mv0n95psgg1gnfob5',
  'accept-language' => 'zh-CN,zh;q=0.9',
  'accept-encoding' => 'gzip, deflate, br',
  'referer' => 'https://mis.mbacms.com/admin/goods/goodslist.html',
  'sec-fetch-mode' => 'cors',
  'sec-fetch-site' => 'same-origin',
  'user-agent' => 'Mozilla/5.0 (Windows NT 10.0; Win64; x64) AppleWebKit/537.36 (KHTML, like Gecko) Chrome/79.0.3945.88 Safari/537.36',
  'x-requested-with' => 'XMLHttpRequest',
  'accept' => 'application/json, text/javascript, */*; q=0.01',
)
[ info ] [ PARAM ] array (
  'page' => '1',
  'limit' => '10',
)
[ info ] [ DB ] INIT mysql
---------------------------------------------------------------

[2020-03-07T17:55:41+08:00] 101.251.238.50 GET 47.95.1.68:443/
[运行时间：0.015476s] [吞吐率：64.62req/s] [内存消耗：1,859.18kb] [文件加载：67]
[ info ] [ LANG ] /www/wwwroot/mis.mbacms.com/thinkphp/lang/zh-cn.php
[ info ] [ ROUTE ] array (
)
[ info ] [ HEADER ] array (
  'accept' => 'application/json, text/plain, */*',
  'accept-charset' => 'GBK,utf-8;q=0.7,*;q=0.3',
  'accept-language' => 'zh-CN,zh;q=0.8,en-US;q=0.5,en;q=0.3',
  'accept-encoding' => 'gzip, deflate, br',
  'user-agent' => 'Mozilla/5.0 (Windows NT 6.1; WOW64; rv:52.0) Gecko/20100101 Firefox/52.0',
  'host' => '47.95.1.68:443',
)
[ info ] [ PARAM ] array (
)
---------------------------------------------------------------

[2020-03-07T18:47:09+08:00] 101.132.128.56 GET mis.mbacms.com/
[运行时间：0.016552s] [吞吐率：60.42req/s] [内存消耗：1,858.56kb] [文件加载：67]
[ info ] [ LANG ] /www/wwwroot/mis.mbacms.com/thinkphp/lang/zh-cn.php
[ info ] [ ROUTE ] array (
)
[ info ] [ HEADER ] array (
  'accept-encoding' => 'gzip',
  'connection' => 'Keep-Alive',
  'host' => 'mis.mbacms.com',
  'user-agent' => 'Mozilla/5.0 (X11; Ubuntu; Linux x86_64; rv:36.0) Gecko/20100101 Firefox/36.0',
)
[ info ] [ PARAM ] array (
)
---------------------------------------------------------------

[2020-03-07T18:47:09+08:00] 101.132.128.56 GET mis.mbacms.com/index/login/login.html
[运行时间：0.021835s] [吞吐率：45.80req/s] [内存消耗：2,598.89kb] [文件加载：69]
[ info ] [ LANG ] /www/wwwroot/mis.mbacms.com/thinkphp/lang/zh-cn.php
[ info ] [ ROUTE ] array (
)
[ info ] [ HEADER ] array (
  'accept-encoding' => 'gzip',
  'connection' => 'Keep-Alive',
  'host' => 'mis.mbacms.com',
  'user-agent' => 'Mozilla/5.0 (X11; Ubuntu; Linux x86_64; rv:36.0) Gecko/20100101 Firefox/36.0',
)
[ info ] [ PARAM ] array (
)
[ info ] [ DB ] INIT mysql
[ info ] [ VIEW ] /www/wwwroot/mis.mbacms.com/application/index/view/login/login.html [ array (
  0 => 'site_config',
) ]
---------------------------------------------------------------

[2020-03-07T18:59:35+08:00] 193.176.86.130 GET mis.mbacms.com/admin/
[运行时间：0.023885s] [吞吐率：41.87req/s] [内存消耗：2,794.99kb] [文件加载：74]
[ info ] [ LANG ] /www/wwwroot/mis.mbacms.com/thinkphp/lang/zh-cn.php
[ info ] [ ROUTE ] array (
)
[ info ] [ HEADER ] array (
  'user-agent' => 'Mozilla/5.0 (X11; Ubuntu; Linux x86_64; rv:62.0) Gecko/20100101 Firefox/62.0',
  'host' => 'mis.mbacms.com',
  'connection' => 'Keep-Alive, TE',
  'keep-alive' => '300',
  'te' => 'deflate,gzip;q=0.3',
)
[ info ] [ PARAM ] array (
)
[ info ] [ DB ] INIT mysql
---------------------------------------------------------------

[2020-03-07T18:59:36+08:00] 193.176.86.130 GET mis.mbacms.com/admin/login/login.html
[运行时间：0.023099s] [吞吐率：43.29req/s] [内存消耗：2,668.65kb] [文件加载：71]
[ info ] [ LANG ] /www/wwwroot/mis.mbacms.com/thinkphp/lang/zh-cn.php
[ info ] [ ROUTE ] array (
)
[ info ] [ HEADER ] array (
  'cookie2' => '$Version="1"',
  'cookie' => 'PHPSESSID=h4hcj7e2m6fvtvt310kd657ts4',
  'user-agent' => 'Mozilla/5.0 (X11; Ubuntu; Linux x86_64; rv:62.0) Gecko/20100101 Firefox/62.0',
  'host' => 'mis.mbacms.com',
  'connection' => 'Keep-Alive, TE',
  'keep-alive' => '300',
  'te' => 'deflate,gzip;q=0.3',
)
[ info ] [ PARAM ] array (
)
[ info ] [ DB ] INIT mysql
[ info ] [ VIEW ] /www/wwwroot/mis.mbacms.com/application/admin/view/login/login.html [ array (
  0 => 'site_config',
) ]
---------------------------------------------------------------

[2020-03-07T18:59:37+08:00] 193.176.86.130 GET mis.mbacms.com/shop/admin/
[运行时间：0.012032s] [吞吐率：83.11req/s] [内存消耗：1,283.55kb] [文件加载：53]
[ info ] [ LANG ] /www/wwwroot/mis.mbacms.com/thinkphp/lang/zh-cn.php
---------------------------------------------------------------

[2020-03-07T18:59:39+08:00] 193.176.86.130 GET mis.mbacms.com/store/admin/
[运行时间：0.011744s] [吞吐率：85.15req/s] [内存消耗：1,283.55kb] [文件加载：53]
[ info ] [ LANG ] /www/wwwroot/mis.mbacms.com/thinkphp/lang/zh-cn.php
---------------------------------------------------------------

[2020-03-07T18:59:41+08:00] 193.176.86.130 GET mis.mbacms.com/magento/admin/
[运行时间：0.011631s] [吞吐率：85.98req/s] [内存消耗：1,283.55kb] [文件加载：53]
[ info ] [ LANG ] /www/wwwroot/mis.mbacms.com/thinkphp/lang/zh-cn.php
---------------------------------------------------------------

[2020-03-07T18:59:43+08:00] 193.176.86.130 GET mis.mbacms.com/magento2/admin/
[运行时间：0.011684s] [吞吐率：85.59req/s] [内存消耗：1,283.55kb] [文件加载：53]
[ info ] [ LANG ] /www/wwwroot/mis.mbacms.com/thinkphp/lang/zh-cn.php
---------------------------------------------------------------

[2020-03-07T18:59:45+08:00] 193.176.86.130 GET mis.mbacms.com/pub/errors/503.php
[运行时间：0.011855s] [吞吐率：84.35req/s] [内存消耗：1,283.55kb] [文件加载：53]
[ info ] [ LANG ] /www/wwwroot/mis.mbacms.com/thinkphp/lang/zh-cn.php
---------------------------------------------------------------

[2020-03-07T18:59:50+08:00] 193.176.86.130 GET mis.mbacms.com/shop/pub/errors/503.php
[运行时间：0.013766s] [吞吐率：72.64req/s] [内存消耗：1,283.55kb] [文件加载：53]
[ info ] [ LANG ] /www/wwwroot/mis.mbacms.com/thinkphp/lang/zh-cn.php
---------------------------------------------------------------

[2020-03-07T18:59:53+08:00] 193.176.86.130 GET mis.mbacms.com/store/pub/errors/503.php
[运行时间：0.012068s] [吞吐率：82.86req/s] [内存消耗：1,283.56kb] [文件加载：53]
[ info ] [ LANG ] /www/wwwroot/mis.mbacms.com/thinkphp/lang/zh-cn.php
---------------------------------------------------------------

[2020-03-07T18:59:55+08:00] 193.176.86.130 GET mis.mbacms.com/magento/pub/errors/503.php
[运行时间：0.011648s] [吞吐率：85.85req/s] [内存消耗：1,283.56kb] [文件加载：53]
[ info ] [ LANG ] /www/wwwroot/mis.mbacms.com/thinkphp/lang/zh-cn.php
---------------------------------------------------------------

[2020-03-07T18:59:57+08:00] 193.176.86.130 GET mis.mbacms.com/magento2/pub/errors/503.php
[运行时间：0.011960s] [吞吐率：83.61req/s] [内存消耗：1,283.56kb] [文件加载：53]
[ info ] [ LANG ] /www/wwwroot/mis.mbacms.com/thinkphp/lang/zh-cn.php
---------------------------------------------------------------

[2020-03-07T18:59:58+08:00] 193.176.86.130 GET mis.mbacms.com/
[运行时间：0.015306s] [吞吐率：65.33req/s] [内存消耗：1,858.78kb] [文件加载：67]
[ info ] [ LANG ] /www/wwwroot/mis.mbacms.com/thinkphp/lang/zh-cn.php
[ info ] [ ROUTE ] array (
)
[ info ] [ HEADER ] array (
  'user-agent' => 'Mozilla/5.0 (X11; Ubuntu; Linux x86_64; rv:62.0) Gecko/20100101 Firefox/62.0',
  'host' => 'mis.mbacms.com',
  'connection' => 'Keep-Alive, TE',
  'keep-alive' => '300',
  'te' => 'deflate,gzip;q=0.3',
)
[ info ] [ PARAM ] array (
)
---------------------------------------------------------------

[2020-03-07T19:00:05+08:00] 193.176.86.130 GET mis.mbacms.com/index/login/login.html
[运行时间：0.022029s] [吞吐率：45.39req/s] [内存消耗：2,599.23kb] [文件加载：69]
[ info ] [ LANG ] /www/wwwroot/mis.mbacms.com/thinkphp/lang/zh-cn.php
[ info ] [ ROUTE ] array (
)
[ info ] [ HEADER ] array (
  'cookie2' => '$Version="1"',
  'cookie' => 'PHPSESSID=pg4suh9pb2e3hfr8sa4h05f9v7',
  'user-agent' => 'Mozilla/5.0 (X11; Ubuntu; Linux x86_64; rv:62.0) Gecko/20100101 Firefox/62.0',
  'host' => 'mis.mbacms.com',
  'connection' => 'Keep-Alive, TE',
  'keep-alive' => '300',
  'te' => 'deflate,gzip;q=0.3',
)
[ info ] [ PARAM ] array (
)
[ info ] [ DB ] INIT mysql
[ info ] [ VIEW ] /www/wwwroot/mis.mbacms.com/application/index/view/login/login.html [ array (
  0 => 'site_config',
) ]
---------------------------------------------------------------

[2020-03-07T19:00:06+08:00] 193.176.86.130 GET mis.mbacms.com/shop/
[运行时间：0.012148s] [吞吐率：82.32req/s] [内存消耗：1,283.54kb] [文件加载：53]
[ info ] [ LANG ] /www/wwwroot/mis.mbacms.com/thinkphp/lang/zh-cn.php
---------------------------------------------------------------

[2020-03-07T19:00:10+08:00] 193.176.86.130 GET mis.mbacms.com/store/
[运行时间：0.013569s] [吞吐率：73.70req/s] [内存消耗：1,283.54kb] [文件加载：53]
[ info ] [ LANG ] /www/wwwroot/mis.mbacms.com/thinkphp/lang/zh-cn.php
---------------------------------------------------------------

[2020-03-07T19:00:12+08:00] 193.176.86.130 GET mis.mbacms.com/magento/
[运行时间：0.011680s] [吞吐率：85.62req/s] [内存消耗：1,283.55kb] [文件加载：53]
[ info ] [ LANG ] /www/wwwroot/mis.mbacms.com/thinkphp/lang/zh-cn.php
---------------------------------------------------------------

[2020-03-07T19:00:13+08:00] 193.176.86.130 GET mis.mbacms.com/magento2/
[运行时间：0.011436s] [吞吐率：87.44req/s] [内存消耗：1,283.55kb] [文件加载：53]
[ info ] [ LANG ] /www/wwwroot/mis.mbacms.com/thinkphp/lang/zh-cn.php
