---------------------------------------------------------------

[2020-03-28T02:02:23+08:00] 183.136.225.56 GET 47.95.1.68/
[运行时间：0.016479s] [吞吐率：60.68req/s] [内存消耗：1,874.23kb] [文件加载：68]
[ info ] [ LANG ] /www/wwwroot/mis.mbacms.com/thinkphp/lang/zh-cn.php
[ info ] [ ROUTE ] array (
)
[ info ] [ HEADER ] array (
  'connection' => 'keep-alive',
  'accept' => '*/*',
  'user-agent' => 'Mozilla/5.0 (Macintosh; Intel Mac OS X 10.11; rv:47.0) Gecko/20100101 Firefox/47.0',
  'host' => '47.95.1.68',
)
[ info ] [ PARAM ] array (
)
---------------------------------------------------------------

[2020-03-28T02:02:24+08:00] 183.136.225.56 GET 47.95.1.68/index/login/login.html
[运行时间：0.022951s] [吞吐率：43.57req/s] [内存消耗：2,627.40kb] [文件加载：71]
[ info ] [ LANG ] /www/wwwroot/mis.mbacms.com/thinkphp/lang/zh-cn.php
[ info ] [ ROUTE ] array (
)
[ info ] [ HEADER ] array (
  'connection' => 'keep-alive',
  'accept' => '*/*',
  'user-agent' => 'Mozilla/5.0 (Macintosh; Intel Mac OS X 10.11; rv:47.0) Gecko/20100101 Firefox/47.0',
  'host' => '47.95.1.68',
)
[ info ] [ PARAM ] array (
)
[ info ] [ DB ] INIT mysql
[ info ] [ VIEW ] /www/wwwroot/mis.mbacms.com/application/index/view/login/login.html [ array (
  0 => 'site_config',
) ]
---------------------------------------------------------------

[2020-03-28T02:08:43+08:00] 162.243.128.57 GET 47.95.1.68/
[运行时间：0.016602s] [吞吐率：60.23req/s] [内存消耗：1,874.05kb] [文件加载：68]
[ info ] [ LANG ] /www/wwwroot/mis.mbacms.com/thinkphp/lang/zh-cn.php
[ info ] [ ROUTE ] array (
)
[ info ] [ HEADER ] array (
  'accept-encoding' => 'gzip',
  'accept' => '*/*',
  'user-agent' => 'Mozilla/5.0 zgrab/0.x',
  'host' => '47.95.1.68',
)
[ info ] [ PARAM ] array (
)
---------------------------------------------------------------

[2020-03-28T02:14:07+08:00] 47.94.52.159 GET /
[运行时间：0.016000s] [吞吐率：62.50req/s] [内存消耗：1,873.16kb] [文件加载：68]
[ info ] [ LANG ] /www/wwwroot/mis.mbacms.com/thinkphp/lang/zh-cn.php
[ info ] [ ROUTE ] array (
)
[ info ] [ HEADER ] array (
)
[ info ] [ PARAM ] array (
)
---------------------------------------------------------------

[2020-03-28T04:26:38+08:00] 80.82.68.18 GET 47.95.1.68:443/
[运行时间：0.016453s] [吞吐率：60.78req/s] [内存消耗：1,874.15kb] [文件加载：68]
[ info ] [ LANG ] /www/wwwroot/mis.mbacms.com/thinkphp/lang/zh-cn.php
[ info ] [ ROUTE ] array (
)
[ info ] [ HEADER ] array (
  'host' => '47.95.1.68:443',
  'user-agent' => 'Mozilla/5.0 (X11; Linux x86_64) AppleWebKit/537.36 (KHTML, like Gecko) Chrome/72.0.3626.121 Safari/537.36',
)
[ info ] [ PARAM ] array (
)
---------------------------------------------------------------

[2020-03-28T06:09:24+08:00] 47.101.200.178 GET mis.mbacms.com/
[运行时间：0.015973s] [吞吐率：62.61req/s] [内存消耗：1,874.24kb] [文件加载：68]
[ info ] [ LANG ] /www/wwwroot/mis.mbacms.com/thinkphp/lang/zh-cn.php
[ info ] [ ROUTE ] array (
)
[ info ] [ HEADER ] array (
  'accept-encoding' => 'gzip',
  'connection' => 'Keep-Alive',
  'host' => 'mis.mbacms.com',
  'user-agent' => 'Mozilla/5.0 (X11; Ubuntu; Linux x86_64; rv:36.0) Gecko/20100101 Firefox/36.0',
)
[ info ] [ PARAM ] array (
)
---------------------------------------------------------------

[2020-03-28T06:09:24+08:00] 47.101.200.178 GET mis.mbacms.com/index/login/login.html
[运行时间：0.022192s] [吞吐率：45.06req/s] [内存消耗：2,627.40kb] [文件加载：71]
[ info ] [ LANG ] /www/wwwroot/mis.mbacms.com/thinkphp/lang/zh-cn.php
[ info ] [ ROUTE ] array (
)
[ info ] [ HEADER ] array (
  'accept-encoding' => 'gzip',
  'connection' => 'Keep-Alive',
  'host' => 'mis.mbacms.com',
  'user-agent' => 'Mozilla/5.0 (X11; Ubuntu; Linux x86_64; rv:36.0) Gecko/20100101 Firefox/36.0',
)
[ info ] [ PARAM ] array (
)
[ info ] [ DB ] INIT mysql
[ info ] [ VIEW ] /www/wwwroot/mis.mbacms.com/application/index/view/login/login.html [ array (
  0 => 'site_config',
) ]
---------------------------------------------------------------

[2020-03-28T07:57:21+08:00] 120.244.234.129 GET mis.mbacms.com/admin/index/index.html
[运行时间：0.030364s] [吞吐率：32.93req/s] [内存消耗：3,001.04kb] [文件加载：80]
[ info ] [ LANG ] /www/wwwroot/mis.mbacms.com/thinkphp/lang/zh-cn.php
[ info ] [ ROUTE ] array (
)
[ info ] [ HEADER ] array (
  'host' => 'mis.mbacms.com',
  'cookie' => 'thinkphp_show_page_trace=0|0; PHPSESSID=av9peofj8mv0n95psgg1gnfob5',
  'accept-language' => 'zh-CN,zh;q=0.9',
  'accept-encoding' => 'gzip, deflate, br',
  'referer' => 'https://mis.mbacms.com/admin/login/login.html',
  'sec-fetch-mode' => 'navigate',
  'sec-fetch-site' => 'same-origin',
  'accept' => 'text/html,application/xhtml+xml,application/xml;q=0.9,image/webp,image/apng,*/*;q=0.8,application/signed-exchange;v=b3;q=0.9',
  'sec-fetch-user' => '?1',
  'user-agent' => 'Mozilla/5.0 (Windows NT 10.0; Win64; x64) AppleWebKit/537.36 (KHTML, like Gecko) Chrome/79.0.3945.88 Safari/537.36',
  'upgrade-insecure-requests' => '1',
  'cache-control' => 'max-age=0',
)
[ info ] [ PARAM ] array (
)
[ info ] [ DB ] INIT mysql
[ info ] [ VIEW ] /www/wwwroot/mis.mbacms.com/application/admin/view/index/index.html [ array (
  0 => 'site_config',
  1 => 'theme',
  2 => 'menu',
  3 => 'controller',
  4 => 'action',
) ]
---------------------------------------------------------------

[2020-03-28T07:57:21+08:00] 120.244.234.129 GET mis.mbacms.com/admin/index/welcome.html
[运行时间：0.048030s] [吞吐率：20.82req/s] [内存消耗：3,407.89kb] [文件加载：88]
[ info ] [ LANG ] /www/wwwroot/mis.mbacms.com/thinkphp/lang/zh-cn.php
[ info ] [ ROUTE ] array (
)
[ info ] [ HEADER ] array (
  'host' => 'mis.mbacms.com',
  'cookie' => 'thinkphp_show_page_trace=0|0; PHPSESSID=av9peofj8mv0n95psgg1gnfob5',
  'accept-language' => 'zh-CN,zh;q=0.9',
  'accept-encoding' => 'gzip, deflate, br',
  'referer' => 'https://mis.mbacms.com/admin/index/index.html',
  'sec-fetch-mode' => 'nested-navigate',
  'sec-fetch-site' => 'same-origin',
  'accept' => 'text/html,application/xhtml+xml,application/xml;q=0.9,image/webp,image/apng,*/*;q=0.8,application/signed-exchange;v=b3;q=0.9',
  'user-agent' => 'Mozilla/5.0 (Windows NT 10.0; Win64; x64) AppleWebKit/537.36 (KHTML, like Gecko) Chrome/79.0.3945.88 Safari/537.36',
  'upgrade-insecure-requests' => '1',
)
[ info ] [ PARAM ] array (
)
[ info ] [ DB ] INIT mysql
[ info ] [ VIEW ] /www/wwwroot/mis.mbacms.com/application/admin/view/index/welcome.html [ array (
  0 => 'site_config',
  1 => 'theme',
  2 => 'menu',
  3 => 'controller',
  4 => 'action',
  5 => 'first_line',
  6 => 'second_line',
  7 => 'topData',
) ]
---------------------------------------------------------------

[2020-03-28T07:57:22+08:00] 120.244.234.129 GET mis.mbacms.com/admin/index/memberchart.html
[运行时间：0.027326s] [吞吐率：36.60req/s] [内存消耗：2,827.63kb] [文件加载：74]
[ info ] [ LANG ] /www/wwwroot/mis.mbacms.com/thinkphp/lang/zh-cn.php
[ info ] [ ROUTE ] array (
)
[ info ] [ HEADER ] array (
  'host' => 'mis.mbacms.com',
  'cookie' => 'thinkphp_show_page_trace=0|0; PHPSESSID=av9peofj8mv0n95psgg1gnfob5',
  'accept-language' => 'zh-CN,zh;q=0.9',
  'accept-encoding' => 'gzip, deflate, br',
  'referer' => 'https://mis.mbacms.com/admin/index/welcome.html',
  'sec-fetch-mode' => 'cors',
  'sec-fetch-site' => 'same-origin',
  'user-agent' => 'Mozilla/5.0 (Windows NT 10.0; Win64; x64) AppleWebKit/537.36 (KHTML, like Gecko) Chrome/79.0.3945.88 Safari/537.36',
  'accept' => 'application/json, text/plain, */*',
)
[ info ] [ PARAM ] array (
)
[ info ] [ DB ] INIT mysql
---------------------------------------------------------------

[2020-03-28T07:57:22+08:00] 120.244.234.129 GET mis.mbacms.com/admin/index/orderchart.html?cycle=thirtyday
[运行时间：0.039048s] [吞吐率：25.61req/s] [内存消耗：3,378.41kb] [文件加载：84]
[ info ] [ LANG ] /www/wwwroot/mis.mbacms.com/thinkphp/lang/zh-cn.php
[ info ] [ ROUTE ] array (
)
[ info ] [ HEADER ] array (
  'host' => 'mis.mbacms.com',
  'cookie' => 'thinkphp_show_page_trace=0|0; PHPSESSID=av9peofj8mv0n95psgg1gnfob5',
  'accept-language' => 'zh-CN,zh;q=0.9',
  'accept-encoding' => 'gzip, deflate, br',
  'referer' => 'https://mis.mbacms.com/admin/index/welcome.html',
  'sec-fetch-mode' => 'cors',
  'sec-fetch-site' => 'same-origin',
  'user-agent' => 'Mozilla/5.0 (Windows NT 10.0; Win64; x64) AppleWebKit/537.36 (KHTML, like Gecko) Chrome/79.0.3945.88 Safari/537.36',
  'accept' => 'application/json, text/plain, */*',
)
[ info ] [ PARAM ] array (
  'cycle' => 'thirtyday',
)
[ info ] [ DB ] INIT mysql
---------------------------------------------------------------

[2020-03-28T07:58:24+08:00] 209.17.96.194 GET nafmii.mbacms.com/
[运行时间：0.016595s] [吞吐率：60.26req/s] [内存消耗：1,874.04kb] [文件加载：68]
[ info ] [ LANG ] /www/wwwroot/mis.mbacms.com/thinkphp/lang/zh-cn.php
[ info ] [ ROUTE ] array (
)
[ info ] [ HEADER ] array (
  'user-agent' => 'Mozilla/5.0 (compatible; Nimbostratus-Bot/v1.3.2; http://cloudsystemnetworks.com)',
  'host' => 'nafmii.mbacms.com',
)
[ info ] [ PARAM ] array (
)
---------------------------------------------------------------

[2020-03-28T07:59:37+08:00] 120.244.234.129 GET mis.mbacms.com/admin/moduls.moduls_cars/list.html
[运行时间：0.027867s] [吞吐率：35.88req/s] [内存消耗：2,909.10kb] [文件加载：79]
[ info ] [ LANG ] /www/wwwroot/mis.mbacms.com/thinkphp/lang/zh-cn.php
[ info ] [ ROUTE ] array (
)
[ info ] [ HEADER ] array (
  'host' => 'mis.mbacms.com',
  'cookie' => 'thinkphp_show_page_trace=0|0; PHPSESSID=av9peofj8mv0n95psgg1gnfob5',
  'accept-language' => 'zh-CN,zh;q=0.9',
  'accept-encoding' => 'gzip, deflate, br',
  'referer' => 'https://mis.mbacms.com/admin/index/index.html',
  'sec-fetch-mode' => 'nested-navigate',
  'sec-fetch-site' => 'same-origin',
  'accept' => 'text/html,application/xhtml+xml,application/xml;q=0.9,image/webp,image/apng,*/*;q=0.8,application/signed-exchange;v=b3;q=0.9',
  'user-agent' => 'Mozilla/5.0 (Windows NT 10.0; Win64; x64) AppleWebKit/537.36 (KHTML, like Gecko) Chrome/79.0.3945.88 Safari/537.36',
  'upgrade-insecure-requests' => '1',
)
[ info ] [ PARAM ] array (
)
[ info ] [ DB ] INIT mysql
[ info ] [ VIEW ] /www/wwwroot/mis.mbacms.com/application/admin/view/moduls/moduls_cars/list.html [ array (
  0 => 'site_config',
  1 => 'theme',
  2 => 'menu',
  3 => 'controller',
  4 => 'action',
  5 => 'carid',
) ]
---------------------------------------------------------------

[2020-03-28T07:59:37+08:00] 120.244.234.129 GET mis.mbacms.com/admin/moduls.moduls_cars/RecordList?page=1&limit=10
[运行时间：0.029311s] [吞吐率：34.12req/s] [内存消耗：2,966.27kb] [文件加载：77]
[ info ] [ LANG ] /www/wwwroot/mis.mbacms.com/thinkphp/lang/zh-cn.php
[ info ] [ ROUTE ] array (
)
[ info ] [ HEADER ] array (
  'host' => 'mis.mbacms.com',
  'cookie' => 'thinkphp_show_page_trace=0|0; PHPSESSID=av9peofj8mv0n95psgg1gnfob5',
  'accept-language' => 'zh-CN,zh;q=0.9',
  'accept-encoding' => 'gzip, deflate, br',
  'referer' => 'https://mis.mbacms.com/admin/moduls.moduls_cars/list.html',
  'sec-fetch-mode' => 'cors',
  'sec-fetch-site' => 'same-origin',
  'user-agent' => 'Mozilla/5.0 (Windows NT 10.0; Win64; x64) AppleWebKit/537.36 (KHTML, like Gecko) Chrome/79.0.3945.88 Safari/537.36',
  'x-requested-with' => 'XMLHttpRequest',
  'accept' => 'application/json, text/javascript, */*; q=0.01',
)
[ info ] [ PARAM ] array (
  'page' => '1',
  'limit' => '10',
)
[ info ] [ DB ] INIT mysql
---------------------------------------------------------------

[2020-03-28T07:59:40+08:00] 120.244.234.129 GET mis.mbacms.com/admin/moduls.moduls_cars/index.html
[运行时间：0.036064s] [吞吐率：27.73req/s] [内存消耗：3,325.63kb] [文件加载：90]
[ info ] [ LANG ] /www/wwwroot/mis.mbacms.com/thinkphp/lang/zh-cn.php
[ info ] [ ROUTE ] array (
)
[ info ] [ HEADER ] array (
  'host' => 'mis.mbacms.com',
  'cookie' => 'thinkphp_show_page_trace=0|0; PHPSESSID=av9peofj8mv0n95psgg1gnfob5',
  'accept-language' => 'zh-CN,zh;q=0.9',
  'accept-encoding' => 'gzip, deflate, br',
  'referer' => 'https://mis.mbacms.com/admin/index/index.html',
  'sec-fetch-mode' => 'nested-navigate',
  'sec-fetch-site' => 'same-origin',
  'accept' => 'text/html,application/xhtml+xml,application/xml;q=0.9,image/webp,image/apng,*/*;q=0.8,application/signed-exchange;v=b3;q=0.9',
  'user-agent' => 'Mozilla/5.0 (Windows NT 10.0; Win64; x64) AppleWebKit/537.36 (KHTML, like Gecko) Chrome/79.0.3945.88 Safari/537.36',
  'upgrade-insecure-requests' => '1',
)
[ info ] [ PARAM ] array (
)
[ info ] [ DB ] INIT mysql
[ info ] [ VIEW ] /www/wwwroot/mis.mbacms.com/application/admin/view/moduls/moduls_cars/index.html [ array (
  0 => 'site_config',
  1 => 'theme',
  2 => 'menu',
  3 => 'controller',
  4 => 'action',
  5 => 'status',
  6 => 'onrest',
  7 => 'onuse',
  8 => 'onrepair',
  9 => 'onappoint',
  10 => 'onstop',
) ]
---------------------------------------------------------------

[2020-03-28T07:59:40+08:00] 120.244.234.129 GET mis.mbacms.com/admin/moduls.moduls_cars/listjson/status/1.html?page=1&limit=20
[运行时间：0.036847s] [吞吐率：27.14req/s] [内存消耗：3,444.11kb] [文件加载：87]
[ info ] [ LANG ] /www/wwwroot/mis.mbacms.com/thinkphp/lang/zh-cn.php
[ info ] [ ROUTE ] array (
)
[ info ] [ HEADER ] array (
  'host' => 'mis.mbacms.com',
  'cookie' => 'thinkphp_show_page_trace=0|0; PHPSESSID=av9peofj8mv0n95psgg1gnfob5',
  'accept-language' => 'zh-CN,zh;q=0.9',
  'accept-encoding' => 'gzip, deflate, br',
  'referer' => 'https://mis.mbacms.com/admin/moduls.moduls_cars/index.html',
  'sec-fetch-mode' => 'cors',
  'sec-fetch-site' => 'same-origin',
  'user-agent' => 'Mozilla/5.0 (Windows NT 10.0; Win64; x64) AppleWebKit/537.36 (KHTML, like Gecko) Chrome/79.0.3945.88 Safari/537.36',
  'x-requested-with' => 'XMLHttpRequest',
  'accept' => 'application/json, text/javascript, */*; q=0.01',
)
[ info ] [ PARAM ] array (
  'page' => '1',
  'limit' => '20',
  'status' => '1',
)
[ info ] [ DB ] INIT mysql
---------------------------------------------------------------

[2020-03-28T08:00:36+08:00] 120.244.234.129 GET mis.mbacms.com/admin/moduls.moduls_cars/use.html?id=1&method=use
[运行时间：0.036930s] [吞吐率：27.08req/s] [内存消耗：3,471.94kb] [文件加载：88]
[ info ] [ LANG ] /www/wwwroot/mis.mbacms.com/thinkphp/lang/zh-cn.php
[ info ] [ ROUTE ] array (
)
[ info ] [ HEADER ] array (
  'host' => 'mis.mbacms.com',
  'cookie' => 'thinkphp_show_page_trace=0|0; PHPSESSID=av9peofj8mv0n95psgg1gnfob5',
  'accept-language' => 'zh-CN,zh;q=0.9',
  'accept-encoding' => 'gzip, deflate, br',
  'referer' => 'https://mis.mbacms.com/admin/moduls.moduls_cars/index.html',
  'sec-fetch-mode' => 'nested-navigate',
  'sec-fetch-site' => 'same-origin',
  'accept' => 'text/html,application/xhtml+xml,application/xml;q=0.9,image/webp,image/apng,*/*;q=0.8,application/signed-exchange;v=b3;q=0.9',
  'user-agent' => 'Mozilla/5.0 (Windows NT 10.0; Win64; x64) AppleWebKit/537.36 (KHTML, like Gecko) Chrome/79.0.3945.88 Safari/537.36',
  'upgrade-insecure-requests' => '1',
)
[ info ] [ PARAM ] array (
  'id' => '1',
  'method' => 'use',
)
[ info ] [ DB ] INIT mysql
[ info ] [ VIEW ] /www/wwwroot/mis.mbacms.com/application/admin/view/moduls/moduls_cars/use.html [ array (
  0 => 'site_config',
  1 => 'theme',
  2 => 'menu',
  3 => 'controller',
  4 => 'action',
  5 => 'cars',
  6 => 'members',
  7 => 'method',
) ]
---------------------------------------------------------------

[2020-03-28T08:00:42+08:00] 120.244.234.129 GET mis.mbacms.com/admin/moduls.moduls_cars/add.html
[运行时间：0.032682s] [吞吐率：30.60req/s] [内存消耗：3,285.04kb] [文件加载：115]
[ info ] [ LANG ] /www/wwwroot/mis.mbacms.com/thinkphp/lang/zh-cn.php
[ info ] [ ROUTE ] array (
)
[ info ] [ HEADER ] array (
  'host' => 'mis.mbacms.com',
  'cookie' => 'thinkphp_show_page_trace=0|0; PHPSESSID=av9peofj8mv0n95psgg1gnfob5',
  'accept-language' => 'zh-CN,zh;q=0.9',
  'accept-encoding' => 'gzip, deflate, br',
  'referer' => 'https://mis.mbacms.com/admin/moduls.moduls_cars/index.html',
  'sec-fetch-mode' => 'nested-navigate',
  'sec-fetch-site' => 'same-origin',
  'accept' => 'text/html,application/xhtml+xml,application/xml;q=0.9,image/webp,image/apng,*/*;q=0.8,application/signed-exchange;v=b3;q=0.9',
  'user-agent' => 'Mozilla/5.0 (Windows NT 10.0; Win64; x64) AppleWebKit/537.36 (KHTML, like Gecko) Chrome/79.0.3945.88 Safari/537.36',
  'upgrade-insecure-requests' => '1',
)
[ info ] [ PARAM ] array (
)
[ info ] [ DB ] INIT mysql
[ info ] [ VIEW ] /www/wwwroot/mis.mbacms.com/application/admin/view/pub/form-builder.html [ array (
  0 => 'site_config',
  1 => 'theme',
  2 => 'menu',
  3 => 'controller',
  4 => 'action',
  5 => 'form',
) ]
---------------------------------------------------------------

[2020-03-28T09:36:41+08:00] 47.101.40.67 GET mis.mbacms.com/
[运行时间：0.017156s] [吞吐率：58.29req/s] [内存消耗：1,874.18kb] [文件加载：68]
[ info ] [ LANG ] /www/wwwroot/mis.mbacms.com/thinkphp/lang/zh-cn.php
[ info ] [ ROUTE ] array (
)
[ info ] [ HEADER ] array (
  'accept-encoding' => 'gzip',
  'connection' => 'Keep-Alive',
  'host' => 'mis.mbacms.com',
  'user-agent' => 'Mozilla/5.0 (Linux/Android/android/iphone;)',
)
[ info ] [ PARAM ] array (
)
---------------------------------------------------------------

[2020-03-28T09:36:41+08:00] 47.101.40.67 GET mis.mbacms.com/index/login/login.html
[运行时间：0.024290s] [吞吐率：41.17req/s] [内存消耗：2,627.21kb] [文件加载：71]
[ info ] [ LANG ] /www/wwwroot/mis.mbacms.com/thinkphp/lang/zh-cn.php
[ info ] [ ROUTE ] array (
)
[ info ] [ HEADER ] array (
  'accept-encoding' => 'gzip',
  'connection' => 'Keep-Alive',
  'host' => 'mis.mbacms.com',
  'user-agent' => 'Mozilla/5.0 (Linux/Android/android/iphone;)',
)
[ info ] [ PARAM ] array (
)
[ info ] [ DB ] INIT mysql
[ info ] [ VIEW ] /www/wwwroot/mis.mbacms.com/application/index/view/login/login.html [ array (
  0 => 'site_config',
) ]
---------------------------------------------------------------

[2020-03-28T09:43:46+08:00] 47.98.34.250 GET nafmii.mbacms.com/
[运行时间：0.015610s] [吞吐率：64.06req/s] [内存消耗：1,874.18kb] [文件加载：68]
[ info ] [ LANG ] /www/wwwroot/mis.mbacms.com/thinkphp/lang/zh-cn.php
[ info ] [ ROUTE ] array (
)
[ info ] [ HEADER ] array (
  'accept-encoding' => 'gzip',
  'connection' => 'Keep-Alive',
  'host' => 'nafmii.mbacms.com',
  'user-agent' => 'Mozilla/5.0 chrome(windows nt/Windows NT;)Chrome',
)
[ info ] [ PARAM ] array (
)
---------------------------------------------------------------

[2020-03-28T09:43:46+08:00] 47.98.34.250 GET nafmii.mbacms.com/index/login/login.html
[运行时间：0.023469s] [吞吐率：42.61req/s] [内存消耗：2,627.21kb] [文件加载：71]
[ info ] [ LANG ] /www/wwwroot/mis.mbacms.com/thinkphp/lang/zh-cn.php
[ info ] [ ROUTE ] array (
)
[ info ] [ HEADER ] array (
  'accept-encoding' => 'gzip',
  'connection' => 'Keep-Alive',
  'host' => 'nafmii.mbacms.com',
  'user-agent' => 'Mozilla/5.0 chrome(windows nt/Windows NT;)Chrome',
)
[ info ] [ PARAM ] array (
)
[ info ] [ DB ] INIT mysql
[ info ] [ VIEW ] /www/wwwroot/mis.mbacms.com/application/index/view/login/login.html [ array (
  0 => 'site_config',
) ]
---------------------------------------------------------------

[2020-03-28T10:17:06+08:00] 183.136.225.57 GET 47.95.1.68/
[运行时间：0.016758s] [吞吐率：59.67req/s] [内存消耗：1,874.24kb] [文件加载：68]
[ info ] [ LANG ] /www/wwwroot/mis.mbacms.com/thinkphp/lang/zh-cn.php
[ info ] [ ROUTE ] array (
)
[ info ] [ HEADER ] array (
  'connection' => 'keep-alive',
  'accept' => '*/*',
  'user-agent' => 'Mozilla/5.0 (Macintosh; Intel Mac OS X 10.11; rv:47.0) Gecko/20100101 Firefox/47.0',
  'host' => '47.95.1.68',
)
[ info ] [ PARAM ] array (
)
---------------------------------------------------------------

[2020-03-28T10:17:06+08:00] 183.136.225.57 GET 47.95.1.68/index/login/login.html
[运行时间：0.022662s] [吞吐率：44.13req/s] [内存消耗：2,627.40kb] [文件加载：71]
[ info ] [ LANG ] /www/wwwroot/mis.mbacms.com/thinkphp/lang/zh-cn.php
[ info ] [ ROUTE ] array (
)
[ info ] [ HEADER ] array (
  'connection' => 'keep-alive',
  'accept' => '*/*',
  'user-agent' => 'Mozilla/5.0 (Macintosh; Intel Mac OS X 10.11; rv:47.0) Gecko/20100101 Firefox/47.0',
  'host' => '47.95.1.68',
)
[ info ] [ PARAM ] array (
)
[ info ] [ DB ] INIT mysql
[ info ] [ VIEW ] /www/wwwroot/mis.mbacms.com/application/index/view/login/login.html [ array (
  0 => 'site_config',
) ]
---------------------------------------------------------------

[2020-03-28T10:18:15+08:00] 23.95.84.74 GET 47.95.1.68/
[运行时间：0.016567s] [吞吐率：60.36req/s] [内存消耗：1,873.77kb] [文件加载：68]
[ info ] [ LANG ] /www/wwwroot/mis.mbacms.com/thinkphp/lang/zh-cn.php
[ info ] [ ROUTE ] array (
)
[ info ] [ HEADER ] array (
  'connection' => 'Keep-Alive',
  'host' => '47.95.1.68',
)
[ info ] [ PARAM ] array (
)
---------------------------------------------------------------

[2020-03-28T10:24:22+08:00] 5.8.10.202 GET 47.95.1.68:443/
[运行时间：0.016129s] [吞吐率：62.00req/s] [内存消耗：1,874.10kb] [文件加载：68]
[ info ] [ LANG ] /www/wwwroot/mis.mbacms.com/thinkphp/lang/zh-cn.php
[ info ] [ ROUTE ] array (
)
[ info ] [ HEADER ] array (
  'connection' => 'close',
  'accept-encoding' => 'gzip',
  'user-agent' => 'Go-http-client/1.1',
  'host' => '47.95.1.68:443',
)
[ info ] [ PARAM ] array (
)
---------------------------------------------------------------

[2020-03-28T10:32:48+08:00] 5.255.250.11 GET mbacms.com/
[运行时间：0.015689s] [吞吐率：63.74req/s] [内存消耗：1,874.69kb] [文件加载：68]
[ info ] [ LANG ] /www/wwwroot/mis.mbacms.com/thinkphp/lang/zh-cn.php
[ info ] [ ROUTE ] array (
)
[ info ] [ HEADER ] array (
  'accept' => '*/*',
  'accept-language' => 'ru, uk;q=0.8, be;q=0.8, en;q=0.7, *;q=0.01',
  'accept-encoding' => 'gzip,deflate',
  'from' => 'support@search.yandex.ru',
  'user-agent' => 'Mozilla/5.0 (compatible; YandexBot/3.0; +http://yandex.com/bots)',
  'connection' => 'Keep-Alive',
  'host' => 'mbacms.com',
)
[ info ] [ PARAM ] array (
)
---------------------------------------------------------------

[2020-03-28T10:32:51+08:00] 5.255.250.5 GET mbacms.com/index/login/login.html
[运行时间：0.023680s] [吞吐率：42.23req/s] [内存消耗：2,627.84kb] [文件加载：71]
[ info ] [ LANG ] /www/wwwroot/mis.mbacms.com/thinkphp/lang/zh-cn.php
[ info ] [ ROUTE ] array (
)
[ info ] [ HEADER ] array (
  'accept' => '*/*',
  'accept-language' => 'ru, uk;q=0.8, be;q=0.8, en;q=0.7, *;q=0.01',
  'accept-encoding' => 'gzip,deflate',
  'from' => 'support@search.yandex.ru',
  'user-agent' => 'Mozilla/5.0 (compatible; YandexBot/3.0; +http://yandex.com/bots)',
  'connection' => 'Keep-Alive',
  'host' => 'mbacms.com',
)
[ info ] [ PARAM ] array (
)
[ info ] [ DB ] INIT mysql
[ info ] [ VIEW ] /www/wwwroot/mis.mbacms.com/application/index/view/login/login.html [ array (
  0 => 'site_config',
) ]
---------------------------------------------------------------

[2020-03-28T10:37:07+08:00] 216.218.206.68 GET 47.95.1.68/
[运行时间：0.016240s] [吞吐率：61.58req/s] [内存消耗：1,873.63kb] [文件加载：68]
[ info ] [ LANG ] /www/wwwroot/mis.mbacms.com/thinkphp/lang/zh-cn.php
[ info ] [ ROUTE ] array (
)
[ info ] [ HEADER ] array (
  'host' => '47.95.1.68',
)
[ info ] [ PARAM ] array (
)
---------------------------------------------------------------

[2020-03-28T14:58:54+08:00] 124.126.222.97 GET mis.mbacms.com/admin/login/login.html
[运行时间：0.022890s] [吞吐率：43.69req/s] [内存消耗：2,697.56kb] [文件加载：73]
[ info ] [ LANG ] /www/wwwroot/mis.mbacms.com/thinkphp/lang/zh-cn.php
[ info ] [ ROUTE ] array (
)
[ info ] [ HEADER ] array (
  'host' => 'mis.mbacms.com',
  'accept-language' => 'zh-CN,zh;q=0.9',
  'accept-encoding' => 'gzip, deflate, br',
  'accept' => 'text/html,application/xhtml+xml,application/xml;q=0.9,image/webp,image/apng,*/*;q=0.8',
  'user-agent' => 'Mozilla/5.0 (Windows NT 6.1; WOW64) AppleWebKit/537.36 (KHTML, like Gecko) Chrome/69.0.3947.100 Safari/537.36',
  'upgrade-insecure-requests' => '1',
  'cache-control' => 'max-age=0',
)
[ info ] [ PARAM ] array (
)
[ info ] [ DB ] INIT mysql
[ info ] [ VIEW ] /www/wwwroot/mis.mbacms.com/application/admin/view/login/login.html [ array (
  0 => 'site_config',
) ]
---------------------------------------------------------------

[2020-03-28T14:58:55+08:00] 124.126.222.97 GET mis.mbacms.com/admin/login/getcode?length=4&font_size=20&width=128&height=42&use_noise=1&use_curve=0
[运行时间：0.017403s] [吞吐率：57.46req/s] [内存消耗：1,795.08kb] [文件加载：66]
[ info ] [ LANG ] /www/wwwroot/mis.mbacms.com/thinkphp/lang/zh-cn.php
[ info ] [ ROUTE ] array (
)
[ info ] [ HEADER ] array (
  'host' => 'mis.mbacms.com',
  'accept-language' => 'zh-CN,zh;q=0.9',
  'accept-encoding' => 'gzip, deflate, br',
  'referer' => 'https://mis.mbacms.com/admin/login/login.html',
  'accept' => 'image/webp,image/apng,image/*,*/*;q=0.8',
  'user-agent' => 'Mozilla/5.0 (Windows NT 6.1; WOW64) AppleWebKit/537.36 (KHTML, like Gecko) Chrome/69.0.3947.100 Safari/537.36',
)
[ info ] [ PARAM ] array (
  'length' => '4',
  'font_size' => '20',
  'width' => '128',
  'height' => '42',
  'use_noise' => '1',
  'use_curve' => '0',
)
---------------------------------------------------------------

[2020-03-28T14:58:55+08:00] 124.126.222.97 GET mis.mbacms.com/favicon.ico
[运行时间：0.013563s] [吞吐率：73.73req/s] [内存消耗：1,468.31kb] [文件加载：59]
[ info ] [ LANG ] /www/wwwroot/mis.mbacms.com/thinkphp/lang/zh-cn.php
---------------------------------------------------------------

[2020-03-28T15:49:17+08:00] 119.23.138.247 GET /
[运行时间：0.015865s] [吞吐率：63.03req/s] [内存消耗：1,873.16kb] [文件加载：68]
[ info ] [ LANG ] /www/wwwroot/mis.mbacms.com/thinkphp/lang/zh-cn.php
[ info ] [ ROUTE ] array (
)
[ info ] [ HEADER ] array (
)
[ info ] [ PARAM ] array (
)
---------------------------------------------------------------

[2020-03-28T17:13:09+08:00] 47.101.176.92 GET ncov.mbacms.com/
[运行时间：0.015895s] [吞吐率：62.91req/s] [内存消耗：1,874.24kb] [文件加载：68]
[ info ] [ LANG ] /www/wwwroot/mis.mbacms.com/thinkphp/lang/zh-cn.php
[ info ] [ ROUTE ] array (
)
[ info ] [ HEADER ] array (
  'accept-encoding' => 'gzip',
  'connection' => 'Keep-Alive',
  'host' => 'ncov.mbacms.com',
  'user-agent' => 'Mozilla/5.0 (X11; Ubuntu; Linux x86_64; rv:36.0) Gecko/20100101 Firefox/36.0',
)
[ info ] [ PARAM ] array (
)
---------------------------------------------------------------

[2020-03-28T17:13:09+08:00] 47.101.176.92 GET ncov.mbacms.com/index/login/login.html
[运行时间：0.023224s] [吞吐率：43.06req/s] [内存消耗：2,627.40kb] [文件加载：71]
[ info ] [ LANG ] /www/wwwroot/mis.mbacms.com/thinkphp/lang/zh-cn.php
[ info ] [ ROUTE ] array (
)
[ info ] [ HEADER ] array (
  'accept-encoding' => 'gzip',
  'connection' => 'Keep-Alive',
  'host' => 'ncov.mbacms.com',
  'user-agent' => 'Mozilla/5.0 (X11; Ubuntu; Linux x86_64; rv:36.0) Gecko/20100101 Firefox/36.0',
)
[ info ] [ PARAM ] array (
)
[ info ] [ DB ] INIT mysql
[ info ] [ VIEW ] /www/wwwroot/mis.mbacms.com/application/index/view/login/login.html [ array (
  0 => 'site_config',
) ]
---------------------------------------------------------------

[2020-03-28T17:39:07+08:00] 209.17.96.82 GET mbacms.com/
[运行时间：0.017222s] [吞吐率：58.07req/s] [内存消耗：1,873.95kb] [文件加载：68]
[ info ] [ LANG ] /www/wwwroot/mis.mbacms.com/thinkphp/lang/zh-cn.php
[ info ] [ ROUTE ] array (
)
[ info ] [ HEADER ] array (
  'user-agent' => 'Mozilla/5.0 (compatible; Nimbostratus-Bot/v1.3.2; http://cloudsystemnetworks.com)',
  'host' => 'mbacms.com',
)
[ info ] [ PARAM ] array (
)
---------------------------------------------------------------

[2020-03-28T19:36:22+08:00] 47.101.199.159 GET 47.95.1.68/
[运行时间：0.016989s] [吞吐率：58.86req/s] [内存消耗：1,874.25kb] [文件加载：68]
[ info ] [ LANG ] /www/wwwroot/mis.mbacms.com/thinkphp/lang/zh-cn.php
[ info ] [ ROUTE ] array (
)
[ info ] [ HEADER ] array (
  'accept-encoding' => 'gzip',
  'connection' => 'Keep-Alive',
  'host' => '47.95.1.68',
  'user-agent' => 'Mozilla/5.0 (X11; Ubuntu; Linux x86_64; rv:36.0) Gecko/20100101 Firefox/36.0',
)
[ info ] [ PARAM ] array (
)
---------------------------------------------------------------

[2020-03-28T19:36:23+08:00] 47.101.199.159 GET 47.95.1.68/index/login/login.html
[运行时间：0.022958s] [吞吐率：43.56req/s] [内存消耗：2,627.41kb] [文件加载：71]
[ info ] [ LANG ] /www/wwwroot/mis.mbacms.com/thinkphp/lang/zh-cn.php
[ info ] [ ROUTE ] array (
)
[ info ] [ HEADER ] array (
  'accept-encoding' => 'gzip',
  'connection' => 'Keep-Alive',
  'host' => '47.95.1.68',
  'user-agent' => 'Mozilla/5.0 (X11; Ubuntu; Linux x86_64; rv:36.0) Gecko/20100101 Firefox/36.0',
)
[ info ] [ PARAM ] array (
)
[ info ] [ DB ] INIT mysql
[ info ] [ VIEW ] /www/wwwroot/mis.mbacms.com/application/index/view/login/login.html [ array (
  0 => 'site_config',
) ]
---------------------------------------------------------------

[2020-03-28T20:20:02+08:00] 120.244.234.129 GET mis.mbacms.com/admin/index/index.html
[运行时间：0.030990s] [吞吐率：32.27req/s] [内存消耗：3,001.04kb] [文件加载：80]
[ info ] [ LANG ] /www/wwwroot/mis.mbacms.com/thinkphp/lang/zh-cn.php
[ info ] [ ROUTE ] array (
)
[ info ] [ HEADER ] array (
  'host' => 'mis.mbacms.com',
  'cookie' => 'thinkphp_show_page_trace=0|0; PHPSESSID=av9peofj8mv0n95psgg1gnfob5',
  'accept-language' => 'zh-CN,zh;q=0.9',
  'accept-encoding' => 'gzip, deflate, br',
  'referer' => 'https://mis.mbacms.com/admin/login/login.html',
  'sec-fetch-mode' => 'navigate',
  'sec-fetch-site' => 'same-origin',
  'accept' => 'text/html,application/xhtml+xml,application/xml;q=0.9,image/webp,image/apng,*/*;q=0.8,application/signed-exchange;v=b3;q=0.9',
  'sec-fetch-user' => '?1',
  'user-agent' => 'Mozilla/5.0 (Windows NT 10.0; Win64; x64) AppleWebKit/537.36 (KHTML, like Gecko) Chrome/79.0.3945.88 Safari/537.36',
  'upgrade-insecure-requests' => '1',
  'cache-control' => 'max-age=0',
)
[ info ] [ PARAM ] array (
)
[ info ] [ DB ] INIT mysql
[ info ] [ VIEW ] /www/wwwroot/mis.mbacms.com/application/admin/view/index/index.html [ array (
  0 => 'site_config',
  1 => 'theme',
  2 => 'menu',
  3 => 'controller',
  4 => 'action',
) ]
---------------------------------------------------------------

[2020-03-28T20:20:02+08:00] 120.244.234.129 GET mis.mbacms.com/admin/index/welcome.html
[运行时间：0.043109s] [吞吐率：23.20req/s] [内存消耗：3,407.89kb] [文件加载：88]
[ info ] [ LANG ] /www/wwwroot/mis.mbacms.com/thinkphp/lang/zh-cn.php
[ info ] [ ROUTE ] array (
)
[ info ] [ HEADER ] array (
  'host' => 'mis.mbacms.com',
  'cookie' => 'thinkphp_show_page_trace=0|0; PHPSESSID=av9peofj8mv0n95psgg1gnfob5',
  'accept-language' => 'zh-CN,zh;q=0.9',
  'accept-encoding' => 'gzip, deflate, br',
  'referer' => 'https://mis.mbacms.com/admin/index/index.html',
  'sec-fetch-mode' => 'nested-navigate',
  'sec-fetch-site' => 'same-origin',
  'accept' => 'text/html,application/xhtml+xml,application/xml;q=0.9,image/webp,image/apng,*/*;q=0.8,application/signed-exchange;v=b3;q=0.9',
  'user-agent' => 'Mozilla/5.0 (Windows NT 10.0; Win64; x64) AppleWebKit/537.36 (KHTML, like Gecko) Chrome/79.0.3945.88 Safari/537.36',
  'upgrade-insecure-requests' => '1',
)
[ info ] [ PARAM ] array (
)
[ info ] [ DB ] INIT mysql
[ info ] [ VIEW ] /www/wwwroot/mis.mbacms.com/application/admin/view/index/welcome.html [ array (
  0 => 'site_config',
  1 => 'theme',
  2 => 'menu',
  3 => 'controller',
  4 => 'action',
  5 => 'first_line',
  6 => 'second_line',
  7 => 'topData',
) ]
---------------------------------------------------------------

[2020-03-28T20:20:05+08:00] 120.244.234.129 GET mis.mbacms.com/admin/index/memberchart.html
[运行时间：0.028152s] [吞吐率：35.52req/s] [内存消耗：2,827.63kb] [文件加载：74]
[ info ] [ LANG ] /www/wwwroot/mis.mbacms.com/thinkphp/lang/zh-cn.php
[ info ] [ ROUTE ] array (
)
[ info ] [ HEADER ] array (
  'host' => 'mis.mbacms.com',
  'cookie' => 'thinkphp_show_page_trace=0|0; PHPSESSID=av9peofj8mv0n95psgg1gnfob5',
  'accept-language' => 'zh-CN,zh;q=0.9',
  'accept-encoding' => 'gzip, deflate, br',
  'referer' => 'https://mis.mbacms.com/admin/index/welcome.html',
  'sec-fetch-mode' => 'cors',
  'sec-fetch-site' => 'same-origin',
  'user-agent' => 'Mozilla/5.0 (Windows NT 10.0; Win64; x64) AppleWebKit/537.36 (KHTML, like Gecko) Chrome/79.0.3945.88 Safari/537.36',
  'accept' => 'application/json, text/plain, */*',
)
[ info ] [ PARAM ] array (
)
[ info ] [ DB ] INIT mysql
---------------------------------------------------------------

[2020-03-28T20:20:05+08:00] 120.244.234.129 GET mis.mbacms.com/admin/index/orderchart.html?cycle=thirtyday
[运行时间：0.041241s] [吞吐率：24.25req/s] [内存消耗：3,378.41kb] [文件加载：84]
[ info ] [ LANG ] /www/wwwroot/mis.mbacms.com/thinkphp/lang/zh-cn.php
[ info ] [ ROUTE ] array (
)
[ info ] [ HEADER ] array (
  'host' => 'mis.mbacms.com',
  'cookie' => 'thinkphp_show_page_trace=0|0; PHPSESSID=av9peofj8mv0n95psgg1gnfob5',
  'accept-language' => 'zh-CN,zh;q=0.9',
  'accept-encoding' => 'gzip, deflate, br',
  'referer' => 'https://mis.mbacms.com/admin/index/welcome.html',
  'sec-fetch-mode' => 'cors',
  'sec-fetch-site' => 'same-origin',
  'user-agent' => 'Mozilla/5.0 (Windows NT 10.0; Win64; x64) AppleWebKit/537.36 (KHTML, like Gecko) Chrome/79.0.3945.88 Safari/537.36',
  'accept' => 'application/json, text/plain, */*',
)
[ info ] [ PARAM ] array (
  'cycle' => 'thirtyday',
)
[ info ] [ DB ] INIT mysql
---------------------------------------------------------------

[2020-03-28T20:20:07+08:00] 120.244.234.129 GET mis.mbacms.com/admin/user_log/index.html
[运行时间：0.030065s] [吞吐率：33.26req/s] [内存消耗：2,736.83kb] [文件加载：78]
[ info ] [ LANG ] /www/wwwroot/mis.mbacms.com/thinkphp/lang/zh-cn.php
[ info ] [ ROUTE ] array (
)
[ info ] [ HEADER ] array (
  'host' => 'mis.mbacms.com',
  'cookie' => 'PHPSESSID=av9peofj8mv0n95psgg1gnfob5',
  'accept-language' => 'zh-CN,zh;q=0.9',
  'accept-encoding' => 'gzip, deflate, br',
  'referer' => 'https://mis.mbacms.com/admin/index/index.html',
  'sec-fetch-mode' => 'nested-navigate',
  'sec-fetch-site' => 'same-origin',
  'accept' => 'text/html,application/xhtml+xml,application/xml;q=0.9,image/webp,image/apng,*/*;q=0.8,application/signed-exchange;v=b3;q=0.9',
  'user-agent' => 'Mozilla/5.0 (Windows NT 10.0; Win64; x64) AppleWebKit/537.36 (KHTML, like Gecko) Chrome/79.0.3945.88 Safari/537.36',
  'upgrade-insecure-requests' => '1',
)
[ info ] [ PARAM ] array (
)
[ info ] [ DB ] INIT mysql
[ info ] [ VIEW ] /www/wwwroot/mis.mbacms.com/application/admin/view/user_log/index.html [ array (
  0 => 'site_config',
  1 => 'theme',
  2 => 'menu',
  3 => 'controller',
  4 => 'action',
) ]
---------------------------------------------------------------

[2020-03-28T20:20:07+08:00] 120.244.234.129 GET mis.mbacms.com/admin/user_log/userLogListJson?page=1&limit=10
[运行时间：0.033608s] [吞吐率：29.75req/s] [内存消耗：3,162.11kb] [文件加载：84]
[ info ] [ LANG ] /www/wwwroot/mis.mbacms.com/thinkphp/lang/zh-cn.php
[ info ] [ ROUTE ] array (
)
[ info ] [ HEADER ] array (
  'host' => 'mis.mbacms.com',
  'cookie' => 'thinkphp_show_page_trace=0|0; PHPSESSID=av9peofj8mv0n95psgg1gnfob5',
  'accept-language' => 'zh-CN,zh;q=0.9',
  'accept-encoding' => 'gzip, deflate, br',
  'referer' => 'https://mis.mbacms.com/admin/user_log/index.html',
  'sec-fetch-mode' => 'cors',
  'sec-fetch-site' => 'same-origin',
  'user-agent' => 'Mozilla/5.0 (Windows NT 10.0; Win64; x64) AppleWebKit/537.36 (KHTML, like Gecko) Chrome/79.0.3945.88 Safari/537.36',
  'x-requested-with' => 'XMLHttpRequest',
  'accept' => 'application/json, text/javascript, */*; q=0.01',
)
[ info ] [ PARAM ] array (
  'page' => '1',
  'limit' => '10',
)
[ info ] [ DB ] INIT mysql
---------------------------------------------------------------

[2020-03-28T22:11:58+08:00] 106.15.201.70 GET mbacms.com/
[运行时间：0.016737s] [吞吐率：59.75req/s] [内存消耗：1,874.21kb] [文件加载：68]
[ info ] [ LANG ] /www/wwwroot/mis.mbacms.com/thinkphp/lang/zh-cn.php
[ info ] [ ROUTE ] array (
)
[ info ] [ HEADER ] array (
  'accept-encoding' => 'gzip',
  'connection' => 'Keep-Alive',
  'host' => 'mbacms.com',
  'user-agent' => 'Mozilla/5.0 (X11; Ubuntu; Linux x86_64; rv:36.0) Gecko/20100101 Firefox/36.0',
)
[ info ] [ PARAM ] array (
)
---------------------------------------------------------------

[2020-03-28T22:11:58+08:00] 106.15.201.70 GET mbacms.com/index/login/login.html
[运行时间：0.023337s] [吞吐率：42.85req/s] [内存消耗：2,627.37kb] [文件加载：71]
[ info ] [ LANG ] /www/wwwroot/mis.mbacms.com/thinkphp/lang/zh-cn.php
[ info ] [ ROUTE ] array (
)
[ info ] [ HEADER ] array (
  'accept-encoding' => 'gzip',
  'connection' => 'Keep-Alive',
  'host' => 'mbacms.com',
  'user-agent' => 'Mozilla/5.0 (X11; Ubuntu; Linux x86_64; rv:36.0) Gecko/20100101 Firefox/36.0',
)
[ info ] [ PARAM ] array (
)
[ info ] [ DB ] INIT mysql
[ info ] [ VIEW ] /www/wwwroot/mis.mbacms.com/application/index/view/login/login.html [ array (
  0 => 'site_config',
) ]
---------------------------------------------------------------

[2020-03-28T22:46:43+08:00] 47.101.193.104 GET mis.mbacms.com/
[运行时间：0.015970s] [吞吐率：62.62req/s] [内存消耗：1,874.24kb] [文件加载：68]
[ info ] [ LANG ] /www/wwwroot/mis.mbacms.com/thinkphp/lang/zh-cn.php
[ info ] [ ROUTE ] array (
)
[ info ] [ HEADER ] array (
  'accept-encoding' => 'gzip',
  'connection' => 'Keep-Alive',
  'host' => 'mis.mbacms.com',
  'user-agent' => 'Mozilla/5.0 (X11; Ubuntu; Linux x86_64; rv:36.0) Gecko/20100101 Firefox/36.0',
)
[ info ] [ PARAM ] array (
)
---------------------------------------------------------------

[2020-03-28T22:46:43+08:00] 47.101.193.104 GET mis.mbacms.com/index/login/login.html
[运行时间：0.022965s] [吞吐率：43.54req/s] [内存消耗：2,627.40kb] [文件加载：71]
[ info ] [ LANG ] /www/wwwroot/mis.mbacms.com/thinkphp/lang/zh-cn.php
[ info ] [ ROUTE ] array (
)
[ info ] [ HEADER ] array (
  'accept-encoding' => 'gzip',
  'connection' => 'Keep-Alive',
  'host' => 'mis.mbacms.com',
  'user-agent' => 'Mozilla/5.0 (X11; Ubuntu; Linux x86_64; rv:36.0) Gecko/20100101 Firefox/36.0',
)
[ info ] [ PARAM ] array (
)
[ info ] [ DB ] INIT mysql
[ info ] [ VIEW ] /www/wwwroot/mis.mbacms.com/application/index/view/login/login.html [ array (
  0 => 'site_config',
) ]
---------------------------------------------------------------

[2020-03-28T23:29:33+08:00] 195.154.61.206 GET 47.95.1.68/
[运行时间：0.016575s] [吞吐率：60.33req/s] [内存消耗：1,874.43kb] [文件加载：68]
[ info ] [ LANG ] /www/wwwroot/mis.mbacms.com/thinkphp/lang/zh-cn.php
[ info ] [ ROUTE ] array (
)
[ info ] [ HEADER ] array (
  'host' => '47.95.1.68',
  'accept-language' => 'en-US,en;q=0.5',
  'accept' => 'text/html,application/xhtml+xml,application/xml;q=0.9,*/*;q=0.8',
  'user-agent' => 'Mozilla/5.0 (X11; Ubuntu; Linux x86_64; rv:58.0) Gecko/20100101 Firefox/58.0',
)
[ info ] [ PARAM ] array (
)
