---------------------------------------------------------------

[2020-04-07T01:03:28+08:00] 101.251.238.50 GET 47.95.1.68:443/
[运行时间：0.016329s] [吞吐率：61.24req/s] [内存消耗：1,874.85kb] [文件加载：68]
[ info ] [ LANG ] /www/wwwroot/mis.mbacms.com/thinkphp/lang/zh-cn.php
[ info ] [ ROUTE ] array (
)
[ info ] [ HEADER ] array (
  'accept' => 'application/json, text/plain, */*',
  'accept-charset' => 'GBK,utf-8;q=0.7,*;q=0.3',
  'accept-language' => 'zh-CN,zh;q=0.8,en-US;q=0.5,en;q=0.3',
  'accept-encoding' => 'gzip, deflate, br',
  'user-agent' => 'Mozilla/5.0 (Windows NT 6.1; WOW64; rv:52.0) Gecko/20100101 Firefox/52.0',
  'host' => '47.95.1.68:443',
)
[ info ] [ PARAM ] array (
)
---------------------------------------------------------------

[2020-04-07T01:13:28+08:00] 77.88.5.79 GET mbacms.com/index/login/login.html
[运行时间：0.022493s] [吞吐率：44.46req/s] [内存消耗：2,627.55kb] [文件加载：71]
[ info ] [ LANG ] /www/wwwroot/mis.mbacms.com/thinkphp/lang/zh-cn.php
[ info ] [ ROUTE ] array (
)
[ info ] [ HEADER ] array (
  'accept' => '*/*',
  'accept-encoding' => 'gzip,deflate',
  'from' => 'support@search.yandex.ru',
  'user-agent' => 'Mozilla/5.0 (compatible; YandexBot/3.0; +http://yandex.com/bots)',
  'connection' => 'Keep-Alive',
  'host' => 'mbacms.com',
)
[ info ] [ PARAM ] array (
)
[ info ] [ DB ] INIT mysql
[ info ] [ VIEW ] /www/wwwroot/mis.mbacms.com/application/index/view/login/login.html [ array (
  0 => 'site_config',
) ]
---------------------------------------------------------------

[2020-04-07T03:15:17+08:00] 169.197.108.38 GET 47.95.1.68/
[运行时间：0.015567s] [吞吐率：64.24req/s] [内存消耗：1,874.43kb] [文件加载：68]
[ info ] [ LANG ] /www/wwwroot/mis.mbacms.com/thinkphp/lang/zh-cn.php
[ info ] [ ROUTE ] array (
)
[ info ] [ HEADER ] array (
  'accept-encoding' => 'gzip',
  'accept' => '*/*',
  'user-agent' => 'Mozilla/5.0 (Windows NT 10.0; Win64; x64) AppleWebKit/537.36 (KHTML, like Gecko) Chrome/60.0.3112.113 Safari/537.36',
  'host' => '47.95.1.68',
)
[ info ] [ PARAM ] array (
)
---------------------------------------------------------------

[2020-04-07T03:15:17+08:00] 169.197.108.38 GET 47.95.1.68/index/login/login.html
[运行时间：0.022874s] [吞吐率：43.72req/s] [内存消耗：2,627.55kb] [文件加载：71]
[ info ] [ LANG ] /www/wwwroot/mis.mbacms.com/thinkphp/lang/zh-cn.php
[ info ] [ ROUTE ] array (
)
[ info ] [ HEADER ] array (
  'accept-encoding' => 'gzip',
  'referer' => 'https://47.95.1.68/',
  'accept' => '*/*',
  'user-agent' => 'Mozilla/5.0 (Windows NT 10.0; Win64; x64) AppleWebKit/537.36 (KHTML, like Gecko) Chrome/60.0.3112.113 Safari/537.36',
  'host' => '47.95.1.68',
)
[ info ] [ PARAM ] array (
)
[ info ] [ DB ] INIT mysql
[ info ] [ VIEW ] /www/wwwroot/mis.mbacms.com/application/index/view/login/login.html [ array (
  0 => 'site_config',
) ]
---------------------------------------------------------------

[2020-04-07T04:42:19+08:00] 47.101.157.170 GET 47.95.1.68/
[运行时间：0.016723s] [吞吐率：59.80req/s] [内存消耗：1,874.19kb] [文件加载：68]
[ info ] [ LANG ] /www/wwwroot/mis.mbacms.com/thinkphp/lang/zh-cn.php
[ info ] [ ROUTE ] array (
)
[ info ] [ HEADER ] array (
  'accept-encoding' => 'gzip',
  'connection' => 'Keep-Alive',
  'host' => '47.95.1.68',
  'user-agent' => 'Mozilla/5.0 (Linux/Android/android/iphone;)',
)
[ info ] [ PARAM ] array (
)
---------------------------------------------------------------

[2020-04-07T04:42:19+08:00] 47.101.157.170 GET 47.95.1.68/index/login/login.html
[运行时间：0.022042s] [吞吐率：45.37req/s] [内存消耗：2,627.22kb] [文件加载：71]
[ info ] [ LANG ] /www/wwwroot/mis.mbacms.com/thinkphp/lang/zh-cn.php
[ info ] [ ROUTE ] array (
)
[ info ] [ HEADER ] array (
  'accept-encoding' => 'gzip',
  'connection' => 'Keep-Alive',
  'host' => '47.95.1.68',
  'user-agent' => 'Mozilla/5.0 (Linux/Android/android/iphone;)',
)
[ info ] [ PARAM ] array (
)
[ info ] [ DB ] INIT mysql
[ info ] [ VIEW ] /www/wwwroot/mis.mbacms.com/application/index/view/login/login.html [ array (
  0 => 'site_config',
) ]
---------------------------------------------------------------

[2020-04-07T06:35:42+08:00] 3.101.40.169 GET 47.95.1.68:443/owa/auth/logon.aspx
[运行时间：0.013397s] [吞吐率：74.64req/s] [内存消耗：1,468.27kb] [文件加载：59]
[ info ] [ LANG ] /www/wwwroot/mis.mbacms.com/thinkphp/lang/zh-cn.php
---------------------------------------------------------------

[2020-04-07T08:05:09+08:00] 47.101.198.117 GET mis.mbacms.com/
[运行时间：0.017036s] [吞吐率：58.70req/s] [内存消耗：1,874.24kb] [文件加载：68]
[ info ] [ LANG ] /www/wwwroot/mis.mbacms.com/thinkphp/lang/zh-cn.php
[ info ] [ ROUTE ] array (
)
[ info ] [ HEADER ] array (
  'accept-encoding' => 'gzip',
  'connection' => 'Keep-Alive',
  'host' => 'mis.mbacms.com',
  'user-agent' => 'Mozilla/5.0 (X11; Ubuntu; Linux x86_64; rv:36.0) Gecko/20100101 Firefox/36.0',
)
[ info ] [ PARAM ] array (
)
---------------------------------------------------------------

[2020-04-07T08:05:09+08:00] 47.101.198.117 GET mis.mbacms.com/index/login/login.html
[运行时间：0.022640s] [吞吐率：44.17req/s] [内存消耗：2,627.40kb] [文件加载：71]
[ info ] [ LANG ] /www/wwwroot/mis.mbacms.com/thinkphp/lang/zh-cn.php
[ info ] [ ROUTE ] array (
)
[ info ] [ HEADER ] array (
  'accept-encoding' => 'gzip',
  'connection' => 'Keep-Alive',
  'host' => 'mis.mbacms.com',
  'user-agent' => 'Mozilla/5.0 (X11; Ubuntu; Linux x86_64; rv:36.0) Gecko/20100101 Firefox/36.0',
)
[ info ] [ PARAM ] array (
)
[ info ] [ DB ] INIT mysql
[ info ] [ VIEW ] /www/wwwroot/mis.mbacms.com/application/index/view/login/login.html [ array (
  0 => 'site_config',
) ]
---------------------------------------------------------------

[2020-04-07T08:43:25+08:00] 114.249.224.63 GET mis.mbacms.com/admin/index/
[运行时间：0.034797s] [吞吐率：28.74req/s] [内存消耗：2,812.16kb] [文件加载：75]
[ info ] [ LANG ] /www/wwwroot/mis.mbacms.com/thinkphp/lang/zh-cn.php
[ info ] [ ROUTE ] array (
)
[ info ] [ HEADER ] array (
  'host' => 'mis.mbacms.com',
  'accept-language' => 'zh-CN,zh;q=0.9',
  'accept-encoding' => 'gzip, deflate, br',
  'sec-fetch-mode' => 'navigate',
  'sec-fetch-site' => 'none',
  'accept' => 'text/html,application/xhtml+xml,application/xml;q=0.9,image/webp,image/apng,*/*;q=0.8,application/signed-exchange;v=b3',
  'sec-fetch-user' => '?1',
  'user-agent' => 'Mozilla/5.0 (Windows NT 6.1; Win64; x64) AppleWebKit/537.36 (KHTML, like Gecko) Chrome/78.0.3904.70 Safari/537.36',
  'upgrade-insecure-requests' => '1',
)
[ info ] [ PARAM ] array (
)
[ info ] [ DB ] INIT mysql
---------------------------------------------------------------

[2020-04-07T08:43:25+08:00] 114.249.224.63 GET mis.mbacms.com/admin/login/login.html
[运行时间：0.023906s] [吞吐率：41.83req/s] [内存消耗：2,698.48kb] [文件加载：73]
[ info ] [ LANG ] /www/wwwroot/mis.mbacms.com/thinkphp/lang/zh-cn.php
[ info ] [ ROUTE ] array (
)
[ info ] [ HEADER ] array (
  'host' => 'mis.mbacms.com',
  'cookie' => 'PHPSESSID=kfope9njsvbe1r4nc2q9sjdt35',
  'accept-language' => 'zh-CN,zh;q=0.9',
  'accept-encoding' => 'gzip, deflate, br',
  'sec-fetch-mode' => 'navigate',
  'sec-fetch-site' => 'none',
  'accept' => 'text/html,application/xhtml+xml,application/xml;q=0.9,image/webp,image/apng,*/*;q=0.8,application/signed-exchange;v=b3',
  'sec-fetch-user' => '?1',
  'user-agent' => 'Mozilla/5.0 (Windows NT 6.1; Win64; x64) AppleWebKit/537.36 (KHTML, like Gecko) Chrome/78.0.3904.70 Safari/537.36',
  'upgrade-insecure-requests' => '1',
)
[ info ] [ PARAM ] array (
)
[ info ] [ DB ] INIT mysql
[ info ] [ VIEW ] /www/wwwroot/mis.mbacms.com/application/admin/view/login/login.html [ array (
  0 => 'site_config',
) ]
---------------------------------------------------------------

[2020-04-07T08:43:25+08:00] 114.249.224.63 GET mis.mbacms.com/admin/login/getcode?length=4&font_size=20&width=128&height=42&use_noise=1&use_curve=0
[运行时间：0.016542s] [吞吐率：60.45req/s] [内存消耗：1,795.88kb] [文件加载：66]
[ info ] [ LANG ] /www/wwwroot/mis.mbacms.com/thinkphp/lang/zh-cn.php
[ info ] [ ROUTE ] array (
)
[ info ] [ HEADER ] array (
  'host' => 'mis.mbacms.com',
  'cookie' => 'PHPSESSID=kfope9njsvbe1r4nc2q9sjdt35',
  'accept-language' => 'zh-CN,zh;q=0.9',
  'accept-encoding' => 'gzip, deflate, br',
  'referer' => 'https://mis.mbacms.com/admin/login/login.html',
  'sec-fetch-mode' => 'no-cors',
  'sec-fetch-site' => 'same-origin',
  'accept' => 'image/webp,image/apng,image/*,*/*;q=0.8',
  'user-agent' => 'Mozilla/5.0 (Windows NT 6.1; Win64; x64) AppleWebKit/537.36 (KHTML, like Gecko) Chrome/78.0.3904.70 Safari/537.36',
)
[ info ] [ PARAM ] array (
  'length' => '4',
  'font_size' => '20',
  'width' => '128',
  'height' => '42',
  'use_noise' => '1',
  'use_curve' => '0',
)
---------------------------------------------------------------

[2020-04-07T08:43:27+08:00] 114.249.224.63 GET mis.mbacms.com/favicon.ico
[运行时间：0.013371s] [吞吐率：74.79req/s] [内存消耗：1,468.70kb] [文件加载：59]
[ info ] [ LANG ] /www/wwwroot/mis.mbacms.com/thinkphp/lang/zh-cn.php
---------------------------------------------------------------

[2020-04-07T08:43:53+08:00] 114.249.224.63 POST mis.mbacms.com/admin/login/login
[运行时间：0.039570s] [吞吐率：25.27req/s] [内存消耗：3,040.34kb] [文件加载：81]
[ info ] [ LANG ] /www/wwwroot/mis.mbacms.com/thinkphp/lang/zh-cn.php
[ info ] [ ROUTE ] array (
)
[ info ] [ HEADER ] array (
  'host' => 'mis.mbacms.com',
  'cookie' => 'thinkphp_show_page_trace=0|0; PHPSESSID=kfope9njsvbe1r4nc2q9sjdt35',
  'accept-language' => 'zh-CN,zh;q=0.9',
  'accept-encoding' => 'gzip, deflate, br',
  'referer' => 'https://mis.mbacms.com/admin/login/login.html',
  'sec-fetch-mode' => 'cors',
  'sec-fetch-site' => 'same-origin',
  'user-agent' => 'Mozilla/5.0 (Windows NT 6.1; Win64; x64) AppleWebKit/537.36 (KHTML, like Gecko) Chrome/78.0.3904.70 Safari/537.36',
  'x-requested-with' => 'XMLHttpRequest',
  'origin' => 'https://mis.mbacms.com',
  'accept' => 'application/json, text/javascript, */*; q=0.01',
  'content-type' => 'application/x-www-form-urlencoded; charset=UTF-8',
  'content-length' => '48',
)
[ info ] [ PARAM ] array (
  'username' => 'hk',
  'password' => 'hk123!@#',
  'logincode' => 'ADKM',
)
[ info ] [ DB ] INIT mysql
---------------------------------------------------------------

[2020-04-07T08:43:56+08:00] 114.249.224.63 GET mis.mbacms.com/admin/index/index.html
[运行时间：0.030565s] [吞吐率：32.72req/s] [内存消耗：3,074.73kb] [文件加载：80]
[ info ] [ LANG ] /www/wwwroot/mis.mbacms.com/thinkphp/lang/zh-cn.php
[ info ] [ ROUTE ] array (
)
[ info ] [ HEADER ] array (
  'host' => 'mis.mbacms.com',
  'cookie' => 'PHPSESSID=kfope9njsvbe1r4nc2q9sjdt35',
  'accept-language' => 'zh-CN,zh;q=0.9',
  'accept-encoding' => 'gzip, deflate, br',
  'referer' => 'https://mis.mbacms.com/admin/login/login.html',
  'sec-fetch-mode' => 'navigate',
  'sec-fetch-site' => 'same-origin',
  'accept' => 'text/html,application/xhtml+xml,application/xml;q=0.9,image/webp,image/apng,*/*;q=0.8,application/signed-exchange;v=b3',
  'sec-fetch-user' => '?1',
  'user-agent' => 'Mozilla/5.0 (Windows NT 6.1; Win64; x64) AppleWebKit/537.36 (KHTML, like Gecko) Chrome/78.0.3904.70 Safari/537.36',
  'upgrade-insecure-requests' => '1',
)
[ info ] [ PARAM ] array (
)
[ info ] [ DB ] INIT mysql
[ info ] [ VIEW ] /www/wwwroot/mis.mbacms.com/application/admin/view/index/index.html [ array (
  0 => 'site_config',
  1 => 'theme',
  2 => 'menu',
  3 => 'controller',
  4 => 'action',
) ]
---------------------------------------------------------------

[2020-04-07T08:43:57+08:00] 114.249.224.63 GET mis.mbacms.com/admin/index/welcome.html
[运行时间：0.044919s] [吞吐率：22.26req/s] [内存消耗：3,410.91kb] [文件加载：88]
[ info ] [ LANG ] /www/wwwroot/mis.mbacms.com/thinkphp/lang/zh-cn.php
[ info ] [ ROUTE ] array (
)
[ info ] [ HEADER ] array (
  'host' => 'mis.mbacms.com',
  'cookie' => 'PHPSESSID=kfope9njsvbe1r4nc2q9sjdt35',
  'accept-language' => 'zh-CN,zh;q=0.9',
  'accept-encoding' => 'gzip, deflate, br',
  'referer' => 'https://mis.mbacms.com/admin/index/index.html',
  'sec-fetch-mode' => 'nested-navigate',
  'sec-fetch-site' => 'same-origin',
  'accept' => 'text/html,application/xhtml+xml,application/xml;q=0.9,image/webp,image/apng,*/*;q=0.8,application/signed-exchange;v=b3',
  'user-agent' => 'Mozilla/5.0 (Windows NT 6.1; Win64; x64) AppleWebKit/537.36 (KHTML, like Gecko) Chrome/78.0.3904.70 Safari/537.36',
  'upgrade-insecure-requests' => '1',
)
[ info ] [ PARAM ] array (
)
[ info ] [ DB ] INIT mysql
[ info ] [ VIEW ] /www/wwwroot/mis.mbacms.com/application/admin/view/index/welcome.html [ array (
  0 => 'site_config',
  1 => 'theme',
  2 => 'menu',
  3 => 'controller',
  4 => 'action',
  5 => 'first_line',
  6 => 'second_line',
  7 => 'topData',
) ]
---------------------------------------------------------------

[2020-04-07T08:43:59+08:00] 114.249.224.63 GET mis.mbacms.com/admin/index/memberchart.html
[运行时间：0.027445s] [吞吐率：36.44req/s] [内存消耗：2,830.64kb] [文件加载：74]
[ info ] [ LANG ] /www/wwwroot/mis.mbacms.com/thinkphp/lang/zh-cn.php
[ info ] [ ROUTE ] array (
)
[ info ] [ HEADER ] array (
  'host' => 'mis.mbacms.com',
  'cookie' => 'thinkphp_show_page_trace=0|0; PHPSESSID=kfope9njsvbe1r4nc2q9sjdt35',
  'accept-language' => 'zh-CN,zh;q=0.9',
  'accept-encoding' => 'gzip, deflate, br',
  'referer' => 'https://mis.mbacms.com/admin/index/welcome.html',
  'sec-fetch-mode' => 'cors',
  'sec-fetch-site' => 'same-origin',
  'user-agent' => 'Mozilla/5.0 (Windows NT 6.1; Win64; x64) AppleWebKit/537.36 (KHTML, like Gecko) Chrome/78.0.3904.70 Safari/537.36',
  'accept' => 'application/json, text/plain, */*',
)
[ info ] [ PARAM ] array (
)
[ info ] [ DB ] INIT mysql
---------------------------------------------------------------

[2020-04-07T08:43:59+08:00] 114.249.224.63 GET mis.mbacms.com/admin/index/orderchart.html?cycle=thirtyday
[运行时间：0.040214s] [吞吐率：24.87req/s] [内存消耗：3,381.42kb] [文件加载：84]
[ info ] [ LANG ] /www/wwwroot/mis.mbacms.com/thinkphp/lang/zh-cn.php
[ info ] [ ROUTE ] array (
)
[ info ] [ HEADER ] array (
  'host' => 'mis.mbacms.com',
  'cookie' => 'thinkphp_show_page_trace=0|0; PHPSESSID=kfope9njsvbe1r4nc2q9sjdt35',
  'accept-language' => 'zh-CN,zh;q=0.9',
  'accept-encoding' => 'gzip, deflate, br',
  'referer' => 'https://mis.mbacms.com/admin/index/welcome.html',
  'sec-fetch-mode' => 'cors',
  'sec-fetch-site' => 'same-origin',
  'user-agent' => 'Mozilla/5.0 (Windows NT 6.1; Win64; x64) AppleWebKit/537.36 (KHTML, like Gecko) Chrome/78.0.3904.70 Safari/537.36',
  'accept' => 'application/json, text/plain, */*',
)
[ info ] [ PARAM ] array (
  'cycle' => 'thirtyday',
)
[ info ] [ DB ] INIT mysql
---------------------------------------------------------------

[2020-04-07T08:44:07+08:00] 114.249.224.63 GET mis.mbacms.com/admin/stocks/stockslist.html
[运行时间：0.035247s] [吞吐率：28.37req/s] [内存消耗：3,308.82kb] [文件加载：87]
[ info ] [ LANG ] /www/wwwroot/mis.mbacms.com/thinkphp/lang/zh-cn.php
[ info ] [ ROUTE ] array (
)
[ info ] [ HEADER ] array (
  'host' => 'mis.mbacms.com',
  'cookie' => 'PHPSESSID=kfope9njsvbe1r4nc2q9sjdt35',
  'accept-language' => 'zh-CN,zh;q=0.9',
  'accept-encoding' => 'gzip, deflate, br',
  'referer' => 'https://mis.mbacms.com/admin/index/index.html',
  'sec-fetch-mode' => 'nested-navigate',
  'sec-fetch-site' => 'same-origin',
  'accept' => 'text/html,application/xhtml+xml,application/xml;q=0.9,image/webp,image/apng,*/*;q=0.8,application/signed-exchange;v=b3',
  'user-agent' => 'Mozilla/5.0 (Windows NT 6.1; Win64; x64) AppleWebKit/537.36 (KHTML, like Gecko) Chrome/78.0.3904.70 Safari/537.36',
  'upgrade-insecure-requests' => '1',
)
[ info ] [ PARAM ] array (
)
[ info ] [ DB ] INIT mysql
[ info ] [ VIEW ] /www/wwwroot/mis.mbacms.com/application/admin/view/stocks/stocksList.html [ array (
  0 => 'site_config',
  1 => 'theme',
  2 => 'menu',
  3 => 'controller',
  4 => 'action',
  5 => 'category',
  6 => 'storehouse',
) ]
---------------------------------------------------------------

[2020-04-07T08:44:08+08:00] 114.249.224.63 GET mis.mbacms.com/admin/stocks/stocksListJson?page=1&limit=10
[运行时间：0.030730s] [吞吐率：32.54req/s] [内存消耗：2,999.02kb] [文件加载：76]
[ info ] [ LANG ] /www/wwwroot/mis.mbacms.com/thinkphp/lang/zh-cn.php
[ info ] [ ROUTE ] array (
)
[ info ] [ HEADER ] array (
  'host' => 'mis.mbacms.com',
  'cookie' => 'thinkphp_show_page_trace=0|0; PHPSESSID=kfope9njsvbe1r4nc2q9sjdt35',
  'accept-language' => 'zh-CN,zh;q=0.9',
  'accept-encoding' => 'gzip, deflate, br',
  'referer' => 'https://mis.mbacms.com/admin/stocks/stockslist.html',
  'sec-fetch-mode' => 'cors',
  'sec-fetch-site' => 'same-origin',
  'user-agent' => 'Mozilla/5.0 (Windows NT 6.1; Win64; x64) AppleWebKit/537.36 (KHTML, like Gecko) Chrome/78.0.3904.70 Safari/537.36',
  'x-requested-with' => 'XMLHttpRequest',
  'accept' => 'application/json, text/javascript, */*; q=0.01',
)
[ info ] [ PARAM ] array (
  'page' => '1',
  'limit' => '10',
)
[ info ] [ DB ] INIT mysql
---------------------------------------------------------------

[2020-04-07T09:20:47+08:00] 114.249.224.63 GET mis.mbacms.com/admin/stocks/viewSupplier.html?id=93
[运行时间：0.039298s] [吞吐率：25.45req/s] [内存消耗：2,944.66kb] [文件加载：78]
[ info ] [ LANG ] /www/wwwroot/mis.mbacms.com/thinkphp/lang/zh-cn.php
[ info ] [ ROUTE ] array (
)
[ info ] [ HEADER ] array (
  'host' => 'mis.mbacms.com',
  'cookie' => 'thinkphp_show_page_trace=0|0; PHPSESSID=kfope9njsvbe1r4nc2q9sjdt35',
  'accept-language' => 'zh-CN,zh;q=0.9',
  'accept-encoding' => 'gzip, deflate, br',
  'referer' => 'https://mis.mbacms.com/admin/stocks/stockslist.html',
  'sec-fetch-mode' => 'nested-navigate',
  'sec-fetch-site' => 'same-origin',
  'accept' => 'text/html,application/xhtml+xml,application/xml;q=0.9,image/webp,image/apng,*/*;q=0.8,application/signed-exchange;v=b3',
  'user-agent' => 'Mozilla/5.0 (Windows NT 6.1; Win64; x64) AppleWebKit/537.36 (KHTML, like Gecko) Chrome/78.0.3904.70 Safari/537.36',
  'upgrade-insecure-requests' => '1',
)
[ info ] [ PARAM ] array (
  'id' => '93',
)
[ info ] [ DB ] INIT mysql
[ info ] [ VIEW ] /www/wwwroot/mis.mbacms.com/application/admin/view/stocks/viewSupplier.html [ array (
  0 => 'site_config',
  1 => 'theme',
  2 => 'menu',
  3 => 'controller',
  4 => 'action',
  5 => 'data',
) ]
---------------------------------------------------------------

[2020-04-07T09:20:57+08:00] 114.249.224.63 GET mis.mbacms.com/admin/stocks/viewSupplier.html?id=92
[运行时间：0.032417s] [吞吐率：30.85req/s] [内存消耗：2,947.72kb] [文件加载：78]
[ info ] [ LANG ] /www/wwwroot/mis.mbacms.com/thinkphp/lang/zh-cn.php
[ info ] [ ROUTE ] array (
)
[ info ] [ HEADER ] array (
  'host' => 'mis.mbacms.com',
  'cookie' => 'thinkphp_show_page_trace=0|0; PHPSESSID=kfope9njsvbe1r4nc2q9sjdt35',
  'accept-language' => 'zh-CN,zh;q=0.9',
  'accept-encoding' => 'gzip, deflate, br',
  'referer' => 'https://mis.mbacms.com/admin/stocks/stockslist.html',
  'sec-fetch-mode' => 'nested-navigate',
  'sec-fetch-site' => 'same-origin',
  'accept' => 'text/html,application/xhtml+xml,application/xml;q=0.9,image/webp,image/apng,*/*;q=0.8,application/signed-exchange;v=b3',
  'user-agent' => 'Mozilla/5.0 (Windows NT 6.1; Win64; x64) AppleWebKit/537.36 (KHTML, like Gecko) Chrome/78.0.3904.70 Safari/537.36',
  'upgrade-insecure-requests' => '1',
)
[ info ] [ PARAM ] array (
  'id' => '92',
)
[ info ] [ DB ] INIT mysql
[ info ] [ VIEW ] /www/wwwroot/mis.mbacms.com/application/admin/view/stocks/viewSupplier.html [ array (
  0 => 'site_config',
  1 => 'theme',
  2 => 'menu',
  3 => 'controller',
  4 => 'action',
  5 => 'data',
) ]
---------------------------------------------------------------

[2020-04-07T09:21:06+08:00] 114.249.224.63 GET mis.mbacms.com/admin/stocks/viewSupplier.html?id=90
[运行时间：0.031947s] [吞吐率：31.30req/s] [内存消耗：2,946.96kb] [文件加载：78]
[ info ] [ LANG ] /www/wwwroot/mis.mbacms.com/thinkphp/lang/zh-cn.php
[ info ] [ ROUTE ] array (
)
[ info ] [ HEADER ] array (
  'host' => 'mis.mbacms.com',
  'cookie' => 'thinkphp_show_page_trace=0|0; PHPSESSID=kfope9njsvbe1r4nc2q9sjdt35',
  'accept-language' => 'zh-CN,zh;q=0.9',
  'accept-encoding' => 'gzip, deflate, br',
  'referer' => 'https://mis.mbacms.com/admin/stocks/stockslist.html',
  'sec-fetch-mode' => 'nested-navigate',
  'sec-fetch-site' => 'same-origin',
  'accept' => 'text/html,application/xhtml+xml,application/xml;q=0.9,image/webp,image/apng,*/*;q=0.8,application/signed-exchange;v=b3',
  'user-agent' => 'Mozilla/5.0 (Windows NT 6.1; Win64; x64) AppleWebKit/537.36 (KHTML, like Gecko) Chrome/78.0.3904.70 Safari/537.36',
  'upgrade-insecure-requests' => '1',
)
[ info ] [ PARAM ] array (
  'id' => '90',
)
[ info ] [ DB ] INIT mysql
[ info ] [ VIEW ] /www/wwwroot/mis.mbacms.com/application/admin/view/stocks/viewSupplier.html [ array (
  0 => 'site_config',
  1 => 'theme',
  2 => 'menu',
  3 => 'controller',
  4 => 'action',
  5 => 'data',
) ]
---------------------------------------------------------------

[2020-04-07T09:21:13+08:00] 114.249.224.63 GET mis.mbacms.com/admin/stocks/viewSupplier.html?id=89
[运行时间：0.034915s] [吞吐率：28.64req/s] [内存消耗：2,947.71kb] [文件加载：78]
[ info ] [ LANG ] /www/wwwroot/mis.mbacms.com/thinkphp/lang/zh-cn.php
[ info ] [ ROUTE ] array (
)
[ info ] [ HEADER ] array (
  'host' => 'mis.mbacms.com',
  'cookie' => 'thinkphp_show_page_trace=0|0; PHPSESSID=kfope9njsvbe1r4nc2q9sjdt35',
  'accept-language' => 'zh-CN,zh;q=0.9',
  'accept-encoding' => 'gzip, deflate, br',
  'referer' => 'https://mis.mbacms.com/admin/stocks/stockslist.html',
  'sec-fetch-mode' => 'nested-navigate',
  'sec-fetch-site' => 'same-origin',
  'accept' => 'text/html,application/xhtml+xml,application/xml;q=0.9,image/webp,image/apng,*/*;q=0.8,application/signed-exchange;v=b3',
  'user-agent' => 'Mozilla/5.0 (Windows NT 6.1; Win64; x64) AppleWebKit/537.36 (KHTML, like Gecko) Chrome/78.0.3904.70 Safari/537.36',
  'upgrade-insecure-requests' => '1',
)
[ info ] [ PARAM ] array (
  'id' => '89',
)
[ info ] [ DB ] INIT mysql
[ info ] [ VIEW ] /www/wwwroot/mis.mbacms.com/application/admin/view/stocks/viewSupplier.html [ array (
  0 => 'site_config',
  1 => 'theme',
  2 => 'menu',
  3 => 'controller',
  4 => 'action',
  5 => 'data',
) ]
---------------------------------------------------------------

[2020-04-07T09:21:18+08:00] 114.249.224.63 GET mis.mbacms.com/admin/stocks/viewSupplier.html?id=86
[运行时间：0.032824s] [吞吐率：30.47req/s] [内存消耗：2,947.65kb] [文件加载：78]
[ info ] [ LANG ] /www/wwwroot/mis.mbacms.com/thinkphp/lang/zh-cn.php
[ info ] [ ROUTE ] array (
)
[ info ] [ HEADER ] array (
  'host' => 'mis.mbacms.com',
  'cookie' => 'thinkphp_show_page_trace=0|0; PHPSESSID=kfope9njsvbe1r4nc2q9sjdt35',
  'accept-language' => 'zh-CN,zh;q=0.9',
  'accept-encoding' => 'gzip, deflate, br',
  'referer' => 'https://mis.mbacms.com/admin/stocks/stockslist.html',
  'sec-fetch-mode' => 'nested-navigate',
  'sec-fetch-site' => 'same-origin',
  'accept' => 'text/html,application/xhtml+xml,application/xml;q=0.9,image/webp,image/apng,*/*;q=0.8,application/signed-exchange;v=b3',
  'user-agent' => 'Mozilla/5.0 (Windows NT 6.1; Win64; x64) AppleWebKit/537.36 (KHTML, like Gecko) Chrome/78.0.3904.70 Safari/537.36',
  'upgrade-insecure-requests' => '1',
)
[ info ] [ PARAM ] array (
  'id' => '86',
)
[ info ] [ DB ] INIT mysql
[ info ] [ VIEW ] /www/wwwroot/mis.mbacms.com/application/admin/view/stocks/viewSupplier.html [ array (
  0 => 'site_config',
  1 => 'theme',
  2 => 'menu',
  3 => 'controller',
  4 => 'action',
  5 => 'data',
) ]
---------------------------------------------------------------

[2020-04-07T09:26:52+08:00] 114.249.224.63 GET mis.mbacms.com/admin/login/login.html
[运行时间：0.022690s] [吞吐率：44.07req/s] [内存消耗：2,697.93kb] [文件加载：73]
[ info ] [ LANG ] /www/wwwroot/mis.mbacms.com/thinkphp/lang/zh-cn.php
[ info ] [ ROUTE ] array (
)
[ info ] [ HEADER ] array (
  'host' => 'mis.mbacms.com',
  'cookie' => 'thinkphp_show_page_trace=0|0; PHPSESSID=i4tjm09rvcuv06fe3roc4attv4',
  'accept-language' => 'zh-CN,zh;q=0.9',
  'accept-encoding' => 'gzip, deflate, br',
  'accept' => 'text/html,application/xhtml+xml,application/xml;q=0.9,image/webp,image/apng,*/*;q=0.8',
  'user-agent' => 'Mozilla/5.0 (Windows NT 6.1; WOW64) AppleWebKit/537.36 (KHTML, like Gecko) Chrome/70.0.3538.25 Safari/537.36 Core/1.70.3704.400 QQBrowser/10.4.3620.400',
  'upgrade-insecure-requests' => '1',
)
[ info ] [ PARAM ] array (
)
[ info ] [ DB ] INIT mysql
[ info ] [ VIEW ] /www/wwwroot/mis.mbacms.com/application/admin/view/login/login.html [ array (
  0 => 'site_config',
) ]
---------------------------------------------------------------

[2020-04-07T09:26:52+08:00] 114.249.224.63 GET mis.mbacms.com/admin/login/getcode?length=4&font_size=20&width=128&height=42&use_noise=1&use_curve=0
[运行时间：0.016726s] [吞吐率：59.79req/s] [内存消耗：1,795.74kb] [文件加载：66]
[ info ] [ LANG ] /www/wwwroot/mis.mbacms.com/thinkphp/lang/zh-cn.php
[ info ] [ ROUTE ] array (
)
[ info ] [ HEADER ] array (
  'host' => 'mis.mbacms.com',
  'cookie' => 'thinkphp_show_page_trace=0|0; PHPSESSID=i4tjm09rvcuv06fe3roc4attv4',
  'accept-language' => 'zh-CN,zh;q=0.9',
  'accept-encoding' => 'gzip, deflate, br',
  'referer' => 'https://mis.mbacms.com/admin/login/login.html',
  'accept' => 'image/webp,image/apng,image/*,*/*;q=0.8',
  'user-agent' => 'Mozilla/5.0 (Windows NT 6.1; WOW64) AppleWebKit/537.36 (KHTML, like Gecko) Chrome/70.0.3538.25 Safari/537.36 Core/1.70.3704.400 QQBrowser/10.4.3620.400',
)
[ info ] [ PARAM ] array (
  'length' => '4',
  'font_size' => '20',
  'width' => '128',
  'height' => '42',
  'use_noise' => '1',
  'use_curve' => '0',
)
---------------------------------------------------------------

[2020-04-07T09:26:52+08:00] 114.249.224.63 GET mis.mbacms.com/favicon.ico
[运行时间：0.013466s] [吞吐率：74.26req/s] [内存消耗：1,468.31kb] [文件加载：59]
[ info ] [ LANG ] /www/wwwroot/mis.mbacms.com/thinkphp/lang/zh-cn.php
---------------------------------------------------------------

[2020-04-07T09:27:13+08:00] 114.249.224.63 POST mis.mbacms.com/admin/login/login
[运行时间：0.033336s] [吞吐率：30.00req/s] [内存消耗：3,040.37kb] [文件加载：81]
[ info ] [ LANG ] /www/wwwroot/mis.mbacms.com/thinkphp/lang/zh-cn.php
[ info ] [ ROUTE ] array (
)
[ info ] [ HEADER ] array (
  'host' => 'mis.mbacms.com',
  'cookie' => 'thinkphp_show_page_trace=0|0; PHPSESSID=i4tjm09rvcuv06fe3roc4attv4',
  'accept-language' => 'zh-CN,zh;q=0.9',
  'accept-encoding' => 'gzip, deflate, br',
  'referer' => 'https://mis.mbacms.com/admin/login/login.html',
  'user-agent' => 'Mozilla/5.0 (Windows NT 6.1; WOW64) AppleWebKit/537.36 (KHTML, like Gecko) Chrome/70.0.3538.25 Safari/537.36 Core/1.70.3704.400 QQBrowser/10.4.3620.400',
  'x-requested-with' => 'XMLHttpRequest',
  'origin' => 'https://mis.mbacms.com',
  'accept' => 'application/json, text/javascript, */*; q=0.01',
  'content-type' => 'application/x-www-form-urlencoded; charset=UTF-8',
  'content-length' => '50',
)
[ info ] [ PARAM ] array (
  'username' => 'zzh',
  'password' => 'zzh123!@#',
  'logincode' => 'wudh',
)
[ info ] [ DB ] INIT mysql
---------------------------------------------------------------

[2020-04-07T09:27:16+08:00] 114.249.224.63 GET mis.mbacms.com/admin/index/index.html
[运行时间：0.031885s] [吞吐率：31.36req/s] [内存消耗：3,025.59kb] [文件加载：80]
[ info ] [ LANG ] /www/wwwroot/mis.mbacms.com/thinkphp/lang/zh-cn.php
[ info ] [ ROUTE ] array (
)
[ info ] [ HEADER ] array (
  'host' => 'mis.mbacms.com',
  'cookie' => 'thinkphp_show_page_trace=0|0; PHPSESSID=i4tjm09rvcuv06fe3roc4attv4',
  'accept-language' => 'zh-CN,zh;q=0.9',
  'accept-encoding' => 'gzip, deflate, br',
  'referer' => 'https://mis.mbacms.com/admin/login/login.html',
  'accept' => 'text/html,application/xhtml+xml,application/xml;q=0.9,image/webp,image/apng,*/*;q=0.8',
  'user-agent' => 'Mozilla/5.0 (Windows NT 6.1; WOW64) AppleWebKit/537.36 (KHTML, like Gecko) Chrome/70.0.3538.25 Safari/537.36 Core/1.70.3704.400 QQBrowser/10.4.3620.400',
  'upgrade-insecure-requests' => '1',
)
[ info ] [ PARAM ] array (
)
[ info ] [ DB ] INIT mysql
[ info ] [ VIEW ] /www/wwwroot/mis.mbacms.com/application/admin/view/index/index.html [ array (
  0 => 'site_config',
  1 => 'theme',
  2 => 'menu',
  3 => 'controller',
  4 => 'action',
) ]
---------------------------------------------------------------

[2020-04-07T09:27:19+08:00] 114.249.224.63 GET mis.mbacms.com/admin/index/welcome.html
[运行时间：0.042661s] [吞吐率：23.44req/s] [内存消耗：3,396.21kb] [文件加载：88]
[ info ] [ LANG ] /www/wwwroot/mis.mbacms.com/thinkphp/lang/zh-cn.php
[ info ] [ ROUTE ] array (
)
[ info ] [ HEADER ] array (
  'host' => 'mis.mbacms.com',
  'cookie' => 'thinkphp_show_page_trace=0|0; PHPSESSID=i4tjm09rvcuv06fe3roc4attv4',
  'accept-language' => 'zh-CN,zh;q=0.9',
  'accept-encoding' => 'gzip, deflate, br',
  'referer' => 'https://mis.mbacms.com/admin/index/index.html',
  'accept' => 'text/html,application/xhtml+xml,application/xml;q=0.9,image/webp,image/apng,*/*;q=0.8',
  'user-agent' => 'Mozilla/5.0 (Windows NT 6.1; WOW64) AppleWebKit/537.36 (KHTML, like Gecko) Chrome/70.0.3538.25 Safari/537.36 Core/1.70.3704.400 QQBrowser/10.4.3620.400',
  'upgrade-insecure-requests' => '1',
)
[ info ] [ PARAM ] array (
)
[ info ] [ DB ] INIT mysql
[ info ] [ VIEW ] /www/wwwroot/mis.mbacms.com/application/admin/view/index/welcome.html [ array (
  0 => 'site_config',
  1 => 'theme',
  2 => 'menu',
  3 => 'controller',
  4 => 'action',
  5 => 'first_line',
  6 => 'second_line',
  7 => 'topData',
) ]
---------------------------------------------------------------

[2020-04-07T09:27:21+08:00] 114.249.224.63 GET mis.mbacms.com/admin/index/orderchart.html?cycle=thirtyday
[运行时间：0.033586s] [吞吐率：29.77req/s] [内存消耗：3,366.98kb] [文件加载：84]
[ info ] [ LANG ] /www/wwwroot/mis.mbacms.com/thinkphp/lang/zh-cn.php
[ info ] [ ROUTE ] array (
)
[ info ] [ HEADER ] array (
  'host' => 'mis.mbacms.com',
  'cookie' => 'thinkphp_show_page_trace=0|0; PHPSESSID=i4tjm09rvcuv06fe3roc4attv4',
  'accept-language' => 'zh-CN,zh;q=0.9',
  'accept-encoding' => 'gzip, deflate, br',
  'referer' => 'https://mis.mbacms.com/admin/index/welcome.html',
  'user-agent' => 'Mozilla/5.0 (Windows NT 6.1; WOW64) AppleWebKit/537.36 (KHTML, like Gecko) Chrome/70.0.3538.25 Safari/537.36 Core/1.70.3704.400 QQBrowser/10.4.3620.400',
  'accept' => 'application/json, text/plain, */*',
)
[ info ] [ PARAM ] array (
  'cycle' => 'thirtyday',
)
[ info ] [ DB ] INIT mysql
---------------------------------------------------------------

[2020-04-07T09:27:21+08:00] 114.249.224.63 GET mis.mbacms.com/admin/index/memberchart.html
[运行时间：0.040034s] [吞吐率：24.98req/s] [内存消耗：2,816.20kb] [文件加载：74]
[ info ] [ LANG ] /www/wwwroot/mis.mbacms.com/thinkphp/lang/zh-cn.php
[ info ] [ ROUTE ] array (
)
[ info ] [ HEADER ] array (
  'host' => 'mis.mbacms.com',
  'cookie' => 'thinkphp_show_page_trace=0|0; PHPSESSID=i4tjm09rvcuv06fe3roc4attv4',
  'accept-language' => 'zh-CN,zh;q=0.9',
  'accept-encoding' => 'gzip, deflate, br',
  'referer' => 'https://mis.mbacms.com/admin/index/welcome.html',
  'user-agent' => 'Mozilla/5.0 (Windows NT 6.1; WOW64) AppleWebKit/537.36 (KHTML, like Gecko) Chrome/70.0.3538.25 Safari/537.36 Core/1.70.3704.400 QQBrowser/10.4.3620.400',
  'accept' => 'application/json, text/plain, */*',
)
[ info ] [ PARAM ] array (
)
[ info ] [ DB ] INIT mysql
---------------------------------------------------------------

[2020-04-07T09:29:12+08:00] 114.249.224.63 GET mis.mbacms.com/admin/goods/goodslist.html
[运行时间：0.028582s] [吞吐率：34.99req/s] [内存消耗：2,945.03kb] [文件加载：80]
[ info ] [ LANG ] /www/wwwroot/mis.mbacms.com/thinkphp/lang/zh-cn.php
[ info ] [ ROUTE ] array (
)
[ info ] [ HEADER ] array (
  'host' => 'mis.mbacms.com',
  'cookie' => 'thinkphp_show_page_trace=0|0; PHPSESSID=i4tjm09rvcuv06fe3roc4attv4',
  'accept-language' => 'zh-CN,zh;q=0.9',
  'accept-encoding' => 'gzip, deflate, br',
  'referer' => 'https://mis.mbacms.com/admin/index/index.html',
  'accept' => 'text/html,application/xhtml+xml,application/xml;q=0.9,image/webp,image/apng,*/*;q=0.8',
  'user-agent' => 'Mozilla/5.0 (Windows NT 6.1; WOW64) AppleWebKit/537.36 (KHTML, like Gecko) Chrome/70.0.3538.25 Safari/537.36 Core/1.70.3704.400 QQBrowser/10.4.3620.400',
  'upgrade-insecure-requests' => '1',
)
[ info ] [ PARAM ] array (
)
[ info ] [ DB ] INIT mysql
[ info ] [ VIEW ] /www/wwwroot/mis.mbacms.com/application/admin/view/goods/goodsList.html [ array (
  0 => 'site_config',
  1 => 'theme',
  2 => 'menu',
  3 => 'controller',
  4 => 'action',
) ]
---------------------------------------------------------------

[2020-04-07T09:29:12+08:00] 114.249.224.63 GET mis.mbacms.com/admin/goods/goodsListJson?page=1&limit=10
[运行时间：0.029585s] [吞吐率：33.80req/s] [内存消耗：2,938.65kb] [文件加载：76]
[ info ] [ LANG ] /www/wwwroot/mis.mbacms.com/thinkphp/lang/zh-cn.php
[ info ] [ ROUTE ] array (
)
[ info ] [ HEADER ] array (
  'host' => 'mis.mbacms.com',
  'cookie' => 'thinkphp_show_page_trace=0|0; PHPSESSID=i4tjm09rvcuv06fe3roc4attv4',
  'accept-language' => 'zh-CN,zh;q=0.9',
  'accept-encoding' => 'gzip, deflate, br',
  'referer' => 'https://mis.mbacms.com/admin/goods/goodslist.html',
  'user-agent' => 'Mozilla/5.0 (Windows NT 6.1; WOW64) AppleWebKit/537.36 (KHTML, like Gecko) Chrome/70.0.3538.25 Safari/537.36 Core/1.70.3704.400 QQBrowser/10.4.3620.400',
  'x-requested-with' => 'XMLHttpRequest',
  'accept' => 'application/json, text/javascript, */*; q=0.01',
)
[ info ] [ PARAM ] array (
  'page' => '1',
  'limit' => '10',
)
[ info ] [ DB ] INIT mysql
---------------------------------------------------------------

[2020-04-07T09:48:57+08:00] 149.129.91.82 GET 47.95.1.68/
[运行时间：0.017433s] [吞吐率：57.36req/s] [内存消耗：1,874.05kb] [文件加载：68]
[ info ] [ LANG ] /www/wwwroot/mis.mbacms.com/thinkphp/lang/zh-cn.php
[ info ] [ ROUTE ] array (
)
[ info ] [ HEADER ] array (
  'accept-encoding' => 'gzip',
  'accept' => '*/*',
  'user-agent' => 'Mozilla/5.0 zgrab/0.x',
  'host' => '47.95.1.68',
)
[ info ] [ PARAM ] array (
)
---------------------------------------------------------------

[2020-04-07T09:48:57+08:00] 149.129.91.82 GET 47.95.1.68:443/index/login/login.html
[运行时间：0.022280s] [吞吐率：44.88req/s] [内存消耗：2,627.28kb] [文件加载：71]
[ info ] [ LANG ] /www/wwwroot/mis.mbacms.com/thinkphp/lang/zh-cn.php
[ info ] [ ROUTE ] array (
)
[ info ] [ HEADER ] array (
  'accept-encoding' => 'gzip',
  'referer' => 'https://47.95.1.68:443/',
  'accept' => '*/*',
  'user-agent' => 'Mozilla/5.0 zgrab/0.x',
  'host' => '47.95.1.68:443',
)
[ info ] [ PARAM ] array (
)
[ info ] [ DB ] INIT mysql
[ info ] [ VIEW ] /www/wwwroot/mis.mbacms.com/application/index/view/login/login.html [ array (
  0 => 'site_config',
) ]
---------------------------------------------------------------

[2020-04-07T10:17:46+08:00] 114.249.224.63 GET mis.mbacms.com/admin/goods/storehouselist.html
[运行时间：0.028393s] [吞吐率：35.22req/s] [内存消耗：2,883.02kb] [文件加载：78]
[ info ] [ LANG ] /www/wwwroot/mis.mbacms.com/thinkphp/lang/zh-cn.php
[ info ] [ ROUTE ] array (
)
[ info ] [ HEADER ] array (
  'host' => 'mis.mbacms.com',
  'cookie' => 'thinkphp_show_page_trace=0|0; PHPSESSID=i4tjm09rvcuv06fe3roc4attv4',
  'accept-language' => 'zh-CN,zh;q=0.9',
  'accept-encoding' => 'gzip, deflate, br',
  'referer' => 'https://mis.mbacms.com/admin/index/index.html',
  'accept' => 'text/html,application/xhtml+xml,application/xml;q=0.9,image/webp,image/apng,*/*;q=0.8',
  'user-agent' => 'Mozilla/5.0 (Windows NT 6.1; WOW64) AppleWebKit/537.36 (KHTML, like Gecko) Chrome/70.0.3538.25 Safari/537.36 Core/1.70.3704.400 QQBrowser/10.4.3620.400',
  'upgrade-insecure-requests' => '1',
)
[ info ] [ PARAM ] array (
)
[ info ] [ DB ] INIT mysql
[ info ] [ VIEW ] /www/wwwroot/mis.mbacms.com/application/admin/view/goods/storehouseList.html [ array (
  0 => 'site_config',
  1 => 'theme',
  2 => 'menu',
  3 => 'controller',
  4 => 'action',
) ]
---------------------------------------------------------------

[2020-04-07T10:17:47+08:00] 114.249.224.63 GET mis.mbacms.com/admin/goods/storehouseListJson?page=1&limit=10
[运行时间：0.029800s] [吞吐率：33.56req/s] [内存消耗：2,922.12kb] [文件加载：76]
[ info ] [ LANG ] /www/wwwroot/mis.mbacms.com/thinkphp/lang/zh-cn.php
[ info ] [ ROUTE ] array (
)
[ info ] [ HEADER ] array (
  'host' => 'mis.mbacms.com',
  'cookie' => 'thinkphp_show_page_trace=0|0; PHPSESSID=i4tjm09rvcuv06fe3roc4attv4',
  'accept-language' => 'zh-CN,zh;q=0.9',
  'accept-encoding' => 'gzip, deflate, br',
  'referer' => 'https://mis.mbacms.com/admin/goods/storehouselist.html',
  'user-agent' => 'Mozilla/5.0 (Windows NT 6.1; WOW64) AppleWebKit/537.36 (KHTML, like Gecko) Chrome/70.0.3538.25 Safari/537.36 Core/1.70.3704.400 QQBrowser/10.4.3620.400',
  'x-requested-with' => 'XMLHttpRequest',
  'accept' => 'application/json, text/javascript, */*; q=0.01',
)
[ info ] [ PARAM ] array (
  'page' => '1',
  'limit' => '10',
)
[ info ] [ DB ] INIT mysql
---------------------------------------------------------------

[2020-04-07T11:37:42+08:00] 106.14.142.126 GET mis.mbacms.com/
[运行时间：0.014993s] [吞吐率：66.70req/s] [内存消耗：1,874.18kb] [文件加载：68]
[ info ] [ LANG ] /www/wwwroot/mis.mbacms.com/thinkphp/lang/zh-cn.php
[ info ] [ ROUTE ] array (
)
[ info ] [ HEADER ] array (
  'accept-encoding' => 'gzip',
  'connection' => 'Keep-Alive',
  'host' => 'mis.mbacms.com',
  'user-agent' => 'Mozilla/5.0 (Linux/Android/android/iphone;)',
)
[ info ] [ PARAM ] array (
)
---------------------------------------------------------------

[2020-04-07T11:37:42+08:00] 106.14.142.126 GET mis.mbacms.com/index/login/login.html
[运行时间：0.023862s] [吞吐率：41.91req/s] [内存消耗：2,627.21kb] [文件加载：71]
[ info ] [ LANG ] /www/wwwroot/mis.mbacms.com/thinkphp/lang/zh-cn.php
[ info ] [ ROUTE ] array (
)
[ info ] [ HEADER ] array (
  'accept-encoding' => 'gzip',
  'connection' => 'Keep-Alive',
  'host' => 'mis.mbacms.com',
  'user-agent' => 'Mozilla/5.0 (Linux/Android/android/iphone;)',
)
[ info ] [ PARAM ] array (
)
[ info ] [ DB ] INIT mysql
[ info ] [ VIEW ] /www/wwwroot/mis.mbacms.com/application/index/view/login/login.html [ array (
  0 => 'site_config',
) ]
---------------------------------------------------------------

[2020-04-07T12:36:52+08:00] 184.105.247.194 GET 47.95.1.68/
[运行时间：0.015667s] [吞吐率：63.83req/s] [内存消耗：1,873.63kb] [文件加载：68]
[ info ] [ LANG ] /www/wwwroot/mis.mbacms.com/thinkphp/lang/zh-cn.php
[ info ] [ ROUTE ] array (
)
[ info ] [ HEADER ] array (
  'host' => '47.95.1.68',
)
[ info ] [ PARAM ] array (
)
---------------------------------------------------------------

[2020-04-07T13:36:56+08:00] 106.15.76.85 GET /
[运行时间：0.015340s] [吞吐率：65.19req/s] [内存消耗：1,873.16kb] [文件加载：68]
[ info ] [ LANG ] /www/wwwroot/mis.mbacms.com/thinkphp/lang/zh-cn.php
[ info ] [ ROUTE ] array (
)
[ info ] [ HEADER ] array (
)
[ info ] [ PARAM ] array (
)
---------------------------------------------------------------

[2020-04-07T14:47:10+08:00] 124.126.221.17 GET mis.mbacms.com/admin/index/index.html
[运行时间：0.023060s] [吞吐率：43.36req/s] [内存消耗：2,811.46kb] [文件加载：75]
[ info ] [ LANG ] /www/wwwroot/mis.mbacms.com/thinkphp/lang/zh-cn.php
[ info ] [ ROUTE ] array (
)
[ info ] [ HEADER ] array (
  'host' => 'mis.mbacms.com',
  'accept-language' => 'zh-CN,zh;q=0.9',
  'accept-encoding' => 'gzip, deflate, br',
  'accept' => 'text/html,application/xhtml+xml,application/xml;q=0.9,image/webp,image/apng,*/*;q=0.8',
  'user-agent' => 'Mozilla/5.0 (Windows NT 6.1) AppleWebKit/537.36 (KHTML, like Gecko) Chrome/70.0.3538.25 Safari/537.36 Core/1.70.3741.400 QQBrowser/10.5.3863.400',
  'upgrade-insecure-requests' => '1',
)
[ info ] [ PARAM ] array (
)
[ info ] [ DB ] INIT mysql
---------------------------------------------------------------

[2020-04-07T14:47:10+08:00] 124.126.221.17 GET mis.mbacms.com/admin/login/login.html
[运行时间：0.022744s] [吞吐率：43.97req/s] [内存消耗：2,697.93kb] [文件加载：73]
[ info ] [ LANG ] /www/wwwroot/mis.mbacms.com/thinkphp/lang/zh-cn.php
[ info ] [ ROUTE ] array (
)
[ info ] [ HEADER ] array (
  'host' => 'mis.mbacms.com',
  'cookie' => 'PHPSESSID=1pln9gjs6mdn73grm8f1l684i0',
  'accept-language' => 'zh-CN,zh;q=0.9',
  'accept-encoding' => 'gzip, deflate, br',
  'accept' => 'text/html,application/xhtml+xml,application/xml;q=0.9,image/webp,image/apng,*/*;q=0.8',
  'user-agent' => 'Mozilla/5.0 (Windows NT 6.1) AppleWebKit/537.36 (KHTML, like Gecko) Chrome/70.0.3538.25 Safari/537.36 Core/1.70.3741.400 QQBrowser/10.5.3863.400',
  'upgrade-insecure-requests' => '1',
)
[ info ] [ PARAM ] array (
)
[ info ] [ DB ] INIT mysql
[ info ] [ VIEW ] /www/wwwroot/mis.mbacms.com/application/admin/view/login/login.html [ array (
  0 => 'site_config',
) ]
---------------------------------------------------------------

[2020-04-07T14:47:11+08:00] 124.126.221.17 GET mis.mbacms.com/admin/login/getcode?length=4&font_size=20&width=128&height=42&use_noise=1&use_curve=0
[运行时间：0.016264s] [吞吐率：61.48req/s] [内存消耗：1,795.23kb] [文件加载：66]
[ info ] [ LANG ] /www/wwwroot/mis.mbacms.com/thinkphp/lang/zh-cn.php
[ info ] [ ROUTE ] array (
)
[ info ] [ HEADER ] array (
  'host' => 'mis.mbacms.com',
  'cookie' => 'PHPSESSID=1pln9gjs6mdn73grm8f1l684i0',
  'accept-language' => 'zh-CN,zh;q=0.9',
  'accept-encoding' => 'gzip, deflate, br',
  'referer' => 'https://mis.mbacms.com/admin/login/login.html',
  'accept' => 'image/webp,image/apng,image/*,*/*;q=0.8',
  'user-agent' => 'Mozilla/5.0 (Windows NT 6.1) AppleWebKit/537.36 (KHTML, like Gecko) Chrome/70.0.3538.25 Safari/537.36 Core/1.70.3741.400 QQBrowser/10.5.3863.400',
)
[ info ] [ PARAM ] array (
  'length' => '4',
  'font_size' => '20',
  'width' => '128',
  'height' => '42',
  'use_noise' => '1',
  'use_curve' => '0',
)
---------------------------------------------------------------

[2020-04-07T14:47:12+08:00] 124.126.221.17 GET mis.mbacms.com/favicon.ico
[运行时间：0.013704s] [吞吐率：72.97req/s] [内存消耗：1,468.31kb] [文件加载：59]
[ info ] [ LANG ] /www/wwwroot/mis.mbacms.com/thinkphp/lang/zh-cn.php
---------------------------------------------------------------

[2020-04-07T14:47:23+08:00] 124.126.221.17 POST mis.mbacms.com/admin/login/login
[运行时间：0.029184s] [吞吐率：34.27req/s] [内存消耗：3,040.20kb] [文件加载：81]
[ info ] [ LANG ] /www/wwwroot/mis.mbacms.com/thinkphp/lang/zh-cn.php
[ info ] [ ROUTE ] array (
)
[ info ] [ HEADER ] array (
  'host' => 'mis.mbacms.com',
  'cookie' => 'thinkphp_show_page_trace=0|0; PHPSESSID=1pln9gjs6mdn73grm8f1l684i0',
  'accept-language' => 'zh-CN,zh;q=0.9',
  'accept-encoding' => 'gzip, deflate, br',
  'referer' => 'https://mis.mbacms.com/admin/login/login.html',
  'user-agent' => 'Mozilla/5.0 (Windows NT 6.1) AppleWebKit/537.36 (KHTML, like Gecko) Chrome/70.0.3538.25 Safari/537.36 Core/1.70.3741.400 QQBrowser/10.5.3863.400',
  'x-requested-with' => 'XMLHttpRequest',
  'origin' => 'https://mis.mbacms.com',
  'accept' => 'application/json, text/javascript, */*; q=0.01',
  'content-type' => 'application/x-www-form-urlencoded; charset=UTF-8',
  'content-length' => '52',
)
[ info ] [ PARAM ] array (
  'username' => 'wanghu',
  'password' => 'wh123!@#',
  'logincode' => '2ykt',
)
[ info ] [ DB ] INIT mysql
---------------------------------------------------------------

[2020-04-07T14:47:26+08:00] 124.126.221.17 GET mis.mbacms.com/admin/index/index.html
[运行时间：0.030708s] [吞吐率：32.56req/s] [内存消耗：3,034.09kb] [文件加载：80]
[ info ] [ LANG ] /www/wwwroot/mis.mbacms.com/thinkphp/lang/zh-cn.php
[ info ] [ ROUTE ] array (
)
[ info ] [ HEADER ] array (
  'host' => 'mis.mbacms.com',
  'cookie' => 'PHPSESSID=1pln9gjs6mdn73grm8f1l684i0',
  'accept-language' => 'zh-CN,zh;q=0.9',
  'accept-encoding' => 'gzip, deflate, br',
  'referer' => 'https://mis.mbacms.com/admin/login/login.html',
  'accept' => 'text/html,application/xhtml+xml,application/xml;q=0.9,image/webp,image/apng,*/*;q=0.8',
  'user-agent' => 'Mozilla/5.0 (Windows NT 6.1) AppleWebKit/537.36 (KHTML, like Gecko) Chrome/70.0.3538.25 Safari/537.36 Core/1.70.3741.400 QQBrowser/10.5.3863.400',
  'upgrade-insecure-requests' => '1',
)
[ info ] [ PARAM ] array (
)
[ info ] [ DB ] INIT mysql
[ info ] [ VIEW ] /www/wwwroot/mis.mbacms.com/application/admin/view/index/index.html [ array (
  0 => 'site_config',
  1 => 'theme',
  2 => 'menu',
  3 => 'controller',
  4 => 'action',
) ]
---------------------------------------------------------------

[2020-04-07T14:47:27+08:00] 124.126.221.17 GET mis.mbacms.com/admin/index/welcome.html
[运行时间：0.044373s] [吞吐率：22.54req/s] [内存消耗：3,399.16kb] [文件加载：88]
[ info ] [ LANG ] /www/wwwroot/mis.mbacms.com/thinkphp/lang/zh-cn.php
[ info ] [ ROUTE ] array (
)
[ info ] [ HEADER ] array (
  'host' => 'mis.mbacms.com',
  'cookie' => 'thinkphp_show_page_trace=0|0; PHPSESSID=1pln9gjs6mdn73grm8f1l684i0',
  'accept-language' => 'zh-CN,zh;q=0.9',
  'accept-encoding' => 'gzip, deflate, br',
  'referer' => 'https://mis.mbacms.com/admin/index/index.html',
  'accept' => 'text/html,application/xhtml+xml,application/xml;q=0.9,image/webp,image/apng,*/*;q=0.8',
  'user-agent' => 'Mozilla/5.0 (Windows NT 6.1) AppleWebKit/537.36 (KHTML, like Gecko) Chrome/70.0.3538.25 Safari/537.36 Core/1.70.3741.400 QQBrowser/10.5.3863.400',
  'upgrade-insecure-requests' => '1',
)
[ info ] [ PARAM ] array (
)
[ info ] [ DB ] INIT mysql
[ info ] [ VIEW ] /www/wwwroot/mis.mbacms.com/application/admin/view/index/welcome.html [ array (
  0 => 'site_config',
  1 => 'theme',
  2 => 'menu',
  3 => 'controller',
  4 => 'action',
  5 => 'first_line',
  6 => 'second_line',
  7 => 'topData',
) ]
---------------------------------------------------------------

[2020-04-07T14:47:32+08:00] 124.126.221.17 GET mis.mbacms.com/admin/index/memberchart.html
[运行时间：0.028462s] [吞吐率：35.13req/s] [内存消耗：2,819.14kb] [文件加载：74]
[ info ] [ LANG ] /www/wwwroot/mis.mbacms.com/thinkphp/lang/zh-cn.php
[ info ] [ ROUTE ] array (
)
[ info ] [ HEADER ] array (
  'host' => 'mis.mbacms.com',
  'cookie' => 'thinkphp_show_page_trace=0|0; PHPSESSID=1pln9gjs6mdn73grm8f1l684i0',
  'accept-language' => 'zh-CN,zh;q=0.9',
  'accept-encoding' => 'gzip, deflate, br',
  'referer' => 'https://mis.mbacms.com/admin/index/welcome.html',
  'user-agent' => 'Mozilla/5.0 (Windows NT 6.1) AppleWebKit/537.36 (KHTML, like Gecko) Chrome/70.0.3538.25 Safari/537.36 Core/1.70.3741.400 QQBrowser/10.5.3863.400',
  'accept' => 'application/json, text/plain, */*',
)
[ info ] [ PARAM ] array (
)
[ info ] [ DB ] INIT mysql
---------------------------------------------------------------

[2020-04-07T14:47:32+08:00] 124.126.221.17 GET mis.mbacms.com/admin/index/orderchart.html?cycle=thirtyday
[运行时间：0.041128s] [吞吐率：24.31req/s] [内存消耗：3,369.92kb] [文件加载：84]
[ info ] [ LANG ] /www/wwwroot/mis.mbacms.com/thinkphp/lang/zh-cn.php
[ info ] [ ROUTE ] array (
)
[ info ] [ HEADER ] array (
  'host' => 'mis.mbacms.com',
  'cookie' => 'thinkphp_show_page_trace=0|0; PHPSESSID=1pln9gjs6mdn73grm8f1l684i0',
  'accept-language' => 'zh-CN,zh;q=0.9',
  'accept-encoding' => 'gzip, deflate, br',
  'referer' => 'https://mis.mbacms.com/admin/index/welcome.html',
  'user-agent' => 'Mozilla/5.0 (Windows NT 6.1) AppleWebKit/537.36 (KHTML, like Gecko) Chrome/70.0.3538.25 Safari/537.36 Core/1.70.3741.400 QQBrowser/10.5.3863.400',
  'accept' => 'application/json, text/plain, */*',
)
[ info ] [ PARAM ] array (
  'cycle' => 'thirtyday',
)
[ info ] [ DB ] INIT mysql
---------------------------------------------------------------

[2020-04-07T14:47:38+08:00] 124.126.221.17 GET mis.mbacms.com/admin/storage/storagelist.html
[运行时间：0.028178s] [吞吐率：35.49req/s] [内存消耗：2,808.71kb] [文件加载：78]
[ info ] [ LANG ] /www/wwwroot/mis.mbacms.com/thinkphp/lang/zh-cn.php
[ info ] [ ROUTE ] array (
)
[ info ] [ HEADER ] array (
  'host' => 'mis.mbacms.com',
  'cookie' => 'PHPSESSID=1pln9gjs6mdn73grm8f1l684i0',
  'accept-language' => 'zh-CN,zh;q=0.9',
  'accept-encoding' => 'gzip, deflate, br',
  'referer' => 'https://mis.mbacms.com/admin/index/index.html',
  'accept' => 'text/html,application/xhtml+xml,application/xml;q=0.9,image/webp,image/apng,*/*;q=0.8',
  'user-agent' => 'Mozilla/5.0 (Windows NT 6.1) AppleWebKit/537.36 (KHTML, like Gecko) Chrome/70.0.3538.25 Safari/537.36 Core/1.70.3741.400 QQBrowser/10.5.3863.400',
  'upgrade-insecure-requests' => '1',
)
[ info ] [ PARAM ] array (
)
[ info ] [ DB ] INIT mysql
[ info ] [ VIEW ] /www/wwwroot/mis.mbacms.com/application/admin/view/storage/storageList.html [ array (
  0 => 'site_config',
  1 => 'theme',
  2 => 'menu',
  3 => 'controller',
  4 => 'action',
  5 => 'ordertype',
) ]
---------------------------------------------------------------

[2020-04-07T14:47:38+08:00] 124.126.221.17 GET mis.mbacms.com/admin/storage/storageListJson?page=1&limit=10
[运行时间：0.028276s] [吞吐率：35.37req/s] [内存消耗：2,948.52kb] [文件加载：76]
[ info ] [ LANG ] /www/wwwroot/mis.mbacms.com/thinkphp/lang/zh-cn.php
[ info ] [ ROUTE ] array (
)
[ info ] [ HEADER ] array (
  'host' => 'mis.mbacms.com',
  'cookie' => 'thinkphp_show_page_trace=0|0; PHPSESSID=1pln9gjs6mdn73grm8f1l684i0',
  'accept-language' => 'zh-CN,zh;q=0.9',
  'accept-encoding' => 'gzip, deflate, br',
  'referer' => 'https://mis.mbacms.com/admin/storage/storagelist.html',
  'user-agent' => 'Mozilla/5.0 (Windows NT 6.1) AppleWebKit/537.36 (KHTML, like Gecko) Chrome/70.0.3538.25 Safari/537.36 Core/1.70.3741.400 QQBrowser/10.5.3863.400',
  'x-requested-with' => 'XMLHttpRequest',
  'accept' => 'application/json, text/javascript, */*; q=0.01',
)
[ info ] [ PARAM ] array (
  'page' => '1',
  'limit' => '10',
)
[ info ] [ DB ] INIT mysql
---------------------------------------------------------------

[2020-04-07T14:47:42+08:00] 124.126.221.17 GET mis.mbacms.com/admin/storage/seeOrder.html?or_id=VM_20200402-7-352&ordertype=procure
[运行时间：0.035679s] [吞吐率：28.03req/s] [内存消耗：3,256.70kb] [文件加载：86]
[ info ] [ LANG ] /www/wwwroot/mis.mbacms.com/thinkphp/lang/zh-cn.php
[ info ] [ ROUTE ] array (
)
[ info ] [ HEADER ] array (
  'host' => 'mis.mbacms.com',
  'cookie' => 'thinkphp_show_page_trace=0|0; PHPSESSID=1pln9gjs6mdn73grm8f1l684i0',
  'accept-language' => 'zh-CN,zh;q=0.9',
  'accept-encoding' => 'gzip, deflate, br',
  'referer' => 'https://mis.mbacms.com/admin/storage/storagelist.html',
  'accept' => 'text/html,application/xhtml+xml,application/xml;q=0.9,image/webp,image/apng,*/*;q=0.8',
  'user-agent' => 'Mozilla/5.0 (Windows NT 6.1) AppleWebKit/537.36 (KHTML, like Gecko) Chrome/70.0.3538.25 Safari/537.36 Core/1.70.3741.400 QQBrowser/10.5.3863.400',
  'upgrade-insecure-requests' => '1',
)
[ info ] [ PARAM ] array (
  'or_id' => 'VM_20200402-7-352',
  'ordertype' => 'procure',
)
[ info ] [ DB ] INIT mysql
[ info ] [ VIEW ] /www/wwwroot/mis.mbacms.com/application/admin/view/storage/seeOrder.html [ array (
  0 => 'site_config',
  1 => 'theme',
  2 => 'menu',
  3 => 'controller',
  4 => 'action',
  5 => 'or_id',
  6 => 'data',
  7 => 'items',
  8 => 'totals',
  9 => 'verify_status',
  10 => 'delivery',
  11 => 'print_date',
  12 => 'title',
) ]
---------------------------------------------------------------

[2020-04-07T14:47:46+08:00] 124.126.221.17 GET mis.mbacms.com/admin/storage/storageListJson?page=2&limit=10
[运行时间：0.029340s] [吞吐率：34.08req/s] [内存消耗：2,948.41kb] [文件加载：76]
[ info ] [ LANG ] /www/wwwroot/mis.mbacms.com/thinkphp/lang/zh-cn.php
[ info ] [ ROUTE ] array (
)
[ info ] [ HEADER ] array (
  'host' => 'mis.mbacms.com',
  'cookie' => 'thinkphp_show_page_trace=0|0; PHPSESSID=1pln9gjs6mdn73grm8f1l684i0',
  'accept-language' => 'zh-CN,zh;q=0.9',
  'accept-encoding' => 'gzip, deflate, br',
  'referer' => 'https://mis.mbacms.com/admin/storage/storagelist.html',
  'user-agent' => 'Mozilla/5.0 (Windows NT 6.1) AppleWebKit/537.36 (KHTML, like Gecko) Chrome/70.0.3538.25 Safari/537.36 Core/1.70.3741.400 QQBrowser/10.5.3863.400',
  'x-requested-with' => 'XMLHttpRequest',
  'accept' => 'application/json, text/javascript, */*; q=0.01',
)
[ info ] [ PARAM ] array (
  'page' => '2',
  'limit' => '10',
)
[ info ] [ DB ] INIT mysql
---------------------------------------------------------------

[2020-04-07T14:47:52+08:00] 124.126.221.17 GET mis.mbacms.com/admin/storage/seeOrder.html?or_id=VM_20200322-1-326&ordertype=procure
[运行时间：0.034775s] [吞吐率：28.76req/s] [内存消耗：3,256.67kb] [文件加载：86]
[ info ] [ LANG ] /www/wwwroot/mis.mbacms.com/thinkphp/lang/zh-cn.php
[ info ] [ ROUTE ] array (
)
[ info ] [ HEADER ] array (
  'host' => 'mis.mbacms.com',
  'cookie' => 'thinkphp_show_page_trace=0|0; PHPSESSID=1pln9gjs6mdn73grm8f1l684i0',
  'accept-language' => 'zh-CN,zh;q=0.9',
  'accept-encoding' => 'gzip, deflate, br',
  'referer' => 'https://mis.mbacms.com/admin/storage/storagelist.html',
  'accept' => 'text/html,application/xhtml+xml,application/xml;q=0.9,image/webp,image/apng,*/*;q=0.8',
  'user-agent' => 'Mozilla/5.0 (Windows NT 6.1) AppleWebKit/537.36 (KHTML, like Gecko) Chrome/70.0.3538.25 Safari/537.36 Core/1.70.3741.400 QQBrowser/10.5.3863.400',
  'upgrade-insecure-requests' => '1',
)
[ info ] [ PARAM ] array (
  'or_id' => 'VM_20200322-1-326',
  'ordertype' => 'procure',
)
[ info ] [ DB ] INIT mysql
[ info ] [ VIEW ] /www/wwwroot/mis.mbacms.com/application/admin/view/storage/seeOrder.html [ array (
  0 => 'site_config',
  1 => 'theme',
  2 => 'menu',
  3 => 'controller',
  4 => 'action',
  5 => 'or_id',
  6 => 'data',
  7 => 'items',
  8 => 'totals',
  9 => 'verify_status',
  10 => 'delivery',
  11 => 'print_date',
  12 => 'title',
) ]
---------------------------------------------------------------

[2020-04-07T15:01:34+08:00] 124.126.221.17 GET mis.mbacms.com/admin/sales/saleslist.html
[运行时间：0.034125s] [吞吐率：29.30req/s] [内存消耗：3,189.90kb] [文件加载：87]
[ info ] [ LANG ] /www/wwwroot/mis.mbacms.com/thinkphp/lang/zh-cn.php
[ info ] [ ROUTE ] array (
)
[ info ] [ HEADER ] array (
  'host' => 'mis.mbacms.com',
  'cookie' => 'PHPSESSID=1pln9gjs6mdn73grm8f1l684i0',
  'accept-language' => 'zh-CN,zh;q=0.9',
  'accept-encoding' => 'gzip, deflate, br',
  'referer' => 'https://mis.mbacms.com/admin/index/index.html',
  'accept' => 'text/html,application/xhtml+xml,application/xml;q=0.9,image/webp,image/apng,*/*;q=0.8',
  'user-agent' => 'Mozilla/5.0 (Windows NT 6.1) AppleWebKit/537.36 (KHTML, like Gecko) Chrome/70.0.3538.25 Safari/537.36 Core/1.70.3741.400 QQBrowser/10.5.3863.400',
  'upgrade-insecure-requests' => '1',
)
[ info ] [ PARAM ] array (
)
[ info ] [ DB ] INIT mysql
[ info ] [ VIEW ] /www/wwwroot/mis.mbacms.com/application/admin/view/sales/salesList.html [ array (
  0 => 'site_config',
  1 => 'theme',
  2 => 'menu',
  3 => 'controller',
  4 => 'action',
  5 => 'ordertype',
  6 => 'shops',
) ]
---------------------------------------------------------------

[2020-04-07T15:01:34+08:00] 124.126.221.17 GET mis.mbacms.com/admin/sales/salesListJson?page=1&limit=10
[运行时间：0.031531s] [吞吐率：31.71req/s] [内存消耗：2,923.08kb] [文件加载：76]
[ info ] [ LANG ] /www/wwwroot/mis.mbacms.com/thinkphp/lang/zh-cn.php
[ info ] [ ROUTE ] array (
)
[ info ] [ HEADER ] array (
  'host' => 'mis.mbacms.com',
  'cookie' => 'thinkphp_show_page_trace=0|0; PHPSESSID=1pln9gjs6mdn73grm8f1l684i0',
  'accept-language' => 'zh-CN,zh;q=0.9',
  'accept-encoding' => 'gzip, deflate, br',
  'referer' => 'https://mis.mbacms.com/admin/sales/saleslist.html',
  'user-agent' => 'Mozilla/5.0 (Windows NT 6.1) AppleWebKit/537.36 (KHTML, like Gecko) Chrome/70.0.3538.25 Safari/537.36 Core/1.70.3741.400 QQBrowser/10.5.3863.400',
  'x-requested-with' => 'XMLHttpRequest',
  'accept' => 'application/json, text/javascript, */*; q=0.01',
)
[ info ] [ PARAM ] array (
  'page' => '1',
  'limit' => '10',
)
[ info ] [ DB ] INIT mysql
---------------------------------------------------------------

[2020-04-07T15:01:37+08:00] 124.126.221.17 GET mis.mbacms.com/admin/sales/seeOrder.html?or_id=VM_20200331-4-344&ordertype=sales
[运行时间：0.034092s] [吞吐率：29.33req/s] [内存消耗：2,805.05kb] [文件加载：78]
[ info ] [ LANG ] /www/wwwroot/mis.mbacms.com/thinkphp/lang/zh-cn.php
[ info ] [ ROUTE ] array (
)
[ info ] [ HEADER ] array (
  'host' => 'mis.mbacms.com',
  'cookie' => 'thinkphp_show_page_trace=0|0; PHPSESSID=1pln9gjs6mdn73grm8f1l684i0',
  'accept-language' => 'zh-CN,zh;q=0.9',
  'accept-encoding' => 'gzip, deflate, br',
  'referer' => 'https://mis.mbacms.com/admin/sales/saleslist.html',
  'accept' => 'text/html,application/xhtml+xml,application/xml;q=0.9,image/webp,image/apng,*/*;q=0.8',
  'user-agent' => 'Mozilla/5.0 (Windows NT 6.1) AppleWebKit/537.36 (KHTML, like Gecko) Chrome/70.0.3538.25 Safari/537.36 Core/1.70.3741.400 QQBrowser/10.5.3863.400',
  'upgrade-insecure-requests' => '1',
)
[ info ] [ PARAM ] array (
  'or_id' => 'VM_20200331-4-344',
  'ordertype' => 'sales',
)
[ info ] [ DB ] INIT mysql
[ info ] [ VIEW ] /www/wwwroot/mis.mbacms.com/application/admin/view/sales/seeOrder.html [ array (
  0 => 'site_config',
  1 => 'theme',
  2 => 'menu',
  3 => 'controller',
  4 => 'action',
  5 => 'or_id',
  6 => 'data',
  7 => 'items',
  8 => 'totals',
  9 => 'verify_status',
  10 => 'delivery',
  11 => 'print_date',
  12 => 'title',
) ]
---------------------------------------------------------------

[2020-04-07T15:19:02+08:00] 209.17.97.10 GET ncov.mbacms.com/
[运行时间：0.015382s] [吞吐率：65.01req/s] [内存消耗：1,874.04kb] [文件加载：68]
[ info ] [ LANG ] /www/wwwroot/mis.mbacms.com/thinkphp/lang/zh-cn.php
[ info ] [ ROUTE ] array (
)
[ info ] [ HEADER ] array (
  'user-agent' => 'Mozilla/5.0 (compatible; Nimbostratus-Bot/v1.3.2; http://cloudsystemnetworks.com)',
  'host' => 'ncov.mbacms.com',
)
[ info ] [ PARAM ] array (
)
---------------------------------------------------------------

[2020-04-07T15:54:46+08:00] 104.206.128.26 GET mis.mbacms.com/
[运行时间：0.015578s] [吞吐率：64.19req/s] [内存消耗：1,873.91kb] [文件加载：68]
[ info ] [ LANG ] /www/wwwroot/mis.mbacms.com/thinkphp/lang/zh-cn.php
[ info ] [ ROUTE ] array (
)
[ info ] [ HEADER ] array (
  'user-agent' => 'https://gdnplus.com:Gather Analyze Provide.',
  'host' => 'mis.mbacms.com',
)
[ info ] [ PARAM ] array (
)
---------------------------------------------------------------

[2020-04-07T15:54:47+08:00] 104.206.128.26 GET 47.95.1.68:443/index/login/login.html
[运行时间：0.021798s] [吞吐率：45.88req/s] [内存消耗：2,626.91kb] [文件加载：71]
[ info ] [ LANG ] /www/wwwroot/mis.mbacms.com/thinkphp/lang/zh-cn.php
[ info ] [ ROUTE ] array (
)
[ info ] [ HEADER ] array (
  'user-agent' => 'Go http package',
  'host' => '47.95.1.68:443',
)
[ info ] [ PARAM ] array (
)
[ info ] [ DB ] INIT mysql
[ info ] [ VIEW ] /www/wwwroot/mis.mbacms.com/application/index/view/login/login.html [ array (
  0 => 'site_config',
) ]
---------------------------------------------------------------

[2020-04-07T16:41:59+08:00] 120.55.13.109 GET /
[运行时间：0.016671s] [吞吐率：59.98req/s] [内存消耗：1,873.16kb] [文件加载：68]
[ info ] [ LANG ] /www/wwwroot/mis.mbacms.com/thinkphp/lang/zh-cn.php
[ info ] [ ROUTE ] array (
)
[ info ] [ HEADER ] array (
)
[ info ] [ PARAM ] array (
)
---------------------------------------------------------------

[2020-04-07T17:06:03+08:00] 47.100.15.69 GET ncov.mbacms.com/
[运行时间：0.016394s] [吞吐率：61.00req/s] [内存消耗：1,874.18kb] [文件加载：68]
[ info ] [ LANG ] /www/wwwroot/mis.mbacms.com/thinkphp/lang/zh-cn.php
[ info ] [ ROUTE ] array (
)
[ info ] [ HEADER ] array (
  'accept-encoding' => 'gzip',
  'connection' => 'Keep-Alive',
  'host' => 'ncov.mbacms.com',
  'user-agent' => 'Mozilla/5.0 (Linux/Android/android/iphone;)',
)
[ info ] [ PARAM ] array (
)
---------------------------------------------------------------

[2020-04-07T17:06:03+08:00] 47.100.15.69 GET ncov.mbacms.com/index/login/login.html
[运行时间：0.022801s] [吞吐率：43.86req/s] [内存消耗：2,627.21kb] [文件加载：71]
[ info ] [ LANG ] /www/wwwroot/mis.mbacms.com/thinkphp/lang/zh-cn.php
[ info ] [ ROUTE ] array (
)
[ info ] [ HEADER ] array (
  'accept-encoding' => 'gzip',
  'connection' => 'Keep-Alive',
  'host' => 'ncov.mbacms.com',
  'user-agent' => 'Mozilla/5.0 (Linux/Android/android/iphone;)',
)
[ info ] [ PARAM ] array (
)
[ info ] [ DB ] INIT mysql
[ info ] [ VIEW ] /www/wwwroot/mis.mbacms.com/application/index/view/login/login.html [ array (
  0 => 'site_config',
) ]
---------------------------------------------------------------

[2020-04-07T18:16:31+08:00] 114.249.224.63 GET mis.mbacms.com/admin/index/index.html
[运行时间：0.029421s] [吞吐率：33.99req/s] [内存消耗：3,026.20kb] [文件加载：80]
[ info ] [ LANG ] /www/wwwroot/mis.mbacms.com/thinkphp/lang/zh-cn.php
[ info ] [ ROUTE ] array (
)
[ info ] [ HEADER ] array (
  'host' => 'mis.mbacms.com',
  'cookie' => 'thinkphp_show_page_trace=0|0; PHPSESSID=i4tjm09rvcuv06fe3roc4attv4',
  'accept-language' => 'zh-CN,zh;q=0.9',
  'accept-encoding' => 'gzip, deflate, br',
  'referer' => 'https://mis.mbacms.com/admin/login/login.html',
  'accept' => 'text/html,application/xhtml+xml,application/xml;q=0.9,image/webp,image/apng,*/*;q=0.8',
  'user-agent' => 'Mozilla/5.0 (Windows NT 6.1; WOW64) AppleWebKit/537.36 (KHTML, like Gecko) Chrome/70.0.3538.25 Safari/537.36 Core/1.70.3704.400 QQBrowser/10.4.3620.400',
  'upgrade-insecure-requests' => '1',
  'cache-control' => 'max-age=0',
)
[ info ] [ PARAM ] array (
)
[ info ] [ DB ] INIT mysql
[ info ] [ VIEW ] /www/wwwroot/mis.mbacms.com/application/admin/view/index/index.html [ array (
  0 => 'site_config',
  1 => 'theme',
  2 => 'menu',
  3 => 'controller',
  4 => 'action',
) ]
---------------------------------------------------------------

[2020-04-07T19:13:20+08:00] 47.101.201.242 GET 47.95.1.68/
[运行时间：0.015673s] [吞吐率：63.80req/s] [内存消耗：1,874.25kb] [文件加载：68]
[ info ] [ LANG ] /www/wwwroot/mis.mbacms.com/thinkphp/lang/zh-cn.php
[ info ] [ ROUTE ] array (
)
[ info ] [ HEADER ] array (
  'accept-encoding' => 'gzip',
  'connection' => 'Keep-Alive',
  'host' => '47.95.1.68',
  'user-agent' => 'Mozilla/5.0 (X11; Ubuntu; Linux x86_64; rv:36.0) Gecko/20100101 Firefox/36.0',
)
[ info ] [ PARAM ] array (
)
---------------------------------------------------------------

[2020-04-07T19:13:21+08:00] 47.101.201.242 GET 47.95.1.68/index/login/login.html
[运行时间：0.022660s] [吞吐率：44.13req/s] [内存消耗：2,627.41kb] [文件加载：71]
[ info ] [ LANG ] /www/wwwroot/mis.mbacms.com/thinkphp/lang/zh-cn.php
[ info ] [ ROUTE ] array (
)
[ info ] [ HEADER ] array (
  'accept-encoding' => 'gzip',
  'connection' => 'Keep-Alive',
  'host' => '47.95.1.68',
  'user-agent' => 'Mozilla/5.0 (X11; Ubuntu; Linux x86_64; rv:36.0) Gecko/20100101 Firefox/36.0',
)
[ info ] [ PARAM ] array (
)
[ info ] [ DB ] INIT mysql
[ info ] [ VIEW ] /www/wwwroot/mis.mbacms.com/application/index/view/login/login.html [ array (
  0 => 'site_config',
) ]
---------------------------------------------------------------

[2020-04-07T20:15:31+08:00] 209.17.97.50 GET mis.mbacms.com/
[运行时间：0.015209s] [吞吐率：65.75req/s] [内存消耗：1,873.98kb] [文件加载：68]
[ info ] [ LANG ] /www/wwwroot/mis.mbacms.com/thinkphp/lang/zh-cn.php
[ info ] [ ROUTE ] array (
)
[ info ] [ HEADER ] array (
  'user-agent' => 'Mozilla/5.0 (compatible; Nimbostratus-Bot/v1.3.2; http://cloudsystemnetworks.com)',
  'host' => 'mis.mbacms.com',
)
[ info ] [ PARAM ] array (
)
---------------------------------------------------------------

[2020-04-07T21:58:46+08:00] 104.140.188.34 GET mis.mbacms.com/
[运行时间：0.015335s] [吞吐率：65.21req/s] [内存消耗：1,873.98kb] [文件加载：68]
[ info ] [ LANG ] /www/wwwroot/mis.mbacms.com/thinkphp/lang/zh-cn.php
[ info ] [ ROUTE ] array (
)
[ info ] [ HEADER ] array (
  'referer' => 'http://47.95.1.68:80/',
  'user-agent' => 'Go http package',
  'host' => 'mis.mbacms.com',
)
[ info ] [ PARAM ] array (
)
---------------------------------------------------------------

[2020-04-07T21:58:49+08:00] 104.140.188.34 GET mis.mbacms.com/index/login/login.html
[运行时间：0.021403s] [吞吐率：46.72req/s] [内存消耗：2,626.87kb] [文件加载：71]
[ info ] [ LANG ] /www/wwwroot/mis.mbacms.com/thinkphp/lang/zh-cn.php
[ info ] [ ROUTE ] array (
)
[ info ] [ HEADER ] array (
  'user-agent' => 'Go http package',
  'host' => 'mis.mbacms.com',
)
[ info ] [ PARAM ] array (
)
[ info ] [ DB ] INIT mysql
[ info ] [ VIEW ] /www/wwwroot/mis.mbacms.com/application/index/view/login/login.html [ array (
  0 => 'site_config',
) ]
---------------------------------------------------------------

[2020-04-07T22:15:53+08:00] 5.196.87.152 GET mbacms.com/
[运行时间：0.016462s] [吞吐率：60.75req/s] [内存消耗：1,874.17kb] [文件加载：68]
[ info ] [ LANG ] /www/wwwroot/mis.mbacms.com/thinkphp/lang/zh-cn.php
[ info ] [ ROUTE ] array (
)
[ info ] [ HEADER ] array (
  'host' => 'mbacms.com',
  'accept-encoding' => 'deflate, gzip, br',
  'accept' => '*/*',
  'user-agent' => 'Mozilla/5.0 (compatible; AhrefsBot/6.1; +http://ahrefs.com/robot/)',
)
[ info ] [ PARAM ] array (
)
---------------------------------------------------------------

[2020-04-07T23:45:24+08:00] 47.101.58.149 GET mbacms.com/
[运行时间：0.016307s] [吞吐率：61.32req/s] [内存消耗：1,874.15kb] [文件加载：68]
[ info ] [ LANG ] /www/wwwroot/mis.mbacms.com/thinkphp/lang/zh-cn.php
[ info ] [ ROUTE ] array (
)
[ info ] [ HEADER ] array (
  'accept-encoding' => 'gzip',
  'connection' => 'Keep-Alive',
  'host' => 'mbacms.com',
  'user-agent' => 'Mozilla/5.0 chrome(windows nt/Windows NT;)Chrome',
)
[ info ] [ PARAM ] array (
)
---------------------------------------------------------------

[2020-04-07T23:45:24+08:00] 47.101.58.149 GET mbacms.com/index/login/login.html
[运行时间：0.022844s] [吞吐率：43.78req/s] [内存消耗：2,627.18kb] [文件加载：71]
[ info ] [ LANG ] /www/wwwroot/mis.mbacms.com/thinkphp/lang/zh-cn.php
[ info ] [ ROUTE ] array (
)
[ info ] [ HEADER ] array (
  'accept-encoding' => 'gzip',
  'connection' => 'Keep-Alive',
  'host' => 'mbacms.com',
  'user-agent' => 'Mozilla/5.0 chrome(windows nt/Windows NT;)Chrome',
)
[ info ] [ PARAM ] array (
)
[ info ] [ DB ] INIT mysql
[ info ] [ VIEW ] /www/wwwroot/mis.mbacms.com/application/index/view/login/login.html [ array (
  0 => 'site_config',
) ]
