---------------------------------------------------------------

[2020-04-09T00:30:32+08:00] 198.211.122.133 GET 47.95.1.68/
[运行时间：0.015568s] [吞吐率：64.23req/s] [内存消耗：1,873.92kb] [文件加载：68]
[ info ] [ LANG ] /www/wwwroot/mis.mbacms.com/thinkphp/lang/zh-cn.php
[ info ] [ ROUTE ] array (
)
[ info ] [ HEADER ] array (
  'connection' => 'close',
  'host' => '47.95.1.68',
  'user-agent' => 'fasthttp',
)
[ info ] [ PARAM ] array (
)
---------------------------------------------------------------

[2020-04-09T02:18:48+08:00] 185.173.35.41 GET 47.95.1.68:443/
[运行时间：0.015700s] [吞吐率：63.69req/s] [内存消耗：1,874.18kb] [文件加载：68]
[ info ] [ LANG ] /www/wwwroot/mis.mbacms.com/thinkphp/lang/zh-cn.php
[ info ] [ ROUTE ] array (
)
[ info ] [ HEADER ] array (
  'user-agent' => 'NetSystemsResearch studies the availability of various services across the internet. Our website is netsystemsresearch.com',
  'host' => '47.95.1.68:443',
)
[ info ] [ PARAM ] array (
)
---------------------------------------------------------------

[2020-04-09T03:11:44+08:00] 198.211.122.133 GET 47.95.1.68/
[运行时间：0.016043s] [吞吐率：62.33req/s] [内存消耗：1,873.93kb] [文件加载：68]
[ info ] [ LANG ] /www/wwwroot/mis.mbacms.com/thinkphp/lang/zh-cn.php
[ info ] [ ROUTE ] array (
)
[ info ] [ HEADER ] array (
  'connection' => 'close',
  'host' => '47.95.1.68',
  'user-agent' => 'fasthttp',
)
[ info ] [ PARAM ] array (
)
---------------------------------------------------------------

[2020-04-09T07:50:05+08:00] 169.197.108.38 GET 47.95.1.68/
[运行时间：0.015546s] [吞吐率：64.32req/s] [内存消耗：1,874.43kb] [文件加载：68]
[ info ] [ LANG ] /www/wwwroot/mis.mbacms.com/thinkphp/lang/zh-cn.php
[ info ] [ ROUTE ] array (
)
[ info ] [ HEADER ] array (
  'accept-encoding' => 'gzip',
  'accept' => '*/*',
  'user-agent' => 'Mozilla/5.0 (Windows NT 10.0; Win64; x64) AppleWebKit/537.36 (KHTML, like Gecko) Chrome/60.0.3112.113 Safari/537.36',
  'host' => '47.95.1.68',
)
[ info ] [ PARAM ] array (
)
---------------------------------------------------------------

[2020-04-09T07:50:06+08:00] 169.197.108.38 GET 47.95.1.68/index/login/login.html
[运行时间：0.023137s] [吞吐率：43.22req/s] [内存消耗：2,627.55kb] [文件加载：71]
[ info ] [ LANG ] /www/wwwroot/mis.mbacms.com/thinkphp/lang/zh-cn.php
[ info ] [ ROUTE ] array (
)
[ info ] [ HEADER ] array (
  'accept-encoding' => 'gzip',
  'referer' => 'https://47.95.1.68/',
  'accept' => '*/*',
  'user-agent' => 'Mozilla/5.0 (Windows NT 10.0; Win64; x64) AppleWebKit/537.36 (KHTML, like Gecko) Chrome/60.0.3112.113 Safari/537.36',
  'host' => '47.95.1.68',
)
[ info ] [ PARAM ] array (
)
[ info ] [ DB ] INIT mysql
[ info ] [ VIEW ] /www/wwwroot/mis.mbacms.com/application/index/view/login/login.html [ array (
  0 => 'site_config',
) ]
---------------------------------------------------------------

[2020-04-09T08:38:39+08:00] 184.105.247.196 GET 47.95.1.68/
[运行时间：0.015513s] [吞吐率：64.46req/s] [内存消耗：1,873.63kb] [文件加载：68]
[ info ] [ LANG ] /www/wwwroot/mis.mbacms.com/thinkphp/lang/zh-cn.php
[ info ] [ ROUTE ] array (
)
[ info ] [ HEADER ] array (
  'host' => '47.95.1.68',
)
[ info ] [ PARAM ] array (
)
---------------------------------------------------------------

[2020-04-09T09:13:40+08:00] 221.221.148.230 GET mis.mbacms.com/admin/index/index.html
[运行时间：0.030403s] [吞吐率：32.89req/s] [内存消耗：3,082.63kb] [文件加载：80]
[ info ] [ LANG ] /www/wwwroot/mis.mbacms.com/thinkphp/lang/zh-cn.php
[ info ] [ ROUTE ] array (
)
[ info ] [ HEADER ] array (
  'host' => 'mis.mbacms.com',
  'cookie' => 'thinkphp_show_page_trace=0|0; PHPSESSID=csqsu2tfgmfmtg74gncemvecq0',
  'accept-language' => 'zh-CN,zh;q=0.9',
  'accept-encoding' => 'gzip, deflate, br',
  'referer' => 'https://mis.mbacms.com/admin/login/login.html',
  'sec-fetch-mode' => 'navigate',
  'sec-fetch-site' => 'same-origin',
  'accept' => 'text/html,application/xhtml+xml,application/xml;q=0.9,image/webp,image/apng,*/*;q=0.8,application/signed-exchange;v=b3;q=0.9',
  'sec-fetch-user' => '?1',
  'user-agent' => 'Mozilla/5.0 (Windows NT 10.0; WOW64) AppleWebKit/537.36 (KHTML, like Gecko) Chrome/79.0.3945.88 Safari/537.36',
  'upgrade-insecure-requests' => '1',
  'cache-control' => 'max-age=0',
)
[ info ] [ PARAM ] array (
)
[ info ] [ DB ] INIT mysql
[ info ] [ VIEW ] /www/wwwroot/mis.mbacms.com/application/admin/view/index/index.html [ array (
  0 => 'site_config',
  1 => 'theme',
  2 => 'menu',
  3 => 'controller',
  4 => 'action',
) ]
---------------------------------------------------------------

[2020-04-09T09:13:40+08:00] 221.221.148.230 GET mis.mbacms.com/admin/index/welcome.html
[运行时间：0.042914s] [吞吐率：23.30req/s] [内存消耗：3,418.76kb] [文件加载：88]
[ info ] [ LANG ] /www/wwwroot/mis.mbacms.com/thinkphp/lang/zh-cn.php
[ info ] [ ROUTE ] array (
)
[ info ] [ HEADER ] array (
  'host' => 'mis.mbacms.com',
  'cookie' => 'thinkphp_show_page_trace=0|0; PHPSESSID=csqsu2tfgmfmtg74gncemvecq0',
  'accept-language' => 'zh-CN,zh;q=0.9',
  'accept-encoding' => 'gzip, deflate, br',
  'referer' => 'https://mis.mbacms.com/admin/index/index.html',
  'sec-fetch-mode' => 'nested-navigate',
  'sec-fetch-site' => 'same-origin',
  'accept' => 'text/html,application/xhtml+xml,application/xml;q=0.9,image/webp,image/apng,*/*;q=0.8,application/signed-exchange;v=b3;q=0.9',
  'user-agent' => 'Mozilla/5.0 (Windows NT 10.0; WOW64) AppleWebKit/537.36 (KHTML, like Gecko) Chrome/79.0.3945.88 Safari/537.36',
  'upgrade-insecure-requests' => '1',
)
[ info ] [ PARAM ] array (
)
[ info ] [ DB ] INIT mysql
[ info ] [ VIEW ] /www/wwwroot/mis.mbacms.com/application/admin/view/index/welcome.html [ array (
  0 => 'site_config',
  1 => 'theme',
  2 => 'menu',
  3 => 'controller',
  4 => 'action',
  5 => 'first_line',
  6 => 'second_line',
  7 => 'topData',
) ]
---------------------------------------------------------------

[2020-04-09T09:13:41+08:00] 221.221.148.230 GET mis.mbacms.com/admin/index/orderchart.html?cycle=thirtyday
[运行时间：0.033711s] [吞吐率：29.66req/s] [内存消耗：3,389.43kb] [文件加载：84]
[ info ] [ LANG ] /www/wwwroot/mis.mbacms.com/thinkphp/lang/zh-cn.php
[ info ] [ ROUTE ] array (
)
[ info ] [ HEADER ] array (
  'host' => 'mis.mbacms.com',
  'cookie' => 'thinkphp_show_page_trace=0|0; PHPSESSID=csqsu2tfgmfmtg74gncemvecq0',
  'accept-language' => 'zh-CN,zh;q=0.9',
  'accept-encoding' => 'gzip, deflate, br',
  'referer' => 'https://mis.mbacms.com/admin/index/welcome.html',
  'sec-fetch-mode' => 'cors',
  'sec-fetch-site' => 'same-origin',
  'user-agent' => 'Mozilla/5.0 (Windows NT 10.0; WOW64) AppleWebKit/537.36 (KHTML, like Gecko) Chrome/79.0.3945.88 Safari/537.36',
  'accept' => 'application/json, text/plain, */*',
)
[ info ] [ PARAM ] array (
  'cycle' => 'thirtyday',
)
[ info ] [ DB ] INIT mysql
---------------------------------------------------------------

[2020-04-09T09:13:41+08:00] 221.221.148.230 GET mis.mbacms.com/admin/index/memberchart.html
[运行时间：0.040429s] [吞吐率：24.73req/s] [内存消耗：2,838.49kb] [文件加载：74]
[ info ] [ LANG ] /www/wwwroot/mis.mbacms.com/thinkphp/lang/zh-cn.php
[ info ] [ ROUTE ] array (
)
[ info ] [ HEADER ] array (
  'host' => 'mis.mbacms.com',
  'cookie' => 'thinkphp_show_page_trace=0|0; PHPSESSID=csqsu2tfgmfmtg74gncemvecq0',
  'accept-language' => 'zh-CN,zh;q=0.9',
  'accept-encoding' => 'gzip, deflate, br',
  'referer' => 'https://mis.mbacms.com/admin/index/welcome.html',
  'sec-fetch-mode' => 'cors',
  'sec-fetch-site' => 'same-origin',
  'user-agent' => 'Mozilla/5.0 (Windows NT 10.0; WOW64) AppleWebKit/537.36 (KHTML, like Gecko) Chrome/79.0.3945.88 Safari/537.36',
  'accept' => 'application/json, text/plain, */*',
)
[ info ] [ PARAM ] array (
)
[ info ] [ DB ] INIT mysql
---------------------------------------------------------------

[2020-04-09T09:13:51+08:00] 221.221.148.230 GET mis.mbacms.com/admin/index/welcome.html
[运行时间：0.042776s] [吞吐率：23.38req/s] [内存消耗：3,418.96kb] [文件加载：88]
[ info ] [ LANG ] /www/wwwroot/mis.mbacms.com/thinkphp/lang/zh-cn.php
[ info ] [ ROUTE ] array (
)
[ info ] [ HEADER ] array (
  'host' => 'mis.mbacms.com',
  'cookie' => 'thinkphp_show_page_trace=0|0; PHPSESSID=csqsu2tfgmfmtg74gncemvecq0',
  'accept-language' => 'zh-CN,zh;q=0.9',
  'accept-encoding' => 'gzip, deflate, br',
  'referer' => 'https://mis.mbacms.com/admin/index/welcome.html',
  'sec-fetch-mode' => 'nested-navigate',
  'sec-fetch-site' => 'same-origin',
  'accept' => 'text/html,application/xhtml+xml,application/xml;q=0.9,image/webp,image/apng,*/*;q=0.8,application/signed-exchange;v=b3;q=0.9',
  'sec-fetch-user' => '?1',
  'user-agent' => 'Mozilla/5.0 (Windows NT 10.0; WOW64) AppleWebKit/537.36 (KHTML, like Gecko) Chrome/79.0.3945.88 Safari/537.36',
  'upgrade-insecure-requests' => '1',
  'cache-control' => 'max-age=0',
)
[ info ] [ PARAM ] array (
)
[ info ] [ DB ] INIT mysql
[ info ] [ VIEW ] /www/wwwroot/mis.mbacms.com/application/admin/view/index/welcome.html [ array (
  0 => 'site_config',
  1 => 'theme',
  2 => 'menu',
  3 => 'controller',
  4 => 'action',
  5 => 'first_line',
  6 => 'second_line',
  7 => 'topData',
) ]
---------------------------------------------------------------

[2020-04-09T09:13:52+08:00] 221.221.148.230 GET mis.mbacms.com/admin/index/memberchart.html
[运行时间：0.027305s] [吞吐率：36.62req/s] [内存消耗：2,838.49kb] [文件加载：74]
[ info ] [ LANG ] /www/wwwroot/mis.mbacms.com/thinkphp/lang/zh-cn.php
[ info ] [ ROUTE ] array (
)
[ info ] [ HEADER ] array (
  'host' => 'mis.mbacms.com',
  'cookie' => 'thinkphp_show_page_trace=0|0; PHPSESSID=csqsu2tfgmfmtg74gncemvecq0',
  'accept-language' => 'zh-CN,zh;q=0.9',
  'accept-encoding' => 'gzip, deflate, br',
  'referer' => 'https://mis.mbacms.com/admin/index/welcome.html',
  'sec-fetch-mode' => 'cors',
  'sec-fetch-site' => 'same-origin',
  'user-agent' => 'Mozilla/5.0 (Windows NT 10.0; WOW64) AppleWebKit/537.36 (KHTML, like Gecko) Chrome/79.0.3945.88 Safari/537.36',
  'accept' => 'application/json, text/plain, */*',
)
[ info ] [ PARAM ] array (
)
[ info ] [ DB ] INIT mysql
---------------------------------------------------------------

[2020-04-09T09:13:52+08:00] 221.221.148.230 GET mis.mbacms.com/admin/index/orderchart.html?cycle=thirtyday
[运行时间：0.039116s] [吞吐率：25.57req/s] [内存消耗：3,389.43kb] [文件加载：84]
[ info ] [ LANG ] /www/wwwroot/mis.mbacms.com/thinkphp/lang/zh-cn.php
[ info ] [ ROUTE ] array (
)
[ info ] [ HEADER ] array (
  'host' => 'mis.mbacms.com',
  'cookie' => 'thinkphp_show_page_trace=0|0; PHPSESSID=csqsu2tfgmfmtg74gncemvecq0',
  'accept-language' => 'zh-CN,zh;q=0.9',
  'accept-encoding' => 'gzip, deflate, br',
  'referer' => 'https://mis.mbacms.com/admin/index/welcome.html',
  'sec-fetch-mode' => 'cors',
  'sec-fetch-site' => 'same-origin',
  'user-agent' => 'Mozilla/5.0 (Windows NT 10.0; WOW64) AppleWebKit/537.36 (KHTML, like Gecko) Chrome/79.0.3945.88 Safari/537.36',
  'accept' => 'application/json, text/plain, */*',
)
[ info ] [ PARAM ] array (
  'cycle' => 'thirtyday',
)
[ info ] [ DB ] INIT mysql
---------------------------------------------------------------

[2020-04-09T09:40:44+08:00] 139.162.113.204 GET 47.95.1.68/
[运行时间：0.015224s] [吞吐率：65.68req/s] [内存消耗：1,874.02kb] [文件加载：68]
[ info ] [ LANG ] /www/wwwroot/mis.mbacms.com/thinkphp/lang/zh-cn.php
[ info ] [ ROUTE ] array (
)
[ info ] [ HEADER ] array (
  'connection' => 'close',
  'user-agent' => 'HTTP Banner Detection (https://security.ipip.net)',
  'host' => '47.95.1.68',
)
[ info ] [ PARAM ] array (
)
---------------------------------------------------------------

[2020-04-09T09:48:22+08:00] 209.17.96.210 GET mbacms.com/
[运行时间：0.016230s] [吞吐率：61.61req/s] [内存消耗：1,873.95kb] [文件加载：68]
[ info ] [ LANG ] /www/wwwroot/mis.mbacms.com/thinkphp/lang/zh-cn.php
[ info ] [ ROUTE ] array (
)
[ info ] [ HEADER ] array (
  'user-agent' => 'Mozilla/5.0 (compatible; Nimbostratus-Bot/v1.3.2; http://cloudsystemnetworks.com)',
  'host' => 'mbacms.com',
)
[ info ] [ PARAM ] array (
)
---------------------------------------------------------------

[2020-04-09T10:07:46+08:00] 221.221.148.230 GET mis.mbacms.com/admin/index/index.html
[运行时间：0.031143s] [吞吐率：32.11req/s] [内存消耗：3,082.63kb] [文件加载：80]
[ info ] [ LANG ] /www/wwwroot/mis.mbacms.com/thinkphp/lang/zh-cn.php
[ info ] [ ROUTE ] array (
)
[ info ] [ HEADER ] array (
  'host' => 'mis.mbacms.com',
  'cookie' => 'thinkphp_show_page_trace=0|0; PHPSESSID=csqsu2tfgmfmtg74gncemvecq0',
  'accept-language' => 'zh-CN,zh;q=0.9',
  'accept-encoding' => 'gzip, deflate, br',
  'referer' => 'https://mis.mbacms.com/admin/login/login.html',
  'sec-fetch-mode' => 'navigate',
  'sec-fetch-site' => 'same-origin',
  'accept' => 'text/html,application/xhtml+xml,application/xml;q=0.9,image/webp,image/apng,*/*;q=0.8,application/signed-exchange;v=b3;q=0.9',
  'sec-fetch-user' => '?1',
  'user-agent' => 'Mozilla/5.0 (Windows NT 10.0; WOW64) AppleWebKit/537.36 (KHTML, like Gecko) Chrome/79.0.3945.88 Safari/537.36',
  'upgrade-insecure-requests' => '1',
  'cache-control' => 'max-age=0',
)
[ info ] [ PARAM ] array (
)
[ info ] [ DB ] INIT mysql
[ info ] [ VIEW ] /www/wwwroot/mis.mbacms.com/application/admin/view/index/index.html [ array (
  0 => 'site_config',
  1 => 'theme',
  2 => 'menu',
  3 => 'controller',
  4 => 'action',
) ]
---------------------------------------------------------------

[2020-04-09T10:07:46+08:00] 221.221.148.230 GET mis.mbacms.com/admin/index/welcome.html
[运行时间：0.045235s] [吞吐率：22.11req/s] [内存消耗：3,418.76kb] [文件加载：88]
[ info ] [ LANG ] /www/wwwroot/mis.mbacms.com/thinkphp/lang/zh-cn.php
[ info ] [ ROUTE ] array (
)
[ info ] [ HEADER ] array (
  'host' => 'mis.mbacms.com',
  'cookie' => 'thinkphp_show_page_trace=0|0; PHPSESSID=csqsu2tfgmfmtg74gncemvecq0',
  'accept-language' => 'zh-CN,zh;q=0.9',
  'accept-encoding' => 'gzip, deflate, br',
  'referer' => 'https://mis.mbacms.com/admin/index/index.html',
  'sec-fetch-mode' => 'nested-navigate',
  'sec-fetch-site' => 'same-origin',
  'accept' => 'text/html,application/xhtml+xml,application/xml;q=0.9,image/webp,image/apng,*/*;q=0.8,application/signed-exchange;v=b3;q=0.9',
  'user-agent' => 'Mozilla/5.0 (Windows NT 10.0; WOW64) AppleWebKit/537.36 (KHTML, like Gecko) Chrome/79.0.3945.88 Safari/537.36',
  'upgrade-insecure-requests' => '1',
)
[ info ] [ PARAM ] array (
)
[ info ] [ DB ] INIT mysql
[ info ] [ VIEW ] /www/wwwroot/mis.mbacms.com/application/admin/view/index/welcome.html [ array (
  0 => 'site_config',
  1 => 'theme',
  2 => 'menu',
  3 => 'controller',
  4 => 'action',
  5 => 'first_line',
  6 => 'second_line',
  7 => 'topData',
) ]
---------------------------------------------------------------

[2020-04-09T10:07:47+08:00] 221.221.148.230 GET mis.mbacms.com/admin/index/memberchart.html
[运行时间：0.028187s] [吞吐率：35.48req/s] [内存消耗：2,838.49kb] [文件加载：74]
[ info ] [ LANG ] /www/wwwroot/mis.mbacms.com/thinkphp/lang/zh-cn.php
[ info ] [ ROUTE ] array (
)
[ info ] [ HEADER ] array (
  'host' => 'mis.mbacms.com',
  'cookie' => 'thinkphp_show_page_trace=0|0; PHPSESSID=csqsu2tfgmfmtg74gncemvecq0',
  'accept-language' => 'zh-CN,zh;q=0.9',
  'accept-encoding' => 'gzip, deflate, br',
  'referer' => 'https://mis.mbacms.com/admin/index/welcome.html',
  'sec-fetch-mode' => 'cors',
  'sec-fetch-site' => 'same-origin',
  'user-agent' => 'Mozilla/5.0 (Windows NT 10.0; WOW64) AppleWebKit/537.36 (KHTML, like Gecko) Chrome/79.0.3945.88 Safari/537.36',
  'accept' => 'application/json, text/plain, */*',
)
[ info ] [ PARAM ] array (
)
[ info ] [ DB ] INIT mysql
---------------------------------------------------------------

[2020-04-09T10:07:47+08:00] 221.221.148.230 GET mis.mbacms.com/admin/index/orderchart.html?cycle=thirtyday
[运行时间：0.035248s] [吞吐率：28.37req/s] [内存消耗：3,389.43kb] [文件加载：84]
[ info ] [ LANG ] /www/wwwroot/mis.mbacms.com/thinkphp/lang/zh-cn.php
[ info ] [ ROUTE ] array (
)
[ info ] [ HEADER ] array (
  'host' => 'mis.mbacms.com',
  'cookie' => 'thinkphp_show_page_trace=0|0; PHPSESSID=csqsu2tfgmfmtg74gncemvecq0',
  'accept-language' => 'zh-CN,zh;q=0.9',
  'accept-encoding' => 'gzip, deflate, br',
  'referer' => 'https://mis.mbacms.com/admin/index/welcome.html',
  'sec-fetch-mode' => 'cors',
  'sec-fetch-site' => 'same-origin',
  'user-agent' => 'Mozilla/5.0 (Windows NT 10.0; WOW64) AppleWebKit/537.36 (KHTML, like Gecko) Chrome/79.0.3945.88 Safari/537.36',
  'accept' => 'application/json, text/plain, */*',
)
[ info ] [ PARAM ] array (
  'cycle' => 'thirtyday',
)
[ info ] [ DB ] INIT mysql
---------------------------------------------------------------

[2020-04-09T10:15:23+08:00] 209.17.97.2 GET nafmii.mbacms.com/
[运行时间：0.015264s] [吞吐率：65.51req/s] [内存消耗：1,874.04kb] [文件加载：68]
[ info ] [ LANG ] /www/wwwroot/mis.mbacms.com/thinkphp/lang/zh-cn.php
[ info ] [ ROUTE ] array (
)
[ info ] [ HEADER ] array (
  'user-agent' => 'Mozilla/5.0 (compatible; Nimbostratus-Bot/v1.3.2; http://cloudsystemnetworks.com)',
  'host' => 'nafmii.mbacms.com',
)
[ info ] [ PARAM ] array (
)
---------------------------------------------------------------

[2020-04-09T10:43:36+08:00] 66.249.75.229 GET mbacms.com/
[运行时间：0.015689s] [吞吐率：63.74req/s] [内存消耗：1,875.45kb] [文件加载：68]
[ info ] [ LANG ] /www/wwwroot/mis.mbacms.com/thinkphp/lang/zh-cn.php
[ info ] [ ROUTE ] array (
)
[ info ] [ HEADER ] array (
  'accept-encoding' => 'gzip,deflate,br',
  'user-agent' => 'Mozilla/5.0 (Linux; Android 6.0.1; Nexus 5X Build/MMB29P) AppleWebKit/537.36 (KHTML, like Gecko) Chrome/41.0.2272.96 Mobile Safari/537.36 (compatible; Googlebot/2.1; +http://www.google.com/bot.html)',
  'from' => 'googlebot(at)googlebot.com',
  'accept' => 'text/html,application/xhtml+xml,application/signed-exchange;v=b3,application/xml;q=0.9,*/*;q=0.8',
  'connection' => 'keep-alive',
  'amp-cache-transform' => 'google;v="1..3"',
  'host' => 'mbacms.com',
)
[ info ] [ PARAM ] array (
)
---------------------------------------------------------------

[2020-04-09T10:43:37+08:00] 66.249.75.231 GET mbacms.com/index/login/login.html
[运行时间：0.022484s] [吞吐率：44.48req/s] [内存消耗：2,628.63kb] [文件加载：71]
[ info ] [ LANG ] /www/wwwroot/mis.mbacms.com/thinkphp/lang/zh-cn.php
[ info ] [ ROUTE ] array (
)
[ info ] [ HEADER ] array (
  'accept-encoding' => 'gzip,deflate,br',
  'user-agent' => 'Mozilla/5.0 (Linux; Android 6.0.1; Nexus 5X Build/MMB29P) AppleWebKit/537.36 (KHTML, like Gecko) Chrome/41.0.2272.96 Mobile Safari/537.36 (compatible; Googlebot/2.1; +http://www.google.com/bot.html)',
  'from' => 'googlebot(at)googlebot.com',
  'accept' => 'text/html,application/xhtml+xml,application/signed-exchange;v=b3,application/xml;q=0.9,*/*;q=0.8',
  'connection' => 'keep-alive',
  'cookie' => 'PHPSESSID=j79a7jvmj2evebg3nlffqjeqf2',
  'amp-cache-transform' => 'google;v="1..3"',
  'host' => 'mbacms.com',
)
[ info ] [ PARAM ] array (
)
[ info ] [ DB ] INIT mysql
[ info ] [ VIEW ] /www/wwwroot/mis.mbacms.com/application/index/view/login/login.html [ array (
  0 => 'site_config',
) ]
---------------------------------------------------------------

[2020-04-09T11:34:02+08:00] 66.249.75.231 GET mbacms.com/index/login/login.html
[运行时间：0.022711s] [吞吐率：44.03req/s] [内存消耗：2,628.48kb] [文件加载：71]
[ info ] [ LANG ] /www/wwwroot/mis.mbacms.com/thinkphp/lang/zh-cn.php
[ info ] [ ROUTE ] array (
)
[ info ] [ HEADER ] array (
  'accept-encoding' => 'gzip,deflate,br',
  'user-agent' => 'Mozilla/5.0 (Linux; Android 6.0.1; Nexus 5X Build/MMB29P) AppleWebKit/537.36 (KHTML, like Gecko) Chrome/41.0.2272.96 Mobile Safari/537.36 (compatible; Googlebot/2.1; +http://www.google.com/bot.html)',
  'from' => 'googlebot(at)googlebot.com',
  'accept' => 'text/html,application/xhtml+xml,application/signed-exchange;v=b3,application/xml;q=0.9,*/*;q=0.8',
  'connection' => 'keep-alive',
  'amp-cache-transform' => 'google;v="1..3"',
  'host' => 'mbacms.com',
)
[ info ] [ PARAM ] array (
)
[ info ] [ DB ] INIT mysql
[ info ] [ VIEW ] /www/wwwroot/mis.mbacms.com/application/index/view/login/login.html [ array (
  0 => 'site_config',
) ]
---------------------------------------------------------------

[2020-04-09T13:06:58+08:00] 47.101.201.45 GET mis.mbacms.com/
[运行时间：0.015602s] [吞吐率：64.09req/s] [内存消耗：1,874.24kb] [文件加载：68]
[ info ] [ LANG ] /www/wwwroot/mis.mbacms.com/thinkphp/lang/zh-cn.php
[ info ] [ ROUTE ] array (
)
[ info ] [ HEADER ] array (
  'accept-encoding' => 'gzip',
  'connection' => 'Keep-Alive',
  'host' => 'mis.mbacms.com',
  'user-agent' => 'Mozilla/5.0 (X11; Ubuntu; Linux x86_64; rv:36.0) Gecko/20100101 Firefox/36.0',
)
[ info ] [ PARAM ] array (
)
---------------------------------------------------------------

[2020-04-09T13:06:58+08:00] 47.101.201.45 GET mis.mbacms.com/index/login/login.html
[运行时间：0.022039s] [吞吐率：45.37req/s] [内存消耗：2,627.40kb] [文件加载：71]
[ info ] [ LANG ] /www/wwwroot/mis.mbacms.com/thinkphp/lang/zh-cn.php
[ info ] [ ROUTE ] array (
)
[ info ] [ HEADER ] array (
  'accept-encoding' => 'gzip',
  'connection' => 'Keep-Alive',
  'host' => 'mis.mbacms.com',
  'user-agent' => 'Mozilla/5.0 (X11; Ubuntu; Linux x86_64; rv:36.0) Gecko/20100101 Firefox/36.0',
)
[ info ] [ PARAM ] array (
)
[ info ] [ DB ] INIT mysql
[ info ] [ VIEW ] /www/wwwroot/mis.mbacms.com/application/index/view/login/login.html [ array (
  0 => 'site_config',
) ]
---------------------------------------------------------------

[2020-04-09T13:20:02+08:00] 221.221.148.230 GET mis.mbacms.com/admin/index/index.html
[运行时间：0.030823s] [吞吐率：32.44req/s] [内存消耗：3,082.63kb] [文件加载：80]
[ info ] [ LANG ] /www/wwwroot/mis.mbacms.com/thinkphp/lang/zh-cn.php
[ info ] [ ROUTE ] array (
)
[ info ] [ HEADER ] array (
  'host' => 'mis.mbacms.com',
  'cookie' => 'thinkphp_show_page_trace=0|0; PHPSESSID=csqsu2tfgmfmtg74gncemvecq0',
  'accept-language' => 'zh-CN,zh;q=0.9',
  'accept-encoding' => 'gzip, deflate, br',
  'referer' => 'https://mis.mbacms.com/admin/login/login.html',
  'sec-fetch-mode' => 'navigate',
  'sec-fetch-site' => 'same-origin',
  'accept' => 'text/html,application/xhtml+xml,application/xml;q=0.9,image/webp,image/apng,*/*;q=0.8,application/signed-exchange;v=b3;q=0.9',
  'sec-fetch-user' => '?1',
  'user-agent' => 'Mozilla/5.0 (Windows NT 10.0; WOW64) AppleWebKit/537.36 (KHTML, like Gecko) Chrome/79.0.3945.88 Safari/537.36',
  'upgrade-insecure-requests' => '1',
  'cache-control' => 'max-age=0',
)
[ info ] [ PARAM ] array (
)
[ info ] [ DB ] INIT mysql
[ info ] [ VIEW ] /www/wwwroot/mis.mbacms.com/application/admin/view/index/index.html [ array (
  0 => 'site_config',
  1 => 'theme',
  2 => 'menu',
  3 => 'controller',
  4 => 'action',
) ]
---------------------------------------------------------------

[2020-04-09T13:20:02+08:00] 221.221.148.230 GET mis.mbacms.com/admin/index/welcome.html
[运行时间：0.044540s] [吞吐率：22.45req/s] [内存消耗：3,418.76kb] [文件加载：88]
[ info ] [ LANG ] /www/wwwroot/mis.mbacms.com/thinkphp/lang/zh-cn.php
[ info ] [ ROUTE ] array (
)
[ info ] [ HEADER ] array (
  'host' => 'mis.mbacms.com',
  'cookie' => 'thinkphp_show_page_trace=0|0; PHPSESSID=csqsu2tfgmfmtg74gncemvecq0',
  'accept-language' => 'zh-CN,zh;q=0.9',
  'accept-encoding' => 'gzip, deflate, br',
  'referer' => 'https://mis.mbacms.com/admin/index/index.html',
  'sec-fetch-mode' => 'nested-navigate',
  'sec-fetch-site' => 'same-origin',
  'accept' => 'text/html,application/xhtml+xml,application/xml;q=0.9,image/webp,image/apng,*/*;q=0.8,application/signed-exchange;v=b3;q=0.9',
  'user-agent' => 'Mozilla/5.0 (Windows NT 10.0; WOW64) AppleWebKit/537.36 (KHTML, like Gecko) Chrome/79.0.3945.88 Safari/537.36',
  'upgrade-insecure-requests' => '1',
)
[ info ] [ PARAM ] array (
)
[ info ] [ DB ] INIT mysql
[ info ] [ VIEW ] /www/wwwroot/mis.mbacms.com/application/admin/view/index/welcome.html [ array (
  0 => 'site_config',
  1 => 'theme',
  2 => 'menu',
  3 => 'controller',
  4 => 'action',
  5 => 'first_line',
  6 => 'second_line',
  7 => 'topData',
) ]
---------------------------------------------------------------

[2020-04-09T13:20:03+08:00] 221.221.148.230 GET mis.mbacms.com/admin/index/orderchart.html?cycle=thirtyday
[运行时间：0.033878s] [吞吐率：29.52req/s] [内存消耗：3,389.43kb] [文件加载：84]
[ info ] [ LANG ] /www/wwwroot/mis.mbacms.com/thinkphp/lang/zh-cn.php
[ info ] [ ROUTE ] array (
)
[ info ] [ HEADER ] array (
  'host' => 'mis.mbacms.com',
  'cookie' => 'thinkphp_show_page_trace=0|0; PHPSESSID=csqsu2tfgmfmtg74gncemvecq0',
  'accept-language' => 'zh-CN,zh;q=0.9',
  'accept-encoding' => 'gzip, deflate, br',
  'referer' => 'https://mis.mbacms.com/admin/index/welcome.html',
  'sec-fetch-mode' => 'cors',
  'sec-fetch-site' => 'same-origin',
  'user-agent' => 'Mozilla/5.0 (Windows NT 10.0; WOW64) AppleWebKit/537.36 (KHTML, like Gecko) Chrome/79.0.3945.88 Safari/537.36',
  'accept' => 'application/json, text/plain, */*',
)
[ info ] [ PARAM ] array (
  'cycle' => 'thirtyday',
)
[ info ] [ DB ] INIT mysql
---------------------------------------------------------------

[2020-04-09T13:20:03+08:00] 221.221.148.230 GET mis.mbacms.com/admin/index/memberchart.html
[运行时间：0.041152s] [吞吐率：24.30req/s] [内存消耗：2,838.49kb] [文件加载：74]
[ info ] [ LANG ] /www/wwwroot/mis.mbacms.com/thinkphp/lang/zh-cn.php
[ info ] [ ROUTE ] array (
)
[ info ] [ HEADER ] array (
  'host' => 'mis.mbacms.com',
  'cookie' => 'thinkphp_show_page_trace=0|0; PHPSESSID=csqsu2tfgmfmtg74gncemvecq0',
  'accept-language' => 'zh-CN,zh;q=0.9',
  'accept-encoding' => 'gzip, deflate, br',
  'referer' => 'https://mis.mbacms.com/admin/index/welcome.html',
  'sec-fetch-mode' => 'cors',
  'sec-fetch-site' => 'same-origin',
  'user-agent' => 'Mozilla/5.0 (Windows NT 10.0; WOW64) AppleWebKit/537.36 (KHTML, like Gecko) Chrome/79.0.3945.88 Safari/537.36',
  'accept' => 'application/json, text/plain, */*',
)
[ info ] [ PARAM ] array (
)
[ info ] [ DB ] INIT mysql
---------------------------------------------------------------

[2020-04-09T13:21:15+08:00] 221.221.148.230 GET mis.mbacms.com/admin/index/index.html
[运行时间：0.030450s] [吞吐率：32.84req/s] [内存消耗：3,082.63kb] [文件加载：80]
[ info ] [ LANG ] /www/wwwroot/mis.mbacms.com/thinkphp/lang/zh-cn.php
[ info ] [ ROUTE ] array (
)
[ info ] [ HEADER ] array (
  'host' => 'mis.mbacms.com',
  'cookie' => 'thinkphp_show_page_trace=0|0; PHPSESSID=csqsu2tfgmfmtg74gncemvecq0',
  'accept-language' => 'zh-CN,zh;q=0.9',
  'accept-encoding' => 'gzip, deflate, br',
  'referer' => 'https://mis.mbacms.com/admin/login/login.html',
  'sec-fetch-mode' => 'navigate',
  'sec-fetch-site' => 'same-origin',
  'accept' => 'text/html,application/xhtml+xml,application/xml;q=0.9,image/webp,image/apng,*/*;q=0.8,application/signed-exchange;v=b3;q=0.9',
  'sec-fetch-user' => '?1',
  'user-agent' => 'Mozilla/5.0 (Windows NT 10.0; WOW64) AppleWebKit/537.36 (KHTML, like Gecko) Chrome/79.0.3945.88 Safari/537.36',
  'upgrade-insecure-requests' => '1',
  'cache-control' => 'max-age=0',
)
[ info ] [ PARAM ] array (
)
[ info ] [ DB ] INIT mysql
[ info ] [ VIEW ] /www/wwwroot/mis.mbacms.com/application/admin/view/index/index.html [ array (
  0 => 'site_config',
  1 => 'theme',
  2 => 'menu',
  3 => 'controller',
  4 => 'action',
) ]
---------------------------------------------------------------

[2020-04-09T13:21:15+08:00] 221.221.148.230 GET mis.mbacms.com/admin/index/welcome.html
[运行时间：0.043630s] [吞吐率：22.92req/s] [内存消耗：3,418.76kb] [文件加载：88]
[ info ] [ LANG ] /www/wwwroot/mis.mbacms.com/thinkphp/lang/zh-cn.php
[ info ] [ ROUTE ] array (
)
[ info ] [ HEADER ] array (
  'host' => 'mis.mbacms.com',
  'cookie' => 'thinkphp_show_page_trace=0|0; PHPSESSID=csqsu2tfgmfmtg74gncemvecq0',
  'accept-language' => 'zh-CN,zh;q=0.9',
  'accept-encoding' => 'gzip, deflate, br',
  'referer' => 'https://mis.mbacms.com/admin/index/index.html',
  'sec-fetch-mode' => 'nested-navigate',
  'sec-fetch-site' => 'same-origin',
  'accept' => 'text/html,application/xhtml+xml,application/xml;q=0.9,image/webp,image/apng,*/*;q=0.8,application/signed-exchange;v=b3;q=0.9',
  'user-agent' => 'Mozilla/5.0 (Windows NT 10.0; WOW64) AppleWebKit/537.36 (KHTML, like Gecko) Chrome/79.0.3945.88 Safari/537.36',
  'upgrade-insecure-requests' => '1',
)
[ info ] [ PARAM ] array (
)
[ info ] [ DB ] INIT mysql
[ info ] [ VIEW ] /www/wwwroot/mis.mbacms.com/application/admin/view/index/welcome.html [ array (
  0 => 'site_config',
  1 => 'theme',
  2 => 'menu',
  3 => 'controller',
  4 => 'action',
  5 => 'first_line',
  6 => 'second_line',
  7 => 'topData',
) ]
---------------------------------------------------------------

[2020-04-09T13:21:16+08:00] 221.221.148.230 GET mis.mbacms.com/admin/index/memberchart.html
[运行时间：0.027710s] [吞吐率：36.09req/s] [内存消耗：2,838.49kb] [文件加载：74]
[ info ] [ LANG ] /www/wwwroot/mis.mbacms.com/thinkphp/lang/zh-cn.php
[ info ] [ ROUTE ] array (
)
[ info ] [ HEADER ] array (
  'host' => 'mis.mbacms.com',
  'cookie' => 'thinkphp_show_page_trace=0|0; PHPSESSID=csqsu2tfgmfmtg74gncemvecq0',
  'accept-language' => 'zh-CN,zh;q=0.9',
  'accept-encoding' => 'gzip, deflate, br',
  'referer' => 'https://mis.mbacms.com/admin/index/welcome.html',
  'sec-fetch-mode' => 'cors',
  'sec-fetch-site' => 'same-origin',
  'user-agent' => 'Mozilla/5.0 (Windows NT 10.0; WOW64) AppleWebKit/537.36 (KHTML, like Gecko) Chrome/79.0.3945.88 Safari/537.36',
  'accept' => 'application/json, text/plain, */*',
)
[ info ] [ PARAM ] array (
)
[ info ] [ DB ] INIT mysql
---------------------------------------------------------------

[2020-04-09T13:21:16+08:00] 221.221.148.230 GET mis.mbacms.com/admin/index/orderchart.html?cycle=thirtyday
[运行时间：0.035927s] [吞吐率：27.83req/s] [内存消耗：3,389.43kb] [文件加载：84]
[ info ] [ LANG ] /www/wwwroot/mis.mbacms.com/thinkphp/lang/zh-cn.php
[ info ] [ ROUTE ] array (
)
[ info ] [ HEADER ] array (
  'host' => 'mis.mbacms.com',
  'cookie' => 'thinkphp_show_page_trace=0|0; PHPSESSID=csqsu2tfgmfmtg74gncemvecq0',
  'accept-language' => 'zh-CN,zh;q=0.9',
  'accept-encoding' => 'gzip, deflate, br',
  'referer' => 'https://mis.mbacms.com/admin/index/welcome.html',
  'sec-fetch-mode' => 'cors',
  'sec-fetch-site' => 'same-origin',
  'user-agent' => 'Mozilla/5.0 (Windows NT 10.0; WOW64) AppleWebKit/537.36 (KHTML, like Gecko) Chrome/79.0.3945.88 Safari/537.36',
  'accept' => 'application/json, text/plain, */*',
)
[ info ] [ PARAM ] array (
  'cycle' => 'thirtyday',
)
[ info ] [ DB ] INIT mysql
---------------------------------------------------------------

[2020-04-09T13:23:36+08:00] 221.221.148.230 GET mis.mbacms.com/admin/storage/storagelist.html
[运行时间：0.034507s] [吞吐率：28.98req/s] [内存消耗：2,826.42kb] [文件加载：78]
[ info ] [ LANG ] /www/wwwroot/mis.mbacms.com/thinkphp/lang/zh-cn.php
[ info ] [ ROUTE ] array (
)
[ info ] [ HEADER ] array (
  'host' => 'mis.mbacms.com',
  'cookie' => 'thinkphp_show_page_trace=0|0; PHPSESSID=csqsu2tfgmfmtg74gncemvecq0',
  'accept-language' => 'zh-CN,zh;q=0.9',
  'accept-encoding' => 'gzip, deflate, br',
  'referer' => 'https://mis.mbacms.com/admin/index/index.html',
  'sec-fetch-mode' => 'nested-navigate',
  'sec-fetch-site' => 'same-origin',
  'accept' => 'text/html,application/xhtml+xml,application/xml;q=0.9,image/webp,image/apng,*/*;q=0.8,application/signed-exchange;v=b3;q=0.9',
  'user-agent' => 'Mozilla/5.0 (Windows NT 10.0; WOW64) AppleWebKit/537.36 (KHTML, like Gecko) Chrome/79.0.3945.88 Safari/537.36',
  'upgrade-insecure-requests' => '1',
)
[ info ] [ PARAM ] array (
)
[ info ] [ DB ] INIT mysql
[ info ] [ VIEW ] /www/wwwroot/mis.mbacms.com/application/admin/view/storage/storageList.html [ array (
  0 => 'site_config',
  1 => 'theme',
  2 => 'menu',
  3 => 'controller',
  4 => 'action',
  5 => 'ordertype',
) ]
---------------------------------------------------------------

[2020-04-09T13:23:36+08:00] 221.221.148.230 GET mis.mbacms.com/admin/storage/storageListJson?page=1&limit=10
[运行时间：0.029324s] [吞吐率：34.10req/s] [内存消耗：2,967.72kb] [文件加载：76]
[ info ] [ LANG ] /www/wwwroot/mis.mbacms.com/thinkphp/lang/zh-cn.php
[ info ] [ ROUTE ] array (
)
[ info ] [ HEADER ] array (
  'host' => 'mis.mbacms.com',
  'cookie' => 'thinkphp_show_page_trace=0|0; PHPSESSID=csqsu2tfgmfmtg74gncemvecq0',
  'accept-language' => 'zh-CN,zh;q=0.9',
  'accept-encoding' => 'gzip, deflate, br',
  'referer' => 'https://mis.mbacms.com/admin/storage/storagelist.html',
  'sec-fetch-mode' => 'cors',
  'sec-fetch-site' => 'same-origin',
  'user-agent' => 'Mozilla/5.0 (Windows NT 10.0; WOW64) AppleWebKit/537.36 (KHTML, like Gecko) Chrome/79.0.3945.88 Safari/537.36',
  'x-requested-with' => 'XMLHttpRequest',
  'accept' => 'application/json, text/javascript, */*; q=0.01',
)
[ info ] [ PARAM ] array (
  'page' => '1',
  'limit' => '10',
)
[ info ] [ DB ] INIT mysql
---------------------------------------------------------------

[2020-04-09T13:23:38+08:00] 221.221.148.230 GET mis.mbacms.com/admin/storage/seeOrder.html?or_id=VM_20200408-7-357&ordertype=procure
[运行时间：0.036038s] [吞吐率：27.75req/s] [内存消耗：3,277.16kb] [文件加载：86]
[ info ] [ LANG ] /www/wwwroot/mis.mbacms.com/thinkphp/lang/zh-cn.php
[ info ] [ ROUTE ] array (
)
[ info ] [ HEADER ] array (
  'host' => 'mis.mbacms.com',
  'cookie' => 'thinkphp_show_page_trace=0|0; PHPSESSID=csqsu2tfgmfmtg74gncemvecq0',
  'accept-language' => 'zh-CN,zh;q=0.9',
  'accept-encoding' => 'gzip, deflate, br',
  'referer' => 'https://mis.mbacms.com/admin/storage/storagelist.html',
  'sec-fetch-mode' => 'nested-navigate',
  'sec-fetch-site' => 'same-origin',
  'accept' => 'text/html,application/xhtml+xml,application/xml;q=0.9,image/webp,image/apng,*/*;q=0.8,application/signed-exchange;v=b3;q=0.9',
  'user-agent' => 'Mozilla/5.0 (Windows NT 10.0; WOW64) AppleWebKit/537.36 (KHTML, like Gecko) Chrome/79.0.3945.88 Safari/537.36',
  'upgrade-insecure-requests' => '1',
)
[ info ] [ PARAM ] array (
  'or_id' => 'VM_20200408-7-357',
  'ordertype' => 'procure',
)
[ info ] [ DB ] INIT mysql
[ info ] [ VIEW ] /www/wwwroot/mis.mbacms.com/application/admin/view/storage/seeOrder.html [ array (
  0 => 'site_config',
  1 => 'theme',
  2 => 'menu',
  3 => 'controller',
  4 => 'action',
  5 => 'or_id',
  6 => 'data',
  7 => 'items',
  8 => 'totals',
  9 => 'verify_status',
  10 => 'delivery',
  11 => 'print_date',
  12 => 'title',
) ]
---------------------------------------------------------------

[2020-04-09T13:23:43+08:00] 221.221.148.230 GET mis.mbacms.com/admin/storage/seeOrder.html?or_id=VM_20200408-7-356&ordertype=procure
[运行时间：0.036328s] [吞吐率：27.53req/s] [内存消耗：3,277.14kb] [文件加载：86]
[ info ] [ LANG ] /www/wwwroot/mis.mbacms.com/thinkphp/lang/zh-cn.php
[ info ] [ ROUTE ] array (
)
[ info ] [ HEADER ] array (
  'host' => 'mis.mbacms.com',
  'cookie' => 'thinkphp_show_page_trace=0|0; PHPSESSID=csqsu2tfgmfmtg74gncemvecq0',
  'accept-language' => 'zh-CN,zh;q=0.9',
  'accept-encoding' => 'gzip, deflate, br',
  'referer' => 'https://mis.mbacms.com/admin/storage/storagelist.html',
  'sec-fetch-mode' => 'nested-navigate',
  'sec-fetch-site' => 'same-origin',
  'accept' => 'text/html,application/xhtml+xml,application/xml;q=0.9,image/webp,image/apng,*/*;q=0.8,application/signed-exchange;v=b3;q=0.9',
  'user-agent' => 'Mozilla/5.0 (Windows NT 10.0; WOW64) AppleWebKit/537.36 (KHTML, like Gecko) Chrome/79.0.3945.88 Safari/537.36',
  'upgrade-insecure-requests' => '1',
)
[ info ] [ PARAM ] array (
  'or_id' => 'VM_20200408-7-356',
  'ordertype' => 'procure',
)
[ info ] [ DB ] INIT mysql
[ info ] [ VIEW ] /www/wwwroot/mis.mbacms.com/application/admin/view/storage/seeOrder.html [ array (
  0 => 'site_config',
  1 => 'theme',
  2 => 'menu',
  3 => 'controller',
  4 => 'action',
  5 => 'or_id',
  6 => 'data',
  7 => 'items',
  8 => 'totals',
  9 => 'verify_status',
  10 => 'delivery',
  11 => 'print_date',
  12 => 'title',
) ]
---------------------------------------------------------------

[2020-04-09T13:24:02+08:00] 221.221.148.230 GET mis.mbacms.com/admin/storage/seeOrder.html?or_id=VM_20200408-7-356&ordertype=procure
[运行时间：0.035558s] [吞吐率：28.12req/s] [内存消耗：3,277.14kb] [文件加载：86]
[ info ] [ LANG ] /www/wwwroot/mis.mbacms.com/thinkphp/lang/zh-cn.php
[ info ] [ ROUTE ] array (
)
[ info ] [ HEADER ] array (
  'host' => 'mis.mbacms.com',
  'cookie' => 'thinkphp_show_page_trace=0|0; PHPSESSID=csqsu2tfgmfmtg74gncemvecq0',
  'accept-language' => 'zh-CN,zh;q=0.9',
  'accept-encoding' => 'gzip, deflate, br',
  'referer' => 'https://mis.mbacms.com/admin/storage/storagelist.html',
  'sec-fetch-mode' => 'nested-navigate',
  'sec-fetch-site' => 'same-origin',
  'accept' => 'text/html,application/xhtml+xml,application/xml;q=0.9,image/webp,image/apng,*/*;q=0.8,application/signed-exchange;v=b3;q=0.9',
  'user-agent' => 'Mozilla/5.0 (Windows NT 10.0; WOW64) AppleWebKit/537.36 (KHTML, like Gecko) Chrome/79.0.3945.88 Safari/537.36',
  'upgrade-insecure-requests' => '1',
)
[ info ] [ PARAM ] array (
  'or_id' => 'VM_20200408-7-356',
  'ordertype' => 'procure',
)
[ info ] [ DB ] INIT mysql
[ info ] [ VIEW ] /www/wwwroot/mis.mbacms.com/application/admin/view/storage/seeOrder.html [ array (
  0 => 'site_config',
  1 => 'theme',
  2 => 'menu',
  3 => 'controller',
  4 => 'action',
  5 => 'or_id',
  6 => 'data',
  7 => 'items',
  8 => 'totals',
  9 => 'verify_status',
  10 => 'delivery',
  11 => 'print_date',
  12 => 'title',
) ]
---------------------------------------------------------------

[2020-04-09T13:24:06+08:00] 221.221.148.230 GET mis.mbacms.com/admin/storage/seeOrder.html?or_id=VM_20200408-7-355&ordertype=procure
[运行时间：0.035949s] [吞吐率：27.82req/s] [内存消耗：3,277.16kb] [文件加载：86]
[ info ] [ LANG ] /www/wwwroot/mis.mbacms.com/thinkphp/lang/zh-cn.php
[ info ] [ ROUTE ] array (
)
[ info ] [ HEADER ] array (
  'host' => 'mis.mbacms.com',
  'cookie' => 'thinkphp_show_page_trace=0|0; PHPSESSID=csqsu2tfgmfmtg74gncemvecq0',
  'accept-language' => 'zh-CN,zh;q=0.9',
  'accept-encoding' => 'gzip, deflate, br',
  'referer' => 'https://mis.mbacms.com/admin/storage/storagelist.html',
  'sec-fetch-mode' => 'nested-navigate',
  'sec-fetch-site' => 'same-origin',
  'accept' => 'text/html,application/xhtml+xml,application/xml;q=0.9,image/webp,image/apng,*/*;q=0.8,application/signed-exchange;v=b3;q=0.9',
  'user-agent' => 'Mozilla/5.0 (Windows NT 10.0; WOW64) AppleWebKit/537.36 (KHTML, like Gecko) Chrome/79.0.3945.88 Safari/537.36',
  'upgrade-insecure-requests' => '1',
)
[ info ] [ PARAM ] array (
  'or_id' => 'VM_20200408-7-355',
  'ordertype' => 'procure',
)
[ info ] [ DB ] INIT mysql
[ info ] [ VIEW ] /www/wwwroot/mis.mbacms.com/application/admin/view/storage/seeOrder.html [ array (
  0 => 'site_config',
  1 => 'theme',
  2 => 'menu',
  3 => 'controller',
  4 => 'action',
  5 => 'or_id',
  6 => 'data',
  7 => 'items',
  8 => 'totals',
  9 => 'verify_status',
  10 => 'delivery',
  11 => 'print_date',
  12 => 'title',
) ]
---------------------------------------------------------------

[2020-04-09T13:24:19+08:00] 221.221.148.230 GET mis.mbacms.com/admin/storage/seeOrder.html?or_id=VM_20200408-7-354&ordertype=procure
[运行时间：0.036185s] [吞吐率：27.64req/s] [内存消耗：3,280.43kb] [文件加载：86]
[ info ] [ LANG ] /www/wwwroot/mis.mbacms.com/thinkphp/lang/zh-cn.php
[ info ] [ ROUTE ] array (
)
[ info ] [ HEADER ] array (
  'host' => 'mis.mbacms.com',
  'cookie' => 'thinkphp_show_page_trace=0|0; PHPSESSID=csqsu2tfgmfmtg74gncemvecq0',
  'accept-language' => 'zh-CN,zh;q=0.9',
  'accept-encoding' => 'gzip, deflate, br',
  'referer' => 'https://mis.mbacms.com/admin/storage/storagelist.html',
  'sec-fetch-mode' => 'nested-navigate',
  'sec-fetch-site' => 'same-origin',
  'accept' => 'text/html,application/xhtml+xml,application/xml;q=0.9,image/webp,image/apng,*/*;q=0.8,application/signed-exchange;v=b3;q=0.9',
  'user-agent' => 'Mozilla/5.0 (Windows NT 10.0; WOW64) AppleWebKit/537.36 (KHTML, like Gecko) Chrome/79.0.3945.88 Safari/537.36',
  'upgrade-insecure-requests' => '1',
)
[ info ] [ PARAM ] array (
  'or_id' => 'VM_20200408-7-354',
  'ordertype' => 'procure',
)
[ info ] [ DB ] INIT mysql
[ info ] [ VIEW ] /www/wwwroot/mis.mbacms.com/application/admin/view/storage/seeOrder.html [ array (
  0 => 'site_config',
  1 => 'theme',
  2 => 'menu',
  3 => 'controller',
  4 => 'action',
  5 => 'or_id',
  6 => 'data',
  7 => 'items',
  8 => 'totals',
  9 => 'verify_status',
  10 => 'delivery',
  11 => 'print_date',
  12 => 'title',
) ]
---------------------------------------------------------------

[2020-04-09T13:24:23+08:00] 221.221.148.230 GET mis.mbacms.com/admin/storage/seeOrder.html?or_id=VM_20200408-7-355&ordertype=procure
[运行时间：0.038073s] [吞吐率：26.27req/s] [内存消耗：3,277.16kb] [文件加载：86]
[ info ] [ LANG ] /www/wwwroot/mis.mbacms.com/thinkphp/lang/zh-cn.php
[ info ] [ ROUTE ] array (
)
[ info ] [ HEADER ] array (
  'host' => 'mis.mbacms.com',
  'cookie' => 'thinkphp_show_page_trace=0|0; PHPSESSID=csqsu2tfgmfmtg74gncemvecq0',
  'accept-language' => 'zh-CN,zh;q=0.9',
  'accept-encoding' => 'gzip, deflate, br',
  'referer' => 'https://mis.mbacms.com/admin/storage/storagelist.html',
  'sec-fetch-mode' => 'nested-navigate',
  'sec-fetch-site' => 'same-origin',
  'accept' => 'text/html,application/xhtml+xml,application/xml;q=0.9,image/webp,image/apng,*/*;q=0.8,application/signed-exchange;v=b3;q=0.9',
  'user-agent' => 'Mozilla/5.0 (Windows NT 10.0; WOW64) AppleWebKit/537.36 (KHTML, like Gecko) Chrome/79.0.3945.88 Safari/537.36',
  'upgrade-insecure-requests' => '1',
)
[ info ] [ PARAM ] array (
  'or_id' => 'VM_20200408-7-355',
  'ordertype' => 'procure',
)
[ info ] [ DB ] INIT mysql
[ info ] [ VIEW ] /www/wwwroot/mis.mbacms.com/application/admin/view/storage/seeOrder.html [ array (
  0 => 'site_config',
  1 => 'theme',
  2 => 'menu',
  3 => 'controller',
  4 => 'action',
  5 => 'or_id',
  6 => 'data',
  7 => 'items',
  8 => 'totals',
  9 => 'verify_status',
  10 => 'delivery',
  11 => 'print_date',
  12 => 'title',
) ]
---------------------------------------------------------------

[2020-04-09T13:24:33+08:00] 221.221.148.230 GET mis.mbacms.com/admin/storage/returnnew.html
[运行时间：0.035463s] [吞吐率：28.20req/s] [内存消耗：3,304.88kb] [文件加载：86]
[ info ] [ LANG ] /www/wwwroot/mis.mbacms.com/thinkphp/lang/zh-cn.php
[ info ] [ ROUTE ] array (
)
[ info ] [ HEADER ] array (
  'host' => 'mis.mbacms.com',
  'cookie' => 'thinkphp_show_page_trace=0|0; PHPSESSID=csqsu2tfgmfmtg74gncemvecq0',
  'accept-language' => 'zh-CN,zh;q=0.9',
  'accept-encoding' => 'gzip, deflate, br',
  'referer' => 'https://mis.mbacms.com/admin/index/index.html',
  'sec-fetch-mode' => 'nested-navigate',
  'sec-fetch-site' => 'same-origin',
  'accept' => 'text/html,application/xhtml+xml,application/xml;q=0.9,image/webp,image/apng,*/*;q=0.8,application/signed-exchange;v=b3;q=0.9',
  'user-agent' => 'Mozilla/5.0 (Windows NT 10.0; WOW64) AppleWebKit/537.36 (KHTML, like Gecko) Chrome/79.0.3945.88 Safari/537.36',
  'upgrade-insecure-requests' => '1',
)
[ info ] [ PARAM ] array (
)
[ info ] [ DB ] INIT mysql
[ info ] [ VIEW ] /www/wwwroot/mis.mbacms.com/application/admin/view/storage/returnNew.html [ array (
  0 => 'site_config',
  1 => 'theme',
  2 => 'menu',
  3 => 'controller',
  4 => 'action',
  5 => 'or_id',
  6 => 'ctime',
  7 => 'supplier',
  8 => 'user',
  9 => 'house',
  10 => 'curUser',
) ]
---------------------------------------------------------------

[2020-04-09T13:24:33+08:00] 221.221.148.230 GET mis.mbacms.com/admin/pub/ItemJson?or_id=VM_20200301-3-125&page=1&limit=10
[运行时间：0.027496s] [吞吐率：36.37req/s] [内存消耗：2,900.80kb] [文件加载：76]
[ info ] [ LANG ] /www/wwwroot/mis.mbacms.com/thinkphp/lang/zh-cn.php
[ info ] [ ROUTE ] array (
)
[ info ] [ HEADER ] array (
  'host' => 'mis.mbacms.com',
  'cookie' => 'PHPSESSID=csqsu2tfgmfmtg74gncemvecq0',
  'accept-language' => 'zh-CN,zh;q=0.9',
  'accept-encoding' => 'gzip, deflate, br',
  'referer' => 'https://mis.mbacms.com/admin/storage/returnnew.html',
  'sec-fetch-mode' => 'cors',
  'sec-fetch-site' => 'same-origin',
  'user-agent' => 'Mozilla/5.0 (Windows NT 10.0; WOW64) AppleWebKit/537.36 (KHTML, like Gecko) Chrome/79.0.3945.88 Safari/537.36',
  'x-requested-with' => 'XMLHttpRequest',
  'accept' => 'application/json, text/javascript, */*; q=0.01',
)
[ info ] [ PARAM ] array (
  'or_id' => 'VM_20200301-3-125',
  'page' => '1',
  'limit' => '10',
)
[ info ] [ DB ] INIT mysql
---------------------------------------------------------------

[2020-04-09T13:41:00+08:00] 221.221.148.230 GET mis.mbacms.com/admin/index/welcome.html
[运行时间：0.047569s] [吞吐率：21.02req/s] [内存消耗：3,418.96kb] [文件加载：88]
[ info ] [ LANG ] /www/wwwroot/mis.mbacms.com/thinkphp/lang/zh-cn.php
[ info ] [ ROUTE ] array (
)
[ info ] [ HEADER ] array (
  'host' => 'mis.mbacms.com',
  'cookie' => 'thinkphp_show_page_trace=0|0; PHPSESSID=csqsu2tfgmfmtg74gncemvecq0',
  'accept-language' => 'zh-CN,zh;q=0.9',
  'accept-encoding' => 'gzip, deflate, br',
  'referer' => 'https://mis.mbacms.com/admin/index/welcome.html',
  'sec-fetch-mode' => 'nested-navigate',
  'sec-fetch-site' => 'same-origin',
  'accept' => 'text/html,application/xhtml+xml,application/xml;q=0.9,image/webp,image/apng,*/*;q=0.8,application/signed-exchange;v=b3;q=0.9',
  'sec-fetch-user' => '?1',
  'user-agent' => 'Mozilla/5.0 (Windows NT 10.0; WOW64) AppleWebKit/537.36 (KHTML, like Gecko) Chrome/79.0.3945.88 Safari/537.36',
  'upgrade-insecure-requests' => '1',
  'cache-control' => 'max-age=0',
)
[ info ] [ PARAM ] array (
)
[ info ] [ DB ] INIT mysql
[ info ] [ VIEW ] /www/wwwroot/mis.mbacms.com/application/admin/view/index/welcome.html [ array (
  0 => 'site_config',
  1 => 'theme',
  2 => 'menu',
  3 => 'controller',
  4 => 'action',
  5 => 'first_line',
  6 => 'second_line',
  7 => 'topData',
) ]
---------------------------------------------------------------

[2020-04-09T13:41:00+08:00] 221.221.148.230 GET mis.mbacms.com/admin/index/memberchart.html
[运行时间：0.030150s] [吞吐率：33.17req/s] [内存消耗：2,838.49kb] [文件加载：74]
[ info ] [ LANG ] /www/wwwroot/mis.mbacms.com/thinkphp/lang/zh-cn.php
[ info ] [ ROUTE ] array (
)
[ info ] [ HEADER ] array (
  'host' => 'mis.mbacms.com',
  'cookie' => 'thinkphp_show_page_trace=0|0; PHPSESSID=csqsu2tfgmfmtg74gncemvecq0',
  'accept-language' => 'zh-CN,zh;q=0.9',
  'accept-encoding' => 'gzip, deflate, br',
  'referer' => 'https://mis.mbacms.com/admin/index/welcome.html',
  'sec-fetch-mode' => 'cors',
  'sec-fetch-site' => 'same-origin',
  'user-agent' => 'Mozilla/5.0 (Windows NT 10.0; WOW64) AppleWebKit/537.36 (KHTML, like Gecko) Chrome/79.0.3945.88 Safari/537.36',
  'accept' => 'application/json, text/plain, */*',
)
[ info ] [ PARAM ] array (
)
[ info ] [ DB ] INIT mysql
---------------------------------------------------------------

[2020-04-09T13:41:00+08:00] 221.221.148.230 GET mis.mbacms.com/admin/index/orderchart.html?cycle=thirtyday
[运行时间：0.038332s] [吞吐率：26.09req/s] [内存消耗：3,389.43kb] [文件加载：84]
[ info ] [ LANG ] /www/wwwroot/mis.mbacms.com/thinkphp/lang/zh-cn.php
[ info ] [ ROUTE ] array (
)
[ info ] [ HEADER ] array (
  'host' => 'mis.mbacms.com',
  'cookie' => 'thinkphp_show_page_trace=0|0; PHPSESSID=csqsu2tfgmfmtg74gncemvecq0',
  'accept-language' => 'zh-CN,zh;q=0.9',
  'accept-encoding' => 'gzip, deflate, br',
  'referer' => 'https://mis.mbacms.com/admin/index/welcome.html',
  'sec-fetch-mode' => 'cors',
  'sec-fetch-site' => 'same-origin',
  'user-agent' => 'Mozilla/5.0 (Windows NT 10.0; WOW64) AppleWebKit/537.36 (KHTML, like Gecko) Chrome/79.0.3945.88 Safari/537.36',
  'accept' => 'application/json, text/plain, */*',
)
[ info ] [ PARAM ] array (
  'cycle' => 'thirtyday',
)
[ info ] [ DB ] INIT mysql
---------------------------------------------------------------

[2020-04-09T16:29:45+08:00] 221.221.148.230 GET mis.mbacms.com/admin/goods/goodslist.html
[运行时间：0.030962s] [吞吐率：32.30req/s] [内存消耗：2,965.22kb] [文件加载：80]
[ info ] [ LANG ] /www/wwwroot/mis.mbacms.com/thinkphp/lang/zh-cn.php
[ info ] [ ROUTE ] array (
)
[ info ] [ HEADER ] array (
  'host' => 'mis.mbacms.com',
  'cookie' => 'thinkphp_show_page_trace=0|0; PHPSESSID=csqsu2tfgmfmtg74gncemvecq0',
  'accept-language' => 'zh-CN,zh;q=0.9',
  'accept-encoding' => 'gzip, deflate, br',
  'referer' => 'https://mis.mbacms.com/admin/index/index.html',
  'sec-fetch-mode' => 'nested-navigate',
  'sec-fetch-site' => 'same-origin',
  'accept' => 'text/html,application/xhtml+xml,application/xml;q=0.9,image/webp,image/apng,*/*;q=0.8,application/signed-exchange;v=b3;q=0.9',
  'user-agent' => 'Mozilla/5.0 (Windows NT 10.0; WOW64) AppleWebKit/537.36 (KHTML, like Gecko) Chrome/79.0.3945.88 Safari/537.36',
  'upgrade-insecure-requests' => '1',
)
[ info ] [ PARAM ] array (
)
[ info ] [ DB ] INIT mysql
[ info ] [ VIEW ] /www/wwwroot/mis.mbacms.com/application/admin/view/goods/goodsList.html [ array (
  0 => 'site_config',
  1 => 'theme',
  2 => 'menu',
  3 => 'controller',
  4 => 'action',
) ]
---------------------------------------------------------------

[2020-04-09T16:29:45+08:00] 221.221.148.230 GET mis.mbacms.com/admin/goods/goodsListJson?page=1&limit=10
[运行时间：0.030113s] [吞吐率：33.21req/s] [内存消耗：2,960.98kb] [文件加载：76]
[ info ] [ LANG ] /www/wwwroot/mis.mbacms.com/thinkphp/lang/zh-cn.php
[ info ] [ ROUTE ] array (
)
[ info ] [ HEADER ] array (
  'host' => 'mis.mbacms.com',
  'cookie' => 'thinkphp_show_page_trace=0|0; PHPSESSID=csqsu2tfgmfmtg74gncemvecq0',
  'accept-language' => 'zh-CN,zh;q=0.9',
  'accept-encoding' => 'gzip, deflate, br',
  'referer' => 'https://mis.mbacms.com/admin/goods/goodslist.html',
  'sec-fetch-mode' => 'cors',
  'sec-fetch-site' => 'same-origin',
  'user-agent' => 'Mozilla/5.0 (Windows NT 10.0; WOW64) AppleWebKit/537.36 (KHTML, like Gecko) Chrome/79.0.3945.88 Safari/537.36',
  'x-requested-with' => 'XMLHttpRequest',
  'accept' => 'application/json, text/javascript, */*; q=0.01',
)
[ info ] [ PARAM ] array (
  'page' => '1',
  'limit' => '10',
)
[ info ] [ DB ] INIT mysql
---------------------------------------------------------------

[2020-04-09T16:29:47+08:00] 221.221.148.230 GET mis.mbacms.com/admin/user/userlist.html
[运行时间：0.028075s] [吞吐率：35.62req/s] [内存消耗：2,806.73kb] [文件加载：78]
[ info ] [ LANG ] /www/wwwroot/mis.mbacms.com/thinkphp/lang/zh-cn.php
[ info ] [ ROUTE ] array (
)
[ info ] [ HEADER ] array (
  'host' => 'mis.mbacms.com',
  'cookie' => 'PHPSESSID=csqsu2tfgmfmtg74gncemvecq0',
  'accept-language' => 'zh-CN,zh;q=0.9',
  'accept-encoding' => 'gzip, deflate, br',
  'referer' => 'https://mis.mbacms.com/admin/index/index.html',
  'sec-fetch-mode' => 'nested-navigate',
  'sec-fetch-site' => 'same-origin',
  'accept' => 'text/html,application/xhtml+xml,application/xml;q=0.9,image/webp,image/apng,*/*;q=0.8,application/signed-exchange;v=b3;q=0.9',
  'user-agent' => 'Mozilla/5.0 (Windows NT 10.0; WOW64) AppleWebKit/537.36 (KHTML, like Gecko) Chrome/79.0.3945.88 Safari/537.36',
  'upgrade-insecure-requests' => '1',
)
[ info ] [ PARAM ] array (
)
[ info ] [ DB ] INIT mysql
[ info ] [ VIEW ] /www/wwwroot/mis.mbacms.com/application/admin/view/user/userList.html [ array (
  0 => 'site_config',
  1 => 'theme',
  2 => 'menu',
  3 => 'controller',
  4 => 'action',
) ]
---------------------------------------------------------------

[2020-04-09T16:29:47+08:00] 221.221.148.230 GET mis.mbacms.com/admin/user/userListJson?page=1&limit=10
[运行时间：0.029135s] [吞吐率：34.32req/s] [内存消耗：2,914.15kb] [文件加载：76]
[ info ] [ LANG ] /www/wwwroot/mis.mbacms.com/thinkphp/lang/zh-cn.php
[ info ] [ ROUTE ] array (
)
[ info ] [ HEADER ] array (
  'host' => 'mis.mbacms.com',
  'cookie' => 'thinkphp_show_page_trace=0|0; PHPSESSID=csqsu2tfgmfmtg74gncemvecq0',
  'accept-language' => 'zh-CN,zh;q=0.9',
  'accept-encoding' => 'gzip, deflate, br',
  'referer' => 'https://mis.mbacms.com/admin/user/userlist.html',
  'sec-fetch-mode' => 'cors',
  'sec-fetch-site' => 'same-origin',
  'user-agent' => 'Mozilla/5.0 (Windows NT 10.0; WOW64) AppleWebKit/537.36 (KHTML, like Gecko) Chrome/79.0.3945.88 Safari/537.36',
  'x-requested-with' => 'XMLHttpRequest',
  'accept' => 'application/json, text/javascript, */*; q=0.01',
)
[ info ] [ PARAM ] array (
  'page' => '1',
  'limit' => '10',
)
[ info ] [ DB ] INIT mysql
---------------------------------------------------------------

[2020-04-09T16:29:48+08:00] 221.221.148.230 GET mis.mbacms.com/admin/user_log/index.html
[运行时间：0.027627s] [吞吐率：36.20req/s] [内存消耗：2,747.70kb] [文件加载：78]
[ info ] [ LANG ] /www/wwwroot/mis.mbacms.com/thinkphp/lang/zh-cn.php
[ info ] [ ROUTE ] array (
)
[ info ] [ HEADER ] array (
  'host' => 'mis.mbacms.com',
  'cookie' => 'PHPSESSID=csqsu2tfgmfmtg74gncemvecq0',
  'accept-language' => 'zh-CN,zh;q=0.9',
  'accept-encoding' => 'gzip, deflate, br',
  'referer' => 'https://mis.mbacms.com/admin/index/index.html',
  'sec-fetch-mode' => 'nested-navigate',
  'sec-fetch-site' => 'same-origin',
  'accept' => 'text/html,application/xhtml+xml,application/xml;q=0.9,image/webp,image/apng,*/*;q=0.8,application/signed-exchange;v=b3;q=0.9',
  'user-agent' => 'Mozilla/5.0 (Windows NT 10.0; WOW64) AppleWebKit/537.36 (KHTML, like Gecko) Chrome/79.0.3945.88 Safari/537.36',
  'upgrade-insecure-requests' => '1',
)
[ info ] [ PARAM ] array (
)
[ info ] [ DB ] INIT mysql
[ info ] [ VIEW ] /www/wwwroot/mis.mbacms.com/application/admin/view/user_log/index.html [ array (
  0 => 'site_config',
  1 => 'theme',
  2 => 'menu',
  3 => 'controller',
  4 => 'action',
) ]
---------------------------------------------------------------

[2020-04-09T16:29:48+08:00] 221.221.148.230 GET mis.mbacms.com/admin/user_log/userLogListJson?page=1&limit=10
[运行时间：0.031595s] [吞吐率：31.65req/s] [内存消耗：3,173.13kb] [文件加载：84]
[ info ] [ LANG ] /www/wwwroot/mis.mbacms.com/thinkphp/lang/zh-cn.php
[ info ] [ ROUTE ] array (
)
[ info ] [ HEADER ] array (
  'host' => 'mis.mbacms.com',
  'cookie' => 'thinkphp_show_page_trace=0|0; PHPSESSID=csqsu2tfgmfmtg74gncemvecq0',
  'accept-language' => 'zh-CN,zh;q=0.9',
  'accept-encoding' => 'gzip, deflate, br',
  'referer' => 'https://mis.mbacms.com/admin/user_log/index.html',
  'sec-fetch-mode' => 'cors',
  'sec-fetch-site' => 'same-origin',
  'user-agent' => 'Mozilla/5.0 (Windows NT 10.0; WOW64) AppleWebKit/537.36 (KHTML, like Gecko) Chrome/79.0.3945.88 Safari/537.36',
  'x-requested-with' => 'XMLHttpRequest',
  'accept' => 'application/json, text/javascript, */*; q=0.01',
)
[ info ] [ PARAM ] array (
  'page' => '1',
  'limit' => '10',
)
[ info ] [ DB ] INIT mysql
---------------------------------------------------------------

[2020-04-09T16:29:50+08:00] 221.221.148.230 GET mis.mbacms.com/admin/member/memberlist.html
[运行时间：0.028427s] [吞吐率：35.18req/s] [内存消耗：2,937.62kb] [文件加载：80]
[ info ] [ LANG ] /www/wwwroot/mis.mbacms.com/thinkphp/lang/zh-cn.php
[ info ] [ ROUTE ] array (
)
[ info ] [ HEADER ] array (
  'host' => 'mis.mbacms.com',
  'cookie' => 'thinkphp_show_page_trace=0|0; PHPSESSID=csqsu2tfgmfmtg74gncemvecq0',
  'accept-language' => 'zh-CN,zh;q=0.9',
  'accept-encoding' => 'gzip, deflate, br',
  'referer' => 'https://mis.mbacms.com/admin/index/index.html',
  'sec-fetch-mode' => 'nested-navigate',
  'sec-fetch-site' => 'same-origin',
  'accept' => 'text/html,application/xhtml+xml,application/xml;q=0.9,image/webp,image/apng,*/*;q=0.8,application/signed-exchange;v=b3;q=0.9',
  'user-agent' => 'Mozilla/5.0 (Windows NT 10.0; WOW64) AppleWebKit/537.36 (KHTML, like Gecko) Chrome/79.0.3945.88 Safari/537.36',
  'upgrade-insecure-requests' => '1',
)
[ info ] [ PARAM ] array (
)
[ info ] [ DB ] INIT mysql
[ info ] [ VIEW ] /www/wwwroot/mis.mbacms.com/application/admin/view/member/memberList.html [ array (
  0 => 'site_config',
  1 => 'theme',
  2 => 'menu',
  3 => 'controller',
  4 => 'action',
) ]
---------------------------------------------------------------

[2020-04-09T16:29:50+08:00] 221.221.148.230 GET mis.mbacms.com/admin/member/memberListJson?page=1&limit=10
[运行时间：0.028957s] [吞吐率：34.53req/s] [内存消耗：2,927.48kb] [文件加载：76]
[ info ] [ LANG ] /www/wwwroot/mis.mbacms.com/thinkphp/lang/zh-cn.php
[ info ] [ ROUTE ] array (
)
[ info ] [ HEADER ] array (
  'host' => 'mis.mbacms.com',
  'cookie' => 'thinkphp_show_page_trace=0|0; PHPSESSID=csqsu2tfgmfmtg74gncemvecq0',
  'accept-language' => 'zh-CN,zh;q=0.9',
  'accept-encoding' => 'gzip, deflate, br',
  'referer' => 'https://mis.mbacms.com/admin/member/memberlist.html',
  'sec-fetch-mode' => 'cors',
  'sec-fetch-site' => 'same-origin',
  'user-agent' => 'Mozilla/5.0 (Windows NT 10.0; WOW64) AppleWebKit/537.36 (KHTML, like Gecko) Chrome/79.0.3945.88 Safari/537.36',
  'x-requested-with' => 'XMLHttpRequest',
  'accept' => 'application/json, text/javascript, */*; q=0.01',
)
[ info ] [ PARAM ] array (
  'page' => '1',
  'limit' => '10',
)
[ info ] [ DB ] INIT mysql
---------------------------------------------------------------

[2020-04-09T16:29:52+08:00] 221.221.148.230 GET mis.mbacms.com/admin/member/editMember.html?id=93
[运行时间：0.034372s] [吞吐率：29.09req/s] [内存消耗：3,242.49kb] [文件加载：87]
[ info ] [ LANG ] /www/wwwroot/mis.mbacms.com/thinkphp/lang/zh-cn.php
[ info ] [ ROUTE ] array (
)
[ info ] [ HEADER ] array (
  'host' => 'mis.mbacms.com',
  'cookie' => 'thinkphp_show_page_trace=0|0; PHPSESSID=csqsu2tfgmfmtg74gncemvecq0',
  'accept-language' => 'zh-CN,zh;q=0.9',
  'accept-encoding' => 'gzip, deflate, br',
  'referer' => 'https://mis.mbacms.com/admin/member/memberlist.html',
  'sec-fetch-mode' => 'nested-navigate',
  'sec-fetch-site' => 'same-origin',
  'accept' => 'text/html,application/xhtml+xml,application/xml;q=0.9,image/webp,image/apng,*/*;q=0.8,application/signed-exchange;v=b3;q=0.9',
  'user-agent' => 'Mozilla/5.0 (Windows NT 10.0; WOW64) AppleWebKit/537.36 (KHTML, like Gecko) Chrome/79.0.3945.88 Safari/537.36',
  'upgrade-insecure-requests' => '1',
)
[ info ] [ PARAM ] array (
  'id' => '93',
)
[ info ] [ DB ] INIT mysql
[ info ] [ VIEW ] /www/wwwroot/mis.mbacms.com/application/admin/view/member/editMember.html [ array (
  0 => 'site_config',
  1 => 'theme',
  2 => 'menu',
  3 => 'controller',
  4 => 'action',
  5 => 'mcategory',
  6 => 'data',
  7 => 'shop',
) ]
---------------------------------------------------------------

[2020-04-09T18:17:56+08:00] 162.243.133.243 GET 47.95.1.68/
[运行时间：0.016338s] [吞吐率：61.21req/s] [内存消耗：1,874.05kb] [文件加载：68]
[ info ] [ LANG ] /www/wwwroot/mis.mbacms.com/thinkphp/lang/zh-cn.php
[ info ] [ ROUTE ] array (
)
[ info ] [ HEADER ] array (
  'accept-encoding' => 'gzip',
  'accept' => '*/*',
  'user-agent' => 'Mozilla/5.0 zgrab/0.x',
  'host' => '47.95.1.68',
)
[ info ] [ PARAM ] array (
)
---------------------------------------------------------------

[2020-04-09T19:51:34+08:00] 47.101.192.118 GET mis.mbacms.com/
[运行时间：0.015511s] [吞吐率：64.47req/s] [内存消耗：1,874.24kb] [文件加载：68]
[ info ] [ LANG ] /www/wwwroot/mis.mbacms.com/thinkphp/lang/zh-cn.php
[ info ] [ ROUTE ] array (
)
[ info ] [ HEADER ] array (
  'accept-encoding' => 'gzip',
  'connection' => 'Keep-Alive',
  'host' => 'mis.mbacms.com',
  'user-agent' => 'Mozilla/5.0 (X11; Ubuntu; Linux x86_64; rv:36.0) Gecko/20100101 Firefox/36.0',
)
[ info ] [ PARAM ] array (
)
---------------------------------------------------------------

[2020-04-09T19:51:34+08:00] 47.101.192.118 GET mis.mbacms.com/index/login/login.html
[运行时间：0.022399s] [吞吐率：44.64req/s] [内存消耗：2,627.40kb] [文件加载：71]
[ info ] [ LANG ] /www/wwwroot/mis.mbacms.com/thinkphp/lang/zh-cn.php
[ info ] [ ROUTE ] array (
)
[ info ] [ HEADER ] array (
  'accept-encoding' => 'gzip',
  'connection' => 'Keep-Alive',
  'host' => 'mis.mbacms.com',
  'user-agent' => 'Mozilla/5.0 (X11; Ubuntu; Linux x86_64; rv:36.0) Gecko/20100101 Firefox/36.0',
)
[ info ] [ PARAM ] array (
)
[ info ] [ DB ] INIT mysql
[ info ] [ VIEW ] /www/wwwroot/mis.mbacms.com/application/index/view/login/login.html [ array (
  0 => 'site_config',
) ]
---------------------------------------------------------------

[2020-04-09T19:56:54+08:00] 128.14.134.170 GET 47.95.1.68/solr/
[运行时间：0.013698s] [吞吐率：73.00req/s] [内存消耗：1,468.21kb] [文件加载：59]
[ info ] [ LANG ] /www/wwwroot/mis.mbacms.com/thinkphp/lang/zh-cn.php
---------------------------------------------------------------

[2020-04-09T20:35:14+08:00] 47.101.201.234 GET mbacms.com/
[运行时间：0.015666s] [吞吐率：63.83req/s] [内存消耗：1,874.21kb] [文件加载：68]
[ info ] [ LANG ] /www/wwwroot/mis.mbacms.com/thinkphp/lang/zh-cn.php
[ info ] [ ROUTE ] array (
)
[ info ] [ HEADER ] array (
  'accept-encoding' => 'gzip',
  'connection' => 'Keep-Alive',
  'host' => 'mbacms.com',
  'user-agent' => 'Mozilla/5.0 (X11; Ubuntu; Linux x86_64; rv:36.0) Gecko/20100101 Firefox/36.0',
)
[ info ] [ PARAM ] array (
)
---------------------------------------------------------------

[2020-04-09T20:35:14+08:00] 47.101.201.234 GET mbacms.com/index/login/login.html
[运行时间：0.022473s] [吞吐率：44.50req/s] [内存消耗：2,627.37kb] [文件加载：71]
[ info ] [ LANG ] /www/wwwroot/mis.mbacms.com/thinkphp/lang/zh-cn.php
[ info ] [ ROUTE ] array (
)
[ info ] [ HEADER ] array (
  'accept-encoding' => 'gzip',
  'connection' => 'Keep-Alive',
  'host' => 'mbacms.com',
  'user-agent' => 'Mozilla/5.0 (X11; Ubuntu; Linux x86_64; rv:36.0) Gecko/20100101 Firefox/36.0',
)
[ info ] [ PARAM ] array (
)
[ info ] [ DB ] INIT mysql
[ info ] [ VIEW ] /www/wwwroot/mis.mbacms.com/application/index/view/login/login.html [ array (
  0 => 'site_config',
) ]
---------------------------------------------------------------

[2020-04-09T22:17:42+08:00] 128.14.209.250 GET 47.95.1.68/
[运行时间：0.015613s] [吞吐率：64.05req/s] [内存消耗：1,874.43kb] [文件加载：68]
[ info ] [ LANG ] /www/wwwroot/mis.mbacms.com/thinkphp/lang/zh-cn.php
[ info ] [ ROUTE ] array (
)
[ info ] [ HEADER ] array (
  'accept-encoding' => 'gzip',
  'accept' => '*/*',
  'user-agent' => 'Mozilla/5.0 (Windows NT 10.0; Win64; x64) AppleWebKit/537.36 (KHTML, like Gecko) Chrome/60.0.3112.113 Safari/537.36',
  'host' => '47.95.1.68',
)
[ info ] [ PARAM ] array (
)
---------------------------------------------------------------

[2020-04-09T22:17:45+08:00] 128.14.209.250 GET 47.95.1.68/index/login/login.html
[运行时间：0.023304s] [吞吐率：42.91req/s] [内存消耗：2,627.55kb] [文件加载：71]
[ info ] [ LANG ] /www/wwwroot/mis.mbacms.com/thinkphp/lang/zh-cn.php
[ info ] [ ROUTE ] array (
)
[ info ] [ HEADER ] array (
  'accept-encoding' => 'gzip',
  'referer' => 'https://47.95.1.68/',
  'accept' => '*/*',
  'user-agent' => 'Mozilla/5.0 (Windows NT 10.0; Win64; x64) AppleWebKit/537.36 (KHTML, like Gecko) Chrome/60.0.3112.113 Safari/537.36',
  'host' => '47.95.1.68',
)
[ info ] [ PARAM ] array (
)
[ info ] [ DB ] INIT mysql
[ info ] [ VIEW ] /www/wwwroot/mis.mbacms.com/application/index/view/login/login.html [ array (
  0 => 'site_config',
) ]
---------------------------------------------------------------

[2020-04-09T22:49:23+08:00] 101.251.238.50 GET 47.95.1.68:443/
[运行时间：0.015965s] [吞吐率：62.64req/s] [内存消耗：1,874.86kb] [文件加载：68]
[ info ] [ LANG ] /www/wwwroot/mis.mbacms.com/thinkphp/lang/zh-cn.php
[ info ] [ ROUTE ] array (
)
[ info ] [ HEADER ] array (
  'accept' => 'application/json, text/plain, */*',
  'accept-charset' => 'GBK,utf-8;q=0.7,*;q=0.3',
  'accept-language' => 'zh-CN,zh;q=0.8,en-US;q=0.5,en;q=0.3',
  'accept-encoding' => 'gzip, deflate, br',
  'user-agent' => 'Mozilla/5.0 (Windows NT 6.1; WOW64; rv:52.0) Gecko/20100101 Firefox/52.0',
  'host' => '47.95.1.68:443',
)
[ info ] [ PARAM ] array (
)
---------------------------------------------------------------

[2020-04-09T23:20:47+08:00] 47.100.1.198 GET 47.95.1.68/
[运行时间：0.016850s] [吞吐率：59.35req/s] [内存消耗：1,874.25kb] [文件加载：68]
[ info ] [ LANG ] /www/wwwroot/mis.mbacms.com/thinkphp/lang/zh-cn.php
[ info ] [ ROUTE ] array (
)
[ info ] [ HEADER ] array (
  'accept-encoding' => 'gzip',
  'connection' => 'Keep-Alive',
  'host' => '47.95.1.68',
  'user-agent' => 'Mozilla/5.0 (X11; Ubuntu; Linux x86_64; rv:36.0) Gecko/20100101 Firefox/36.0',
)
[ info ] [ PARAM ] array (
)
---------------------------------------------------------------

[2020-04-09T23:20:47+08:00] 47.100.1.198 GET 47.95.1.68/index/login/login.html
[运行时间：0.022668s] [吞吐率：44.12req/s] [内存消耗：2,627.41kb] [文件加载：71]
[ info ] [ LANG ] /www/wwwroot/mis.mbacms.com/thinkphp/lang/zh-cn.php
[ info ] [ ROUTE ] array (
)
[ info ] [ HEADER ] array (
  'accept-encoding' => 'gzip',
  'connection' => 'Keep-Alive',
  'host' => '47.95.1.68',
  'user-agent' => 'Mozilla/5.0 (X11; Ubuntu; Linux x86_64; rv:36.0) Gecko/20100101 Firefox/36.0',
)
[ info ] [ PARAM ] array (
)
[ info ] [ DB ] INIT mysql
[ info ] [ VIEW ] /www/wwwroot/mis.mbacms.com/application/index/view/login/login.html [ array (
  0 => 'site_config',
) ]
