---------------------------------------------------------------

[2020-04-21T08:58:44+08:00] 221.221.145.208 GET pt.mbacms.com/admin/estate.car/index.html
[运行时间：0.028670s] [吞吐率：34.88req/s] [内存消耗：2,790.92kb] [文件加载：78]
[ info ] [ LANG ] /www/wwwroot/pt.mbacms.com/thinkphp/lang/zh-cn.php
[ info ] [ ROUTE ] array (
)
[ info ] [ HEADER ] array (
  'cookie' => 'thinkphp_show_page_trace=0|0; thinkphp_show_page_trace=0|0; PHPSESSID=digrvno51smgo4h7s8b3hhslg5',
  'accept-language' => 'zh-CN,zh;q=0.9',
  'accept-encoding' => 'gzip, deflate',
  'referer' => 'http://pt.mbacms.com/admin/',
  'accept' => 'text/html,application/xhtml+xml,application/xml;q=0.9,image/webp,image/apng,*/*;q=0.8,application/signed-exchange;v=b3;q=0.9',
  'user-agent' => 'Mozilla/5.0 (Windows NT 10.0; WOW64) AppleWebKit/537.36 (KHTML, like Gecko) Chrome/79.0.3945.88 Safari/537.36',
  'upgrade-insecure-requests' => '1',
  'connection' => 'keep-alive',
  'host' => 'pt.mbacms.com',
)
[ info ] [ PARAM ] array (
)
[ info ] [ DB ] INIT mysql
[ info ] [ VIEW ] /www/wwwroot/pt.mbacms.com/application/admin/view/estate/car/index.html [ array (
  0 => 'site_config',
  1 => 'theme',
  2 => 'menu',
  3 => 'controller',
  4 => 'action',
) ]
---------------------------------------------------------------

[2020-04-21T08:58:44+08:00] 221.221.145.208 GET pt.mbacms.com/admin/estate.car/listJson?page=1&limit=10
[运行时间：0.029534s] [吞吐率：33.86req/s] [内存消耗：2,921.45kb] [文件加载：79]
[ info ] [ LANG ] /www/wwwroot/pt.mbacms.com/thinkphp/lang/zh-cn.php
[ info ] [ ROUTE ] array (
)
[ info ] [ HEADER ] array (
  'cookie' => 'thinkphp_show_page_trace=0|0; thinkphp_show_page_trace=0|0; PHPSESSID=digrvno51smgo4h7s8b3hhslg5',
  'accept-language' => 'zh-CN,zh;q=0.9',
  'accept-encoding' => 'gzip, deflate',
  'referer' => 'http://pt.mbacms.com/admin/estate.car/index.html',
  'user-agent' => 'Mozilla/5.0 (Windows NT 10.0; WOW64) AppleWebKit/537.36 (KHTML, like Gecko) Chrome/79.0.3945.88 Safari/537.36',
  'x-requested-with' => 'XMLHttpRequest',
  'accept' => 'application/json, text/javascript, */*; q=0.01',
  'connection' => 'keep-alive',
  'host' => 'pt.mbacms.com',
)
[ info ] [ PARAM ] array (
  'page' => '1',
  'limit' => '10',
)
[ info ] [ DB ] INIT mysql
---------------------------------------------------------------

[2020-04-21T08:58:58+08:00] 221.221.145.208 GET pt.mbacms.com/admin/estate.car/index.html
[运行时间：0.050941s] [吞吐率：19.63req/s] [内存消耗：2,790.93kb] [文件加载：78]
[ info ] [ LANG ] /www/wwwroot/pt.mbacms.com/thinkphp/lang/zh-cn.php
[ info ] [ ROUTE ] array (
)
[ info ] [ HEADER ] array (
  'cookie' => 'thinkphp_show_page_trace=0|0; thinkphp_show_page_trace=0|0; PHPSESSID=digrvno51smgo4h7s8b3hhslg5',
  'accept-language' => 'zh-CN,zh;q=0.9',
  'accept-encoding' => 'gzip, deflate',
  'referer' => 'http://pt.mbacms.com/admin/',
  'accept' => 'text/html,application/xhtml+xml,application/xml;q=0.9,image/webp,image/apng,*/*;q=0.8,application/signed-exchange;v=b3;q=0.9',
  'user-agent' => 'Mozilla/5.0 (Windows NT 10.0; WOW64) AppleWebKit/537.36 (KHTML, like Gecko) Chrome/79.0.3945.88 Safari/537.36',
  'upgrade-insecure-requests' => '1',
  'connection' => 'keep-alive',
  'host' => 'pt.mbacms.com',
)
[ info ] [ PARAM ] array (
)
[ info ] [ DB ] INIT mysql
[ info ] [ VIEW ] /www/wwwroot/pt.mbacms.com/application/admin/view/estate/car/index.html [ array (
  0 => 'site_config',
  1 => 'theme',
  2 => 'menu',
  3 => 'controller',
  4 => 'action',
) ]
---------------------------------------------------------------

[2020-04-21T08:58:59+08:00] 221.221.145.208 GET pt.mbacms.com/admin/estate.car/listJson?page=1&limit=10
[运行时间：0.030338s] [吞吐率：32.96req/s] [内存消耗：2,921.45kb] [文件加载：79]
[ info ] [ LANG ] /www/wwwroot/pt.mbacms.com/thinkphp/lang/zh-cn.php
[ info ] [ ROUTE ] array (
)
[ info ] [ HEADER ] array (
  'cookie' => 'thinkphp_show_page_trace=0|0; thinkphp_show_page_trace=0|0; PHPSESSID=digrvno51smgo4h7s8b3hhslg5',
  'accept-language' => 'zh-CN,zh;q=0.9',
  'accept-encoding' => 'gzip, deflate',
  'referer' => 'http://pt.mbacms.com/admin/estate.car/index.html',
  'user-agent' => 'Mozilla/5.0 (Windows NT 10.0; WOW64) AppleWebKit/537.36 (KHTML, like Gecko) Chrome/79.0.3945.88 Safari/537.36',
  'x-requested-with' => 'XMLHttpRequest',
  'accept' => 'application/json, text/javascript, */*; q=0.01',
  'connection' => 'keep-alive',
  'host' => 'pt.mbacms.com',
)
[ info ] [ PARAM ] array (
  'page' => '1',
  'limit' => '10',
)
[ info ] [ DB ] INIT mysql
---------------------------------------------------------------

[2020-04-21T08:59:36+08:00] 221.221.145.208 GET pt.mbacms.com/admin/estate.car/show.html?id=6
[运行时间：0.031246s] [吞吐率：32.00req/s] [内存消耗：2,793.71kb] [文件加载：78]
[ info ] [ LANG ] /www/wwwroot/pt.mbacms.com/thinkphp/lang/zh-cn.php
[ info ] [ ROUTE ] array (
)
[ info ] [ HEADER ] array (
  'cookie' => 'thinkphp_show_page_trace=0|0; thinkphp_show_page_trace=0|0; PHPSESSID=digrvno51smgo4h7s8b3hhslg5',
  'accept-language' => 'zh-CN,zh;q=0.9',
  'accept-encoding' => 'gzip, deflate',
  'referer' => 'http://pt.mbacms.com/admin/estate.car/index.html',
  'accept' => 'text/html,application/xhtml+xml,application/xml;q=0.9,image/webp,image/apng,*/*;q=0.8,application/signed-exchange;v=b3;q=0.9',
  'user-agent' => 'Mozilla/5.0 (Windows NT 10.0; WOW64) AppleWebKit/537.36 (KHTML, like Gecko) Chrome/79.0.3945.88 Safari/537.36',
  'upgrade-insecure-requests' => '1',
  'connection' => 'keep-alive',
  'host' => 'pt.mbacms.com',
)
[ info ] [ PARAM ] array (
  'id' => '6',
)
[ info ] [ DB ] INIT mysql
[ info ] [ VIEW ] /www/wwwroot/pt.mbacms.com/application/admin/view/estate/car/show.html [ array (
  0 => 'site_config',
  1 => 'theme',
  2 => 'menu',
  3 => 'controller',
  4 => 'action',
  5 => 'enter',
  6 => 'field',
) ]
---------------------------------------------------------------

[2020-04-21T09:01:32+08:00] 221.221.145.208 GET pt.mbacms.com/admin/estate.car/index.html
[运行时间：0.028622s] [吞吐率：34.94req/s] [内存消耗：2,791.22kb] [文件加载：78]
[ info ] [ LANG ] /www/wwwroot/pt.mbacms.com/thinkphp/lang/zh-cn.php
[ info ] [ ROUTE ] array (
)
[ info ] [ HEADER ] array (
  'cookie' => 'thinkphp_show_page_trace=0|0; thinkphp_show_page_trace=0|0; PHPSESSID=digrvno51smgo4h7s8b3hhslg5',
  'accept-language' => 'zh-CN,zh;q=0.9',
  'accept-encoding' => 'gzip, deflate',
  'referer' => 'http://pt.mbacms.com/admin/estate.car/index.html',
  'accept' => 'text/html,application/xhtml+xml,application/xml;q=0.9,image/webp,image/apng,*/*;q=0.8,application/signed-exchange;v=b3;q=0.9',
  'user-agent' => 'Mozilla/5.0 (Windows NT 10.0; WOW64) AppleWebKit/537.36 (KHTML, like Gecko) Chrome/79.0.3945.88 Safari/537.36',
  'upgrade-insecure-requests' => '1',
  'cache-control' => 'max-age=0',
  'connection' => 'keep-alive',
  'host' => 'pt.mbacms.com',
)
[ info ] [ PARAM ] array (
)
[ info ] [ DB ] INIT mysql
[ info ] [ VIEW ] /www/wwwroot/pt.mbacms.com/application/admin/view/estate/car/index.html [ array (
  0 => 'site_config',
  1 => 'theme',
  2 => 'menu',
  3 => 'controller',
  4 => 'action',
) ]
---------------------------------------------------------------

[2020-04-21T09:01:32+08:00] 221.221.145.208 GET pt.mbacms.com/admin/estate.car/listJson?page=1&limit=10
[运行时间：0.030403s] [吞吐率：32.89req/s] [内存消耗：2,921.45kb] [文件加载：79]
[ info ] [ LANG ] /www/wwwroot/pt.mbacms.com/thinkphp/lang/zh-cn.php
[ info ] [ ROUTE ] array (
)
[ info ] [ HEADER ] array (
  'cookie' => 'thinkphp_show_page_trace=0|0; thinkphp_show_page_trace=0|0; PHPSESSID=digrvno51smgo4h7s8b3hhslg5',
  'accept-language' => 'zh-CN,zh;q=0.9',
  'accept-encoding' => 'gzip, deflate',
  'referer' => 'http://pt.mbacms.com/admin/estate.car/index.html',
  'user-agent' => 'Mozilla/5.0 (Windows NT 10.0; WOW64) AppleWebKit/537.36 (KHTML, like Gecko) Chrome/79.0.3945.88 Safari/537.36',
  'x-requested-with' => 'XMLHttpRequest',
  'accept' => 'application/json, text/javascript, */*; q=0.01',
  'connection' => 'keep-alive',
  'host' => 'pt.mbacms.com',
)
[ info ] [ PARAM ] array (
  'page' => '1',
  'limit' => '10',
)
[ info ] [ DB ] INIT mysql
---------------------------------------------------------------

[2020-04-21T09:01:33+08:00] 221.221.145.208 GET pt.mbacms.com/admin/estate.car/index.html
[运行时间：0.030157s] [吞吐率：33.16req/s] [内存消耗：2,791.22kb] [文件加载：78]
[ info ] [ LANG ] /www/wwwroot/pt.mbacms.com/thinkphp/lang/zh-cn.php
[ info ] [ ROUTE ] array (
)
[ info ] [ HEADER ] array (
  'cookie' => 'thinkphp_show_page_trace=0|0; thinkphp_show_page_trace=0|0; PHPSESSID=digrvno51smgo4h7s8b3hhslg5',
  'accept-language' => 'zh-CN,zh;q=0.9',
  'accept-encoding' => 'gzip, deflate',
  'referer' => 'http://pt.mbacms.com/admin/estate.car/index.html',
  'accept' => 'text/html,application/xhtml+xml,application/xml;q=0.9,image/webp,image/apng,*/*;q=0.8,application/signed-exchange;v=b3;q=0.9',
  'user-agent' => 'Mozilla/5.0 (Windows NT 10.0; WOW64) AppleWebKit/537.36 (KHTML, like Gecko) Chrome/79.0.3945.88 Safari/537.36',
  'upgrade-insecure-requests' => '1',
  'cache-control' => 'max-age=0',
  'connection' => 'keep-alive',
  'host' => 'pt.mbacms.com',
)
[ info ] [ PARAM ] array (
)
[ info ] [ DB ] INIT mysql
[ info ] [ VIEW ] /www/wwwroot/pt.mbacms.com/application/admin/view/estate/car/index.html [ array (
  0 => 'site_config',
  1 => 'theme',
  2 => 'menu',
  3 => 'controller',
  4 => 'action',
) ]
---------------------------------------------------------------

[2020-04-21T09:01:33+08:00] 221.221.145.208 GET pt.mbacms.com/admin/estate.car/listJson?page=1&limit=10
[运行时间：0.031008s] [吞吐率：32.25req/s] [内存消耗：2,921.45kb] [文件加载：79]
[ info ] [ LANG ] /www/wwwroot/pt.mbacms.com/thinkphp/lang/zh-cn.php
[ info ] [ ROUTE ] array (
)
[ info ] [ HEADER ] array (
  'cookie' => 'thinkphp_show_page_trace=0|0; thinkphp_show_page_trace=0|0; PHPSESSID=digrvno51smgo4h7s8b3hhslg5',
  'accept-language' => 'zh-CN,zh;q=0.9',
  'accept-encoding' => 'gzip, deflate',
  'referer' => 'http://pt.mbacms.com/admin/estate.car/index.html',
  'user-agent' => 'Mozilla/5.0 (Windows NT 10.0; WOW64) AppleWebKit/537.36 (KHTML, like Gecko) Chrome/79.0.3945.88 Safari/537.36',
  'x-requested-with' => 'XMLHttpRequest',
  'accept' => 'application/json, text/javascript, */*; q=0.01',
  'connection' => 'keep-alive',
  'host' => 'pt.mbacms.com',
)
[ info ] [ PARAM ] array (
  'page' => '1',
  'limit' => '10',
)
[ info ] [ DB ] INIT mysql
---------------------------------------------------------------

[2020-04-21T09:02:57+08:00] 221.221.145.208 GET pt.mbacms.com/admin/estate.car/show.html?id=6
[运行时间：0.031799s] [吞吐率：31.45req/s] [内存消耗：2,793.71kb] [文件加载：78]
[ info ] [ LANG ] /www/wwwroot/pt.mbacms.com/thinkphp/lang/zh-cn.php
[ info ] [ ROUTE ] array (
)
[ info ] [ HEADER ] array (
  'cookie' => 'thinkphp_show_page_trace=0|0; thinkphp_show_page_trace=0|0; PHPSESSID=digrvno51smgo4h7s8b3hhslg5',
  'accept-language' => 'zh-CN,zh;q=0.9',
  'accept-encoding' => 'gzip, deflate',
  'referer' => 'http://pt.mbacms.com/admin/estate.car/index.html',
  'accept' => 'text/html,application/xhtml+xml,application/xml;q=0.9,image/webp,image/apng,*/*;q=0.8,application/signed-exchange;v=b3;q=0.9',
  'user-agent' => 'Mozilla/5.0 (Windows NT 10.0; WOW64) AppleWebKit/537.36 (KHTML, like Gecko) Chrome/79.0.3945.88 Safari/537.36',
  'upgrade-insecure-requests' => '1',
  'connection' => 'keep-alive',
  'host' => 'pt.mbacms.com',
)
[ info ] [ PARAM ] array (
  'id' => '6',
)
[ info ] [ DB ] INIT mysql
[ info ] [ VIEW ] /www/wwwroot/pt.mbacms.com/application/admin/view/estate/car/show.html [ array (
  0 => 'site_config',
  1 => 'theme',
  2 => 'menu',
  3 => 'controller',
  4 => 'action',
  5 => 'enter',
  6 => 'field',
) ]
---------------------------------------------------------------

[2020-04-21T09:10:47+08:00] 223.166.151.191 GET pt.mbacms.com/admin/estate.car/show.html?id=6
[运行时间：0.022605s] [吞吐率：44.24req/s] [内存消耗：2,705.80kb] [文件加载：75]
[ info ] [ LANG ] /www/wwwroot/pt.mbacms.com/thinkphp/lang/zh-cn.php
[ info ] [ ROUTE ] array (
)
[ info ] [ HEADER ] array (
  'connection' => 'keep-alive',
  'host' => 'pt.mbacms.com',
  'accept-language' => 'zh-CN,zh;q=0.8,en-US;q=0.6,en;q=0.4',
  'referer' => 'http://pt.mbacms.com/admin/estate.car/index.html',
  'accept' => '*/*',
  'user-agent' => 'Mozilla/5.0 (Windows NT 6.1; WOW64) AppleWebKit/537.36 (KHTML, like Gecko) Chrome/53.0.2785.104 Safari/537.36 Core/1.53.2141.400 QQBrowser/9.5.10219.400',
)
[ info ] [ PARAM ] array (
  'id' => '6',
)
[ info ] [ DB ] INIT mysql
---------------------------------------------------------------

[2020-04-21T09:11:04+08:00] 210.22.245.219 GET pt.mbacms.com/admin/estate.car/index.html
[运行时间：0.022908s] [吞吐率：43.65req/s] [内存消耗：2,705.39kb] [文件加载：75]
[ info ] [ LANG ] /www/wwwroot/pt.mbacms.com/thinkphp/lang/zh-cn.php
[ info ] [ ROUTE ] array (
)
[ info ] [ HEADER ] array (
  'connection' => 'keep-alive',
  'host' => 'pt.mbacms.com',
  'accept-language' => 'zh-CN,zh;q=0.8,en-US;q=0.6,en;q=0.4',
  'referer' => 'http://pt.mbacms.com/admin/',
  'accept' => '*/*',
  'user-agent' => 'Mozilla/5.0 (Macintosh; Intel Mac OS X 10_12_4) AppleWebKit/537.36 (KHTML, like Gecko) 			Chrome/55.0.2883.95 Safari/537.36',
)
[ info ] [ PARAM ] array (
)
[ info ] [ DB ] INIT mysql
---------------------------------------------------------------

[2020-04-21T09:12:02+08:00] 58.247.212.141 GET pt.mbacms.com/admin/estate.car/listJson?page=1&limit=10
[运行时间：0.023364s] [吞吐率：42.80req/s] [内存消耗：2,705.77kb] [文件加载：75]
[ info ] [ LANG ] /www/wwwroot/pt.mbacms.com/thinkphp/lang/zh-cn.php
[ info ] [ ROUTE ] array (
)
[ info ] [ HEADER ] array (
  'connection' => 'keep-alive',
  'host' => 'pt.mbacms.com',
  'accept-language' => 'zh-CN,zh;q=0.8,en-US;q=0.6,en;q=0.4',
  'referer' => 'http://pt.mbacms.com/admin/estate.car/index.html',
  'accept' => '*/*',
  'user-agent' => 'Mozilla/5.0 (Windows NT 6.1; WOW64) AppleWebKit/537.36 (KHTML, like Gecko) Chrome/43.0.2357.124 Safari/537.36',
)
[ info ] [ PARAM ] array (
  'page' => '1',
  'limit' => '10',
)
[ info ] [ DB ] INIT mysql
---------------------------------------------------------------

[2020-04-21T09:12:06+08:00] 58.247.212.141 GET pt.mbacms.com/admin/login/login.html
[运行时间：0.022552s] [吞吐率：44.34req/s] [内存消耗：2,697.27kb] [文件加载：73]
[ info ] [ LANG ] /www/wwwroot/pt.mbacms.com/thinkphp/lang/zh-cn.php
[ info ] [ ROUTE ] array (
)
[ info ] [ HEADER ] array (
  'connection' => 'keep-alive',
  'host' => 'pt.mbacms.com',
  'accept-language' => 'zh-CN,zh;q=0.8,en-US;q=0.6,en;q=0.4',
  'cookie' => 'PHPSESSID=o265jjqolvao9q4prl4hdp6bi3',
  'referer' => 'http://pt.mbacms.com/admin/estate.car/listJson?page=1&limit=10',
  'accept' => '*/*',
  'user-agent' => 'Mozilla/5.0 (Windows NT 6.1; WOW64) AppleWebKit/537.36 (KHTML, like Gecko) Chrome/43.0.2357.124 Safari/537.36',
)
[ info ] [ PARAM ] array (
)
[ info ] [ DB ] INIT mysql
[ info ] [ VIEW ] /www/wwwroot/pt.mbacms.com/application/admin/view/login/login.html [ array (
  0 => 'site_config',
) ]
---------------------------------------------------------------

[2020-04-21T09:13:58+08:00] 101.89.239.232 GET pt.mbacms.com/admin/estate.car/listJson?page=1&limit=10
[运行时间：0.022796s] [吞吐率：43.87req/s] [内存消耗：2,706.00kb] [文件加载：75]
[ info ] [ LANG ] /www/wwwroot/pt.mbacms.com/thinkphp/lang/zh-cn.php
[ info ] [ ROUTE ] array (
)
[ info ] [ HEADER ] array (
  'connection' => 'keep-alive',
  'host' => 'pt.mbacms.com',
  'accept-language' => 'en-US,*',
  'accept-encoding' => 'gzip, deflate',
  'user-agent' => 'Mozilla/5.0 (Linux; U; Android 4.4.4; zh-cn; MX4 Pro Build/KTU84P) AppleWebKit/534.30 (KHTML, like Gecko) Version/4.0 Mobile Safari/534.30',
  'referer' => '',
  'accept' => 'text/html,application/xhtml+xml,application/xml;q=0.9,*/*;q=0.8',
)
[ info ] [ PARAM ] array (
  'page' => '1',
  'limit' => '10',
)
[ info ] [ DB ] INIT mysql
---------------------------------------------------------------

[2020-04-21T09:13:59+08:00] 101.89.239.232 GET pt.mbacms.com/admin/login/login.html
[运行时间：0.023109s] [吞吐率：43.27req/s] [内存消耗：2,697.44kb] [文件加载：73]
[ info ] [ LANG ] /www/wwwroot/pt.mbacms.com/thinkphp/lang/zh-cn.php
[ info ] [ ROUTE ] array (
)
[ info ] [ HEADER ] array (
  'connection' => 'keep-alive',
  'host' => 'pt.mbacms.com',
  'accept-language' => 'en-US,*',
  'accept-encoding' => 'gzip, deflate',
  'cookie' => 'PHPSESSID=ng890kh9joia9ti5unvtfu84l5',
  'user-agent' => 'Mozilla/5.0 (Linux; U; Android 4.4.4; zh-cn; MX4 Pro Build/KTU84P) AppleWebKit/534.30 (KHTML, like Gecko) Version/4.0 Mobile Safari/534.30',
  'referer' => '',
  'accept' => 'text/html,application/xhtml+xml,application/xml;q=0.9,*/*;q=0.8',
)
[ info ] [ PARAM ] array (
)
[ info ] [ DB ] INIT mysql
[ info ] [ VIEW ] /www/wwwroot/pt.mbacms.com/application/admin/view/login/login.html [ array (
  0 => 'site_config',
) ]
---------------------------------------------------------------

[2020-04-21T09:13:59+08:00] 101.89.239.232 GET pt.mbacms.com/admin/login/getcode?length=4&font_size=20&width=128&height=42&use_noise=1&use_curve=0
[运行时间：0.016287s] [吞吐率：61.40req/s] [内存消耗：1,794.85kb] [文件加载：66]
[ info ] [ LANG ] /www/wwwroot/pt.mbacms.com/thinkphp/lang/zh-cn.php
[ info ] [ ROUTE ] array (
)
[ info ] [ HEADER ] array (
  'connection' => 'keep-alive',
  'host' => 'pt.mbacms.com',
  'accept-language' => 'en-US,*',
  'accept-encoding' => 'gzip, deflate',
  'cookie' => 'PHPSESSID=ng890kh9joia9ti5unvtfu84l5',
  'accept' => '*/*',
  'user-agent' => 'Mozilla/5.0 (Linux; U; Android 4.4.4; zh-cn; MX4 Pro Build/KTU84P) AppleWebKit/534.30 (KHTML, like Gecko) Version/4.0 Mobile Safari/534.30',
  'referer' => 'http://pt.mbacms.com/admin/login/login.html',
)
[ info ] [ PARAM ] array (
  'length' => '4',
  'font_size' => '20',
  'width' => '128',
  'height' => '42',
  'use_noise' => '1',
  'use_curve' => '0',
)
---------------------------------------------------------------

[2020-04-21T09:18:31+08:00] 221.221.145.208 GET pt.mbacms.com/admin/estate.car/index.html
[运行时间：0.028770s] [吞吐率：34.76req/s] [内存消耗：2,790.93kb] [文件加载：78]
[ info ] [ LANG ] /www/wwwroot/pt.mbacms.com/thinkphp/lang/zh-cn.php
[ info ] [ ROUTE ] array (
)
[ info ] [ HEADER ] array (
  'cookie' => 'thinkphp_show_page_trace=0|0; thinkphp_show_page_trace=0|0; PHPSESSID=digrvno51smgo4h7s8b3hhslg5',
  'accept-language' => 'zh-CN,zh;q=0.9',
  'accept-encoding' => 'gzip, deflate',
  'referer' => 'http://pt.mbacms.com/admin/',
  'accept' => 'text/html,application/xhtml+xml,application/xml;q=0.9,image/webp,image/apng,*/*;q=0.8,application/signed-exchange;v=b3;q=0.9',
  'user-agent' => 'Mozilla/5.0 (Windows NT 10.0; WOW64) AppleWebKit/537.36 (KHTML, like Gecko) Chrome/79.0.3945.88 Safari/537.36',
  'upgrade-insecure-requests' => '1',
  'connection' => 'keep-alive',
  'host' => 'pt.mbacms.com',
)
[ info ] [ PARAM ] array (
)
[ info ] [ DB ] INIT mysql
[ info ] [ VIEW ] /www/wwwroot/pt.mbacms.com/application/admin/view/estate/car/index.html [ array (
  0 => 'site_config',
  1 => 'theme',
  2 => 'menu',
  3 => 'controller',
  4 => 'action',
) ]
---------------------------------------------------------------

[2020-04-21T09:18:31+08:00] 221.221.145.208 GET pt.mbacms.com/admin/estate.car/listJson?page=1&limit=10
[运行时间：0.030798s] [吞吐率：32.47req/s] [内存消耗：2,921.45kb] [文件加载：79]
[ info ] [ LANG ] /www/wwwroot/pt.mbacms.com/thinkphp/lang/zh-cn.php
[ info ] [ ROUTE ] array (
)
[ info ] [ HEADER ] array (
  'cookie' => 'thinkphp_show_page_trace=0|0; thinkphp_show_page_trace=0|0; PHPSESSID=digrvno51smgo4h7s8b3hhslg5',
  'accept-language' => 'zh-CN,zh;q=0.9',
  'accept-encoding' => 'gzip, deflate',
  'referer' => 'http://pt.mbacms.com/admin/estate.car/index.html',
  'user-agent' => 'Mozilla/5.0 (Windows NT 10.0; WOW64) AppleWebKit/537.36 (KHTML, like Gecko) Chrome/79.0.3945.88 Safari/537.36',
  'x-requested-with' => 'XMLHttpRequest',
  'accept' => 'application/json, text/javascript, */*; q=0.01',
  'connection' => 'keep-alive',
  'host' => 'pt.mbacms.com',
)
[ info ] [ PARAM ] array (
  'page' => '1',
  'limit' => '10',
)
[ info ] [ DB ] INIT mysql
---------------------------------------------------------------

[2020-04-21T09:20:08+08:00] 221.221.145.208 GET pt.mbacms.com/admin/
[运行时间：0.031209s] [吞吐率：32.04req/s] [内存消耗：3,090.30kb] [文件加载：80]
[ info ] [ LANG ] /www/wwwroot/pt.mbacms.com/thinkphp/lang/zh-cn.php
[ info ] [ ROUTE ] array (
)
[ info ] [ HEADER ] array (
  'cookie' => 'thinkphp_show_page_trace=0|0; PHPSESSID=digrvno51smgo4h7s8b3hhslg5',
  'accept-language' => 'zh-CN,zh;q=0.9',
  'accept-encoding' => 'gzip, deflate',
  'accept' => 'text/html,application/xhtml+xml,application/xml;q=0.9,image/webp,image/apng,*/*;q=0.8,application/signed-exchange;v=b3;q=0.9',
  'user-agent' => 'Mozilla/5.0 (Windows NT 10.0; WOW64) AppleWebKit/537.36 (KHTML, like Gecko) Chrome/79.0.3945.88 Safari/537.36',
  'upgrade-insecure-requests' => '1',
  'cache-control' => 'max-age=0',
  'connection' => 'keep-alive',
  'host' => 'pt.mbacms.com',
)
[ info ] [ PARAM ] array (
)
[ info ] [ DB ] INIT mysql
[ info ] [ VIEW ] /www/wwwroot/pt.mbacms.com/application/admin/view/index/index.html [ array (
  0 => 'site_config',
  1 => 'theme',
  2 => 'menu',
  3 => 'controller',
  4 => 'action',
) ]
---------------------------------------------------------------

[2020-04-21T09:20:08+08:00] 221.221.145.208 GET pt.mbacms.com/admin/index/welcome.html
[运行时间：0.044445s] [吞吐率：22.50req/s] [内存消耗：3,427.20kb] [文件加载：88]
[ info ] [ LANG ] /www/wwwroot/pt.mbacms.com/thinkphp/lang/zh-cn.php
[ info ] [ ROUTE ] array (
)
[ info ] [ HEADER ] array (
  'cookie' => 'thinkphp_show_page_trace=0|0; thinkphp_show_page_trace=0|0; PHPSESSID=digrvno51smgo4h7s8b3hhslg5',
  'accept-language' => 'zh-CN,zh;q=0.9',
  'accept-encoding' => 'gzip, deflate',
  'referer' => 'http://pt.mbacms.com/admin/',
  'accept' => 'text/html,application/xhtml+xml,application/xml;q=0.9,image/webp,image/apng,*/*;q=0.8,application/signed-exchange;v=b3;q=0.9',
  'user-agent' => 'Mozilla/5.0 (Windows NT 10.0; WOW64) AppleWebKit/537.36 (KHTML, like Gecko) Chrome/79.0.3945.88 Safari/537.36',
  'upgrade-insecure-requests' => '1',
  'connection' => 'keep-alive',
  'host' => 'pt.mbacms.com',
)
[ info ] [ PARAM ] array (
)
[ info ] [ DB ] INIT mysql
[ info ] [ VIEW ] /www/wwwroot/pt.mbacms.com/application/admin/view/index/welcome.html [ array (
  0 => 'site_config',
  1 => 'theme',
  2 => 'menu',
  3 => 'controller',
  4 => 'action',
  5 => 'first_line',
  6 => 'second_line',
  7 => 'topData',
) ]
---------------------------------------------------------------

[2020-04-21T09:20:08+08:00] 221.221.145.208 GET pt.mbacms.com/admin/index/memberchart.html
[运行时间：0.027501s] [吞吐率：36.36req/s] [内存消耗：2,847.44kb] [文件加载：74]
[ info ] [ LANG ] /www/wwwroot/pt.mbacms.com/thinkphp/lang/zh-cn.php
[ info ] [ ROUTE ] array (
)
[ info ] [ HEADER ] array (
  'cookie' => 'thinkphp_show_page_trace=0|0; thinkphp_show_page_trace=0|0; PHPSESSID=digrvno51smgo4h7s8b3hhslg5',
  'accept-language' => 'zh-CN,zh;q=0.9',
  'accept-encoding' => 'gzip, deflate',
  'referer' => 'http://pt.mbacms.com/admin/index/welcome.html',
  'user-agent' => 'Mozilla/5.0 (Windows NT 10.0; WOW64) AppleWebKit/537.36 (KHTML, like Gecko) Chrome/79.0.3945.88 Safari/537.36',
  'accept' => 'application/json, text/plain, */*',
  'connection' => 'keep-alive',
  'host' => 'pt.mbacms.com',
)
[ info ] [ PARAM ] array (
)
[ info ] [ DB ] INIT mysql
---------------------------------------------------------------

[2020-04-21T09:20:08+08:00] 221.221.145.208 GET pt.mbacms.com/admin/index/orderchart.html?cycle=thirtyday
[运行时间：0.041051s] [吞吐率：24.36req/s] [内存消耗：3,395.77kb] [文件加载：84]
[ info ] [ LANG ] /www/wwwroot/pt.mbacms.com/thinkphp/lang/zh-cn.php
[ info ] [ ROUTE ] array (
)
[ info ] [ HEADER ] array (
  'cookie' => 'thinkphp_show_page_trace=0|0; thinkphp_show_page_trace=0|0; PHPSESSID=digrvno51smgo4h7s8b3hhslg5',
  'accept-language' => 'zh-CN,zh;q=0.9',
  'accept-encoding' => 'gzip, deflate',
  'referer' => 'http://pt.mbacms.com/admin/index/welcome.html',
  'user-agent' => 'Mozilla/5.0 (Windows NT 10.0; WOW64) AppleWebKit/537.36 (KHTML, like Gecko) Chrome/79.0.3945.88 Safari/537.36',
  'accept' => 'application/json, text/plain, */*',
  'connection' => 'keep-alive',
  'host' => 'pt.mbacms.com',
)
[ info ] [ PARAM ] array (
  'cycle' => 'thirtyday',
)
[ info ] [ DB ] INIT mysql
---------------------------------------------------------------

[2020-04-21T09:20:11+08:00] 221.221.145.208 GET pt.mbacms.com/admin/estate.car/index.html
[运行时间：0.028170s] [吞吐率：35.50req/s] [内存消耗：2,790.93kb] [文件加载：78]
[ info ] [ LANG ] /www/wwwroot/pt.mbacms.com/thinkphp/lang/zh-cn.php
[ info ] [ ROUTE ] array (
)
[ info ] [ HEADER ] array (
  'cookie' => 'thinkphp_show_page_trace=0|0; thinkphp_show_page_trace=0|0; PHPSESSID=digrvno51smgo4h7s8b3hhslg5',
  'accept-language' => 'zh-CN,zh;q=0.9',
  'accept-encoding' => 'gzip, deflate',
  'referer' => 'http://pt.mbacms.com/admin/',
  'accept' => 'text/html,application/xhtml+xml,application/xml;q=0.9,image/webp,image/apng,*/*;q=0.8,application/signed-exchange;v=b3;q=0.9',
  'user-agent' => 'Mozilla/5.0 (Windows NT 10.0; WOW64) AppleWebKit/537.36 (KHTML, like Gecko) Chrome/79.0.3945.88 Safari/537.36',
  'upgrade-insecure-requests' => '1',
  'connection' => 'keep-alive',
  'host' => 'pt.mbacms.com',
)
[ info ] [ PARAM ] array (
)
[ info ] [ DB ] INIT mysql
[ info ] [ VIEW ] /www/wwwroot/pt.mbacms.com/application/admin/view/estate/car/index.html [ array (
  0 => 'site_config',
  1 => 'theme',
  2 => 'menu',
  3 => 'controller',
  4 => 'action',
) ]
---------------------------------------------------------------

[2020-04-21T09:20:12+08:00] 221.221.145.208 GET pt.mbacms.com/admin/estate.car/listJson?page=1&limit=10
[运行时间：0.029791s] [吞吐率：33.57req/s] [内存消耗：2,921.45kb] [文件加载：79]
[ info ] [ LANG ] /www/wwwroot/pt.mbacms.com/thinkphp/lang/zh-cn.php
[ info ] [ ROUTE ] array (
)
[ info ] [ HEADER ] array (
  'cookie' => 'thinkphp_show_page_trace=0|0; thinkphp_show_page_trace=0|0; PHPSESSID=digrvno51smgo4h7s8b3hhslg5',
  'accept-language' => 'zh-CN,zh;q=0.9',
  'accept-encoding' => 'gzip, deflate',
  'referer' => 'http://pt.mbacms.com/admin/estate.car/index.html',
  'user-agent' => 'Mozilla/5.0 (Windows NT 10.0; WOW64) AppleWebKit/537.36 (KHTML, like Gecko) Chrome/79.0.3945.88 Safari/537.36',
  'x-requested-with' => 'XMLHttpRequest',
  'accept' => 'application/json, text/javascript, */*; q=0.01',
  'connection' => 'keep-alive',
  'host' => 'pt.mbacms.com',
)
[ info ] [ PARAM ] array (
  'page' => '1',
  'limit' => '10',
)
[ info ] [ DB ] INIT mysql
---------------------------------------------------------------

[2020-04-21T09:21:08+08:00] 221.221.145.208 GET pt.mbacms.com/admin/estate.car/show.html?id=1
[运行时间：0.031108s] [吞吐率：32.15req/s] [内存消耗：2,793.52kb] [文件加载：78]
[ info ] [ LANG ] /www/wwwroot/pt.mbacms.com/thinkphp/lang/zh-cn.php
[ info ] [ ROUTE ] array (
)
[ info ] [ HEADER ] array (
  'cookie' => 'thinkphp_show_page_trace=0|0; thinkphp_show_page_trace=0|0; PHPSESSID=digrvno51smgo4h7s8b3hhslg5',
  'accept-language' => 'zh-CN,zh;q=0.9',
  'accept-encoding' => 'gzip, deflate',
  'referer' => 'http://pt.mbacms.com/admin/estate.car/index.html',
  'accept' => 'text/html,application/xhtml+xml,application/xml;q=0.9,image/webp,image/apng,*/*;q=0.8,application/signed-exchange;v=b3;q=0.9',
  'user-agent' => 'Mozilla/5.0 (Windows NT 10.0; WOW64) AppleWebKit/537.36 (KHTML, like Gecko) Chrome/79.0.3945.88 Safari/537.36',
  'upgrade-insecure-requests' => '1',
  'connection' => 'keep-alive',
  'host' => 'pt.mbacms.com',
)
[ info ] [ PARAM ] array (
  'id' => '1',
)
[ info ] [ DB ] INIT mysql
[ info ] [ VIEW ] /www/wwwroot/pt.mbacms.com/application/admin/view/estate/car/show.html [ array (
  0 => 'site_config',
  1 => 'theme',
  2 => 'menu',
  3 => 'controller',
  4 => 'action',
  5 => 'enter',
  6 => 'field',
) ]
---------------------------------------------------------------

[2020-04-21T09:24:21+08:00] 221.221.145.208 GET pt.mbacms.com/admin/estate.car/index.html
[运行时间：0.029822s] [吞吐率：33.53req/s] [内存消耗：2,791.22kb] [文件加载：78]
[ info ] [ LANG ] /www/wwwroot/pt.mbacms.com/thinkphp/lang/zh-cn.php
[ info ] [ ROUTE ] array (
)
[ info ] [ HEADER ] array (
  'cookie' => 'thinkphp_show_page_trace=0|0; thinkphp_show_page_trace=0|0; PHPSESSID=digrvno51smgo4h7s8b3hhslg5',
  'accept-language' => 'zh-CN,zh;q=0.9',
  'accept-encoding' => 'gzip, deflate',
  'referer' => 'http://pt.mbacms.com/admin/estate.car/index.html',
  'accept' => 'text/html,application/xhtml+xml,application/xml;q=0.9,image/webp,image/apng,*/*;q=0.8,application/signed-exchange;v=b3;q=0.9',
  'user-agent' => 'Mozilla/5.0 (Windows NT 10.0; WOW64) AppleWebKit/537.36 (KHTML, like Gecko) Chrome/79.0.3945.88 Safari/537.36',
  'upgrade-insecure-requests' => '1',
  'cache-control' => 'max-age=0',
  'connection' => 'keep-alive',
  'host' => 'pt.mbacms.com',
)
[ info ] [ PARAM ] array (
)
[ info ] [ DB ] INIT mysql
[ info ] [ VIEW ] /www/wwwroot/pt.mbacms.com/application/admin/view/estate/car/index.html [ array (
  0 => 'site_config',
  1 => 'theme',
  2 => 'menu',
  3 => 'controller',
  4 => 'action',
) ]
---------------------------------------------------------------

[2020-04-21T09:24:22+08:00] 221.221.145.208 GET pt.mbacms.com/admin/estate.car/listJson?page=1&limit=10
[运行时间：0.029788s] [吞吐率：33.57req/s] [内存消耗：2,921.45kb] [文件加载：79]
[ info ] [ LANG ] /www/wwwroot/pt.mbacms.com/thinkphp/lang/zh-cn.php
[ info ] [ ROUTE ] array (
)
[ info ] [ HEADER ] array (
  'cookie' => 'thinkphp_show_page_trace=0|0; thinkphp_show_page_trace=0|0; PHPSESSID=digrvno51smgo4h7s8b3hhslg5',
  'accept-language' => 'zh-CN,zh;q=0.9',
  'accept-encoding' => 'gzip, deflate',
  'referer' => 'http://pt.mbacms.com/admin/estate.car/index.html',
  'user-agent' => 'Mozilla/5.0 (Windows NT 10.0; WOW64) AppleWebKit/537.36 (KHTML, like Gecko) Chrome/79.0.3945.88 Safari/537.36',
  'x-requested-with' => 'XMLHttpRequest',
  'accept' => 'application/json, text/javascript, */*; q=0.01',
  'connection' => 'keep-alive',
  'host' => 'pt.mbacms.com',
)
[ info ] [ PARAM ] array (
  'page' => '1',
  'limit' => '10',
)
[ info ] [ DB ] INIT mysql
---------------------------------------------------------------

[2020-04-21T09:24:41+08:00] 221.221.145.208 GET pt.mbacms.com/admin/estate.car/index.html
[运行时间：0.028346s] [吞吐率：35.28req/s] [内存消耗：2,791.22kb] [文件加载：78]
[ info ] [ LANG ] /www/wwwroot/pt.mbacms.com/thinkphp/lang/zh-cn.php
[ info ] [ ROUTE ] array (
)
[ info ] [ HEADER ] array (
  'cookie' => 'thinkphp_show_page_trace=0|0; thinkphp_show_page_trace=0|0; PHPSESSID=digrvno51smgo4h7s8b3hhslg5',
  'accept-language' => 'zh-CN,zh;q=0.9',
  'accept-encoding' => 'gzip, deflate',
  'referer' => 'http://pt.mbacms.com/admin/estate.car/index.html',
  'accept' => 'text/html,application/xhtml+xml,application/xml;q=0.9,image/webp,image/apng,*/*;q=0.8,application/signed-exchange;v=b3;q=0.9',
  'user-agent' => 'Mozilla/5.0 (Windows NT 10.0; WOW64) AppleWebKit/537.36 (KHTML, like Gecko) Chrome/79.0.3945.88 Safari/537.36',
  'upgrade-insecure-requests' => '1',
  'cache-control' => 'max-age=0',
  'connection' => 'keep-alive',
  'host' => 'pt.mbacms.com',
)
[ info ] [ PARAM ] array (
)
[ info ] [ DB ] INIT mysql
[ info ] [ VIEW ] /www/wwwroot/pt.mbacms.com/application/admin/view/estate/car/index.html [ array (
  0 => 'site_config',
  1 => 'theme',
  2 => 'menu',
  3 => 'controller',
  4 => 'action',
) ]
---------------------------------------------------------------

[2020-04-21T09:24:41+08:00] 221.221.145.208 GET pt.mbacms.com/admin/estate.car/listJson?page=1&limit=10
[运行时间：0.031569s] [吞吐率：31.68req/s] [内存消耗：2,921.45kb] [文件加载：79]
[ info ] [ LANG ] /www/wwwroot/pt.mbacms.com/thinkphp/lang/zh-cn.php
[ info ] [ ROUTE ] array (
)
[ info ] [ HEADER ] array (
  'cookie' => 'thinkphp_show_page_trace=0|0; thinkphp_show_page_trace=0|0; PHPSESSID=digrvno51smgo4h7s8b3hhslg5',
  'accept-language' => 'zh-CN,zh;q=0.9',
  'accept-encoding' => 'gzip, deflate',
  'referer' => 'http://pt.mbacms.com/admin/estate.car/index.html',
  'user-agent' => 'Mozilla/5.0 (Windows NT 10.0; WOW64) AppleWebKit/537.36 (KHTML, like Gecko) Chrome/79.0.3945.88 Safari/537.36',
  'x-requested-with' => 'XMLHttpRequest',
  'accept' => 'application/json, text/javascript, */*; q=0.01',
  'connection' => 'keep-alive',
  'host' => 'pt.mbacms.com',
)
[ info ] [ PARAM ] array (
  'page' => '1',
  'limit' => '10',
)
[ info ] [ DB ] INIT mysql
---------------------------------------------------------------

[2020-04-21T09:24:43+08:00] 221.221.145.208 GET pt.mbacms.com/admin/estate.car/index.html
[运行时间：0.028235s] [吞吐率：35.42req/s] [内存消耗：2,791.22kb] [文件加载：78]
[ info ] [ LANG ] /www/wwwroot/pt.mbacms.com/thinkphp/lang/zh-cn.php
[ info ] [ ROUTE ] array (
)
[ info ] [ HEADER ] array (
  'cookie' => 'thinkphp_show_page_trace=0|0; thinkphp_show_page_trace=0|0; PHPSESSID=digrvno51smgo4h7s8b3hhslg5',
  'accept-language' => 'zh-CN,zh;q=0.9',
  'accept-encoding' => 'gzip, deflate',
  'referer' => 'http://pt.mbacms.com/admin/estate.car/index.html',
  'accept' => 'text/html,application/xhtml+xml,application/xml;q=0.9,image/webp,image/apng,*/*;q=0.8,application/signed-exchange;v=b3;q=0.9',
  'user-agent' => 'Mozilla/5.0 (Windows NT 10.0; WOW64) AppleWebKit/537.36 (KHTML, like Gecko) Chrome/79.0.3945.88 Safari/537.36',
  'upgrade-insecure-requests' => '1',
  'cache-control' => 'max-age=0',
  'connection' => 'keep-alive',
  'host' => 'pt.mbacms.com',
)
[ info ] [ PARAM ] array (
)
[ info ] [ DB ] INIT mysql
[ info ] [ VIEW ] /www/wwwroot/pt.mbacms.com/application/admin/view/estate/car/index.html [ array (
  0 => 'site_config',
  1 => 'theme',
  2 => 'menu',
  3 => 'controller',
  4 => 'action',
) ]
---------------------------------------------------------------

[2020-04-21T09:24:43+08:00] 221.221.145.208 GET pt.mbacms.com/admin/estate.car/listJson?page=1&limit=10
[运行时间：0.031057s] [吞吐率：32.20req/s] [内存消耗：2,921.45kb] [文件加载：79]
[ info ] [ LANG ] /www/wwwroot/pt.mbacms.com/thinkphp/lang/zh-cn.php
[ info ] [ ROUTE ] array (
)
[ info ] [ HEADER ] array (
  'cookie' => 'thinkphp_show_page_trace=0|0; thinkphp_show_page_trace=0|0; PHPSESSID=digrvno51smgo4h7s8b3hhslg5',
  'accept-language' => 'zh-CN,zh;q=0.9',
  'accept-encoding' => 'gzip, deflate',
  'referer' => 'http://pt.mbacms.com/admin/estate.car/index.html',
  'user-agent' => 'Mozilla/5.0 (Windows NT 10.0; WOW64) AppleWebKit/537.36 (KHTML, like Gecko) Chrome/79.0.3945.88 Safari/537.36',
  'x-requested-with' => 'XMLHttpRequest',
  'accept' => 'application/json, text/javascript, */*; q=0.01',
  'connection' => 'keep-alive',
  'host' => 'pt.mbacms.com',
)
[ info ] [ PARAM ] array (
  'page' => '1',
  'limit' => '10',
)
[ info ] [ DB ] INIT mysql
---------------------------------------------------------------

[2020-04-21T09:24:43+08:00] 221.221.145.208 GET pt.mbacms.com/admin/estate.car/index.html
[运行时间：0.028340s] [吞吐率：35.29req/s] [内存消耗：2,791.22kb] [文件加载：78]
[ info ] [ LANG ] /www/wwwroot/pt.mbacms.com/thinkphp/lang/zh-cn.php
[ info ] [ ROUTE ] array (
)
[ info ] [ HEADER ] array (
  'cookie' => 'thinkphp_show_page_trace=0|0; thinkphp_show_page_trace=0|0; PHPSESSID=digrvno51smgo4h7s8b3hhslg5',
  'accept-language' => 'zh-CN,zh;q=0.9',
  'accept-encoding' => 'gzip, deflate',
  'referer' => 'http://pt.mbacms.com/admin/estate.car/index.html',
  'accept' => 'text/html,application/xhtml+xml,application/xml;q=0.9,image/webp,image/apng,*/*;q=0.8,application/signed-exchange;v=b3;q=0.9',
  'user-agent' => 'Mozilla/5.0 (Windows NT 10.0; WOW64) AppleWebKit/537.36 (KHTML, like Gecko) Chrome/79.0.3945.88 Safari/537.36',
  'upgrade-insecure-requests' => '1',
  'cache-control' => 'max-age=0',
  'connection' => 'keep-alive',
  'host' => 'pt.mbacms.com',
)
[ info ] [ PARAM ] array (
)
[ info ] [ DB ] INIT mysql
[ info ] [ VIEW ] /www/wwwroot/pt.mbacms.com/application/admin/view/estate/car/index.html [ array (
  0 => 'site_config',
  1 => 'theme',
  2 => 'menu',
  3 => 'controller',
  4 => 'action',
) ]
---------------------------------------------------------------

[2020-04-21T09:24:43+08:00] 221.221.145.208 GET pt.mbacms.com/admin/estate.car/index.html
[运行时间：0.028899s] [吞吐率：34.60req/s] [内存消耗：2,791.22kb] [文件加载：78]
[ info ] [ LANG ] /www/wwwroot/pt.mbacms.com/thinkphp/lang/zh-cn.php
[ info ] [ ROUTE ] array (
)
[ info ] [ HEADER ] array (
  'cookie' => 'thinkphp_show_page_trace=0|0; thinkphp_show_page_trace=0|0; PHPSESSID=digrvno51smgo4h7s8b3hhslg5',
  'accept-language' => 'zh-CN,zh;q=0.9',
  'accept-encoding' => 'gzip, deflate',
  'referer' => 'http://pt.mbacms.com/admin/estate.car/index.html',
  'accept' => 'text/html,application/xhtml+xml,application/xml;q=0.9,image/webp,image/apng,*/*;q=0.8,application/signed-exchange;v=b3;q=0.9',
  'user-agent' => 'Mozilla/5.0 (Windows NT 10.0; WOW64) AppleWebKit/537.36 (KHTML, like Gecko) Chrome/79.0.3945.88 Safari/537.36',
  'upgrade-insecure-requests' => '1',
  'cache-control' => 'max-age=0',
  'connection' => 'keep-alive',
  'host' => 'pt.mbacms.com',
)
[ info ] [ PARAM ] array (
)
[ info ] [ DB ] INIT mysql
[ info ] [ VIEW ] /www/wwwroot/pt.mbacms.com/application/admin/view/estate/car/index.html [ array (
  0 => 'site_config',
  1 => 'theme',
  2 => 'menu',
  3 => 'controller',
  4 => 'action',
) ]
---------------------------------------------------------------

[2020-04-21T09:24:43+08:00] 221.221.145.208 GET pt.mbacms.com/admin/estate.car/listJson?page=1&limit=10
[运行时间：0.030028s] [吞吐率：33.30req/s] [内存消耗：2,921.45kb] [文件加载：79]
[ info ] [ LANG ] /www/wwwroot/pt.mbacms.com/thinkphp/lang/zh-cn.php
[ info ] [ ROUTE ] array (
)
[ info ] [ HEADER ] array (
  'cookie' => 'thinkphp_show_page_trace=0|0; thinkphp_show_page_trace=0|0; PHPSESSID=digrvno51smgo4h7s8b3hhslg5',
  'accept-language' => 'zh-CN,zh;q=0.9',
  'accept-encoding' => 'gzip, deflate',
  'referer' => 'http://pt.mbacms.com/admin/estate.car/index.html',
  'user-agent' => 'Mozilla/5.0 (Windows NT 10.0; WOW64) AppleWebKit/537.36 (KHTML, like Gecko) Chrome/79.0.3945.88 Safari/537.36',
  'x-requested-with' => 'XMLHttpRequest',
  'accept' => 'application/json, text/javascript, */*; q=0.01',
  'connection' => 'keep-alive',
  'host' => 'pt.mbacms.com',
)
[ info ] [ PARAM ] array (
  'page' => '1',
  'limit' => '10',
)
[ info ] [ DB ] INIT mysql
---------------------------------------------------------------

[2020-04-21T09:24:44+08:00] 221.221.145.208 GET pt.mbacms.com/admin/estate.car/index.html
[运行时间：0.028620s] [吞吐率：34.94req/s] [内存消耗：2,791.22kb] [文件加载：78]
[ info ] [ LANG ] /www/wwwroot/pt.mbacms.com/thinkphp/lang/zh-cn.php
[ info ] [ ROUTE ] array (
)
[ info ] [ HEADER ] array (
  'cookie' => 'thinkphp_show_page_trace=0|0; thinkphp_show_page_trace=0|0; PHPSESSID=digrvno51smgo4h7s8b3hhslg5',
  'accept-language' => 'zh-CN,zh;q=0.9',
  'accept-encoding' => 'gzip, deflate',
  'referer' => 'http://pt.mbacms.com/admin/estate.car/index.html',
  'accept' => 'text/html,application/xhtml+xml,application/xml;q=0.9,image/webp,image/apng,*/*;q=0.8,application/signed-exchange;v=b3;q=0.9',
  'user-agent' => 'Mozilla/5.0 (Windows NT 10.0; WOW64) AppleWebKit/537.36 (KHTML, like Gecko) Chrome/79.0.3945.88 Safari/537.36',
  'upgrade-insecure-requests' => '1',
  'cache-control' => 'max-age=0',
  'connection' => 'keep-alive',
  'host' => 'pt.mbacms.com',
)
[ info ] [ PARAM ] array (
)
[ info ] [ DB ] INIT mysql
[ info ] [ VIEW ] /www/wwwroot/pt.mbacms.com/application/admin/view/estate/car/index.html [ array (
  0 => 'site_config',
  1 => 'theme',
  2 => 'menu',
  3 => 'controller',
  4 => 'action',
) ]
---------------------------------------------------------------

[2020-04-21T09:24:44+08:00] 221.221.145.208 GET pt.mbacms.com/admin/estate.car/listJson?page=1&limit=10
[运行时间：0.028961s] [吞吐率：34.53req/s] [内存消耗：2,921.45kb] [文件加载：79]
[ info ] [ LANG ] /www/wwwroot/pt.mbacms.com/thinkphp/lang/zh-cn.php
[ info ] [ ROUTE ] array (
)
[ info ] [ HEADER ] array (
  'cookie' => 'thinkphp_show_page_trace=0|0; thinkphp_show_page_trace=0|0; PHPSESSID=digrvno51smgo4h7s8b3hhslg5',
  'accept-language' => 'zh-CN,zh;q=0.9',
  'accept-encoding' => 'gzip, deflate',
  'referer' => 'http://pt.mbacms.com/admin/estate.car/index.html',
  'user-agent' => 'Mozilla/5.0 (Windows NT 10.0; WOW64) AppleWebKit/537.36 (KHTML, like Gecko) Chrome/79.0.3945.88 Safari/537.36',
  'x-requested-with' => 'XMLHttpRequest',
  'accept' => 'application/json, text/javascript, */*; q=0.01',
  'connection' => 'keep-alive',
  'host' => 'pt.mbacms.com',
)
[ info ] [ PARAM ] array (
  'page' => '1',
  'limit' => '10',
)
[ info ] [ DB ] INIT mysql
---------------------------------------------------------------

[2020-04-21T09:24:44+08:00] 221.221.145.208 GET pt.mbacms.com/admin/estate.car/listJson?page=1&limit=10
[运行时间：0.030703s] [吞吐率：32.57req/s] [内存消耗：2,921.45kb] [文件加载：79]
[ info ] [ LANG ] /www/wwwroot/pt.mbacms.com/thinkphp/lang/zh-cn.php
[ info ] [ ROUTE ] array (
)
[ info ] [ HEADER ] array (
  'cookie' => 'thinkphp_show_page_trace=0|0; thinkphp_show_page_trace=0|0; PHPSESSID=digrvno51smgo4h7s8b3hhslg5',
  'accept-language' => 'zh-CN,zh;q=0.9',
  'accept-encoding' => 'gzip, deflate',
  'referer' => 'http://pt.mbacms.com/admin/estate.car/index.html',
  'user-agent' => 'Mozilla/5.0 (Windows NT 10.0; WOW64) AppleWebKit/537.36 (KHTML, like Gecko) Chrome/79.0.3945.88 Safari/537.36',
  'x-requested-with' => 'XMLHttpRequest',
  'accept' => 'application/json, text/javascript, */*; q=0.01',
  'connection' => 'keep-alive',
  'host' => 'pt.mbacms.com',
)
[ info ] [ PARAM ] array (
  'page' => '1',
  'limit' => '10',
)
[ info ] [ DB ] INIT mysql
---------------------------------------------------------------

[2020-04-21T09:30:57+08:00] 223.167.152.53 GET pt.mbacms.com/admin/index/memberchart.html
[运行时间：0.022995s] [吞吐率：43.49req/s] [内存消耗：2,811.17kb] [文件加载：75]
[ info ] [ LANG ] /www/wwwroot/pt.mbacms.com/thinkphp/lang/zh-cn.php
[ info ] [ ROUTE ] array (
)
[ info ] [ HEADER ] array (
  'connection' => 'keep-alive',
  'host' => 'pt.mbacms.com',
  'accept-language' => 'zh-CN,zh;q=0.8,en-US;q=0.6,en;q=0.4',
  'referer' => 'http://pt.mbacms.com/admin/index/welcome.html',
  'accept' => '*/*',
  'user-agent' => 'Mozilla/5.0 (Windows NT 6.1; WOW64; Trident/7.0; SLCC2; .NET CLR 2.0.50727; .NET CLR 3.5.30729; .NET CLR 3.0.30729; Media Center PC 6.0; .NET4.0C; .NET4.0E; InfoPath.3; rv:11.0) like Gecko',
)
[ info ] [ PARAM ] array (
)
[ info ] [ DB ] INIT mysql
---------------------------------------------------------------

[2020-04-21T09:32:11+08:00] 210.22.245.219 GET pt.mbacms.com/admin/index/welcome.html
[运行时间：0.023800s] [吞吐率：42.02req/s] [内存消耗：2,810.95kb] [文件加载：75]
[ info ] [ LANG ] /www/wwwroot/pt.mbacms.com/thinkphp/lang/zh-cn.php
[ info ] [ ROUTE ] array (
)
[ info ] [ HEADER ] array (
  'connection' => 'keep-alive',
  'host' => 'pt.mbacms.com',
  'accept-language' => 'zh-CN,zh;q=0.8,en-US;q=0.6,en;q=0.4',
  'referer' => 'http://pt.mbacms.com/admin/',
  'accept' => '*/*',
  'user-agent' => 'Mozilla/5.0 (Macintosh; Intel Mac OS X 10_12_4) AppleWebKit/537.36 (KHTML, like Gecko) 			Chrome/55.0.2883.95 Safari/537.36',
)
[ info ] [ PARAM ] array (
)
[ info ] [ DB ] INIT mysql
---------------------------------------------------------------

[2020-04-21T09:32:12+08:00] 223.166.151.197 GET pt.mbacms.com/admin
[运行时间：0.022388s] [吞吐率：44.67req/s] [内存消耗：2,810.49kb] [文件加载：75]
[ info ] [ LANG ] /www/wwwroot/pt.mbacms.com/thinkphp/lang/zh-cn.php
[ info ] [ ROUTE ] array (
)
[ info ] [ HEADER ] array (
  'connection' => 'keep-alive',
  'host' => 'pt.mbacms.com',
  'accept-language' => 'zh-CN,zh;q=0.8,en-US;q=0.6,en;q=0.4',
  'accept' => '*/*',
  'user-agent' => 'Mozilla/5.0 (Windows NT 6.1; WOW64) AppleWebKit/537.36 (KHTML, like Gecko) Chrome/45.0.2454.101 Safari/537.36',
)
[ info ] [ PARAM ] array (
)
[ info ] [ DB ] INIT mysql
---------------------------------------------------------------

[2020-04-21T10:49:06+08:00] 221.221.145.208 GET pt.mbacms.com/admin/estate.car/listJson?page=1&limit=10&car_name=&car_start_time=&car_end_time=
[运行时间：0.029984s] [吞吐率：33.35req/s] [内存消耗：2,921.59kb] [文件加载：79]
[ info ] [ LANG ] /www/wwwroot/pt.mbacms.com/thinkphp/lang/zh-cn.php
[ info ] [ ROUTE ] array (
)
[ info ] [ HEADER ] array (
  'cookie' => 'thinkphp_show_page_trace=0|0; thinkphp_show_page_trace=0|0; PHPSESSID=digrvno51smgo4h7s8b3hhslg5',
  'accept-language' => 'zh-CN,zh;q=0.9',
  'accept-encoding' => 'gzip, deflate',
  'referer' => 'http://pt.mbacms.com/admin/estate.car/index.html',
  'user-agent' => 'Mozilla/5.0 (Windows NT 10.0; WOW64) AppleWebKit/537.36 (KHTML, like Gecko) Chrome/79.0.3945.88 Safari/537.36',
  'x-requested-with' => 'XMLHttpRequest',
  'accept' => 'application/json, text/javascript, */*; q=0.01',
  'connection' => 'keep-alive',
  'host' => 'pt.mbacms.com',
)
[ info ] [ PARAM ] array (
  'page' => '1',
  'limit' => '10',
  'car_name' => '',
  'car_start_time' => '',
  'car_end_time' => '',
)
[ info ] [ DB ] INIT mysql
---------------------------------------------------------------

[2020-04-21T10:49:07+08:00] 101.132.126.80 GET pt.mbacms.com/
[运行时间：0.016369s] [吞吐率：61.09req/s] [内存消耗：1,873.95kb] [文件加载：68]
[ info ] [ LANG ] /www/wwwroot/pt.mbacms.com/thinkphp/lang/zh-cn.php
[ info ] [ ROUTE ] array (
)
[ info ] [ HEADER ] array (
  'accept-encoding' => 'gzip',
  'connection' => 'Keep-Alive',
  'host' => 'pt.mbacms.com',
  'user-agent' => 'Mozilla/5.0 (X11; Ubuntu; Linux x86_64; rv:36.0) Gecko/20100101 Firefox/36.0',
)
[ info ] [ PARAM ] array (
)
---------------------------------------------------------------

[2020-04-21T10:49:07+08:00] 101.132.126.80 GET pt.mbacms.com/index/login/login.html
[运行时间：0.022208s] [吞吐率：45.03req/s] [内存消耗：2,627.14kb] [文件加载：71]
[ info ] [ LANG ] /www/wwwroot/pt.mbacms.com/thinkphp/lang/zh-cn.php
[ info ] [ ROUTE ] array (
)
[ info ] [ HEADER ] array (
  'accept-encoding' => 'gzip',
  'connection' => 'Keep-Alive',
  'host' => 'pt.mbacms.com',
  'user-agent' => 'Mozilla/5.0 (X11; Ubuntu; Linux x86_64; rv:36.0) Gecko/20100101 Firefox/36.0',
)
[ info ] [ PARAM ] array (
)
[ info ] [ DB ] INIT mysql
[ info ] [ VIEW ] /www/wwwroot/pt.mbacms.com/application/index/view/login/login.html [ array (
  0 => 'site_config',
) ]
---------------------------------------------------------------

[2020-04-21T10:49:08+08:00] 221.221.145.208 GET pt.mbacms.com/admin/estate.car/show.html?id=6
[运行时间：0.030892s] [吞吐率：32.37req/s] [内存消耗：2,793.71kb] [文件加载：78]
[ info ] [ LANG ] /www/wwwroot/pt.mbacms.com/thinkphp/lang/zh-cn.php
[ info ] [ ROUTE ] array (
)
[ info ] [ HEADER ] array (
  'cookie' => 'thinkphp_show_page_trace=0|0; thinkphp_show_page_trace=0|0; PHPSESSID=digrvno51smgo4h7s8b3hhslg5',
  'accept-language' => 'zh-CN,zh;q=0.9',
  'accept-encoding' => 'gzip, deflate',
  'referer' => 'http://pt.mbacms.com/admin/estate.car/index.html',
  'accept' => 'text/html,application/xhtml+xml,application/xml;q=0.9,image/webp,image/apng,*/*;q=0.8,application/signed-exchange;v=b3;q=0.9',
  'user-agent' => 'Mozilla/5.0 (Windows NT 10.0; WOW64) AppleWebKit/537.36 (KHTML, like Gecko) Chrome/79.0.3945.88 Safari/537.36',
  'upgrade-insecure-requests' => '1',
  'connection' => 'keep-alive',
  'host' => 'pt.mbacms.com',
)
[ info ] [ PARAM ] array (
  'id' => '6',
)
[ info ] [ DB ] INIT mysql
[ info ] [ VIEW ] /www/wwwroot/pt.mbacms.com/application/admin/view/estate/car/show.html [ array (
  0 => 'site_config',
  1 => 'theme',
  2 => 'menu',
  3 => 'controller',
  4 => 'action',
  5 => 'enter',
  6 => 'field',
) ]
---------------------------------------------------------------

[2020-04-21T10:49:12+08:00] 221.221.145.208 GET pt.mbacms.com/admin/estate.car/show.html?id=4
[运行时间：0.030795s] [吞吐率：32.47req/s] [内存消耗：2,793.53kb] [文件加载：78]
[ info ] [ LANG ] /www/wwwroot/pt.mbacms.com/thinkphp/lang/zh-cn.php
[ info ] [ ROUTE ] array (
)
[ info ] [ HEADER ] array (
  'cookie' => 'thinkphp_show_page_trace=0|0; thinkphp_show_page_trace=0|0; PHPSESSID=digrvno51smgo4h7s8b3hhslg5',
  'accept-language' => 'zh-CN,zh;q=0.9',
  'accept-encoding' => 'gzip, deflate',
  'referer' => 'http://pt.mbacms.com/admin/estate.car/index.html',
  'accept' => 'text/html,application/xhtml+xml,application/xml;q=0.9,image/webp,image/apng,*/*;q=0.8,application/signed-exchange;v=b3;q=0.9',
  'user-agent' => 'Mozilla/5.0 (Windows NT 10.0; WOW64) AppleWebKit/537.36 (KHTML, like Gecko) Chrome/79.0.3945.88 Safari/537.36',
  'upgrade-insecure-requests' => '1',
  'connection' => 'keep-alive',
  'host' => 'pt.mbacms.com',
)
[ info ] [ PARAM ] array (
  'id' => '4',
)
[ info ] [ DB ] INIT mysql
[ info ] [ VIEW ] /www/wwwroot/pt.mbacms.com/application/admin/view/estate/car/show.html [ array (
  0 => 'site_config',
  1 => 'theme',
  2 => 'menu',
  3 => 'controller',
  4 => 'action',
  5 => 'enter',
  6 => 'field',
) ]
---------------------------------------------------------------

[2020-04-21T10:49:15+08:00] 221.221.145.208 GET pt.mbacms.com/admin/estate.car/show.html?id=2
[运行时间：0.030997s] [吞吐率：32.26req/s] [内存消耗：2,793.52kb] [文件加载：78]
[ info ] [ LANG ] /www/wwwroot/pt.mbacms.com/thinkphp/lang/zh-cn.php
[ info ] [ ROUTE ] array (
)
[ info ] [ HEADER ] array (
  'cookie' => 'thinkphp_show_page_trace=0|0; thinkphp_show_page_trace=0|0; PHPSESSID=digrvno51smgo4h7s8b3hhslg5',
  'accept-language' => 'zh-CN,zh;q=0.9',
  'accept-encoding' => 'gzip, deflate',
  'referer' => 'http://pt.mbacms.com/admin/estate.car/index.html',
  'accept' => 'text/html,application/xhtml+xml,application/xml;q=0.9,image/webp,image/apng,*/*;q=0.8,application/signed-exchange;v=b3;q=0.9',
  'user-agent' => 'Mozilla/5.0 (Windows NT 10.0; WOW64) AppleWebKit/537.36 (KHTML, like Gecko) Chrome/79.0.3945.88 Safari/537.36',
  'upgrade-insecure-requests' => '1',
  'connection' => 'keep-alive',
  'host' => 'pt.mbacms.com',
)
[ info ] [ PARAM ] array (
  'id' => '2',
)
[ info ] [ DB ] INIT mysql
[ info ] [ VIEW ] /www/wwwroot/pt.mbacms.com/application/admin/view/estate/car/show.html [ array (
  0 => 'site_config',
  1 => 'theme',
  2 => 'menu',
  3 => 'controller',
  4 => 'action',
  5 => 'enter',
  6 => 'field',
) ]
---------------------------------------------------------------

[2020-04-21T10:49:31+08:00] 221.221.145.208 GET pt.mbacms.com/admin/estate.car/show.html?id=2
[运行时间：0.033710s] [吞吐率：29.66req/s] [内存消耗：2,793.52kb] [文件加载：78]
[ info ] [ LANG ] /www/wwwroot/pt.mbacms.com/thinkphp/lang/zh-cn.php
[ info ] [ ROUTE ] array (
)
[ info ] [ HEADER ] array (
  'cookie' => 'thinkphp_show_page_trace=0|0; thinkphp_show_page_trace=0|0; PHPSESSID=digrvno51smgo4h7s8b3hhslg5',
  'accept-language' => 'zh-CN,zh;q=0.9',
  'accept-encoding' => 'gzip, deflate',
  'referer' => 'http://pt.mbacms.com/admin/estate.car/index.html',
  'accept' => 'text/html,application/xhtml+xml,application/xml;q=0.9,image/webp,image/apng,*/*;q=0.8,application/signed-exchange;v=b3;q=0.9',
  'user-agent' => 'Mozilla/5.0 (Windows NT 10.0; WOW64) AppleWebKit/537.36 (KHTML, like Gecko) Chrome/79.0.3945.88 Safari/537.36',
  'upgrade-insecure-requests' => '1',
  'connection' => 'keep-alive',
  'host' => 'pt.mbacms.com',
)
[ info ] [ PARAM ] array (
  'id' => '2',
)
[ info ] [ DB ] INIT mysql
[ info ] [ VIEW ] /www/wwwroot/pt.mbacms.com/application/admin/view/estate/car/show.html [ array (
  0 => 'site_config',
  1 => 'theme',
  2 => 'menu',
  3 => 'controller',
  4 => 'action',
  5 => 'enter',
  6 => 'field',
) ]
---------------------------------------------------------------

[2020-04-21T10:49:33+08:00] 221.221.145.208 GET pt.mbacms.com/admin/estate.car/show.html?id=1
[运行时间：0.031804s] [吞吐率：31.44req/s] [内存消耗：2,793.52kb] [文件加载：78]
[ info ] [ LANG ] /www/wwwroot/pt.mbacms.com/thinkphp/lang/zh-cn.php
[ info ] [ ROUTE ] array (
)
[ info ] [ HEADER ] array (
  'cookie' => 'thinkphp_show_page_trace=0|0; thinkphp_show_page_trace=0|0; PHPSESSID=digrvno51smgo4h7s8b3hhslg5',
  'accept-language' => 'zh-CN,zh;q=0.9',
  'accept-encoding' => 'gzip, deflate',
  'referer' => 'http://pt.mbacms.com/admin/estate.car/index.html',
  'accept' => 'text/html,application/xhtml+xml,application/xml;q=0.9,image/webp,image/apng,*/*;q=0.8,application/signed-exchange;v=b3;q=0.9',
  'user-agent' => 'Mozilla/5.0 (Windows NT 10.0; WOW64) AppleWebKit/537.36 (KHTML, like Gecko) Chrome/79.0.3945.88 Safari/537.36',
  'upgrade-insecure-requests' => '1',
  'connection' => 'keep-alive',
  'host' => 'pt.mbacms.com',
)
[ info ] [ PARAM ] array (
  'id' => '1',
)
[ info ] [ DB ] INIT mysql
[ info ] [ VIEW ] /www/wwwroot/pt.mbacms.com/application/admin/view/estate/car/show.html [ array (
  0 => 'site_config',
  1 => 'theme',
  2 => 'menu',
  3 => 'controller',
  4 => 'action',
  5 => 'enter',
  6 => 'field',
) ]
---------------------------------------------------------------

[2020-04-21T10:49:48+08:00] 221.221.145.208 GET pt.mbacms.com/admin/estate.car/listJson?page=1&limit=10&car_name=TEST1&car_start_time=&car_end_time=
[运行时间：0.038227s] [吞吐率：26.16req/s] [内存消耗：2,924.61kb] [文件加载：79]
[ info ] [ LANG ] /www/wwwroot/pt.mbacms.com/thinkphp/lang/zh-cn.php
[ info ] [ ROUTE ] array (
)
[ info ] [ HEADER ] array (
  'cookie' => 'thinkphp_show_page_trace=0|0; thinkphp_show_page_trace=0|0; PHPSESSID=digrvno51smgo4h7s8b3hhslg5',
  'accept-language' => 'zh-CN,zh;q=0.9',
  'accept-encoding' => 'gzip, deflate',
  'referer' => 'http://pt.mbacms.com/admin/estate.car/index.html',
  'user-agent' => 'Mozilla/5.0 (Windows NT 10.0; WOW64) AppleWebKit/537.36 (KHTML, like Gecko) Chrome/79.0.3945.88 Safari/537.36',
  'x-requested-with' => 'XMLHttpRequest',
  'accept' => 'application/json, text/javascript, */*; q=0.01',
  'connection' => 'keep-alive',
  'host' => 'pt.mbacms.com',
)
[ info ] [ PARAM ] array (
  'page' => '1',
  'limit' => '10',
  'car_name' => 'TEST1',
  'car_start_time' => '',
  'car_end_time' => '',
)
[ info ] [ DB ] INIT mysql
---------------------------------------------------------------

[2020-04-21T10:49:51+08:00] 221.221.145.208 GET pt.mbacms.com/admin/estate.car/listJson?page=1&limit=10&car_name=&car_start_time=&car_end_time=
[运行时间：0.031154s] [吞吐率：32.10req/s] [内存消耗：2,921.59kb] [文件加载：79]
[ info ] [ LANG ] /www/wwwroot/pt.mbacms.com/thinkphp/lang/zh-cn.php
[ info ] [ ROUTE ] array (
)
[ info ] [ HEADER ] array (
  'cookie' => 'thinkphp_show_page_trace=0|0; thinkphp_show_page_trace=0|0; PHPSESSID=digrvno51smgo4h7s8b3hhslg5',
  'accept-language' => 'zh-CN,zh;q=0.9',
  'accept-encoding' => 'gzip, deflate',
  'referer' => 'http://pt.mbacms.com/admin/estate.car/index.html',
  'user-agent' => 'Mozilla/5.0 (Windows NT 10.0; WOW64) AppleWebKit/537.36 (KHTML, like Gecko) Chrome/79.0.3945.88 Safari/537.36',
  'x-requested-with' => 'XMLHttpRequest',
  'accept' => 'application/json, text/javascript, */*; q=0.01',
  'connection' => 'keep-alive',
  'host' => 'pt.mbacms.com',
)
[ info ] [ PARAM ] array (
  'page' => '1',
  'limit' => '10',
  'car_name' => '',
  'car_start_time' => '',
  'car_end_time' => '',
)
[ info ] [ DB ] INIT mysql
---------------------------------------------------------------

[2020-04-21T10:50:00+08:00] 221.221.145.208 GET pt.mbacms.com/admin/estate.car/listJson?page=1&limit=10&car_name=%E6%B4%A5AD252C&car_start_time=&car_end_time=
[运行时间：0.032245s] [吞吐率：31.01req/s] [内存消耗：2,924.56kb] [文件加载：79]
[ info ] [ LANG ] /www/wwwroot/pt.mbacms.com/thinkphp/lang/zh-cn.php
[ info ] [ ROUTE ] array (
)
[ info ] [ HEADER ] array (
  'cookie' => 'thinkphp_show_page_trace=0|0; thinkphp_show_page_trace=0|0; PHPSESSID=digrvno51smgo4h7s8b3hhslg5',
  'accept-language' => 'zh-CN,zh;q=0.9',
  'accept-encoding' => 'gzip, deflate',
  'referer' => 'http://pt.mbacms.com/admin/estate.car/index.html',
  'user-agent' => 'Mozilla/5.0 (Windows NT 10.0; WOW64) AppleWebKit/537.36 (KHTML, like Gecko) Chrome/79.0.3945.88 Safari/537.36',
  'x-requested-with' => 'XMLHttpRequest',
  'accept' => 'application/json, text/javascript, */*; q=0.01',
  'connection' => 'keep-alive',
  'host' => 'pt.mbacms.com',
)
[ info ] [ PARAM ] array (
  'page' => '1',
  'limit' => '10',
  'car_name' => '津AD252C',
  'car_start_time' => '',
  'car_end_time' => '',
)
[ info ] [ DB ] INIT mysql
---------------------------------------------------------------

[2020-04-21T10:50:01+08:00] 221.221.145.208 GET pt.mbacms.com/admin/estate.car/show.html?id=2
[运行时间：0.030679s] [吞吐率：32.60req/s] [内存消耗：2,793.52kb] [文件加载：78]
[ info ] [ LANG ] /www/wwwroot/pt.mbacms.com/thinkphp/lang/zh-cn.php
[ info ] [ ROUTE ] array (
)
[ info ] [ HEADER ] array (
  'cookie' => 'thinkphp_show_page_trace=0|0; thinkphp_show_page_trace=0|0; PHPSESSID=digrvno51smgo4h7s8b3hhslg5',
  'accept-language' => 'zh-CN,zh;q=0.9',
  'accept-encoding' => 'gzip, deflate',
  'referer' => 'http://pt.mbacms.com/admin/estate.car/index.html',
  'accept' => 'text/html,application/xhtml+xml,application/xml;q=0.9,image/webp,image/apng,*/*;q=0.8,application/signed-exchange;v=b3;q=0.9',
  'user-agent' => 'Mozilla/5.0 (Windows NT 10.0; WOW64) AppleWebKit/537.36 (KHTML, like Gecko) Chrome/79.0.3945.88 Safari/537.36',
  'upgrade-insecure-requests' => '1',
  'connection' => 'keep-alive',
  'host' => 'pt.mbacms.com',
)
[ info ] [ PARAM ] array (
  'id' => '2',
)
[ info ] [ DB ] INIT mysql
[ info ] [ VIEW ] /www/wwwroot/pt.mbacms.com/application/admin/view/estate/car/show.html [ array (
  0 => 'site_config',
  1 => 'theme',
  2 => 'menu',
  3 => 'controller',
  4 => 'action',
  5 => 'enter',
  6 => 'field',
) ]
---------------------------------------------------------------

[2020-04-21T10:50:28+08:00] 221.221.145.208 GET pt.mbacms.com/admin/estate.car/show.html?id=2
[运行时间：0.033995s] [吞吐率：29.42req/s] [内存消耗：2,793.52kb] [文件加载：78]
[ info ] [ LANG ] /www/wwwroot/pt.mbacms.com/thinkphp/lang/zh-cn.php
[ info ] [ ROUTE ] array (
)
[ info ] [ HEADER ] array (
  'cookie' => 'thinkphp_show_page_trace=0|0; thinkphp_show_page_trace=0|0; PHPSESSID=digrvno51smgo4h7s8b3hhslg5',
  'accept-language' => 'zh-CN,zh;q=0.9',
  'accept-encoding' => 'gzip, deflate',
  'referer' => 'http://pt.mbacms.com/admin/estate.car/index.html',
  'accept' => 'text/html,application/xhtml+xml,application/xml;q=0.9,image/webp,image/apng,*/*;q=0.8,application/signed-exchange;v=b3;q=0.9',
  'user-agent' => 'Mozilla/5.0 (Windows NT 10.0; WOW64) AppleWebKit/537.36 (KHTML, like Gecko) Chrome/79.0.3945.88 Safari/537.36',
  'upgrade-insecure-requests' => '1',
  'connection' => 'keep-alive',
  'host' => 'pt.mbacms.com',
)
[ info ] [ PARAM ] array (
  'id' => '2',
)
[ info ] [ DB ] INIT mysql
[ info ] [ VIEW ] /www/wwwroot/pt.mbacms.com/application/admin/view/estate/car/show.html [ array (
  0 => 'site_config',
  1 => 'theme',
  2 => 'menu',
  3 => 'controller',
  4 => 'action',
  5 => 'enter',
  6 => 'field',
) ]
---------------------------------------------------------------

[2020-04-21T10:50:39+08:00] 221.221.145.208 GET pt.mbacms.com/admin/estate.car/listJson?page=1&limit=10&car_name=%E6%B4%A5AD252C&car_start_time=&car_end_time=
[运行时间：0.030968s] [吞吐率：32.29req/s] [内存消耗：2,924.56kb] [文件加载：79]
[ info ] [ LANG ] /www/wwwroot/pt.mbacms.com/thinkphp/lang/zh-cn.php
[ info ] [ ROUTE ] array (
)
[ info ] [ HEADER ] array (
  'cookie' => 'thinkphp_show_page_trace=0|0; thinkphp_show_page_trace=0|0; PHPSESSID=digrvno51smgo4h7s8b3hhslg5',
  'accept-language' => 'zh-CN,zh;q=0.9',
  'accept-encoding' => 'gzip, deflate',
  'referer' => 'http://pt.mbacms.com/admin/estate.car/index.html',
  'user-agent' => 'Mozilla/5.0 (Windows NT 10.0; WOW64) AppleWebKit/537.36 (KHTML, like Gecko) Chrome/79.0.3945.88 Safari/537.36',
  'x-requested-with' => 'XMLHttpRequest',
  'accept' => 'application/json, text/javascript, */*; q=0.01',
  'connection' => 'keep-alive',
  'host' => 'pt.mbacms.com',
)
[ info ] [ PARAM ] array (
  'page' => '1',
  'limit' => '10',
  'car_name' => '津AD252C',
  'car_start_time' => '',
  'car_end_time' => '',
)
[ info ] [ DB ] INIT mysql
---------------------------------------------------------------

[2020-04-21T10:50:40+08:00] 221.221.145.208 GET pt.mbacms.com/admin/estate.car/listJson?page=1&limit=10&car_name=%E6%B4%A5AD252C&car_start_time=&car_end_time=
[运行时间：0.031286s] [吞吐率：31.96req/s] [内存消耗：2,924.56kb] [文件加载：79]
[ info ] [ LANG ] /www/wwwroot/pt.mbacms.com/thinkphp/lang/zh-cn.php
[ info ] [ ROUTE ] array (
)
[ info ] [ HEADER ] array (
  'cookie' => 'thinkphp_show_page_trace=0|0; thinkphp_show_page_trace=0|0; PHPSESSID=digrvno51smgo4h7s8b3hhslg5',
  'accept-language' => 'zh-CN,zh;q=0.9',
  'accept-encoding' => 'gzip, deflate',
  'referer' => 'http://pt.mbacms.com/admin/estate.car/index.html',
  'user-agent' => 'Mozilla/5.0 (Windows NT 10.0; WOW64) AppleWebKit/537.36 (KHTML, like Gecko) Chrome/79.0.3945.88 Safari/537.36',
  'x-requested-with' => 'XMLHttpRequest',
  'accept' => 'application/json, text/javascript, */*; q=0.01',
  'connection' => 'keep-alive',
  'host' => 'pt.mbacms.com',
)
[ info ] [ PARAM ] array (
  'page' => '1',
  'limit' => '10',
  'car_name' => '津AD252C',
  'car_start_time' => '',
  'car_end_time' => '',
)
[ info ] [ DB ] INIT mysql
---------------------------------------------------------------

[2020-04-21T10:50:40+08:00] 221.221.145.208 GET pt.mbacms.com/admin/estate.car/listJson?page=1&limit=10&car_name=%E6%B4%A5AD252C&car_start_time=&car_end_time=
[运行时间：0.032112s] [吞吐率：31.14req/s] [内存消耗：2,924.56kb] [文件加载：79]
[ info ] [ LANG ] /www/wwwroot/pt.mbacms.com/thinkphp/lang/zh-cn.php
[ info ] [ ROUTE ] array (
)
[ info ] [ HEADER ] array (
  'cookie' => 'thinkphp_show_page_trace=0|0; thinkphp_show_page_trace=0|0; PHPSESSID=digrvno51smgo4h7s8b3hhslg5',
  'accept-language' => 'zh-CN,zh;q=0.9',
  'accept-encoding' => 'gzip, deflate',
  'referer' => 'http://pt.mbacms.com/admin/estate.car/index.html',
  'user-agent' => 'Mozilla/5.0 (Windows NT 10.0; WOW64) AppleWebKit/537.36 (KHTML, like Gecko) Chrome/79.0.3945.88 Safari/537.36',
  'x-requested-with' => 'XMLHttpRequest',
  'accept' => 'application/json, text/javascript, */*; q=0.01',
  'connection' => 'keep-alive',
  'host' => 'pt.mbacms.com',
)
[ info ] [ PARAM ] array (
  'page' => '1',
  'limit' => '10',
  'car_name' => '津AD252C',
  'car_start_time' => '',
  'car_end_time' => '',
)
[ info ] [ DB ] INIT mysql
---------------------------------------------------------------

[2020-04-21T10:50:40+08:00] 221.221.145.208 GET pt.mbacms.com/admin/estate.car/listJson?page=1&limit=10&car_name=%E6%B4%A5AD252C&car_start_time=&car_end_time=
[运行时间：0.031365s] [吞吐率：31.88req/s] [内存消耗：2,924.56kb] [文件加载：79]
[ info ] [ LANG ] /www/wwwroot/pt.mbacms.com/thinkphp/lang/zh-cn.php
[ info ] [ ROUTE ] array (
)
[ info ] [ HEADER ] array (
  'cookie' => 'thinkphp_show_page_trace=0|0; thinkphp_show_page_trace=0|0; PHPSESSID=digrvno51smgo4h7s8b3hhslg5',
  'accept-language' => 'zh-CN,zh;q=0.9',
  'accept-encoding' => 'gzip, deflate',
  'referer' => 'http://pt.mbacms.com/admin/estate.car/index.html',
  'user-agent' => 'Mozilla/5.0 (Windows NT 10.0; WOW64) AppleWebKit/537.36 (KHTML, like Gecko) Chrome/79.0.3945.88 Safari/537.36',
  'x-requested-with' => 'XMLHttpRequest',
  'accept' => 'application/json, text/javascript, */*; q=0.01',
  'connection' => 'keep-alive',
  'host' => 'pt.mbacms.com',
)
[ info ] [ PARAM ] array (
  'page' => '1',
  'limit' => '10',
  'car_name' => '津AD252C',
  'car_start_time' => '',
  'car_end_time' => '',
)
[ info ] [ DB ] INIT mysql
---------------------------------------------------------------

[2020-04-21T10:50:41+08:00] 221.221.145.208 GET pt.mbacms.com/admin/estate.car/listJson?page=1&limit=10&car_name=%E6%B4%A5AD252C&car_start_time=&car_end_time=
[运行时间：0.030983s] [吞吐率：32.28req/s] [内存消耗：2,924.56kb] [文件加载：79]
[ info ] [ LANG ] /www/wwwroot/pt.mbacms.com/thinkphp/lang/zh-cn.php
[ info ] [ ROUTE ] array (
)
[ info ] [ HEADER ] array (
  'cookie' => 'thinkphp_show_page_trace=0|0; thinkphp_show_page_trace=0|0; PHPSESSID=digrvno51smgo4h7s8b3hhslg5',
  'accept-language' => 'zh-CN,zh;q=0.9',
  'accept-encoding' => 'gzip, deflate',
  'referer' => 'http://pt.mbacms.com/admin/estate.car/index.html',
  'user-agent' => 'Mozilla/5.0 (Windows NT 10.0; WOW64) AppleWebKit/537.36 (KHTML, like Gecko) Chrome/79.0.3945.88 Safari/537.36',
  'x-requested-with' => 'XMLHttpRequest',
  'accept' => 'application/json, text/javascript, */*; q=0.01',
  'connection' => 'keep-alive',
  'host' => 'pt.mbacms.com',
)
[ info ] [ PARAM ] array (
  'page' => '1',
  'limit' => '10',
  'car_name' => '津AD252C',
  'car_start_time' => '',
  'car_end_time' => '',
)
[ info ] [ DB ] INIT mysql
---------------------------------------------------------------

[2020-04-21T10:50:41+08:00] 221.221.145.208 GET pt.mbacms.com/admin/estate.car/listJson?page=1&limit=10&car_name=%E6%B4%A5AD252C&car_start_time=&car_end_time=
[运行时间：0.032301s] [吞吐率：30.96req/s] [内存消耗：2,924.56kb] [文件加载：79]
[ info ] [ LANG ] /www/wwwroot/pt.mbacms.com/thinkphp/lang/zh-cn.php
[ info ] [ ROUTE ] array (
)
[ info ] [ HEADER ] array (
  'cookie' => 'thinkphp_show_page_trace=0|0; thinkphp_show_page_trace=0|0; PHPSESSID=digrvno51smgo4h7s8b3hhslg5',
  'accept-language' => 'zh-CN,zh;q=0.9',
  'accept-encoding' => 'gzip, deflate',
  'referer' => 'http://pt.mbacms.com/admin/estate.car/index.html',
  'user-agent' => 'Mozilla/5.0 (Windows NT 10.0; WOW64) AppleWebKit/537.36 (KHTML, like Gecko) Chrome/79.0.3945.88 Safari/537.36',
  'x-requested-with' => 'XMLHttpRequest',
  'accept' => 'application/json, text/javascript, */*; q=0.01',
  'connection' => 'keep-alive',
  'host' => 'pt.mbacms.com',
)
[ info ] [ PARAM ] array (
  'page' => '1',
  'limit' => '10',
  'car_name' => '津AD252C',
  'car_start_time' => '',
  'car_end_time' => '',
)
[ info ] [ DB ] INIT mysql
---------------------------------------------------------------

[2020-04-21T10:50:41+08:00] 221.221.145.208 GET pt.mbacms.com/admin/estate.car/listJson?page=1&limit=10&car_name=%E6%B4%A5AD252C&car_start_time=&car_end_time=
[运行时间：0.032888s] [吞吐率：30.41req/s] [内存消耗：2,924.56kb] [文件加载：79]
[ info ] [ LANG ] /www/wwwroot/pt.mbacms.com/thinkphp/lang/zh-cn.php
[ info ] [ ROUTE ] array (
)
[ info ] [ HEADER ] array (
  'cookie' => 'thinkphp_show_page_trace=0|0; thinkphp_show_page_trace=0|0; PHPSESSID=digrvno51smgo4h7s8b3hhslg5',
  'accept-language' => 'zh-CN,zh;q=0.9',
  'accept-encoding' => 'gzip, deflate',
  'referer' => 'http://pt.mbacms.com/admin/estate.car/index.html',
  'user-agent' => 'Mozilla/5.0 (Windows NT 10.0; WOW64) AppleWebKit/537.36 (KHTML, like Gecko) Chrome/79.0.3945.88 Safari/537.36',
  'x-requested-with' => 'XMLHttpRequest',
  'accept' => 'application/json, text/javascript, */*; q=0.01',
  'connection' => 'keep-alive',
  'host' => 'pt.mbacms.com',
)
[ info ] [ PARAM ] array (
  'page' => '1',
  'limit' => '10',
  'car_name' => '津AD252C',
  'car_start_time' => '',
  'car_end_time' => '',
)
[ info ] [ DB ] INIT mysql
---------------------------------------------------------------

[2020-04-21T10:50:41+08:00] 221.221.145.208 GET pt.mbacms.com/admin/estate.car/listJson?page=1&limit=10&car_name=%E6%B4%A5AD252C&car_start_time=&car_end_time=
[运行时间：0.033178s] [吞吐率：30.14req/s] [内存消耗：2,924.56kb] [文件加载：79]
[ info ] [ LANG ] /www/wwwroot/pt.mbacms.com/thinkphp/lang/zh-cn.php
[ info ] [ ROUTE ] array (
)
[ info ] [ HEADER ] array (
  'cookie' => 'thinkphp_show_page_trace=0|0; thinkphp_show_page_trace=0|0; PHPSESSID=digrvno51smgo4h7s8b3hhslg5',
  'accept-language' => 'zh-CN,zh;q=0.9',
  'accept-encoding' => 'gzip, deflate',
  'referer' => 'http://pt.mbacms.com/admin/estate.car/index.html',
  'user-agent' => 'Mozilla/5.0 (Windows NT 10.0; WOW64) AppleWebKit/537.36 (KHTML, like Gecko) Chrome/79.0.3945.88 Safari/537.36',
  'x-requested-with' => 'XMLHttpRequest',
  'accept' => 'application/json, text/javascript, */*; q=0.01',
  'connection' => 'keep-alive',
  'host' => 'pt.mbacms.com',
)
[ info ] [ PARAM ] array (
  'page' => '1',
  'limit' => '10',
  'car_name' => '津AD252C',
  'car_start_time' => '',
  'car_end_time' => '',
)
[ info ] [ DB ] INIT mysql
---------------------------------------------------------------

[2020-04-21T10:50:43+08:00] 221.221.145.208 GET pt.mbacms.com/admin/estate.car/listJson?page=1&limit=10&car_name=&car_start_time=&car_end_time=
[运行时间：0.029970s] [吞吐率：33.37req/s] [内存消耗：2,921.59kb] [文件加载：79]
[ info ] [ LANG ] /www/wwwroot/pt.mbacms.com/thinkphp/lang/zh-cn.php
[ info ] [ ROUTE ] array (
)
[ info ] [ HEADER ] array (
  'cookie' => 'thinkphp_show_page_trace=0|0; thinkphp_show_page_trace=0|0; PHPSESSID=digrvno51smgo4h7s8b3hhslg5',
  'accept-language' => 'zh-CN,zh;q=0.9',
  'accept-encoding' => 'gzip, deflate',
  'referer' => 'http://pt.mbacms.com/admin/estate.car/index.html',
  'user-agent' => 'Mozilla/5.0 (Windows NT 10.0; WOW64) AppleWebKit/537.36 (KHTML, like Gecko) Chrome/79.0.3945.88 Safari/537.36',
  'x-requested-with' => 'XMLHttpRequest',
  'accept' => 'application/json, text/javascript, */*; q=0.01',
  'connection' => 'keep-alive',
  'host' => 'pt.mbacms.com',
)
[ info ] [ PARAM ] array (
  'page' => '1',
  'limit' => '10',
  'car_name' => '',
  'car_start_time' => '',
  'car_end_time' => '',
)
[ info ] [ DB ] INIT mysql
---------------------------------------------------------------

[2020-04-21T10:50:58+08:00] 221.221.145.208 GET pt.mbacms.com/admin/estate.car/edit.html?id=6
[运行时间：0.032132s] [吞吐率：31.12req/s] [内存消耗：2,794.07kb] [文件加载：78]
[ info ] [ LANG ] /www/wwwroot/pt.mbacms.com/thinkphp/lang/zh-cn.php
[ info ] [ ROUTE ] array (
)
[ info ] [ HEADER ] array (
  'cookie' => 'thinkphp_show_page_trace=0|0; thinkphp_show_page_trace=0|0; PHPSESSID=digrvno51smgo4h7s8b3hhslg5',
  'accept-language' => 'zh-CN,zh;q=0.9',
  'accept-encoding' => 'gzip, deflate',
  'referer' => 'http://pt.mbacms.com/admin/estate.car/index.html',
  'accept' => 'text/html,application/xhtml+xml,application/xml;q=0.9,image/webp,image/apng,*/*;q=0.8,application/signed-exchange;v=b3;q=0.9',
  'user-agent' => 'Mozilla/5.0 (Windows NT 10.0; WOW64) AppleWebKit/537.36 (KHTML, like Gecko) Chrome/79.0.3945.88 Safari/537.36',
  'upgrade-insecure-requests' => '1',
  'connection' => 'keep-alive',
  'host' => 'pt.mbacms.com',
)
[ info ] [ PARAM ] array (
  'id' => '6',
)
[ info ] [ DB ] INIT mysql
[ info ] [ VIEW ] /www/wwwroot/pt.mbacms.com/application/admin/view/estate/car/edit.html [ array (
  0 => 'site_config',
  1 => 'theme',
  2 => 'menu',
  3 => 'controller',
  4 => 'action',
  5 => 'enter',
  6 => 'field',
) ]
---------------------------------------------------------------

[2020-04-21T10:59:44+08:00] 221.221.145.208 GET pt.mbacms.com/admin/user/rulelist.html
[运行时间：0.027490s] [吞吐率：36.38req/s] [内存消耗：2,811.48kb] [文件加载：78]
[ info ] [ LANG ] /www/wwwroot/pt.mbacms.com/thinkphp/lang/zh-cn.php
[ info ] [ ROUTE ] array (
)
[ info ] [ HEADER ] array (
  'cookie' => 'thinkphp_show_page_trace=0|0; thinkphp_show_page_trace=0|0; PHPSESSID=digrvno51smgo4h7s8b3hhslg5',
  'accept-language' => 'zh-CN,zh;q=0.9',
  'accept-encoding' => 'gzip, deflate',
  'referer' => 'http://pt.mbacms.com/admin/',
  'accept' => 'text/html,application/xhtml+xml,application/xml;q=0.9,image/webp,image/apng,*/*;q=0.8,application/signed-exchange;v=b3;q=0.9',
  'user-agent' => 'Mozilla/5.0 (Windows NT 10.0; WOW64) AppleWebKit/537.36 (KHTML, like Gecko) Chrome/79.0.3945.88 Safari/537.36',
  'upgrade-insecure-requests' => '1',
  'connection' => 'keep-alive',
  'host' => 'pt.mbacms.com',
)
[ info ] [ PARAM ] array (
)
[ info ] [ DB ] INIT mysql
[ info ] [ VIEW ] /www/wwwroot/pt.mbacms.com/application/admin/view/user/ruleList.html [ array (
  0 => 'site_config',
  1 => 'theme',
  2 => 'menu',
  3 => 'controller',
  4 => 'action',
) ]
---------------------------------------------------------------

[2020-04-21T10:59:45+08:00] 221.221.145.208 GET pt.mbacms.com/admin/user/ruleListJson?page=1&limit=10
[运行时间：0.054432s] [吞吐率：18.37req/s] [内存消耗：3,884.43kb] [文件加载：82]
[ info ] [ LANG ] /www/wwwroot/pt.mbacms.com/thinkphp/lang/zh-cn.php
[ info ] [ ROUTE ] array (
)
[ info ] [ HEADER ] array (
  'cookie' => 'thinkphp_show_page_trace=0|0; thinkphp_show_page_trace=0|0; PHPSESSID=digrvno51smgo4h7s8b3hhslg5',
  'accept-language' => 'zh-CN,zh;q=0.9',
  'accept-encoding' => 'gzip, deflate',
  'referer' => 'http://pt.mbacms.com/admin/user/rulelist.html',
  'user-agent' => 'Mozilla/5.0 (Windows NT 10.0; WOW64) AppleWebKit/537.36 (KHTML, like Gecko) Chrome/79.0.3945.88 Safari/537.36',
  'x-requested-with' => 'XMLHttpRequest',
  'accept' => 'application/json, text/javascript, */*; q=0.01',
  'connection' => 'keep-alive',
  'host' => 'pt.mbacms.com',
)
[ info ] [ PARAM ] array (
  'page' => '1',
  'limit' => '10',
)
[ info ] [ DB ] INIT mysql
---------------------------------------------------------------

[2020-04-21T11:00:08+08:00] 124.200.109.50 GET pt.mbacms.com/admin/login/login.html
[运行时间：0.023968s] [吞吐率：41.72req/s] [内存消耗：2,697.96kb] [文件加载：73]
[ info ] [ LANG ] /www/wwwroot/pt.mbacms.com/thinkphp/lang/zh-cn.php
[ info ] [ ROUTE ] array (
)
[ info ] [ HEADER ] array (
  'cookie' => 'thinkphp_show_page_trace=0|0; PHPSESSID=svl08dnvaq624o6q5nfprg1jr3',
  'accept-language' => 'zh-CN,zh;q=0.9,en;q=0.8,en-GB;q=0.7,en-US;q=0.6',
  'accept-encoding' => 'gzip, deflate',
  'accept' => 'text/html,application/xhtml+xml,application/xml;q=0.9,image/webp,image/apng,*/*;q=0.8,application/signed-exchange;v=b3;q=0.9',
  'user-agent' => 'Mozilla/5.0 (Windows NT 10.0; Win64; x64) AppleWebKit/537.36 (KHTML, like Gecko) Chrome/81.0.4044.113 Safari/537.36 Edg/81.0.416.58',
  'upgrade-insecure-requests' => '1',
  'connection' => 'keep-alive',
  'host' => 'pt.mbacms.com',
)
[ info ] [ PARAM ] array (
)
[ info ] [ DB ] INIT mysql
[ info ] [ VIEW ] /www/wwwroot/pt.mbacms.com/application/admin/view/login/login.html [ array (
  0 => 'site_config',
) ]
---------------------------------------------------------------

[2020-04-21T11:00:08+08:00] 124.200.109.50 GET pt.mbacms.com/admin/login/getcode?length=4&font_size=20&width=128&height=42&use_noise=1&use_curve=0
[运行时间：0.016972s] [吞吐率：58.92req/s] [内存消耗：1,795.45kb] [文件加载：66]
[ info ] [ LANG ] /www/wwwroot/pt.mbacms.com/thinkphp/lang/zh-cn.php
[ info ] [ ROUTE ] array (
)
[ info ] [ HEADER ] array (
  'cookie' => 'thinkphp_show_page_trace=0|0; PHPSESSID=svl08dnvaq624o6q5nfprg1jr3',
  'accept-language' => 'zh-CN,zh;q=0.9,en;q=0.8,en-GB;q=0.7,en-US;q=0.6',
  'accept-encoding' => 'gzip, deflate',
  'referer' => 'http://pt.mbacms.com/admin/login/login.html',
  'accept' => 'image/webp,image/apng,image/*,*/*;q=0.8',
  'user-agent' => 'Mozilla/5.0 (Windows NT 10.0; Win64; x64) AppleWebKit/537.36 (KHTML, like Gecko) Chrome/81.0.4044.113 Safari/537.36 Edg/81.0.416.58',
  'connection' => 'keep-alive',
  'host' => 'pt.mbacms.com',
)
[ info ] [ PARAM ] array (
  'length' => '4',
  'font_size' => '20',
  'width' => '128',
  'height' => '42',
  'use_noise' => '1',
  'use_curve' => '0',
)
---------------------------------------------------------------

[2020-04-21T11:00:15+08:00] 124.200.109.50 POST pt.mbacms.com/admin/login/login
[运行时间：0.021684s] [吞吐率：46.12req/s] [内存消耗：2,685.09kb] [文件加载：72]
[ info ] [ LANG ] /www/wwwroot/pt.mbacms.com/thinkphp/lang/zh-cn.php
[ info ] [ ROUTE ] array (
)
[ info ] [ HEADER ] array (
  'cookie' => 'thinkphp_show_page_trace=0|0; PHPSESSID=svl08dnvaq624o6q5nfprg1jr3',
  'accept-language' => 'zh-CN,zh;q=0.9,en;q=0.8,en-GB;q=0.7,en-US;q=0.6',
  'accept-encoding' => 'gzip, deflate',
  'referer' => 'http://pt.mbacms.com/admin/login/login.html',
  'origin' => 'http://pt.mbacms.com',
  'user-agent' => 'Mozilla/5.0 (Windows NT 10.0; Win64; x64) AppleWebKit/537.36 (KHTML, like Gecko) Chrome/81.0.4044.113 Safari/537.36 Edg/81.0.416.58',
  'x-requested-with' => 'XMLHttpRequest',
  'accept' => 'application/json, text/javascript, */*; q=0.01',
  'connection' => 'keep-alive',
  'host' => 'pt.mbacms.com',
  'content-type' => 'application/x-www-form-urlencoded; charset=UTF-8',
  'content-length' => '49',
)
[ info ] [ PARAM ] array (
  'username' => 'root',
  'password' => 'root!@#',
  'logincode' => 'h5wp',
)
[ info ] [ DB ] INIT mysql
---------------------------------------------------------------

[2020-04-21T11:00:17+08:00] 124.200.109.50 GET pt.mbacms.com/admin/login/getcode?length=4&font_size=20&width=128&height=42&use_noise=1&use_curve=0&time=0.6246201944021605
[运行时间：0.017158s] [吞吐率：58.28req/s] [内存消耗：1,795.51kb] [文件加载：66]
[ info ] [ LANG ] /www/wwwroot/pt.mbacms.com/thinkphp/lang/zh-cn.php
[ info ] [ ROUTE ] array (
)
[ info ] [ HEADER ] array (
  'cookie' => 'thinkphp_show_page_trace=0|0; PHPSESSID=svl08dnvaq624o6q5nfprg1jr3',
  'accept-language' => 'zh-CN,zh;q=0.9,en;q=0.8,en-GB;q=0.7,en-US;q=0.6',
  'accept-encoding' => 'gzip, deflate',
  'referer' => 'http://pt.mbacms.com/admin/login/login.html',
  'accept' => 'image/webp,image/apng,image/*,*/*;q=0.8',
  'user-agent' => 'Mozilla/5.0 (Windows NT 10.0; Win64; x64) AppleWebKit/537.36 (KHTML, like Gecko) Chrome/81.0.4044.113 Safari/537.36 Edg/81.0.416.58',
  'connection' => 'keep-alive',
  'host' => 'pt.mbacms.com',
)
[ info ] [ PARAM ] array (
  'length' => '4',
  'font_size' => '20',
  'width' => '128',
  'height' => '42',
  'use_noise' => '1',
  'use_curve' => '0',
  'time' => '0.6246201944021605',
)
---------------------------------------------------------------

[2020-04-21T11:00:24+08:00] 124.200.109.50 POST pt.mbacms.com/admin/login/login
[运行时间：0.028864s] [吞吐率：34.65req/s] [内存消耗：3,040.07kb] [文件加载：81]
[ info ] [ LANG ] /www/wwwroot/pt.mbacms.com/thinkphp/lang/zh-cn.php
[ info ] [ ROUTE ] array (
)
[ info ] [ HEADER ] array (
  'cookie' => 'thinkphp_show_page_trace=0|0; PHPSESSID=svl08dnvaq624o6q5nfprg1jr3',
  'accept-language' => 'zh-CN,zh;q=0.9,en;q=0.8,en-GB;q=0.7,en-US;q=0.6',
  'accept-encoding' => 'gzip, deflate',
  'referer' => 'http://pt.mbacms.com/admin/login/login.html',
  'origin' => 'http://pt.mbacms.com',
  'user-agent' => 'Mozilla/5.0 (Windows NT 10.0; Win64; x64) AppleWebKit/537.36 (KHTML, like Gecko) Chrome/81.0.4044.113 Safari/537.36 Edg/81.0.416.58',
  'x-requested-with' => 'XMLHttpRequest',
  'accept' => 'application/json, text/javascript, */*; q=0.01',
  'connection' => 'keep-alive',
  'host' => 'pt.mbacms.com',
  'content-type' => 'application/x-www-form-urlencoded; charset=UTF-8',
  'content-length' => '49',
)
[ info ] [ PARAM ] array (
  'username' => 'root',
  'password' => 'root!@#',
  'logincode' => 'uy7w',
)
[ info ] [ DB ] INIT mysql
---------------------------------------------------------------

[2020-04-21T11:00:27+08:00] 124.200.109.50 GET pt.mbacms.com/admin/index/index.html
[运行时间：0.032563s] [吞吐率：30.71req/s] [内存消耗：3,090.84kb] [文件加载：80]
[ info ] [ LANG ] /www/wwwroot/pt.mbacms.com/thinkphp/lang/zh-cn.php
[ info ] [ ROUTE ] array (
)
[ info ] [ HEADER ] array (
  'cookie' => 'thinkphp_show_page_trace=0|0; PHPSESSID=svl08dnvaq624o6q5nfprg1jr3',
  'accept-language' => 'zh-CN,zh;q=0.9,en;q=0.8,en-GB;q=0.7,en-US;q=0.6',
  'accept-encoding' => 'gzip, deflate',
  'referer' => 'http://pt.mbacms.com/admin/login/login.html',
  'accept' => 'text/html,application/xhtml+xml,application/xml;q=0.9,image/webp,image/apng,*/*;q=0.8,application/signed-exchange;v=b3;q=0.9',
  'user-agent' => 'Mozilla/5.0 (Windows NT 10.0; Win64; x64) AppleWebKit/537.36 (KHTML, like Gecko) Chrome/81.0.4044.113 Safari/537.36 Edg/81.0.416.58',
  'upgrade-insecure-requests' => '1',
  'connection' => 'keep-alive',
  'host' => 'pt.mbacms.com',
)
[ info ] [ PARAM ] array (
)
[ info ] [ DB ] INIT mysql
[ info ] [ VIEW ] /www/wwwroot/pt.mbacms.com/application/admin/view/index/index.html [ array (
  0 => 'site_config',
  1 => 'theme',
  2 => 'menu',
  3 => 'controller',
  4 => 'action',
) ]
---------------------------------------------------------------

[2020-04-21T11:00:28+08:00] 124.200.109.50 GET pt.mbacms.com/admin/index/welcome.html
[运行时间：0.052699s] [吞吐率：18.98req/s] [内存消耗：3,427.10kb] [文件加载：88]
[ info ] [ LANG ] /www/wwwroot/pt.mbacms.com/thinkphp/lang/zh-cn.php
[ info ] [ ROUTE ] array (
)
[ info ] [ HEADER ] array (
  'cookie' => 'thinkphp_show_page_trace=0|0; PHPSESSID=svl08dnvaq624o6q5nfprg1jr3',
  'accept-language' => 'zh-CN,zh;q=0.9,en;q=0.8,en-GB;q=0.7,en-US;q=0.6',
  'accept-encoding' => 'gzip, deflate',
  'referer' => 'http://pt.mbacms.com/admin/index/index.html',
  'accept' => 'text/html,application/xhtml+xml,application/xml;q=0.9,image/webp,image/apng,*/*;q=0.8,application/signed-exchange;v=b3;q=0.9',
  'user-agent' => 'Mozilla/5.0 (Windows NT 10.0; Win64; x64) AppleWebKit/537.36 (KHTML, like Gecko) Chrome/81.0.4044.113 Safari/537.36 Edg/81.0.416.58',
  'upgrade-insecure-requests' => '1',
  'connection' => 'keep-alive',
  'host' => 'pt.mbacms.com',
)
[ info ] [ PARAM ] array (
)
[ info ] [ DB ] INIT mysql
[ info ] [ VIEW ] /www/wwwroot/pt.mbacms.com/application/admin/view/index/welcome.html [ array (
  0 => 'site_config',
  1 => 'theme',
  2 => 'menu',
  3 => 'controller',
  4 => 'action',
  5 => 'first_line',
  6 => 'second_line',
  7 => 'topData',
) ]
---------------------------------------------------------------

[2020-04-21T11:00:28+08:00] 58.247.212.141 GET pt.mbacms.com/admin/estate.car/show.html?id=4
[运行时间：0.023682s] [吞吐率：42.23req/s] [内存消耗：2,705.80kb] [文件加载：75]
[ info ] [ LANG ] /www/wwwroot/pt.mbacms.com/thinkphp/lang/zh-cn.php
[ info ] [ ROUTE ] array (
)
[ info ] [ HEADER ] array (
  'connection' => 'keep-alive',
  'host' => 'pt.mbacms.com',
  'accept-language' => 'zh-CN,zh;q=0.8,en-US;q=0.6,en;q=0.4',
  'referer' => 'http://pt.mbacms.com/admin/estate.car/index.html',
  'accept' => '*/*',
  'user-agent' => 'Mozilla/5.0 (Windows NT 6.1; WOW64) AppleWebKit/537.36 (KHTML, like Gecko) Chrome/45.0.2454.101 Safari/537.36',
)
[ info ] [ PARAM ] array (
  'id' => '4',
)
[ info ] [ DB ] INIT mysql
---------------------------------------------------------------

[2020-04-21T11:00:28+08:00] 124.200.109.50 GET pt.mbacms.com/admin/index/memberchart.html
[运行时间：0.027871s] [吞吐率：35.88req/s] [内存消耗：2,847.34kb] [文件加载：74]
[ info ] [ LANG ] /www/wwwroot/pt.mbacms.com/thinkphp/lang/zh-cn.php
[ info ] [ ROUTE ] array (
)
[ info ] [ HEADER ] array (
  'cookie' => 'thinkphp_show_page_trace=0|0; PHPSESSID=svl08dnvaq624o6q5nfprg1jr3',
  'accept-language' => 'zh-CN,zh;q=0.9,en;q=0.8,en-GB;q=0.7,en-US;q=0.6',
  'accept-encoding' => 'gzip, deflate',
  'referer' => 'http://pt.mbacms.com/admin/index/welcome.html',
  'user-agent' => 'Mozilla/5.0 (Windows NT 10.0; Win64; x64) AppleWebKit/537.36 (KHTML, like Gecko) Chrome/81.0.4044.113 Safari/537.36 Edg/81.0.416.58',
  'accept' => 'application/json, text/plain, */*',
  'connection' => 'keep-alive',
  'host' => 'pt.mbacms.com',
)
[ info ] [ PARAM ] array (
)
[ info ] [ DB ] INIT mysql
---------------------------------------------------------------

[2020-04-21T11:00:28+08:00] 124.200.109.50 GET pt.mbacms.com/admin/index/orderchart.html?cycle=thirtyday
[运行时间：0.040597s] [吞吐率：24.63req/s] [内存消耗：3,395.68kb] [文件加载：84]
[ info ] [ LANG ] /www/wwwroot/pt.mbacms.com/thinkphp/lang/zh-cn.php
[ info ] [ ROUTE ] array (
)
[ info ] [ HEADER ] array (
  'cookie' => 'thinkphp_show_page_trace=0|0; PHPSESSID=svl08dnvaq624o6q5nfprg1jr3',
  'accept-language' => 'zh-CN,zh;q=0.9,en;q=0.8,en-GB;q=0.7,en-US;q=0.6',
  'accept-encoding' => 'gzip, deflate',
  'referer' => 'http://pt.mbacms.com/admin/index/welcome.html',
  'user-agent' => 'Mozilla/5.0 (Windows NT 10.0; Win64; x64) AppleWebKit/537.36 (KHTML, like Gecko) Chrome/81.0.4044.113 Safari/537.36 Edg/81.0.416.58',
  'accept' => 'application/json, text/plain, */*',
  'connection' => 'keep-alive',
  'host' => 'pt.mbacms.com',
)
[ info ] [ PARAM ] array (
  'cycle' => 'thirtyday',
)
[ info ] [ DB ] INIT mysql
---------------------------------------------------------------

[2020-04-21T11:00:29+08:00] 124.200.109.50 GET pt.mbacms.com/admin/user/rulelist.html
[运行时间：0.028849s] [吞吐率：34.66req/s] [内存消耗：2,811.64kb] [文件加载：78]
[ info ] [ LANG ] /www/wwwroot/pt.mbacms.com/thinkphp/lang/zh-cn.php
[ info ] [ ROUTE ] array (
)
[ info ] [ HEADER ] array (
  'cookie' => 'thinkphp_show_page_trace=0|0; PHPSESSID=svl08dnvaq624o6q5nfprg1jr3',
  'accept-language' => 'zh-CN,zh;q=0.9,en;q=0.8,en-GB;q=0.7,en-US;q=0.6',
  'accept-encoding' => 'gzip, deflate',
  'referer' => 'http://pt.mbacms.com/admin/index/index.html',
  'accept' => 'text/html,application/xhtml+xml,application/xml;q=0.9,image/webp,image/apng,*/*;q=0.8,application/signed-exchange;v=b3;q=0.9',
  'user-agent' => 'Mozilla/5.0 (Windows NT 10.0; Win64; x64) AppleWebKit/537.36 (KHTML, like Gecko) Chrome/81.0.4044.113 Safari/537.36 Edg/81.0.416.58',
  'upgrade-insecure-requests' => '1',
  'connection' => 'keep-alive',
  'host' => 'pt.mbacms.com',
)
[ info ] [ PARAM ] array (
)
[ info ] [ DB ] INIT mysql
[ info ] [ VIEW ] /www/wwwroot/pt.mbacms.com/application/admin/view/user/ruleList.html [ array (
  0 => 'site_config',
  1 => 'theme',
  2 => 'menu',
  3 => 'controller',
  4 => 'action',
) ]
---------------------------------------------------------------

[2020-04-21T11:00:30+08:00] 124.200.109.50 GET pt.mbacms.com/admin/user/ruleListJson?page=1&limit=10
[运行时间：0.056561s] [吞吐率：17.68req/s] [内存消耗：3,884.34kb] [文件加载：82]
[ info ] [ LANG ] /www/wwwroot/pt.mbacms.com/thinkphp/lang/zh-cn.php
[ info ] [ ROUTE ] array (
)
[ info ] [ HEADER ] array (
  'cookie' => 'thinkphp_show_page_trace=0|0; PHPSESSID=svl08dnvaq624o6q5nfprg1jr3',
  'accept-language' => 'zh-CN,zh;q=0.9,en;q=0.8,en-GB;q=0.7,en-US;q=0.6',
  'accept-encoding' => 'gzip, deflate',
  'referer' => 'http://pt.mbacms.com/admin/user/rulelist.html',
  'x-requested-with' => 'XMLHttpRequest',
  'user-agent' => 'Mozilla/5.0 (Windows NT 10.0; Win64; x64) AppleWebKit/537.36 (KHTML, like Gecko) Chrome/81.0.4044.113 Safari/537.36 Edg/81.0.416.58',
  'accept' => 'application/json, text/javascript, */*; q=0.01',
  'connection' => 'keep-alive',
  'host' => 'pt.mbacms.com',
)
[ info ] [ PARAM ] array (
  'page' => '1',
  'limit' => '10',
)
[ info ] [ DB ] INIT mysql
---------------------------------------------------------------

[2020-04-21T11:01:25+08:00] 183.3.234.45 GET pt.mbacms.com/admin/estate.car/listJson?page=1&limit=10&car_name=TEST1&car_start_time=&car_end_time=
[运行时间：0.022716s] [吞吐率：44.02req/s] [内存消耗：2,706.07kb] [文件加载：75]
[ info ] [ LANG ] /www/wwwroot/pt.mbacms.com/thinkphp/lang/zh-cn.php
[ info ] [ ROUTE ] array (
)
[ info ] [ HEADER ] array (
  'connection' => 'keep-alive',
  'host' => 'pt.mbacms.com',
  'accept-language' => 'zh-CN,zh;q=0.8,en-US;q=0.6,en;q=0.4',
  'referer' => 'http://pt.mbacms.com/admin/estate.car/index.html',
  'accept' => '*/*',
  'user-agent' => 'Mozilla/5.0 (Macintosh; Intel Mac OS X 10_12_4) AppleWebKit/537.36 (KHTML, like Gecko) 			Chrome/55.0.2883.95 Safari/537.36',
)
[ info ] [ PARAM ] array (
  'page' => '1',
  'limit' => '10',
  'car_name' => 'TEST1',
  'car_start_time' => '',
  'car_end_time' => '',
)
[ info ] [ DB ] INIT mysql
---------------------------------------------------------------

[2020-04-21T11:02:03+08:00] 223.166.151.191 GET pt.mbacms.com/admin/estate.car/listJson?page=1&limit=10&car_name=?䣤AD252C&car_start_time=&car_end_time=
[运行时间：0.023311s] [吞吐率：42.90req/s] [内存消耗：2,706.10kb] [文件加载：75]
[ info ] [ LANG ] /www/wwwroot/pt.mbacms.com/thinkphp/lang/zh-cn.php
[ info ] [ ROUTE ] array (
)
[ info ] [ HEADER ] array (
  'connection' => 'keep-alive',
  'host' => 'pt.mbacms.com',
  'accept-language' => 'zh-CN,zh;q=0.8,en-US;q=0.6,en;q=0.4',
  'referer' => 'http://pt.mbacms.com/admin/estate.car/index.html',
  'accept' => '*/*',
  'user-agent' => 'Mozilla/5.0 (Windows NT 6.1; WOW64) AppleWebKit/537.36 (KHTML, like Gecko) Chrome/56.0.2924.87 Safari/537.36',
)
[ info ] [ PARAM ] array (
  'page' => '1',
  'limit' => '10',
  'car_name' => '?䣤AD252C',
  'car_start_time' => '',
  'car_end_time' => '',
)
[ info ] [ DB ] INIT mysql
---------------------------------------------------------------

[2020-04-21T11:02:39+08:00] 116.128.128.79 GET pt.mbacms.com/admin/estate.car/listJson?page=1&limit=10&car_name=&car_start_time=&car_end_time=
[运行时间：0.022866s] [吞吐率：43.73req/s] [内存消耗：2,706.04kb] [文件加载：75]
[ info ] [ LANG ] /www/wwwroot/pt.mbacms.com/thinkphp/lang/zh-cn.php
[ info ] [ ROUTE ] array (
)
[ info ] [ HEADER ] array (
  'connection' => 'keep-alive',
  'host' => 'pt.mbacms.com',
  'accept-language' => 'zh-CN,zh;q=0.8,en-US;q=0.6,en;q=0.4',
  'referer' => 'http://pt.mbacms.com/admin/estate.car/index.html',
  'accept' => '*/*',
  'user-agent' => 'Mozilla/5.0 (Macintosh; Intel Mac OS X 10_12_4) AppleWebKit/537.36 (KHTML, like Gecko) 			Chrome/55.0.2883.95 Safari/537.36',
)
[ info ] [ PARAM ] array (
  'page' => '1',
  'limit' => '10',
  'car_name' => '',
  'car_start_time' => '',
  'car_end_time' => '',
)
[ info ] [ DB ] INIT mysql
---------------------------------------------------------------

[2020-04-21T11:02:43+08:00] 116.128.128.79 GET pt.mbacms.com/admin/login/login.html
[运行时间：0.022349s] [吞吐率：44.74req/s] [内存消耗：2,697.52kb] [文件加载：73]
[ info ] [ LANG ] /www/wwwroot/pt.mbacms.com/thinkphp/lang/zh-cn.php
[ info ] [ ROUTE ] array (
)
[ info ] [ HEADER ] array (
  'connection' => 'keep-alive',
  'host' => 'pt.mbacms.com',
  'accept-language' => 'zh-CN,zh;q=0.8,en-US;q=0.6,en;q=0.4',
  'cookie' => 'PHPSESSID=7bioapp52jv1k67ual4c9h6l87',
  'referer' => 'http://pt.mbacms.com/admin/estate.car/listJson?page=1&limit=10&car_name=&car_start_time=&car_end_time=',
  'accept' => '*/*',
  'user-agent' => 'Mozilla/5.0 (Macintosh; Intel Mac OS X 10_12_4) AppleWebKit/537.36 (KHTML, like Gecko) 			Chrome/55.0.2883.95 Safari/537.36',
)
[ info ] [ PARAM ] array (
)
[ info ] [ DB ] INIT mysql
[ info ] [ VIEW ] /www/wwwroot/pt.mbacms.com/application/admin/view/login/login.html [ array (
  0 => 'site_config',
) ]
---------------------------------------------------------------

[2020-04-21T11:04:40+08:00] 61.129.6.203 GET pt.mbacms.com/admin/estate.car/listJson?page=1&limit=10&car_name=&car_start_time=&car_end_time=
[运行时间：0.022826s] [吞吐率：43.81req/s] [内存消耗：2,706.08kb] [文件加载：75]
[ info ] [ LANG ] /www/wwwroot/pt.mbacms.com/thinkphp/lang/zh-cn.php
[ info ] [ ROUTE ] array (
)
[ info ] [ HEADER ] array (
  'connection' => 'keep-alive',
  'host' => 'pt.mbacms.com',
  'accept-language' => 'en-US,*',
  'accept-encoding' => 'gzip, deflate',
  'user-agent' => 'Mozilla/5.0 (iPhone; CPU iPhone OS 8_4 like Mac OS X) AppleWebKit/600.1.4 (KHTML, like Gecko) Version/8.0 Mobile/12H143 Safari/600.1.4',
  'referer' => '',
  'accept' => 'text/html,application/xhtml+xml,application/xml;q=0.9,*/*;q=0.8',
)
[ info ] [ PARAM ] array (
  'page' => '1',
  'limit' => '10',
  'car_name' => '',
  'car_start_time' => '',
  'car_end_time' => '',
)
[ info ] [ DB ] INIT mysql
---------------------------------------------------------------

[2020-04-21T11:04:40+08:00] 61.129.6.203 GET pt.mbacms.com/admin/login/login.html
[运行时间：0.026892s] [吞吐率：37.19req/s] [内存消耗：2,697.44kb] [文件加载：73]
[ info ] [ LANG ] /www/wwwroot/pt.mbacms.com/thinkphp/lang/zh-cn.php
[ info ] [ ROUTE ] array (
)
[ info ] [ HEADER ] array (
  'connection' => 'keep-alive',
  'host' => 'pt.mbacms.com',
  'accept-language' => 'en-US,*',
  'accept-encoding' => 'gzip, deflate',
  'cookie' => 'PHPSESSID=60ivj6i620hho439a53g48fvj7',
  'user-agent' => 'Mozilla/5.0 (iPhone; CPU iPhone OS 8_4 like Mac OS X) AppleWebKit/600.1.4 (KHTML, like Gecko) Version/8.0 Mobile/12H143 Safari/600.1.4',
  'referer' => '',
  'accept' => 'text/html,application/xhtml+xml,application/xml;q=0.9,*/*;q=0.8',
)
[ info ] [ PARAM ] array (
)
[ info ] [ DB ] INIT mysql
[ info ] [ VIEW ] /www/wwwroot/pt.mbacms.com/application/admin/view/login/login.html [ array (
  0 => 'site_config',
) ]
---------------------------------------------------------------

[2020-04-21T11:04:42+08:00] 61.129.6.203 GET pt.mbacms.com/admin/login/getcode?length=4&font_size=20&width=128&height=42&use_noise=1&use_curve=0
[运行时间：0.016050s] [吞吐率：62.31req/s] [内存消耗：1,794.85kb] [文件加载：66]
[ info ] [ LANG ] /www/wwwroot/pt.mbacms.com/thinkphp/lang/zh-cn.php
[ info ] [ ROUTE ] array (
)
[ info ] [ HEADER ] array (
  'connection' => 'keep-alive',
  'host' => 'pt.mbacms.com',
  'accept-language' => 'en-US,*',
  'accept-encoding' => 'gzip, deflate',
  'cookie' => 'PHPSESSID=60ivj6i620hho439a53g48fvj7',
  'accept' => '*/*',
  'user-agent' => 'Mozilla/5.0 (iPhone; CPU iPhone OS 8_4 like Mac OS X) AppleWebKit/600.1.4 (KHTML, like Gecko) Version/8.0 Mobile/12H143 Safari/600.1.4',
  'referer' => 'http://pt.mbacms.com/admin/login/login.html',
)
[ info ] [ PARAM ] array (
  'length' => '4',
  'font_size' => '20',
  'width' => '128',
  'height' => '42',
  'use_noise' => '1',
  'use_curve' => '0',
)
---------------------------------------------------------------

[2020-04-21T11:11:54+08:00] 58.246.221.162 GET pt.mbacms.com/admin/user/ruleListJson?page=1&limit=10
[运行时间：0.022126s] [吞吐率：45.20req/s] [内存消耗：2,730.33kb] [文件加载：75]
[ info ] [ LANG ] /www/wwwroot/pt.mbacms.com/thinkphp/lang/zh-cn.php
[ info ] [ ROUTE ] array (
)
[ info ] [ HEADER ] array (
  'connection' => 'keep-alive',
  'host' => 'pt.mbacms.com',
  'accept-language' => 'zh-CN,zh;q=0.8,en-US;q=0.6,en;q=0.4',
  'referer' => 'http://pt.mbacms.com/admin/user/rulelist.html',
  'accept' => '*/*',
  'user-agent' => 'Mozilla/5.0 (Windows NT 6.1; WOW64) AppleWebKit/537.36 (KHTML, like Gecko) Chrome/43.0.2357.124 Safari/537.36',
)
[ info ] [ PARAM ] array (
  'page' => '1',
  'limit' => '10',
)
[ info ] [ DB ] INIT mysql
